2025-06-07 09:13:58,025 - INFO - ==== RUN HEADER ====
2025-06-07 09:13:58,025 - INFO - Number of Qubits: 4
2025-06-07 09:13:58,025 - INFO - VQC Layers: 4
2025-06-07 09:13:58,025 - INFO - Trained Parameters File: cartpole/v1_4l/900ep_0.01.pth
2025-06-07 09:13:58,025 - INFO - Quantum Backend: ibm_sherbrooke
2025-06-07 09:13:58,025 - INFO - Number of Shots per Execution: 1024
2025-06-07 09:13:58,025 - INFO - Comparison mode: True
2025-06-07 09:13:58,025 - INFO - ====================

2025-06-07 09:13:58,052 - INFO - === Start Run ===

2025-06-07 09:13:58,052 - INFO - --- Episode 1/100 ---
2025-06-07 09:13:58,076 - INFO - Pennylane -> OpenQASM
2025-06-07 09:13:58,093 - INFO - OpenQASM -> Qiskit
2025-06-07 09:14:02,276 - INFO - Submitting the job to ibm_sherbrooke
2025-06-07 09:14:11,693 - INFO - Job completed!
2025-06-07 09:14:11,708 - INFO - Pauli-Z expectation: [0.056640625, -0.01171875, 0.06640625, 0.017578125]
2025-06-07 09:14:11,710 - INFO - Q-values: [10.672533988952637, 8.88717269897461]
2025-06-07 09:14:11,711 - INFO - Action: Push to the left
2025-06-07 09:14:11,711 - INFO - Pennylane simulation
2025-06-07 09:14:11,727 - INFO - Pennylane expZ: [0.30253204703330994, -0.029358403757214546, 0.766394317150116, 0.277628630399704]
2025-06-07 09:14:11,727 - INFO - Pennylane Q-values: [71.98985290527344, 73.74360656738281]
2025-06-07 09:14:11,727 - INFO - Pennylane action: Push to the right
2025-06-07 09:14:11,761 - INFO - Pennylane -> OpenQASM
2025-06-07 09:14:11,763 - INFO - OpenQASM -> Qiskit
2025-06-07 09:14:11,960 - INFO - Submitting the job to ibm_sherbrooke
2025-06-07 09:14:20,831 - INFO - Job completed!
2025-06-07 09:14:20,841 - INFO - Pauli-Z expectation: [0.279296875, 0.068359375, 0.373046875, 0.357421875]
2025-06-07 09:14:20,841 - INFO - Q-values: [52.47344970703125, 50.49311447143555]
2025-06-07 09:14:20,841 - INFO - Action: Push to the left
2025-06-07 09:14:20,841 - INFO - Pennylane simulation
2025-06-07 09:14:20,858 - INFO - Pennylane expZ: [0.3153073191642761, 0.14272744953632355, 0.750279426574707, 0.2552950978279114]
2025-06-07 09:14:20,858 - INFO - Pennylane Q-values: [69.28717803955078, 73.5943374633789]
2025-06-07 09:14:20,858 - INFO - Pennylane action: Push to the right
2025-06-07 09:14:20,878 - INFO - Pennylane -> OpenQASM
2025-06-07 09:14:20,878 - INFO - OpenQASM -> Qiskit
2025-06-07 09:14:21,003 - INFO - Submitting the job to ibm_sherbrooke
2025-06-07 09:14:29,561 - INFO - Job completed!
2025-06-07 09:14:29,561 - INFO - Pauli-Z expectation: [-0.041015625, 0.033203125, 0.037109375, -0.01171875]
2025-06-07 09:14:29,561 - INFO - Q-values: [7.017234802246094, 4.495946884155273]
2025-06-07 09:14:29,561 - INFO - Action: Push to the left
2025-06-07 09:14:29,561 - INFO - Pennylane simulation
2025-06-07 09:14:29,576 - INFO - Pennylane expZ: [0.32650619745254517, 0.2508745491504669, 0.7079720497131348, 0.20550331473350525]
2025-06-07 09:14:29,576 - INFO - Pennylane Q-values: [63.42451477050781, 70.34383392333984]
2025-06-07 09:14:29,576 - INFO - Pennylane action: Push to the right
2025-06-07 09:14:29,609 - INFO - Pennylane -> OpenQASM
2025-06-07 09:14:29,609 - INFO - OpenQASM -> Qiskit
2025-06-07 09:14:29,799 - INFO - Submitting the job to ibm_sherbrooke
2025-06-07 09:14:39,844 - INFO - Job completed!
2025-06-07 09:14:39,844 - INFO - Pauli-Z expectation: [0.228515625, 0.19921875, 0.423828125, -0.009765625]
2025-06-07 09:14:39,844 - INFO - Q-values: [32.63917541503906, 39.94940185546875]
2025-06-07 09:14:39,851 - INFO - Action: Push to the right
2025-06-07 09:14:39,851 - INFO - Pennylane simulation
2025-06-07 09:14:39,866 - INFO - Pennylane expZ: [0.3319925367832184, 0.2755495309829712, 0.6153377890586853, 0.11371742933988571]
2025-06-07 09:14:39,869 - INFO - Pennylane Q-values: [52.176673889160156, 61.28072738647461]
2025-06-07 09:14:39,870 - INFO - Pennylane action: Push to the right
2025-06-07 09:14:39,882 - INFO - Pennylane -> OpenQASM
2025-06-07 09:14:39,882 - INFO - OpenQASM -> Qiskit
2025-06-07 09:14:40,025 - INFO - Submitting the job to ibm_sherbrooke
2025-06-07 09:14:48,575 - INFO - Job completed!
2025-06-07 09:14:48,575 - INFO - Pauli-Z expectation: [-0.005859375, 0.03125, 0.078125, 0.052734375]
2025-06-07 09:14:48,575 - INFO - Q-values: [12.733012199401855, 9.123592376708984]
2025-06-07 09:14:48,575 - INFO - Action: Push to the left
2025-06-07 09:14:48,575 - INFO - Pennylane simulation
2025-06-07 09:14:48,597 - INFO - Pennylane expZ: [0.360713392496109, 0.22442813217639923, 0.6444787383079529, 0.1368420422077179]
2025-06-07 09:14:48,597 - INFO - Pennylane Q-values: [55.888511657714844, 64.66949462890625]
2025-06-07 09:14:48,597 - INFO - Pennylane action: Push to the right
2025-06-07 09:14:48,607 - INFO - Pennylane -> OpenQASM
2025-06-07 09:14:48,607 - INFO - OpenQASM -> Qiskit
2025-06-07 09:14:48,839 - INFO - Submitting the job to ibm_sherbrooke
2025-06-07 09:14:57,578 - INFO - Job completed!
2025-06-07 09:14:57,578 - INFO - Pauli-Z expectation: [-0.025390625, 0.03515625, -0.001953125, -0.13671875]
2025-06-07 09:14:57,578 - INFO - Q-values: [4.759002685546875, 2.0671257972717285]
2025-06-07 09:14:57,578 - INFO - Action: Push to the left
2025-06-07 09:14:57,578 - INFO - Pennylane simulation
2025-06-07 09:14:57,592 - INFO - Pennylane expZ: [0.3524250388145447, 0.23349639773368835, 0.5172120928764343, 0.016523443162441254]
2025-06-07 09:14:57,592 - INFO - Pennylane Q-values: [40.687103271484375, 51.62321090698242]
2025-06-07 09:14:57,592 - INFO - Pennylane action: Push to the right
2025-06-07 09:14:57,623 - INFO - Pennylane -> OpenQASM
2025-06-07 09:14:57,623 - INFO - OpenQASM -> Qiskit
2025-06-07 09:14:57,751 - INFO - Submitting the job to ibm_sherbrooke
2025-06-07 09:15:06,374 - INFO - Job completed!
2025-06-07 09:15:06,377 - INFO - Pauli-Z expectation: [0.005859375, -0.0234375, 0.0078125, 0.041015625]
2025-06-07 09:15:06,377 - INFO - Q-values: [7.935639381408691, 3.9995176792144775]
2025-06-07 09:15:06,377 - INFO - Action: Push to the left
2025-06-07 09:15:06,377 - INFO - Pennylane simulation
2025-06-07 09:15:06,395 - INFO - Pennylane expZ: [0.3448740541934967, 0.15464787185192108, 0.2970823347568512, -0.13678334653377533]
2025-06-07 09:15:06,395 - INFO - Pennylane Q-values: [26.517736434936523, 35.528167724609375]
2025-06-07 09:15:06,395 - INFO - Pennylane action: Push to the right
2025-06-07 09:15:06,419 - INFO - Pennylane -> OpenQASM
2025-06-07 09:15:06,419 - INFO - OpenQASM -> Qiskit
2025-06-07 09:15:06,548 - INFO - Submitting the job to ibm_sherbrooke
2025-06-07 09:15:14,647 - INFO - Job completed!
2025-06-07 09:15:14,647 - INFO - Pauli-Z expectation: [0.06640625, 0.029296875, 0.044921875, 0.046875]
2025-06-07 09:15:14,647 - INFO - Q-values: [11.17064094543457, 9.171333312988281]
2025-06-07 09:15:14,647 - INFO - Action: Push to the left
2025-06-07 09:15:14,654 - INFO - Pennylane simulation
2025-06-07 09:15:14,672 - INFO - Pennylane expZ: [0.3364311456680298, 0.014403002336621284, 0.0034131137654185295, -0.27175870537757874]
2025-06-07 09:15:14,672 - INFO - Pennylane Q-values: [9.107330322265625, 14.618854522705078]
2025-06-07 09:15:14,672 - INFO - Pennylane action: Push to the right
2025-06-07 09:15:14,700 - INFO - Pennylane -> OpenQASM
2025-06-07 09:15:14,700 - INFO - OpenQASM -> Qiskit
2025-06-07 09:15:14,894 - INFO - Submitting the job to ibm_sherbrooke
2025-06-07 09:15:23,744 - INFO - Job completed!
2025-06-07 09:15:23,750 - INFO - Pauli-Z expectation: [-0.017578125, 0.01171875, -0.02734375, -0.103515625]
2025-06-07 09:15:23,750 - INFO - Q-values: [4.843662261962891, 1.860205888748169]
2025-06-07 09:15:23,750 - INFO - Action: Push to the left
2025-06-07 09:15:23,750 - INFO - Pennylane simulation
2025-06-07 09:15:23,767 - INFO - Pennylane expZ: [0.3052736818790436, -0.14838527143001556, -0.2617296874523163, -0.30784857273101807]
2025-06-07 09:15:23,767 - INFO - Pennylane Q-values: [8.575716972351074, 13.108150482177734]
2025-06-07 09:15:23,767 - INFO - Pennylane action: Push to the right
2025-06-07 09:15:23,793 - INFO - Pennylane -> OpenQASM
2025-06-07 09:15:23,793 - INFO - OpenQASM -> Qiskit
2025-06-07 09:15:24,067 - INFO - Submitting the job to ibm_sherbrooke
2025-06-07 09:15:32,017 - INFO - Job completed!
2025-06-07 09:15:32,017 - INFO - Pauli-Z expectation: [-0.0234375, -0.052734375, -0.0078125, 0.044921875]
2025-06-07 09:15:32,017 - INFO - Q-values: [7.629448890686035, 3.410482883453369]
2025-06-07 09:15:32,017 - INFO - Action: Push to the left
2025-06-07 09:15:32,017 - INFO - Pennylane simulation
2025-06-07 09:15:32,036 - INFO - Pennylane expZ: [0.21874457597732544, -0.2966778874397278, -0.351763516664505, -0.20700372755527496]
2025-06-07 09:15:32,036 - INFO - Pennylane Q-values: [7.529872894287109, 9.890623092651367]
2025-06-07 09:15:32,036 - INFO - Pennylane action: Push to the right
2025-06-07 09:15:32,042 - INFO - Episode Reward: 10.0

2025-06-07 09:15:32,042 - INFO - --- Episode 2/100 ---
2025-06-07 09:15:32,059 - INFO - Pennylane -> OpenQASM
2025-06-07 09:15:32,059 - INFO - OpenQASM -> Qiskit
2025-06-07 09:15:32,185 - INFO - Submitting the job to ibm_sherbrooke
2025-06-07 09:15:40,630 - INFO - Job completed!
2025-06-07 09:15:40,639 - INFO - Pauli-Z expectation: [-0.076171875, 0.013671875, 0.017578125, 0.005859375]
2025-06-07 09:15:40,641 - INFO - Q-values: [6.260796546936035, 3.2518160343170166]
2025-06-07 09:15:40,641 - INFO - Action: Push to the left
2025-06-07 09:15:40,641 - INFO - Pennylane simulation
2025-06-07 09:15:40,656 - INFO - Pennylane expZ: [0.25870373845100403, -0.041268736124038696, 0.7829990983009338, 0.27758219838142395]
2025-06-07 09:15:40,658 - INFO - Pennylane Q-values: [72.46458435058594, 73.2066650390625]
2025-06-07 09:15:40,658 - INFO - Pennylane action: Push to the right
2025-06-07 09:15:40,677 - INFO - Pennylane -> OpenQASM
2025-06-07 09:15:40,677 - INFO - OpenQASM -> Qiskit
2025-06-07 09:15:40,810 - INFO - Submitting the job to ibm_sherbrooke
2025-06-07 09:15:49,354 - INFO - Job completed!
2025-06-07 09:15:49,354 - INFO - Pauli-Z expectation: [0.263671875, 0.0859375, 0.576171875, 0.244140625]
2025-06-07 09:15:49,354 - INFO - Q-values: [57.62505340576172, 59.28599166870117]
2025-06-07 09:15:49,354 - INFO - Action: Push to the right
2025-06-07 09:15:49,354 - INFO - Pennylane simulation
2025-06-07 09:15:49,362 - INFO - Pennylane expZ: [0.2802039384841919, 0.1317039281129837, 0.7684608697891235, 0.2662017345428467]
2025-06-07 09:15:49,375 - INFO - Pennylane Q-values: [70.67174530029297, 73.79165649414062]
2025-06-07 09:15:49,375 - INFO - Pennylane action: Push to the right
2025-06-07 09:15:49,394 - INFO - Pennylane -> OpenQASM
2025-06-07 09:15:49,394 - INFO - OpenQASM -> Qiskit
2025-06-07 09:15:49,489 - INFO - Submitting the job to ibm_sherbrooke
2025-06-07 09:15:58,333 - INFO - Job completed!
2025-06-07 09:15:58,337 - INFO - Pauli-Z expectation: [0.017578125, 0.044921875, 0.0234375, 0.02734375]
2025-06-07 09:15:58,337 - INFO - Q-values: [8.027914047241211, 5.358479022979736]
2025-06-07 09:15:58,337 - INFO - Action: Push to the left
2025-06-07 09:15:58,337 - INFO - Pennylane simulation
2025-06-07 09:15:58,353 - INFO - Pennylane expZ: [0.26858729124069214, -0.04111235961318016, 0.7788550853729248, 0.2756879925727844]
2025-06-07 09:15:58,353 - INFO - Pennylane Q-values: [72.21696472167969, 73.2313003540039]
2025-06-07 09:15:58,353 - INFO - Pennylane action: Push to the right
2025-06-07 09:15:58,369 - INFO - Pennylane -> OpenQASM
2025-06-07 09:15:58,369 - INFO - OpenQASM -> Qiskit
2025-06-07 09:15:58,527 - INFO - Submitting the job to ibm_sherbrooke
2025-06-07 09:16:06,898 - INFO - Job completed!
2025-06-07 09:16:06,898 - INFO - Pauli-Z expectation: [-0.0234375, -0.037109375, 0.041015625, 0.0234375]
2025-06-07 09:16:06,898 - INFO - Q-values: [8.805503845214844, 5.3231096267700195]
2025-06-07 09:16:06,898 - INFO - Action: Push to the left
2025-06-07 09:16:06,898 - INFO - Pennylane simulation
2025-06-07 09:16:06,912 - INFO - Pennylane expZ: [0.28827688097953796, 0.13231201469898224, 0.7640387415885925, 0.26210466027259827]
2025-06-07 09:16:06,912 - INFO - Pennylane Q-values: [70.24864959716797, 73.65489959716797]
2025-06-07 09:16:06,912 - INFO - Pennylane action: Push to the right
2025-06-07 09:16:06,930 - INFO - Pennylane -> OpenQASM
2025-06-07 09:16:06,943 - INFO - OpenQASM -> Qiskit
2025-06-07 09:16:07,078 - INFO - Submitting the job to ibm_sherbrooke
2025-06-07 09:16:14,956 - INFO - Job completed!
2025-06-07 09:16:14,969 - INFO - Pauli-Z expectation: [0.166015625, 0.009765625, 0.466796875, 0.107421875]
2025-06-07 09:16:14,971 - INFO - Q-values: [41.73516082763672, 42.73965072631836]
2025-06-07 09:16:14,971 - INFO - Action: Push to the right
2025-06-07 09:16:14,973 - INFO - Pennylane simulation
2025-06-07 09:16:14,987 - INFO - Pennylane expZ: [0.3081746995449066, 0.24674922227859497, 0.7282705307006836, 0.22543825209140778]
2025-06-07 09:16:14,987 - INFO - Pennylane Q-values: [65.66668701171875, 71.69761657714844]
2025-06-07 09:16:14,987 - INFO - Pennylane action: Push to the right
2025-06-07 09:16:15,003 - INFO - Pennylane -> OpenQASM
2025-06-07 09:16:15,003 - INFO - OpenQASM -> Qiskit
2025-06-07 09:16:15,117 - INFO - Submitting the job to ibm_sherbrooke
2025-06-07 09:16:24,394 - INFO - Job completed!
2025-06-07 09:16:24,397 - INFO - Pauli-Z expectation: [0.0546875, 0.052734375, 0.0390625, 0.0390625]
2025-06-07 09:16:24,397 - INFO - Q-values: [10.11176872253418, 8.268672943115234]
2025-06-07 09:16:24,399 - INFO - Action: Push to the left
2025-06-07 09:16:24,399 - INFO - Pennylane simulation
2025-06-07 09:16:24,415 - INFO - Pennylane expZ: [0.31580960750579834, 0.12620922923088074, 0.7451648712158203, 0.244340181350708]
2025-06-07 09:16:24,415 - INFO - Pennylane Q-values: [68.37361145019531, 72.72676086425781]
2025-06-07 09:16:24,415 - INFO - Pennylane action: Push to the right
2025-06-07 09:16:24,431 - INFO - Pennylane -> OpenQASM
2025-06-07 09:16:24,431 - INFO - OpenQASM -> Qiskit
2025-06-07 09:16:24,541 - INFO - Submitting the job to ibm_sherbrooke
2025-06-07 09:16:32,772 - INFO - Job completed!
2025-06-07 09:16:32,784 - INFO - Pauli-Z expectation: [0.021484375, -0.01171875, 0.037109375, 0.09375]
2025-06-07 09:16:32,784 - INFO - Q-values: [13.12231731414795, 8.452970504760742]
2025-06-07 09:16:32,784 - INFO - Action: Push to the left
2025-06-07 09:16:32,784 - INFO - Pennylane simulation
2025-06-07 09:16:32,800 - INFO - Pennylane expZ: [0.32757970690727234, 0.23823195695877075, 0.7022196650505066, 0.1946602165699005]
2025-06-07 09:16:32,800 - INFO - Pennylane Q-values: [62.47198486328125, 69.49378967285156]
2025-06-07 09:16:32,800 - INFO - Pennylane action: Push to the right
2025-06-07 09:16:32,816 - INFO - Pennylane -> OpenQASM
2025-06-07 09:16:32,816 - INFO - OpenQASM -> Qiskit
2025-06-07 09:16:33,018 - INFO - Submitting the job to ibm_sherbrooke
2025-06-07 09:16:41,626 - INFO - Job completed!
2025-06-07 09:16:41,630 - INFO - Pauli-Z expectation: [0.236328125, 0.17578125, 0.37890625, -0.021484375]
2025-06-07 09:16:41,630 - INFO - Q-values: [30.093154907226562, 37.07196044921875]
2025-06-07 09:16:41,632 - INFO - Action: Push to the right
2025-06-07 09:16:41,632 - INFO - Pennylane simulation
2025-06-07 09:16:41,647 - INFO - Pennylane expZ: [0.3343353867530823, 0.265434205532074, 0.6075493097305298, 0.10281050950288773]
2025-06-07 09:16:41,647 - INFO - Pennylane Q-values: [51.102943420410156, 60.3636360168457]
2025-06-07 09:16:41,647 - INFO - Pennylane action: Push to the right
2025-06-07 09:16:41,669 - INFO - Pennylane -> OpenQASM
2025-06-07 09:16:41,669 - INFO - OpenQASM -> Qiskit
2025-06-07 09:16:41,950 - INFO - Submitting the job to ibm_sherbrooke
2025-06-07 09:16:50,277 - INFO - Job completed!
2025-06-07 09:16:50,277 - INFO - Pauli-Z expectation: [-0.01171875, -0.02734375, 0.080078125, 0.037109375]
2025-06-07 09:16:50,283 - INFO - Q-values: [12.01012897491455, 8.401226043701172]
2025-06-07 09:16:50,283 - INFO - Action: Push to the left
2025-06-07 09:16:50,283 - INFO - Pennylane simulation
2025-06-07 09:16:50,299 - INFO - Pennylane expZ: [0.3623603880405426, 0.2087518721818924, 0.636659562587738, 0.13057062029838562]
2025-06-07 09:16:50,299 - INFO - Pennylane Q-values: [55.107704162597656, 63.84606170654297]
2025-06-07 09:16:50,299 - INFO - Pennylane action: Push to the right
2025-06-07 09:16:50,315 - INFO - Pennylane -> OpenQASM
2025-06-07 09:16:50,315 - INFO - OpenQASM -> Qiskit
2025-06-07 09:16:50,475 - INFO - Submitting the job to ibm_sherbrooke
2025-06-07 09:16:58,717 - INFO - Job completed!
2025-06-07 09:16:58,720 - INFO - Pauli-Z expectation: [-0.0234375, 0.029296875, 0.044921875, 0.021484375]
2025-06-07 09:16:58,720 - INFO - Q-values: [8.817364692687988, 5.76733922958374]
2025-06-07 09:16:58,720 - INFO - Action: Push to the left
2025-06-07 09:16:58,720 - INFO - Pennylane simulation
2025-06-07 09:16:58,739 - INFO - Pennylane expZ: [0.3545956015586853, 0.2200845628976822, 0.5080145001411438, 0.010349694639444351]
2025-06-07 09:16:58,739 - INFO - Pennylane Q-values: [39.8267822265625, 50.751976013183594]
2025-06-07 09:16:58,739 - INFO - Pennylane action: Push to the right
2025-06-07 09:16:58,754 - INFO - Pennylane -> OpenQASM
2025-06-07 09:16:58,770 - INFO - OpenQASM -> Qiskit
2025-06-07 09:16:58,961 - INFO - Submitting the job to ibm_sherbrooke
2025-06-07 09:17:07,408 - INFO - Job completed!
2025-06-07 09:17:07,410 - INFO - Pauli-Z expectation: [0.125, 0.197265625, 0.19921875, -0.126953125]
2025-06-07 09:17:07,410 - INFO - Q-values: [17.769535064697266, 21.27787208557129]
2025-06-07 09:17:07,410 - INFO - Action: Push to the right
2025-06-07 09:17:07,410 - INFO - Pennylane simulation
2025-06-07 09:17:07,426 - INFO - Pennylane expZ: [0.3468359410762787, 0.1424226462841034, 0.2871721088886261, -0.1424601525068283]
2025-06-07 09:17:07,426 - INFO - Pennylane Q-values: [25.984418869018555, 34.83995819091797]
2025-06-07 09:17:07,426 - INFO - Pennylane action: Push to the right
2025-06-07 09:17:07,457 - INFO - Pennylane -> OpenQASM
2025-06-07 09:17:07,457 - INFO - OpenQASM -> Qiskit
2025-06-07 09:17:07,553 - INFO - Submitting the job to ibm_sherbrooke
2025-06-07 09:17:16,069 - INFO - Job completed!
2025-06-07 09:17:16,069 - INFO - Pauli-Z expectation: [0.01171875, 0.07421875, 0.0, -0.021484375]
2025-06-07 09:17:16,069 - INFO - Q-values: [4.759542942047119, 2.8477468490600586]
2025-06-07 09:17:16,069 - INFO - Action: Push to the left
2025-06-07 09:17:16,069 - INFO - Pennylane simulation
2025-06-07 09:17:16,094 - INFO - Pennylane expZ: [0.37961679697036743, 0.12802660465240479, 0.32767581939697266, -0.11833316087722778]
2025-06-07 09:17:16,094 - INFO - Pennylane Q-values: [28.889720916748047, 38.60159683227539]
2025-06-07 09:17:16,094 - INFO - Pennylane action: Push to the right
2025-06-07 09:17:16,111 - INFO - Pennylane -> OpenQASM
2025-06-07 09:17:16,126 - INFO - OpenQASM -> Qiskit
2025-06-07 09:17:16,290 - INFO - Submitting the job to ibm_sherbrooke
2025-06-07 09:17:24,866 - INFO - Job completed!
2025-06-07 09:17:24,866 - INFO - Pauli-Z expectation: [0.125, 0.11328125, 0.103515625, -0.361328125]
2025-06-07 09:17:24,866 - INFO - Q-values: [12.267229080200195, 14.22813606262207]
2025-06-07 09:17:24,866 - INFO - Action: Push to the right
2025-06-07 09:17:24,866 - INFO - Pennylane simulation
2025-06-07 09:17:24,876 - INFO - Pennylane expZ: [0.3436245620250702, 0.029452068731188774, 0.08029964566230774, -0.2509426474571228]
2025-06-07 09:17:24,876 - INFO - Pennylane Q-values: [13.804105758666992, 20.087175369262695]
2025-06-07 09:17:24,890 - INFO - Pennylane action: Push to the right
2025-06-07 09:17:24,908 - INFO - Pennylane -> OpenQASM
2025-06-07 09:17:24,908 - INFO - OpenQASM -> Qiskit
2025-06-07 09:17:25,067 - INFO - Submitting the job to ibm_sherbrooke
2025-06-07 09:17:33,626 - INFO - Job completed!
2025-06-07 09:17:33,626 - INFO - Pauli-Z expectation: [0.259765625, 0.095703125, -0.216796875, -0.2421875]
2025-06-07 09:17:33,626 - INFO - Q-values: [7.679985046386719, 12.260887145996094]
2025-06-07 09:17:33,626 - INFO - Action: Push to the right
2025-06-07 09:17:33,626 - INFO - Pennylane simulation
2025-06-07 09:17:33,638 - INFO - Pennylane expZ: [0.38149601221084595, 0.014597281813621521, 0.12180913984775543, -0.20897254347801208]
2025-06-07 09:17:33,638 - INFO - Pennylane Q-values: [16.833602905273438, 24.10035514831543]
2025-06-07 09:17:33,638 - INFO - Pennylane action: Push to the right
2025-06-07 09:17:33,670 - INFO - Pennylane -> OpenQASM
2025-06-07 09:17:33,672 - INFO - OpenQASM -> Qiskit
2025-06-07 09:17:33,781 - INFO - Submitting the job to ibm_sherbrooke
2025-06-07 09:17:41,700 - INFO - Job completed!
2025-06-07 09:17:41,704 - INFO - Pauli-Z expectation: [0.0703125, -0.04296875, 0.048828125, 0.04296875]
2025-06-07 09:17:41,707 - INFO - Q-values: [11.322083473205566, 9.171611785888672]
2025-06-07 09:17:41,707 - INFO - Action: Push to the left
2025-06-07 09:17:41,708 - INFO - Pennylane simulation
2025-06-07 09:17:41,722 - INFO - Pennylane expZ: [0.4410236179828644, -0.013278649188578129, 0.15295499563217163, -0.14100581407546997]
2025-06-07 09:17:41,722 - INFO - Pennylane Q-values: [19.495229721069336, 28.23795509338379]
2025-06-07 09:17:41,722 - INFO - Pennylane action: Push to the right
2025-06-07 09:17:41,736 - INFO - Pennylane -> OpenQASM
2025-06-07 09:17:41,736 - INFO - OpenQASM -> Qiskit
2025-06-07 09:17:41,864 - INFO - Submitting the job to ibm_sherbrooke
2025-06-07 09:17:50,612 - INFO - Job completed!
2025-06-07 09:17:50,615 - INFO - Pauli-Z expectation: [0.0546875, 0.0, 0.029296875, 0.0234375]
2025-06-07 09:17:50,615 - INFO - Q-values: [8.755592346191406, 6.584187984466553]
2025-06-07 09:17:50,615 - INFO - Action: Push to the left
2025-06-07 09:17:50,615 - INFO - Pennylane simulation
2025-06-07 09:17:50,626 - INFO - Pennylane expZ: [0.3409433960914612, -0.08137204498052597, -0.02619936503469944, -0.22850961983203888]
2025-06-07 09:17:50,626 - INFO - Pennylane Q-values: [9.006843566894531, 14.434507369995117]
2025-06-07 09:17:50,626 - INFO - Pennylane action: Push to the right
2025-06-07 09:17:50,626 - INFO - Episode Reward: 16.0

2025-06-07 09:17:50,626 - INFO - --- Episode 3/100 ---
2025-06-07 09:17:50,658 - INFO - Pennylane -> OpenQASM
2025-06-07 09:17:50,658 - INFO - OpenQASM -> Qiskit
2025-06-07 09:17:50,978 - INFO - Submitting the job to ibm_sherbrooke
2025-06-07 09:17:59,934 - INFO - Job completed!
2025-06-07 09:17:59,934 - INFO - Pauli-Z expectation: [0.02734375, -0.033203125, 0.02734375, 0.01171875]
2025-06-07 09:17:59,934 - INFO - Q-values: [7.5909318923950195, 5.0072784423828125]
2025-06-07 09:17:59,934 - INFO - Action: Push to the left
2025-06-07 09:17:59,949 - INFO - Pennylane simulation
2025-06-07 09:17:59,965 - INFO - Pennylane expZ: [0.24016784131526947, -0.026456687599420547, 0.7856151461601257, 0.28717634081840515]
2025-06-07 09:17:59,965 - INFO - Pennylane Q-values: [72.98517608642578, 73.04306030273438]
2025-06-07 09:17:59,967 - INFO - Pennylane action: Push to the right
2025-06-07 09:17:59,981 - INFO - Pennylane -> OpenQASM
2025-06-07 09:17:59,981 - INFO - OpenQASM -> Qiskit
2025-06-07 09:18:00,157 - INFO - Submitting the job to ibm_sherbrooke
2025-06-07 09:18:08,788 - INFO - Job completed!
2025-06-07 09:18:08,800 - INFO - Pauli-Z expectation: [-0.078125, 0.029296875, 0.138671875, -0.0703125]
2025-06-07 09:18:08,800 - INFO - Q-values: [13.192461013793945, 11.155952453613281]
2025-06-07 09:18:08,800 - INFO - Action: Push to the left
2025-06-07 09:18:08,800 - INFO - Pennylane simulation
2025-06-07 09:18:08,808 - INFO - Pennylane expZ: [0.2673130929470062, 0.1382732391357422, 0.7701730132102966, 0.28002721071243286]
2025-06-07 09:18:08,820 - INFO - Pennylane Q-values: [71.44042205810547, 73.99213409423828]
2025-06-07 09:18:08,820 - INFO - Pennylane action: Push to the right
2025-06-07 09:18:08,836 - INFO - Pennylane -> OpenQASM
2025-06-07 09:18:08,852 - INFO - OpenQASM -> Qiskit
2025-06-07 09:18:09,056 - INFO - Submitting the job to ibm_sherbrooke
2025-06-07 09:18:17,660 - INFO - Job completed!
2025-06-07 09:18:17,662 - INFO - Pauli-Z expectation: [0.189453125, 0.3125, 0.408203125, 0.416015625]
2025-06-07 09:18:17,662 - INFO - Q-values: [56.21678924560547, 53.78211975097656]
2025-06-07 09:18:17,662 - INFO - Action: Push to the left
2025-06-07 09:18:17,662 - INFO - Pennylane simulation
2025-06-07 09:18:17,679 - INFO - Pennylane expZ: [0.2939039468765259, 0.2484089583158493, 0.7389470338821411, 0.2534864544868469]
2025-06-07 09:18:17,679 - INFO - Pennylane Q-values: [67.84883117675781, 72.91792297363281]
2025-06-07 09:18:17,679 - INFO - Pennylane action: Push to the right
2025-06-07 09:18:17,698 - INFO - Pennylane -> OpenQASM
2025-06-07 09:18:17,698 - INFO - OpenQASM -> Qiskit
2025-06-07 09:18:17,808 - INFO - Submitting the job to ibm_sherbrooke
2025-06-07 09:18:26,263 - INFO - Job completed!
2025-06-07 09:18:26,268 - INFO - Pauli-Z expectation: [0.009765625, -0.01953125, 0.044921875, 0.0390625]
2025-06-07 09:18:26,268 - INFO - Q-values: [10.11474895477295, 6.518931865692139]
2025-06-07 09:18:26,268 - INFO - Action: Push to the left
2025-06-07 09:18:26,268 - INFO - Pennylane simulation
2025-06-07 09:18:26,285 - INFO - Pennylane expZ: [0.3133174777030945, 0.28645414113998413, 0.6755958199501038, 0.19406969845294952]
2025-06-07 09:18:26,285 - INFO - Pennylane Q-values: [60.474273681640625, 67.612548828125]
2025-06-07 09:18:26,285 - INFO - Pennylane action: Push to the right
2025-06-07 09:18:26,295 - INFO - Pennylane -> OpenQASM
2025-06-07 09:18:26,295 - INFO - OpenQASM -> Qiskit
2025-06-07 09:18:26,441 - INFO - Submitting the job to ibm_sherbrooke
2025-06-07 09:18:34,344 - INFO - Job completed!
2025-06-07 09:18:34,344 - INFO - Pauli-Z expectation: [0.005859375, 0.025390625, 0.01953125, 0.03515625]
2025-06-07 09:18:34,344 - INFO - Q-values: [8.196980476379395, 4.780417442321777]
2025-06-07 09:18:34,344 - INFO - Action: Push to the left
2025-06-07 09:18:34,344 - INFO - Pennylane simulation
2025-06-07 09:18:34,353 - INFO - Pennylane expZ: [0.3263486921787262, 0.2478587031364441, 0.549439013004303, 0.08574935793876648]
2025-06-07 09:18:34,353 - INFO - Pennylane Q-values: [46.502784729003906, 55.45307159423828]
2025-06-07 09:18:34,353 - INFO - Pennylane action: Push to the right
2025-06-07 09:18:34,386 - INFO - Pennylane -> OpenQASM
2025-06-07 09:18:34,386 - INFO - OpenQASM -> Qiskit
2025-06-07 09:18:34,576 - INFO - Submitting the job to ibm_sherbrooke
2025-06-07 09:18:43,417 - INFO - Job completed!
2025-06-07 09:18:43,423 - INFO - Pauli-Z expectation: [0.091796875, 0.171875, 0.171875, -0.046875]
2025-06-07 09:18:43,423 - INFO - Q-values: [15.80117130279541, 18.016708374023438]
2025-06-07 09:18:43,423 - INFO - Action: Push to the right
2025-06-07 09:18:43,423 - INFO - Pennylane simulation
2025-06-07 09:18:43,438 - INFO - Pennylane expZ: [0.34057140350341797, 0.14354760944843292, 0.32430499792099, -0.07163260132074356]
2025-06-07 09:18:43,438 - INFO - Pennylane Q-values: [28.157243728637695, 37.06455993652344]
2025-06-07 09:18:43,438 - INFO - Pennylane action: Push to the right
2025-06-07 09:18:43,454 - INFO - Pennylane -> OpenQASM
2025-06-07 09:18:43,454 - INFO - OpenQASM -> Qiskit
2025-06-07 09:18:43,594 - INFO - Submitting the job to ibm_sherbrooke
2025-06-07 09:18:53,297 - INFO - Job completed!
2025-06-07 09:18:53,312 - INFO - Pauli-Z expectation: [0.232421875, 0.009765625, 0.046875, -0.01171875]
2025-06-07 09:18:53,312 - INFO - Q-values: [10.50350284576416, 13.575185775756836]
2025-06-07 09:18:53,312 - INFO - Action: Push to the right
2025-06-07 09:18:53,312 - INFO - Pennylane simulation
2025-06-07 09:18:53,328 - INFO - Pennylane expZ: [0.34497031569480896, 0.17122815549373627, 0.35831475257873535, -0.09075886011123657]
2025-06-07 09:18:53,328 - INFO - Pennylane Q-values: [30.173568725585938, 39.714263916015625]
2025-06-07 09:18:53,328 - INFO - Pennylane action: Push to the right
2025-06-07 09:18:53,344 - INFO - Pennylane -> OpenQASM
2025-06-07 09:18:53,344 - INFO - OpenQASM -> Qiskit
2025-06-07 09:18:53,481 - INFO - Submitting the job to ibm_sherbrooke
2025-06-07 09:19:01,342 - INFO - Job completed!
2025-06-07 09:19:01,342 - INFO - Pauli-Z expectation: [0.037109375, -0.001953125, 0.033203125, 0.0625]
2025-06-07 09:19:01,358 - INFO - Q-values: [11.1657133102417, 7.62606954574585]
2025-06-07 09:19:01,358 - INFO - Action: Push to the left
2025-06-07 09:19:01,358 - INFO - Pennylane simulation
2025-06-07 09:19:01,374 - INFO - Pennylane expZ: [0.37516963481903076, 0.15458442270755768, 0.3974815905094147, -0.0667494684457779]
2025-06-07 09:19:01,374 - INFO - Pennylane Q-values: [32.97468566894531, 43.27194595336914]
2025-06-07 09:19:01,375 - INFO - Pennylane action: Push to the right
2025-06-07 09:19:01,393 - INFO - Pennylane -> OpenQASM
2025-06-07 09:19:01,395 - INFO - OpenQASM -> Qiskit
2025-06-07 09:19:01,504 - INFO - Submitting the job to ibm_sherbrooke
2025-06-07 09:19:10,258 - INFO - Job completed!
2025-06-07 09:19:10,258 - INFO - Pauli-Z expectation: [-0.03515625, -0.017578125, 0.03125, 0.0]
2025-06-07 09:19:10,258 - INFO - Q-values: [6.781720161437988, 3.816589593887329]
2025-06-07 09:19:10,258 - INFO - Action: Push to the left
2025-06-07 09:19:10,258 - INFO - Pennylane simulation
2025-06-07 09:19:10,274 - INFO - Pennylane expZ: [0.3482764661312103, 0.06912614405155182, 0.15947265923023224, -0.21274666488170624]
2025-06-07 09:19:10,274 - INFO - Pennylane Q-values: [18.519920349121094, 25.829111099243164]
2025-06-07 09:19:10,274 - INFO - Pennylane action: Push to the right
2025-06-07 09:19:10,306 - INFO - Pennylane -> OpenQASM
2025-06-07 09:19:10,306 - INFO - OpenQASM -> Qiskit
2025-06-07 09:19:10,612 - INFO - Submitting the job to ibm_sherbrooke
2025-06-07 09:19:18,641 - INFO - Job completed!
2025-06-07 09:19:18,647 - INFO - Pauli-Z expectation: [-0.01953125, 0.01953125, -0.0078125, 0.029296875]
2025-06-07 09:19:18,647 - INFO - Q-values: [6.604653358459473, 3.0077033042907715]
2025-06-07 09:19:18,647 - INFO - Action: Push to the left
2025-06-07 09:19:18,647 - INFO - Pennylane simulation
2025-06-07 09:19:18,665 - INFO - Pennylane expZ: [0.31057390570640564, -0.07441966235637665, -0.10741879791021347, -0.30257442593574524]
2025-06-07 09:19:18,665 - INFO - Pennylane Q-values: [8.639779090881348, 13.30523681640625]
2025-06-07 09:19:18,665 - INFO - Pennylane action: Push to the right
2025-06-07 09:19:18,679 - INFO - Pennylane -> OpenQASM
2025-06-07 09:19:18,679 - INFO - OpenQASM -> Qiskit
2025-06-07 09:19:18,858 - INFO - Submitting the job to ibm_sherbrooke
2025-06-07 09:19:28,084 - INFO - Job completed!
2025-06-07 09:19:28,095 - INFO - Pauli-Z expectation: [0.009765625, -0.015625, -0.03125, -0.029296875]
2025-06-07 09:19:28,095 - INFO - Q-values: [5.004025459289551, 2.1198742389678955]
2025-06-07 09:19:28,095 - INFO - Action: Push to the left
2025-06-07 09:19:28,095 - INFO - Pennylane simulation
2025-06-07 09:19:28,103 - INFO - Pennylane expZ: [0.23738020658493042, -0.23279312252998352, -0.2833402454853058, -0.27218547463417053]
2025-06-07 09:19:28,103 - INFO - Pennylane Q-values: [7.755114555358887, 10.583576202392578]
2025-06-07 09:19:28,103 - INFO - Pennylane action: Push to the right
2025-06-07 09:19:28,103 - INFO - Episode Reward: 11.0

2025-06-07 09:19:28,115 - INFO - --- Episode 4/100 ---
2025-06-07 09:19:28,131 - INFO - Pennylane -> OpenQASM
2025-06-07 09:19:28,131 - INFO - OpenQASM -> Qiskit
2025-06-07 09:19:28,259 - INFO - Submitting the job to ibm_sherbrooke
2025-06-07 09:19:36,156 - INFO - Job completed!
2025-06-07 09:19:36,169 - INFO - Pauli-Z expectation: [0.02734375, -0.01953125, 0.064453125, 0.029296875]
2025-06-07 09:19:36,170 - INFO - Q-values: [10.91563606262207, 8.100458145141602]
2025-06-07 09:19:36,170 - INFO - Action: Push to the left
2025-06-07 09:19:36,170 - INFO - Pennylane simulation
2025-06-07 09:19:36,185 - INFO - Pennylane expZ: [0.33266615867614746, -0.005646030884236097, 0.7466681599617004, 0.24403877556324005]
2025-06-07 09:19:36,185 - INFO - Pennylane Q-values: [69.10602569580078, 72.32730865478516]
2025-06-07 09:19:36,185 - INFO - Pennylane action: Push to the right
2025-06-07 09:19:36,203 - INFO - Pennylane -> OpenQASM
2025-06-07 09:19:36,203 - INFO - OpenQASM -> Qiskit
2025-06-07 09:19:36,327 - INFO - Submitting the job to ibm_sherbrooke
2025-06-07 09:19:44,772 - INFO - Job completed!
2025-06-07 09:19:44,772 - INFO - Pauli-Z expectation: [0.0234375, -0.03515625, 0.03515625, -0.001953125]
2025-06-07 09:19:44,772 - INFO - Q-values: [7.301966190338135, 4.945578575134277]
2025-06-07 09:19:44,772 - INFO - Action: Push to the left
2025-06-07 09:19:44,772 - INFO - Pennylane simulation
2025-06-07 09:19:44,787 - INFO - Pennylane expZ: [0.3374793827533722, 0.16098469495773315, 0.7248678803443909, 0.20436900854110718]
2025-06-07 09:19:44,787 - INFO - Pennylane Q-values: [64.8375244140625, 71.03019714355469]
2025-06-07 09:19:44,787 - INFO - Pennylane action: Push to the right
2025-06-07 09:19:44,825 - INFO - Pennylane -> OpenQASM
2025-06-07 09:19:44,826 - INFO - OpenQASM -> Qiskit
2025-06-07 09:19:45,010 - INFO - Submitting the job to ibm_sherbrooke
2025-06-07 09:19:53,476 - INFO - Job completed!
2025-06-07 09:19:53,476 - INFO - Pauli-Z expectation: [0.1328125, 0.18359375, 0.29296875, 0.06640625]
2025-06-07 09:19:53,476 - INFO - Q-values: [27.65607452392578, 30.071857452392578]
2025-06-07 09:19:53,476 - INFO - Action: Push to the right
2025-06-07 09:19:53,476 - INFO - Pennylane simulation
2025-06-07 09:19:53,490 - INFO - Pennylane expZ: [0.3409804403781891, 0.25229355692863464, 0.6637482643127441, 0.13166633248329163]
2025-06-07 09:19:53,490 - INFO - Pennylane Q-values: [56.4022216796875, 65.26136016845703]
2025-06-07 09:19:53,490 - INFO - Pennylane action: Push to the right
2025-06-07 09:19:53,522 - INFO - Pennylane -> OpenQASM
2025-06-07 09:19:53,522 - INFO - OpenQASM -> Qiskit
2025-06-07 09:19:53,681 - INFO - Submitting the job to ibm_sherbrooke
2025-06-07 09:20:02,068 - INFO - Job completed!
2025-06-07 09:20:02,073 - INFO - Pauli-Z expectation: [-0.005859375, 0.09375, 0.03515625, 0.029296875]
2025-06-07 09:20:02,073 - INFO - Q-values: [8.469258308410645, 5.980274200439453]
2025-06-07 09:20:02,073 - INFO - Action: Push to the left
2025-06-07 09:20:02,073 - INFO - Pennylane simulation
2025-06-07 09:20:02,084 - INFO - Pennylane expZ: [0.3730490505695343, 0.1499640941619873, 0.6824504733085632, 0.16771049797534943]
2025-06-07 09:20:02,084 - INFO - Pennylane Q-values: [60.495262145996094, 68.11005401611328]
2025-06-07 09:20:02,084 - INFO - Pennylane action: Push to the right
2025-06-07 09:20:02,130 - INFO - Pennylane -> OpenQASM
2025-06-07 09:20:02,132 - INFO - OpenQASM -> Qiskit
2025-06-07 09:20:02,262 - INFO - Submitting the job to ibm_sherbrooke
2025-06-07 09:20:10,677 - INFO - Job completed!
2025-06-07 09:20:10,677 - INFO - Pauli-Z expectation: [-0.037109375, 0.025390625, -0.02734375, 0.048828125]
2025-06-07 09:20:10,677 - INFO - Q-values: [7.7762956619262695, 3.778449296951294]
2025-06-07 09:20:10,677 - INFO - Action: Push to the left
2025-06-07 09:20:10,677 - INFO - Pennylane simulation
2025-06-07 09:20:10,701 - INFO - Pennylane expZ: [0.365490198135376, 0.2282390594482422, 0.6031938791275024, 0.07378720492124557]
2025-06-07 09:20:10,703 - INFO - Pennylane Q-values: [49.57714080810547, 59.838191986083984]
2025-06-07 09:20:10,703 - INFO - Pennylane action: Push to the right
2025-06-07 09:20:10,717 - INFO - Pennylane -> OpenQASM
2025-06-07 09:20:10,717 - INFO - OpenQASM -> Qiskit
2025-06-07 09:20:10,853 - INFO - Submitting the job to ibm_sherbrooke
2025-06-07 09:20:19,716 - INFO - Job completed!
2025-06-07 09:20:19,716 - INFO - Pauli-Z expectation: [0.06640625, -0.005859375, 0.025390625, -0.021484375]
2025-06-07 09:20:19,716 - INFO - Q-values: [7.228898048400879, 5.899642467498779]
2025-06-07 09:20:19,716 - INFO - Action: Push to the left
2025-06-07 09:20:19,716 - INFO - Pennylane simulation
2025-06-07 09:20:19,727 - INFO - Pennylane expZ: [0.35678574442863464, 0.21000151336193085, 0.44400113821029663, -0.06087060645222664]
2025-06-07 09:20:19,727 - INFO - Pennylane Q-values: [35.37434387207031, 46.143943786621094]
2025-06-07 09:20:19,727 - INFO - Pennylane action: Push to the right
2025-06-07 09:20:19,759 - INFO - Pennylane -> OpenQASM
2025-06-07 09:20:19,759 - INFO - OpenQASM -> Qiskit
2025-06-07 09:20:20,029 - INFO - Submitting the job to ibm_sherbrooke
2025-06-07 09:20:28,586 - INFO - Job completed!
2025-06-07 09:20:28,586 - INFO - Pauli-Z expectation: [0.11328125, 0.009765625, 0.009765625, 0.015625]
2025-06-07 09:20:28,586 - INFO - Q-values: [7.766564846038818, 7.274166584014893]
2025-06-07 09:20:28,586 - INFO - Action: Push to the left
2025-06-07 09:20:28,586 - INFO - Pennylane simulation
2025-06-07 09:20:28,593 - INFO - Pennylane expZ: [0.3495531976222992, 0.10735341161489487, 0.19232140481472015, -0.21164721250534058]
2025-06-07 09:20:28,593 - INFO - Pennylane Q-values: [20.38998031616211, 28.379301071166992]
2025-06-07 09:20:28,593 - INFO - Pennylane action: Push to the right
2025-06-07 09:20:28,625 - INFO - Pennylane -> OpenQASM
2025-06-07 09:20:28,625 - INFO - OpenQASM -> Qiskit
2025-06-07 09:20:28,751 - INFO - Submitting the job to ibm_sherbrooke
2025-06-07 09:20:36,996 - INFO - Job completed!
2025-06-07 09:20:36,996 - INFO - Pauli-Z expectation: [0.0859375, -0.064453125, -0.033203125, -0.0703125]
2025-06-07 09:20:36,996 - INFO - Q-values: [5.924685478210449, 4.952276229858398]
2025-06-07 09:20:36,996 - INFO - Action: Push to the left
2025-06-07 09:20:36,996 - INFO - Pennylane simulation
2025-06-07 09:20:37,006 - INFO - Pennylane expZ: [0.33513185381889343, -0.045473143458366394, -0.10479593276977539, -0.31352171301841736]
2025-06-07 09:20:37,006 - INFO - Pennylane Q-values: [8.936601638793945, 14.218408584594727]
2025-06-07 09:20:37,006 - INFO - Pennylane action: Push to the right
2025-06-07 09:20:37,036 - INFO - Pennylane -> OpenQASM
2025-06-07 09:20:37,036 - INFO - OpenQASM -> Qiskit
2025-06-07 09:20:37,143 - INFO - Submitting the job to ibm_sherbrooke
2025-06-07 09:20:45,408 - INFO - Job completed!
2025-06-07 09:20:45,408 - INFO - Pauli-Z expectation: [-0.017578125, 0.0625, -0.05859375, -0.001953125]
2025-06-07 09:20:45,408 - INFO - Q-values: [4.660233020782471, 2.308532476425171]
2025-06-07 09:20:45,408 - INFO - Action: Push to the left
2025-06-07 09:20:45,414 - INFO - Pennylane simulation
2025-06-07 09:20:45,429 - INFO - Pennylane expZ: [0.2850465774536133, -0.20662185549736023, -0.3208885192871094, -0.2932906150817871]
2025-06-07 09:20:45,429 - INFO - Pennylane Q-values: [8.331239700317383, 12.356019973754883]
2025-06-07 09:20:45,429 - INFO - Pennylane action: Push to the right
2025-06-07 09:20:45,454 - INFO - Pennylane -> OpenQASM
2025-06-07 09:20:45,454 - INFO - OpenQASM -> Qiskit
2025-06-07 09:20:45,572 - INFO - Submitting the job to ibm_sherbrooke
2025-06-07 09:20:54,145 - INFO - Job completed!
2025-06-07 09:20:54,145 - INFO - Pauli-Z expectation: [-0.046875, 0.0078125, 0.005859375, 0.033203125]
2025-06-07 09:20:54,145 - INFO - Q-values: [7.240993499755859, 3.434267044067383]
2025-06-07 09:20:54,145 - INFO - Action: Push to the left
2025-06-07 09:20:54,145 - INFO - Pennylane simulation
2025-06-07 09:20:54,162 - INFO - Pennylane expZ: [0.1739831566810608, -0.34191274642944336, -0.32858240604400635, -0.15415848791599274]
2025-06-07 09:20:54,162 - INFO - Pennylane Q-values: [6.988859176635742, 8.226198196411133]
2025-06-07 09:20:54,162 - INFO - Pennylane action: Push to the right
2025-06-07 09:20:54,162 - INFO - Episode Reward: 10.0

2025-06-07 09:20:54,162 - INFO - --- Episode 5/100 ---
2025-06-07 09:20:54,176 - INFO - Pennylane -> OpenQASM
2025-06-07 09:20:54,176 - INFO - OpenQASM -> Qiskit
2025-06-07 09:20:54,288 - INFO - Submitting the job to ibm_sherbrooke
2025-06-07 09:21:02,211 - INFO - Job completed!
2025-06-07 09:21:02,211 - INFO - Pauli-Z expectation: [0.017578125, -0.02734375, 0.076171875, 0.046875]
2025-06-07 09:21:02,211 - INFO - Q-values: [12.582027435302734, 9.156885147094727]
2025-06-07 09:21:02,211 - INFO - Action: Push to the left
2025-06-07 09:21:02,211 - INFO - Pennylane simulation
2025-06-07 09:21:02,221 - INFO - Pennylane expZ: [0.21411342918872833, 0.0013545381370931864, 0.7782483100891113, 0.3068084716796875]
2025-06-07 09:21:02,221 - INFO - Pennylane Q-values: [73.41744232177734, 72.3233413696289]
2025-06-07 09:21:02,221 - INFO - Pennylane action: Push to the left
2025-06-07 09:21:02,253 - INFO - Pennylane -> OpenQASM
2025-06-07 09:21:02,253 - INFO - OpenQASM -> Qiskit
2025-06-07 09:21:02,391 - INFO - Submitting the job to ibm_sherbrooke
2025-06-07 09:21:10,368 - INFO - Job completed!
2025-06-07 09:21:10,370 - INFO - Pauli-Z expectation: [-0.05078125, 0.03515625, 0.0859375, 0.03125]
2025-06-07 09:21:10,370 - INFO - Q-values: [11.880746841430664, 8.882122039794922]
2025-06-07 09:21:10,370 - INFO - Action: Push to the left
2025-06-07 09:21:10,370 - INFO - Pennylane simulation
2025-06-07 09:21:10,376 - INFO - Pennylane expZ: [0.24752376973628998, 0.14698560535907745, 0.762549877166748, 0.30345579981803894]
2025-06-07 09:21:10,376 - INFO - Pennylane Q-values: [72.13814544677734, 73.6932144165039]
2025-06-07 09:21:10,376 - INFO - Pennylane action: Push to the right
2025-06-07 09:21:10,408 - INFO - Pennylane -> OpenQASM
2025-06-07 09:21:10,408 - INFO - OpenQASM -> Qiskit
2025-06-07 09:21:10,527 - INFO - Submitting the job to ibm_sherbrooke
2025-06-07 09:21:19,307 - INFO - Job completed!
2025-06-07 09:21:19,307 - INFO - Pauli-Z expectation: [0.0234375, 0.017578125, -0.013671875, 0.068359375]
2025-06-07 09:21:19,307 - INFO - Q-values: [9.28060245513916, 5.300000190734863]
2025-06-07 09:21:19,307 - INFO - Action: Push to the left
2025-06-07 09:21:19,307 - INFO - Pennylane simulation
2025-06-07 09:21:19,338 - INFO - Pennylane expZ: [0.2786141037940979, 0.24460147321224213, 0.7362121343612671, 0.2858172059059143]
2025-06-07 09:21:19,338 - INFO - Pennylane Q-values: [69.48636627197266, 73.3257064819336]
2025-06-07 09:21:19,338 - INFO - Pennylane action: Push to the right
2025-06-07 09:21:19,356 - INFO - Pennylane -> OpenQASM
2025-06-07 09:21:19,356 - INFO - OpenQASM -> Qiskit
2025-06-07 09:21:19,546 - INFO - Submitting the job to ibm_sherbrooke
2025-06-07 09:21:27,338 - INFO - Job completed!
2025-06-07 09:21:27,338 - INFO - Pauli-Z expectation: [-0.02734375, 0.1484375, 0.0546875, 0.0234375]
2025-06-07 09:21:27,338 - INFO - Q-values: [9.09870719909668, 7.53478479385376]
2025-06-07 09:21:27,353 - INFO - Action: Push to the left
2025-06-07 09:21:27,353 - INFO - Pennylane simulation
2025-06-07 09:21:27,396 - INFO - Pennylane expZ: [0.301844984292984, 0.28090235590934753, 0.6878958940505981, 0.24262328445911407]
2025-06-07 09:21:27,398 - INFO - Pennylane Q-values: [64.06707763671875, 69.73512268066406]
2025-06-07 09:21:27,398 - INFO - Pennylane action: Push to the right
2025-06-07 09:21:27,449 - INFO - Pennylane -> OpenQASM
2025-06-07 09:21:27,450 - INFO - OpenQASM -> Qiskit
2025-06-07 09:21:27,657 - INFO - Submitting the job to ibm_sherbrooke
2025-06-07 09:21:36,012 - INFO - Job completed!
2025-06-07 09:21:36,012 - INFO - Pauli-Z expectation: [0.04296875, 0.0546875, 0.046875, -0.00390625]
2025-06-07 09:21:36,012 - INFO - Q-values: [8.0513916015625, 6.927090167999268]
2025-06-07 09:21:36,012 - INFO - Action: Push to the left
2025-06-07 09:21:36,012 - INFO - Pennylane simulation
2025-06-07 09:21:36,042 - INFO - Pennylane expZ: [0.31758567690849304, 0.25100478529930115, 0.5916630029678345, 0.15526290237903595]
2025-06-07 09:21:36,042 - INFO - Pennylane Q-values: [53.19226837158203, 60.49723815917969]
2025-06-07 09:21:36,042 - INFO - Pennylane action: Push to the right
2025-06-07 09:21:36,069 - INFO - Pennylane -> OpenQASM
2025-06-07 09:21:36,071 - INFO - OpenQASM -> Qiskit
2025-06-07 09:21:36,409 - INFO - Submitting the job to ibm_sherbrooke
2025-06-07 09:21:44,362 - INFO - Job completed!
2025-06-07 09:21:44,362 - INFO - Pauli-Z expectation: [0.26953125, 0.06640625, 0.134765625, -0.119140625]
2025-06-07 09:21:44,362 - INFO - Q-values: [16.07917022705078, 21.248441696166992]
2025-06-07 09:21:44,362 - INFO - Action: Push to the right
2025-06-07 09:21:44,362 - INFO - Pennylane simulation
2025-06-07 09:21:44,386 - INFO - Pennylane expZ: [0.33383333683013916, 0.16154484450817108, 0.405798077583313, 0.01180240698158741]
2025-06-07 09:21:44,386 - INFO - Pennylane Q-values: [33.67522430419922, 42.77900695800781]
2025-06-07 09:21:44,386 - INFO - Pennylane action: Push to the right
2025-06-07 09:21:44,394 - INFO - Pennylane -> OpenQASM
2025-06-07 09:21:44,410 - INFO - OpenQASM -> Qiskit
2025-06-07 09:21:44,521 - INFO - Submitting the job to ibm_sherbrooke
2025-06-07 09:21:53,357 - INFO - Job completed!
2025-06-07 09:21:53,357 - INFO - Pauli-Z expectation: [-0.015625, 0.029296875, 0.025390625, 0.017578125]
2025-06-07 09:21:53,357 - INFO - Q-values: [7.393973350524902, 4.3361334800720215]
2025-06-07 09:21:53,357 - INFO - Action: Push to the left
2025-06-07 09:21:53,357 - INFO - Pennylane simulation
2025-06-07 09:21:53,379 - INFO - Pennylane expZ: [0.3386625051498413, 0.20701268315315247, 0.4414234459400177, -0.015228822827339172]
2025-06-07 09:21:53,379 - INFO - Pennylane Q-values: [35.00971603393555, 45.273746490478516]
2025-06-07 09:21:53,379 - INFO - Pennylane action: Push to the right
2025-06-07 09:21:53,404 - INFO - Pennylane -> OpenQASM
2025-06-07 09:21:53,404 - INFO - OpenQASM -> Qiskit
2025-06-07 09:21:53,531 - INFO - Submitting the job to ibm_sherbrooke
2025-06-07 09:22:02,034 - INFO - Job completed!
2025-06-07 09:22:02,036 - INFO - Pauli-Z expectation: [0.078125, -0.033203125, 0.177734375, -0.126953125]
2025-06-07 09:22:02,036 - INFO - Q-values: [16.612213134765625, 16.37713623046875]
2025-06-07 09:22:02,036 - INFO - Action: Push to the left
2025-06-07 09:22:02,036 - INFO - Pennylane simulation
2025-06-07 09:22:02,052 - INFO - Pennylane expZ: [0.34371820092201233, 0.08491331338882446, 0.17114003002643585, -0.1785028874874115]
2025-06-07 09:22:02,052 - INFO - Pennylane Q-values: [19.11557960510254, 26.568044662475586]
2025-06-07 09:22:02,052 - INFO - Pennylane action: Push to the right
2025-06-07 09:22:02,084 - INFO - Pennylane -> OpenQASM
2025-06-07 09:22:02,087 - INFO - OpenQASM -> Qiskit
2025-06-07 09:22:02,273 - INFO - Submitting the job to ibm_sherbrooke
2025-06-07 09:22:11,809 - INFO - Job completed!
2025-06-07 09:22:11,815 - INFO - Pauli-Z expectation: [0.044921875, 0.033203125, 0.013671875, 0.033203125]
2025-06-07 09:22:11,815 - INFO - Q-values: [8.16616439819336, 5.843782424926758]
2025-06-07 09:22:11,815 - INFO - Action: Push to the left
2025-06-07 09:22:11,815 - INFO - Pennylane simulation
2025-06-07 09:22:11,831 - INFO - Pennylane expZ: [0.3402620851993561, -0.07328745722770691, -0.1457994133234024, -0.2974323630332947]
2025-06-07 09:22:11,831 - INFO - Pennylane Q-values: [8.998608589172363, 14.409172058105469]
2025-06-07 09:22:11,836 - INFO - Pennylane action: Push to the right
2025-06-07 09:22:11,847 - INFO - Pennylane -> OpenQASM
2025-06-07 09:22:11,863 - INFO - OpenQASM -> Qiskit
2025-06-07 09:22:11,974 - INFO - Submitting the job to ibm_sherbrooke
2025-06-07 09:22:19,798 - INFO - Job completed!
2025-06-07 09:22:19,802 - INFO - Pauli-Z expectation: [0.05078125, 0.029296875, -0.068359375, 0.017578125]
2025-06-07 09:22:19,802 - INFO - Q-values: [6.467467308044434, 4.550778388977051]
2025-06-07 09:22:19,802 - INFO - Action: Push to the left
2025-06-07 09:22:19,802 - INFO - Pennylane simulation
2025-06-07 09:22:19,808 - INFO - Pennylane expZ: [0.29566413164138794, -0.23249390721321106, -0.36526721715927124, -0.2879410982131958]
2025-06-07 09:22:19,808 - INFO - Pennylane Q-values: [8.459569931030273, 12.750825881958008]
2025-06-07 09:22:19,808 - INFO - Pennylane action: Push to the right
2025-06-07 09:22:19,833 - INFO - Pennylane -> OpenQASM
2025-06-07 09:22:19,833 - INFO - OpenQASM -> Qiskit
2025-06-07 09:22:19,951 - INFO - Submitting the job to ibm_sherbrooke
2025-06-07 09:22:28,217 - INFO - Job completed!
2025-06-07 09:22:28,222 - INFO - Pauli-Z expectation: [-0.001953125, -0.03125, -0.00390625, 0.052734375]
2025-06-07 09:22:28,222 - INFO - Q-values: [8.106571197509766, 3.698089122772217]
2025-06-07 09:22:28,222 - INFO - Action: Push to the left
2025-06-07 09:22:28,222 - INFO - Pennylane simulation
2025-06-07 09:22:28,230 - INFO - Pennylane expZ: [0.1836075633764267, -0.3624383211135864, -0.3514282703399658, -0.150074303150177]
2025-06-07 09:22:28,230 - INFO - Pennylane Q-values: [7.105185508728027, 8.584074974060059]
2025-06-07 09:22:28,230 - INFO - Pennylane action: Push to the right
2025-06-07 09:22:28,230 - INFO - Episode Reward: 11.0

2025-06-07 09:22:28,230 - INFO - --- Episode 6/100 ---
2025-06-07 09:22:28,266 - INFO - Pennylane -> OpenQASM
2025-06-07 09:22:28,266 - INFO - OpenQASM -> Qiskit
2025-06-07 09:22:28,372 - INFO - Submitting the job to ibm_sherbrooke
2025-06-07 09:22:36,911 - INFO - Job completed!
2025-06-07 09:22:36,925 - INFO - Pauli-Z expectation: [-0.013671875, -0.021484375, 0.041015625, 0.001953125]
2025-06-07 09:22:36,925 - INFO - Q-values: [7.493415832519531, 4.532192230224609]
2025-06-07 09:22:36,925 - INFO - Action: Push to the left
2025-06-07 09:22:36,925 - INFO - Pennylane simulation
2025-06-07 09:22:36,943 - INFO - Pennylane expZ: [0.28518083691596985, -0.017327062785625458, 0.7709074020385742, 0.2812100350856781]
2025-06-07 09:22:36,943 - INFO - Pennylane Q-values: [72.27263641357422, 73.5277328491211]
2025-06-07 09:22:36,943 - INFO - Pennylane action: Push to the right
2025-06-07 09:22:36,959 - INFO - Pennylane -> OpenQASM
2025-06-07 09:22:36,959 - INFO - OpenQASM -> Qiskit
2025-06-07 09:22:37,070 - INFO - Submitting the job to ibm_sherbrooke
2025-06-07 09:22:45,584 - INFO - Job completed!
2025-06-07 09:22:45,590 - INFO - Pauli-Z expectation: [0.01171875, -0.009765625, 0.05859375, 0.01953125]
2025-06-07 09:22:45,590 - INFO - Q-values: [9.77492904663086, 6.773723602294922]
2025-06-07 09:22:45,590 - INFO - Action: Push to the left
2025-06-07 09:22:45,590 - INFO - Pennylane simulation
2025-06-07 09:22:45,610 - INFO - Pennylane expZ: [0.30339866876602173, 0.1488925665616989, 0.7537209391593933, 0.2633911967277527]
2025-06-07 09:22:45,610 - INFO - Pennylane Q-values: [69.82418823242188, 73.7308349609375]
2025-06-07 09:22:45,610 - INFO - Pennylane action: Push to the right
2025-06-07 09:22:45,622 - INFO - Pennylane -> OpenQASM
2025-06-07 09:22:45,622 - INFO - OpenQASM -> Qiskit
2025-06-07 09:22:45,906 - INFO - Submitting the job to ibm_sherbrooke
2025-06-07 09:22:55,014 - INFO - Job completed!
2025-06-07 09:22:55,030 - INFO - Pauli-Z expectation: [-0.041015625, 0.03515625, 0.064453125, 0.00390625]
2025-06-07 09:22:55,030 - INFO - Q-values: [8.907503128051758, 6.459356784820557]
2025-06-07 09:22:55,030 - INFO - Action: Push to the left
2025-06-07 09:22:55,030 - INFO - Pennylane simulation
2025-06-07 09:22:55,046 - INFO - Pennylane expZ: [0.31962135434150696, 0.25226208567619324, 0.7126281261444092, 0.21939586102962494]
2025-06-07 09:22:55,046 - INFO - Pennylane Q-values: [64.4671859741211, 70.91841888427734]
2025-06-07 09:22:55,046 - INFO - Pennylane action: Push to the right
2025-06-07 09:22:55,066 - INFO - Pennylane -> OpenQASM
2025-06-07 09:22:55,066 - INFO - OpenQASM -> Qiskit
2025-06-07 09:22:55,182 - INFO - Submitting the job to ibm_sherbrooke
2025-06-07 09:23:03,713 - INFO - Job completed!
2025-06-07 09:23:03,716 - INFO - Pauli-Z expectation: [-0.021484375, 0.03125, 0.12109375, 0.037109375]
2025-06-07 09:23:03,716 - INFO - Q-values: [14.385393142700195, 11.380664825439453]
2025-06-07 09:23:03,716 - INFO - Action: Push to the left
2025-06-07 09:23:03,716 - INFO - Pennylane simulation
2025-06-07 09:23:03,721 - INFO - Pennylane expZ: [0.3289788067340851, 0.2749786674976349, 0.6246035695075989, 0.13409191370010376]
2025-06-07 09:23:03,721 - INFO - Pennylane Q-values: [53.948707580566406, 62.524436950683594]
2025-06-07 09:23:03,721 - INFO - Pennylane action: Push to the right
2025-06-07 09:23:03,753 - INFO - Pennylane -> OpenQASM
2025-06-07 09:23:03,753 - INFO - OpenQASM -> Qiskit
2025-06-07 09:23:03,864 - INFO - Submitting the job to ibm_sherbrooke
2025-06-07 09:23:12,170 - INFO - Job completed!
2025-06-07 09:23:12,176 - INFO - Pauli-Z expectation: [-0.009765625, 0.064453125, 0.06640625, 0.033203125]
2025-06-07 09:23:12,176 - INFO - Q-values: [10.709372520446777, 7.925271511077881]
2025-06-07 09:23:12,176 - INFO - Action: Push to the left
2025-06-07 09:23:12,176 - INFO - Pennylane simulation
2025-06-07 09:23:12,192 - INFO - Pennylane expZ: [0.33481499552726746, 0.21624574065208435, 0.4556957185268402, -0.0013330202782526612]
2025-06-07 09:23:12,192 - INFO - Pennylane Q-values: [35.79566955566406, 46.1529541015625]
2025-06-07 09:23:12,192 - INFO - Pennylane action: Push to the right
2025-06-07 09:23:12,208 - INFO - Pennylane -> OpenQASM
2025-06-07 09:23:12,208 - INFO - OpenQASM -> Qiskit
2025-06-07 09:23:12,333 - INFO - Submitting the job to ibm_sherbrooke
2025-06-07 09:23:20,631 - INFO - Job completed!
2025-06-07 09:23:20,637 - INFO - Pauli-Z expectation: [-0.00390625, -0.025390625, -0.03515625, 0.037109375]
2025-06-07 09:23:20,637 - INFO - Q-values: [7.152325630187988, 3.1228761672973633]
2025-06-07 09:23:20,637 - INFO - Action: Push to the left
2025-06-07 09:23:20,637 - INFO - Pennylane simulation
2025-06-07 09:23:20,646 - INFO - Pennylane expZ: [0.34335681796073914, 0.09337222576141357, 0.18521104753017426, -0.16612207889556885]
2025-06-07 09:23:20,646 - INFO - Pennylane Q-values: [19.93425178527832, 27.556779861450195]
2025-06-07 09:23:20,646 - INFO - Pennylane action: Push to the right
2025-06-07 09:23:20,677 - INFO - Pennylane -> OpenQASM
2025-06-07 09:23:20,680 - INFO - OpenQASM -> Qiskit
2025-06-07 09:23:20,804 - INFO - Submitting the job to ibm_sherbrooke
2025-06-07 09:23:28,603 - INFO - Job completed!
2025-06-07 09:23:28,616 - INFO - Pauli-Z expectation: [0.052734375, 0.029296875, 0.009765625, 0.0234375]
2025-06-07 09:23:28,616 - INFO - Q-values: [7.441331386566162, 5.482810020446777]
2025-06-07 09:23:28,616 - INFO - Action: Push to the left
2025-06-07 09:23:28,616 - INFO - Pennylane simulation
2025-06-07 09:23:28,635 - INFO - Pennylane expZ: [0.34609800577163696, -0.06319846212863922, -0.13986219465732574, -0.29065564274787903]
2025-06-07 09:23:28,635 - INFO - Pennylane Q-values: [9.069145202636719, 14.626176834106445]
2025-06-07 09:23:28,635 - INFO - Pennylane action: Push to the right
2025-06-07 09:23:28,648 - INFO - Pennylane -> OpenQASM
2025-06-07 09:23:28,648 - INFO - OpenQASM -> Qiskit
2025-06-07 09:23:28,759 - INFO - Submitting the job to ibm_sherbrooke
2025-06-07 09:23:37,645 - INFO - Job completed!
2025-06-07 09:23:37,648 - INFO - Pauli-Z expectation: [-0.015625, -0.001953125, 0.015625, 0.025390625]
2025-06-07 09:23:37,648 - INFO - Q-values: [7.384505271911621, 3.721388578414917]
2025-06-07 09:23:37,648 - INFO - Action: Push to the left
2025-06-07 09:23:37,648 - INFO - Pennylane simulation
2025-06-07 09:23:37,664 - INFO - Pennylane expZ: [0.309452623128891, -0.22025692462921143, -0.3739734888076782, -0.28769564628601074]
2025-06-07 09:23:37,664 - INFO - Pennylane Q-values: [8.626226425170898, 13.263542175292969]
2025-06-07 09:23:37,664 - INFO - Pennylane action: Push to the right
2025-06-07 09:23:37,692 - INFO - Pennylane -> OpenQASM
2025-06-07 09:23:37,692 - INFO - OpenQASM -> Qiskit
2025-06-07 09:23:37,809 - INFO - Submitting the job to ibm_sherbrooke
2025-06-07 09:23:45,597 - INFO - Job completed!
2025-06-07 09:23:45,597 - INFO - Pauli-Z expectation: [-0.009765625, 0.056640625, 0.06640625, 0.064453125]
2025-06-07 09:23:45,597 - INFO - Q-values: [12.64608383178711, 9.006723403930664]
2025-06-07 09:23:45,597 - INFO - Action: Push to the left
2025-06-07 09:23:45,597 - INFO - Pennylane simulation
2025-06-07 09:23:45,613 - INFO - Pennylane expZ: [0.20313017070293427, -0.3501562178134918, -0.3698539733886719, -0.15177859365940094]
2025-06-07 09:23:45,613 - INFO - Pennylane Q-values: [7.3411478996276855, 9.31001091003418]
2025-06-07 09:23:45,613 - INFO - Pennylane action: Push to the right
2025-06-07 09:23:45,613 - INFO - Episode Reward: 9.0

2025-06-07 09:23:45,613 - INFO - --- Episode 7/100 ---
2025-06-07 09:23:45,642 - INFO - Pennylane -> OpenQASM
2025-06-07 09:23:45,642 - INFO - OpenQASM -> Qiskit
2025-06-07 09:23:45,756 - INFO - Submitting the job to ibm_sherbrooke
2025-06-07 09:23:54,691 - INFO - Job completed!
2025-06-07 09:23:54,696 - INFO - Pauli-Z expectation: [-0.037109375, 0.033203125, 0.0859375, 0.001953125]
2025-06-07 09:23:54,696 - INFO - Q-values: [10.098590850830078, 7.7863545417785645]
2025-06-07 09:23:54,696 - INFO - Action: Push to the left
2025-06-07 09:23:54,696 - INFO - Pennylane simulation
2025-06-07 09:23:54,700 - INFO - Pennylane expZ: [0.332691490650177, -0.029752561822533607, 0.743635892868042, 0.26001864671707153]
2025-06-07 09:23:54,700 - INFO - Pennylane Q-values: [69.89830017089844, 72.7166519165039]
2025-06-07 09:23:54,700 - INFO - Pennylane action: Push to the right
2025-06-07 09:23:54,732 - INFO - Pennylane -> OpenQASM
2025-06-07 09:23:54,732 - INFO - OpenQASM -> Qiskit
2025-06-07 09:23:54,876 - INFO - Submitting the job to ibm_sherbrooke
2025-06-07 09:24:03,193 - INFO - Job completed!
2025-06-07 09:24:03,193 - INFO - Pauli-Z expectation: [-0.052734375, 0.04296875, 0.021484375, 0.001953125]
2025-06-07 09:24:03,193 - INFO - Q-values: [6.153376579284668, 3.624143362045288]
2025-06-07 09:24:03,193 - INFO - Action: Push to the left
2025-06-07 09:24:03,193 - INFO - Pennylane simulation
2025-06-07 09:24:03,201 - INFO - Pennylane expZ: [0.3385741412639618, 0.13977432250976562, 0.7247287034988403, 0.22599181532859802]
2025-06-07 09:24:03,217 - INFO - Pennylane Q-values: [66.23947143554688, 71.67048645019531]
2025-06-07 09:24:03,217 - INFO - Pennylane action: Push to the right
2025-06-07 09:24:03,233 - INFO - Pennylane -> OpenQASM
2025-06-07 09:24:03,233 - INFO - OpenQASM -> Qiskit
2025-06-07 09:24:03,514 - INFO - Submitting the job to ibm_sherbrooke
2025-06-07 09:24:12,248 - INFO - Job completed!
2025-06-07 09:24:12,248 - INFO - Pauli-Z expectation: [0.01171875, 0.021484375, 0.052734375, 0.03125]
2025-06-07 09:24:12,248 - INFO - Q-values: [10.057559967041016, 7.008588790893555]
2025-06-07 09:24:12,248 - INFO - Action: Push to the left
2025-06-07 09:24:12,248 - INFO - Pennylane simulation
2025-06-07 09:24:12,278 - INFO - Pennylane expZ: [0.3426629304885864, 0.23899845778942108, 0.6703922748565674, 0.16054680943489075]
2025-06-07 09:24:12,278 - INFO - Pennylane Q-values: [58.637413024902344, 66.70767974853516]
2025-06-07 09:24:12,278 - INFO - Pennylane action: Push to the right
2025-06-07 09:24:12,296 - INFO - Pennylane -> OpenQASM
2025-06-07 09:24:12,296 - INFO - OpenQASM -> Qiskit
2025-06-07 09:24:12,410 - INFO - Submitting the job to ibm_sherbrooke
2025-06-07 09:24:21,083 - INFO - Job completed!
2025-06-07 09:24:21,086 - INFO - Pauli-Z expectation: [-0.046875, 0.03515625, -0.017578125, 0.041015625]
2025-06-07 09:24:21,088 - INFO - Q-values: [7.263897895812988, 3.577059507369995]
2025-06-07 09:24:21,088 - INFO - Action: Push to the left
2025-06-07 09:24:21,088 - INFO - Pennylane simulation
2025-06-07 09:24:21,093 - INFO - Pennylane expZ: [0.34261420369148254, 0.24878844618797302, 0.5530558228492737, 0.050254497677087784]
2025-06-07 09:24:21,093 - INFO - Pennylane Q-values: [44.74769592285156, 54.99781036376953]
2025-06-07 09:24:21,093 - INFO - Pennylane action: Push to the right
2025-06-07 09:24:21,127 - INFO - Pennylane -> OpenQASM
2025-06-07 09:24:21,129 - INFO - OpenQASM -> Qiskit
2025-06-07 09:24:21,252 - INFO - Submitting the job to ibm_sherbrooke
2025-06-07 09:24:29,963 - INFO - Job completed!
2025-06-07 09:24:29,965 - INFO - Pauli-Z expectation: [0.005859375, 0.005859375, 0.021484375, 0.080078125]
2025-06-07 09:24:29,965 - INFO - Q-values: [11.129469871520996, 6.390460968017578]
2025-06-07 09:24:29,965 - INFO - Action: Push to the left
2025-06-07 09:24:29,965 - INFO - Pennylane simulation
2025-06-07 09:24:29,981 - INFO - Pennylane expZ: [0.34222501516342163, 0.17231497168540955, 0.34376534819602966, -0.10089846700429916]
2025-06-07 09:24:29,983 - INFO - Pennylane Q-values: [29.253847122192383, 38.66275405883789]
2025-06-07 09:24:29,983 - INFO - Pennylane action: Push to the right
2025-06-07 09:24:30,001 - INFO - Pennylane -> OpenQASM
2025-06-07 09:24:30,003 - INFO - OpenQASM -> Qiskit
2025-06-07 09:24:30,103 - INFO - Submitting the job to ibm_sherbrooke
2025-06-07 09:24:38,231 - INFO - Job completed!
2025-06-07 09:24:38,231 - INFO - Pauli-Z expectation: [0.03125, 0.01953125, 0.033203125, 0.001953125]
2025-06-07 09:24:38,231 - INFO - Q-values: [7.326641082763672, 5.351675987243652]
2025-06-07 09:24:38,231 - INFO - Action: Push to the left
2025-06-07 09:24:38,231 - INFO - Pennylane simulation
2025-06-07 09:24:38,247 - INFO - Pennylane expZ: [0.3421573042869568, 0.03401748090982437, 0.04894757270812988, -0.24989941716194153]
2025-06-07 09:24:38,263 - INFO - Pennylane Q-values: [11.867959976196289, 18.006351470947266]
2025-06-07 09:24:38,263 - INFO - Pennylane action: Push to the right
2025-06-07 09:24:38,289 - INFO - Pennylane -> OpenQASM
2025-06-07 09:24:38,289 - INFO - OpenQASM -> Qiskit
2025-06-07 09:24:38,414 - INFO - Submitting the job to ibm_sherbrooke
2025-06-07 09:25:11,888 - INFO - Job completed!
2025-06-07 09:25:11,900 - INFO - Pauli-Z expectation: [-0.03125, 0.001953125, 0.08984375, 0.03125]
2025-06-07 09:25:11,902 - INFO - Q-values: [12.23764705657959, 8.846466064453125]
2025-06-07 09:25:11,902 - INFO - Action: Push to the left
2025-06-07 09:25:11,902 - INFO - Pennylane simulation
2025-06-07 09:25:11,921 - INFO - Pennylane expZ: [0.3235982060432434, -0.12926045060157776, -0.24229039251804352, -0.31530338525772095]
2025-06-07 09:25:11,921 - INFO - Pennylane Q-values: [8.797198295593262, 13.78953742980957]
2025-06-07 09:25:11,921 - INFO - Pennylane action: Push to the right
2025-06-07 09:25:11,944 - INFO - Pennylane -> OpenQASM
2025-06-07 09:25:11,946 - INFO - OpenQASM -> Qiskit
2025-06-07 09:25:12,107 - INFO - Submitting the job to ibm_sherbrooke
2025-06-07 09:25:22,488 - INFO - Job completed!
2025-06-07 09:25:22,493 - INFO - Pauli-Z expectation: [0.03125, 0.001953125, -0.037109375, 0.0]
2025-06-07 09:25:22,493 - INFO - Q-values: [5.256643772125244, 2.936000347137451]
2025-06-07 09:25:22,493 - INFO - Action: Push to the left
2025-06-07 09:25:22,493 - INFO - Pennylane simulation
2025-06-07 09:25:22,503 - INFO - Pennylane expZ: [0.2517492473125458, -0.2813267707824707, -0.3757578134536743, -0.23958460986614227]
2025-06-07 09:25:22,503 - INFO - Pennylane Q-values: [7.928788185119629, 11.117879867553711]
2025-06-07 09:25:22,503 - INFO - Pennylane action: Push to the right
2025-06-07 09:25:22,503 - INFO - Episode Reward: 8.0

2025-06-07 09:25:22,503 - INFO - --- Episode 8/100 ---
2025-06-07 09:25:22,535 - INFO - Pennylane -> OpenQASM
2025-06-07 09:25:22,537 - INFO - OpenQASM -> Qiskit
2025-06-07 09:25:22,661 - INFO - Submitting the job to ibm_sherbrooke
2025-06-07 09:25:34,291 - INFO - Job completed!
2025-06-07 09:25:34,294 - INFO - Pauli-Z expectation: [-0.041015625, -0.015625, 0.048828125, -0.0390625]
2025-06-07 09:25:34,294 - INFO - Q-values: [7.848067283630371, 4.9752516746521]
2025-06-07 09:25:34,294 - INFO - Action: Push to the left
2025-06-07 09:25:34,294 - INFO - Pennylane simulation
2025-06-07 09:25:34,308 - INFO - Pennylane expZ: [0.19871431589126587, -0.04197685793042183, 0.7574841976165771, 0.32450711727142334]
2025-06-07 09:25:34,308 - INFO - Pennylane Q-values: [73.05748748779297, 71.02165985107422]
2025-06-07 09:25:34,308 - INFO - Pennylane action: Push to the left
2025-06-07 09:25:34,324 - INFO - Pennylane -> OpenQASM
2025-06-07 09:25:34,324 - INFO - OpenQASM -> Qiskit
2025-06-07 09:25:34,451 - INFO - Submitting the job to ibm_sherbrooke
2025-06-07 09:25:43,074 - INFO - Job completed!
2025-06-07 09:25:43,074 - INFO - Pauli-Z expectation: [0.0390625, -0.037109375, 0.087890625, 0.044921875]
2025-06-07 09:25:43,074 - INFO - Q-values: [13.433317184448242, 10.656307220458984]
2025-06-07 09:25:43,074 - INFO - Action: Push to the left
2025-06-07 09:25:43,074 - INFO - Pennylane simulation
2025-06-07 09:25:43,092 - INFO - Pennylane expZ: [0.23544654250144958, 0.09635572880506516, 0.7432296872138977, 0.3271670341491699]
2025-06-07 09:25:43,092 - INFO - Pennylane Q-values: [72.45111846923828, 72.39654541015625]
2025-06-07 09:25:43,092 - INFO - Pennylane action: Push to the left
2025-06-07 09:25:43,106 - INFO - Pennylane -> OpenQASM
2025-06-07 09:25:43,106 - INFO - OpenQASM -> Qiskit
2025-06-07 09:25:43,249 - INFO - Submitting the job to ibm_sherbrooke
2025-06-07 09:25:50,929 - INFO - Job completed!
2025-06-07 09:25:50,942 - INFO - Pauli-Z expectation: [-0.013671875, 0.013671875, 0.08203125, 0.0234375]
2025-06-07 09:25:50,942 - INFO - Q-values: [11.2442626953125, 8.147357940673828]
2025-06-07 09:25:50,942 - INFO - Action: Push to the left
2025-06-07 09:25:50,942 - INFO - Pennylane simulation
2025-06-07 09:25:50,958 - INFO - Pennylane expZ: [0.2699580192565918, 0.1980607807636261, 0.7229676842689514, 0.32041075825691223]
2025-06-07 09:25:50,958 - INFO - Pennylane Q-values: [70.85909271240234, 72.99345397949219]
2025-06-07 09:25:50,958 - INFO - Pennylane action: Push to the right
2025-06-07 09:25:50,974 - INFO - Pennylane -> OpenQASM
2025-06-07 09:25:50,974 - INFO - OpenQASM -> Qiskit
2025-06-07 09:25:51,246 - INFO - Submitting the job to ibm_sherbrooke
2025-06-07 09:25:59,692 - INFO - Job completed!
2025-06-07 09:25:59,700 - INFO - Pauli-Z expectation: [-0.01171875, 0.01171875, 0.009765625, 0.044921875]
2025-06-07 09:25:59,701 - INFO - Q-values: [8.179533958435059, 4.157643795013428]
2025-06-07 09:25:59,701 - INFO - Action: Push to the left
2025-06-07 09:25:59,702 - INFO - Pennylane simulation
2025-06-07 09:25:59,716 - INFO - Pennylane expZ: [0.296816885471344, 0.2517649531364441, 0.6915199160575867, 0.2973567247390747]
2025-06-07 09:25:59,716 - INFO - Pennylane Q-values: [67.67405700683594, 71.54473114013672]
2025-06-07 09:25:59,716 - INFO - Pennylane action: Push to the right
2025-06-07 09:25:59,736 - INFO - Pennylane -> OpenQASM
2025-06-07 09:25:59,736 - INFO - OpenQASM -> Qiskit
2025-06-07 09:25:59,923 - INFO - Submitting the job to ibm_sherbrooke
2025-06-07 09:26:37,269 - INFO - Job completed!
2025-06-07 09:26:37,273 - INFO - Pauli-Z expectation: [0.25, 0.21875, 0.4453125, 0.3125]
2025-06-07 09:26:37,275 - INFO - Q-values: [53.216529846191406, 53.84111785888672]
2025-06-07 09:26:37,275 - INFO - Action: Push to the right
2025-06-07 09:26:37,275 - INFO - Pennylane simulation
2025-06-07 09:26:37,301 - INFO - Pennylane expZ: [0.31402716040611267, 0.25043413043022156, 0.6338291168212891, 0.24160267412662506]
2025-06-07 09:26:37,302 - INFO - Pennylane Q-values: [60.98217010498047, 66.31773376464844]
2025-06-07 09:26:37,302 - INFO - Pennylane action: Push to the right
2025-06-07 09:26:37,322 - INFO - Pennylane -> OpenQASM
2025-06-07 09:26:37,322 - INFO - OpenQASM -> Qiskit
2025-06-07 09:26:37,525 - INFO - Submitting the job to ibm_sherbrooke
2025-06-07 09:26:46,041 - INFO - Job completed!
2025-06-07 09:26:46,043 - INFO - Pauli-Z expectation: [0.009765625, 0.0, 0.08984375, 0.029296875]
2025-06-07 09:26:46,043 - INFO - Q-values: [12.243453979492188, 9.12044906616211]
2025-06-07 09:26:46,043 - INFO - Action: Push to the left
2025-06-07 09:26:46,043 - INFO - Pennylane simulation
2025-06-07 09:26:46,053 - INFO - Pennylane expZ: [0.32221516966819763, 0.2668077349662781, 0.6870736479759216, 0.23931969702243805]
2025-06-07 09:26:46,053 - INFO - Pennylane Q-values: [64.11255645751953, 70.19232940673828]
2025-06-07 09:26:46,053 - INFO - Pennylane action: Push to the right
2025-06-07 09:26:46,087 - INFO - Pennylane -> OpenQASM
2025-06-07 09:26:46,087 - INFO - OpenQASM -> Qiskit
2025-06-07 09:26:46,197 - INFO - Submitting the job to ibm_sherbrooke
2025-06-07 09:26:55,794 - INFO - Job completed!
2025-06-07 09:26:55,794 - INFO - Pauli-Z expectation: [0.013671875, 0.00390625, 0.0703125, 0.005859375]
2025-06-07 09:26:55,794 - INFO - Q-values: [9.660359382629395, 7.149965763092041]
2025-06-07 09:26:55,794 - INFO - Action: Push to the left
2025-06-07 09:26:55,794 - INFO - Pennylane simulation
2025-06-07 09:26:55,804 - INFO - Pennylane expZ: [0.3322177529335022, 0.2536720931529999, 0.5876265168190002, 0.14746950566768646]
2025-06-07 09:26:55,804 - INFO - Pennylane Q-values: [52.63865661621094, 60.51190185546875]
2025-06-07 09:26:55,804 - INFO - Pennylane action: Push to the right
2025-06-07 09:26:55,836 - INFO - Pennylane -> OpenQASM
2025-06-07 09:26:55,836 - INFO - OpenQASM -> Qiskit
2025-06-07 09:26:55,931 - INFO - Submitting the job to ibm_sherbrooke
2025-06-07 09:27:04,998 - INFO - Job completed!
2025-06-07 09:27:05,002 - INFO - Pauli-Z expectation: [-0.03125, 0.048828125, 0.021484375, 0.04296875]
2025-06-07 09:27:05,002 - INFO - Q-values: [8.637106895446777, 5.185807228088379]
2025-06-07 09:27:05,002 - INFO - Action: Push to the left
2025-06-07 09:27:05,002 - INFO - Pennylane simulation
2025-06-07 09:27:05,014 - INFO - Pennylane expZ: [0.3396051228046417, 0.17313145101070404, 0.3997863829135895, 0.0009736218489706516]
2025-06-07 09:27:05,014 - INFO - Pennylane Q-values: [32.6771125793457, 42.30101013183594]
2025-06-07 09:27:05,014 - INFO - Pennylane action: Push to the right
2025-06-07 09:27:05,030 - INFO - Pennylane -> OpenQASM
2025-06-07 09:27:05,030 - INFO - OpenQASM -> Qiskit
2025-06-07 09:27:05,166 - INFO - Submitting the job to ibm_sherbrooke
2025-06-07 09:27:13,720 - INFO - Job completed!
2025-06-07 09:27:13,721 - INFO - Pauli-Z expectation: [-0.0234375, -0.01171875, 0.00390625, 0.02734375]
2025-06-07 09:27:13,721 - INFO - Q-values: [6.792888164520264, 3.0208487510681152]
2025-06-07 09:27:13,721 - INFO - Action: Push to the left
2025-06-07 09:27:13,721 - INFO - Pennylane simulation
2025-06-07 09:27:13,740 - INFO - Pennylane expZ: [0.3504437208175659, 0.042917266488075256, 0.10706647485494614, -0.17164230346679688]
2025-06-07 09:27:13,740 - INFO - Pennylane Q-values: [15.461651802062988, 22.223955154418945]
2025-06-07 09:27:13,740 - INFO - Pennylane action: Push to the right
2025-06-07 09:27:13,760 - INFO - Pennylane -> OpenQASM
2025-06-07 09:27:13,760 - INFO - OpenQASM -> Qiskit
2025-06-07 09:27:13,879 - INFO - Submitting the job to ibm_sherbrooke
2025-06-07 09:27:21,977 - INFO - Job completed!
2025-06-07 09:27:21,979 - INFO - Pauli-Z expectation: [-0.021484375, 0.041015625, -0.072265625, 0.087890625]
2025-06-07 09:27:21,979 - INFO - Q-values: [10.105470657348633, 5.354428291320801]
2025-06-07 09:27:21,979 - INFO - Action: Push to the left
2025-06-07 09:27:21,979 - INFO - Pennylane simulation
2025-06-07 09:27:21,999 - INFO - Pennylane expZ: [0.34929758310317993, -0.11085054278373718, -0.2199920117855072, -0.28822997212409973]
2025-06-07 09:27:22,000 - INFO - Pennylane Q-values: [9.107816696166992, 14.74515151977539]
2025-06-07 09:27:22,000 - INFO - Pennylane action: Push to the right
2025-06-07 09:27:22,016 - INFO - Pennylane -> OpenQASM
2025-06-07 09:27:22,016 - INFO - OpenQASM -> Qiskit
2025-06-07 09:27:22,128 - INFO - Submitting the job to ibm_sherbrooke
2025-06-07 09:27:30,379 - INFO - Job completed!
2025-06-07 09:27:30,379 - INFO - Pauli-Z expectation: [-0.005859375, -0.01953125, 0.005859375, 0.037109375]
2025-06-07 09:27:30,379 - INFO - Q-values: [7.507774829864502, 3.509097099304199]
2025-06-07 09:27:30,379 - INFO - Action: Push to the left
2025-06-07 09:27:30,379 - INFO - Pennylane simulation
2025-06-07 09:27:30,394 - INFO - Pennylane expZ: [0.29714086651802063, -0.26012861728668213, -0.41045933961868286, -0.26202821731567383]
2025-06-07 09:27:30,394 - INFO - Pennylane Q-values: [8.477418899536133, 12.80573844909668]
2025-06-07 09:27:30,394 - INFO - Pennylane action: Push to the right
2025-06-07 09:27:30,428 - INFO - Pennylane -> OpenQASM
2025-06-07 09:27:30,428 - INFO - OpenQASM -> Qiskit
2025-06-07 09:27:30,566 - INFO - Submitting the job to ibm_sherbrooke
2025-06-07 09:27:38,925 - INFO - Job completed!
2025-06-07 09:27:38,925 - INFO - Pauli-Z expectation: [0.06640625, 0.01953125, 0.0234375, 0.02734375]
2025-06-07 09:27:38,925 - INFO - Q-values: [8.709794998168945, 6.949957847595215]
2025-06-07 09:27:38,925 - INFO - Action: Push to the left
2025-06-07 09:27:38,925 - INFO - Pennylane simulation
2025-06-07 09:27:38,946 - INFO - Pennylane expZ: [0.17275694012641907, -0.3780522644519806, -0.3399353325366974, -0.11533810943365097]
2025-06-07 09:27:38,946 - INFO - Pennylane Q-values: [6.974038124084473, 8.180601119995117]
2025-06-07 09:27:38,946 - INFO - Pennylane action: Push to the right
2025-06-07 09:27:38,952 - INFO - Episode Reward: 12.0

2025-06-07 09:27:38,952 - INFO - --- Episode 9/100 ---
2025-06-07 09:27:38,970 - INFO - Pennylane -> OpenQASM
2025-06-07 09:27:38,970 - INFO - OpenQASM -> Qiskit
2025-06-07 09:27:39,248 - INFO - Submitting the job to ibm_sherbrooke
2025-06-07 09:27:47,835 - INFO - Job completed!
2025-06-07 09:27:47,844 - INFO - Pauli-Z expectation: [0.21484375, -0.103515625, 0.32421875, 0.01953125]
2025-06-07 09:27:47,844 - INFO - Q-values: [28.34370994567871, 31.83547019958496]
2025-06-07 09:27:47,844 - INFO - Action: Push to the right
2025-06-07 09:27:47,844 - INFO - Pennylane simulation
2025-06-07 09:27:47,851 - INFO - Pennylane expZ: [0.21546553075313568, -0.0324200764298439, 0.779168963432312, 0.3048960268497467]
2025-06-07 09:27:47,851 - INFO - Pennylane Q-values: [73.37773132324219, 72.35193634033203]
2025-06-07 09:27:47,851 - INFO - Pennylane action: Push to the left
2025-06-07 09:27:47,887 - INFO - Pennylane -> OpenQASM
2025-06-07 09:27:47,889 - INFO - OpenQASM -> Qiskit
2025-06-07 09:27:48,026 - INFO - Submitting the job to ibm_sherbrooke
2025-06-07 09:27:56,178 - INFO - Job completed!
2025-06-07 09:27:56,178 - INFO - Pauli-Z expectation: [0.03125, -0.03125, 0.109375, 0.0703125]
2025-06-07 09:27:56,186 - INFO - Q-values: [16.192852020263672, 12.716667175292969]
2025-06-07 09:27:56,187 - INFO - Action: Push to the left
2025-06-07 09:27:56,187 - INFO - Pennylane simulation
2025-06-07 09:27:56,202 - INFO - Pennylane expZ: [0.175918310880661, -0.2144518494606018, 0.7862294316291809, 0.2963326871395111]
2025-06-07 09:27:56,202 - INFO - Pennylane Q-values: [72.80506896972656, 71.03154754638672]
2025-06-07 09:27:56,202 - INFO - Pennylane action: Push to the left
2025-06-07 09:27:56,218 - INFO - Pennylane -> OpenQASM
2025-06-07 09:27:56,218 - INFO - OpenQASM -> Qiskit
2025-06-07 09:27:56,312 - INFO - Submitting the job to ibm_sherbrooke
2025-06-07 09:28:04,183 - INFO - Job completed!
2025-06-07 09:28:04,183 - INFO - Pauli-Z expectation: [-0.025390625, 0.021484375, 0.044921875, 0.056640625]
2025-06-07 09:28:04,183 - INFO - Q-values: [10.992637634277344, 6.992594242095947]
2025-06-07 09:28:04,183 - INFO - Action: Push to the left
2025-06-07 09:28:04,183 - INFO - Pennylane simulation
2025-06-07 09:28:04,189 - INFO - Pennylane expZ: [0.20335239171981812, -0.03998608514666557, 0.7763442993164062, 0.30648210644721985]
2025-06-07 09:28:04,189 - INFO - Pennylane Q-values: [73.1568374633789, 71.77371978759766]
2025-06-07 09:28:04,189 - INFO - Pennylane action: Push to the left
2025-06-07 09:28:04,221 - INFO - Pennylane -> OpenQASM
2025-06-07 09:28:04,221 - INFO - OpenQASM -> Qiskit
2025-06-07 09:28:04,342 - INFO - Submitting the job to ibm_sherbrooke
2025-06-07 09:28:13,057 - INFO - Job completed!
2025-06-07 09:28:13,057 - INFO - Pauli-Z expectation: [0.048828125, 0.0546875, 0.041015625, 0.05859375]
2025-06-07 09:28:13,057 - INFO - Q-values: [11.345184326171875, 8.915794372558594]
2025-06-07 09:28:13,057 - INFO - Action: Push to the left
2025-06-07 09:28:13,057 - INFO - Pennylane simulation
2025-06-07 09:28:13,069 - INFO - Pennylane expZ: [0.23828069865703583, 0.11154401302337646, 0.7617393136024475, 0.3074256479740143]
2025-06-07 09:28:13,069 - INFO - Pennylane Q-values: [72.34772491455078, 73.12933349609375]
2025-06-07 09:28:13,069 - INFO - Pennylane action: Push to the right
2025-06-07 09:28:13,085 - INFO - Pennylane -> OpenQASM
2025-06-07 09:28:13,085 - INFO - OpenQASM -> Qiskit
2025-06-07 09:28:13,228 - INFO - Submitting the job to ibm_sherbrooke
2025-06-07 09:28:21,592 - INFO - Job completed!
2025-06-07 09:28:21,597 - INFO - Pauli-Z expectation: [-0.052734375, -0.009765625, 0.056640625, -0.017578125]
2025-06-07 09:28:21,599 - INFO - Q-values: [8.321999549865723, 5.490212440490723]
2025-06-07 09:28:21,599 - INFO - Action: Push to the left
2025-06-07 09:28:21,599 - INFO - Pennylane simulation
2025-06-07 09:28:21,608 - INFO - Pennylane expZ: [0.27227020263671875, 0.22032536566257477, 0.7387097477912903, 0.29631155729293823]
2025-06-07 09:28:21,608 - INFO - Pennylane Q-values: [70.28980255126953, 73.42645263671875]
2025-06-07 09:28:21,608 - INFO - Pennylane action: Push to the right
2025-06-07 09:28:21,638 - INFO - Pennylane -> OpenQASM
2025-06-07 09:28:21,640 - INFO - OpenQASM -> Qiskit
2025-06-07 09:28:21,766 - INFO - Submitting the job to ibm_sherbrooke
2025-06-07 09:28:54,848 - INFO - Job completed!
2025-06-07 09:28:54,848 - INFO - Pauli-Z expectation: [-0.025390625, 0.064453125, 0.025390625, 0.083984375]
2025-06-07 09:28:54,848 - INFO - Q-values: [11.322527885437012, 7.09116792678833]
2025-06-07 09:28:54,848 - INFO - Action: Push to the left
2025-06-07 09:28:54,848 - INFO - Pennylane simulation
2025-06-07 09:28:54,869 - INFO - Pennylane expZ: [0.2988532781600952, 0.2721441388130188, 0.6989473104476929, 0.2641030550003052]
2025-06-07 09:28:54,870 - INFO - Pennylane Q-values: [66.0447769165039, 71.06576538085938]
2025-06-07 09:28:54,871 - INFO - Pennylane action: Push to the right
2025-06-07 09:28:54,881 - INFO - Pennylane -> OpenQASM
2025-06-07 09:28:54,881 - INFO - OpenQASM -> Qiskit
2025-06-07 09:28:55,013 - INFO - Submitting the job to ibm_sherbrooke
2025-06-07 09:29:03,230 - INFO - Job completed!
2025-06-07 09:29:03,230 - INFO - Pauli-Z expectation: [0.033203125, 0.0625, 0.0234375, 0.083984375]
2025-06-07 09:29:03,230 - INFO - Q-values: [11.61241340637207, 8.179821014404297]
2025-06-07 09:29:03,230 - INFO - Action: Push to the left
2025-06-07 09:29:03,230 - INFO - Pennylane simulation
2025-06-07 09:29:03,243 - INFO - Pennylane expZ: [0.31647491455078125, 0.2599324882030487, 0.6218951344490051, 0.19312258064746857]
2025-06-07 09:29:03,243 - INFO - Pennylane Q-values: [57.29273223876953, 63.92125701904297]
2025-06-07 09:29:03,243 - INFO - Pennylane action: Push to the right
2025-06-07 09:29:03,277 - INFO - Pennylane -> OpenQASM
2025-06-07 09:29:03,277 - INFO - OpenQASM -> Qiskit
2025-06-07 09:29:03,411 - INFO - Submitting the job to ibm_sherbrooke
2025-06-07 09:29:32,875 - INFO - Job completed!
2025-06-07 09:29:32,875 - INFO - Pauli-Z expectation: [-0.001953125, 0.06640625, 0.046875, 0.07421875]
2025-06-07 09:29:32,875 - INFO - Q-values: [12.022382736206055, 8.165045738220215]
2025-06-07 09:29:32,875 - INFO - Action: Push to the left
2025-06-07 09:29:32,875 - INFO - Pennylane simulation
2025-06-07 09:29:32,892 - INFO - Pennylane expZ: [0.3314966559410095, 0.1866893321275711, 0.46859410405158997, 0.0662166103720665]
2025-06-07 09:29:32,892 - INFO - Pennylane Q-values: [40.688743591308594, 49.05649185180664]
2025-06-07 09:29:32,892 - INFO - Pennylane action: Push to the right
2025-06-07 09:29:32,916 - INFO - Pennylane -> OpenQASM
2025-06-07 09:29:32,916 - INFO - OpenQASM -> Qiskit
2025-06-07 09:29:33,052 - INFO - Submitting the job to ibm_sherbrooke
2025-06-07 09:29:42,315 - INFO - Job completed!
2025-06-07 09:29:42,317 - INFO - Pauli-Z expectation: [-0.060546875, 0.046875, 0.01953125, 0.0]
2025-06-07 09:29:42,317 - INFO - Q-values: [5.90150260925293, 3.4579882621765137]
2025-06-07 09:29:42,317 - INFO - Action: Push to the left
2025-06-07 09:29:42,317 - INFO - Pennylane simulation
2025-06-07 09:29:42,339 - INFO - Pennylane expZ: [0.35235339403152466, 0.06695502251386642, 0.20227186381816864, -0.10662100464105606]
2025-06-07 09:29:42,339 - INFO - Pennylane Q-values: [21.173377990722656, 28.78264808654785]
2025-06-07 09:29:42,339 - INFO - Pennylane action: Push to the right
2025-06-07 09:29:42,348 - INFO - Pennylane -> OpenQASM
2025-06-07 09:29:42,348 - INFO - OpenQASM -> Qiskit
2025-06-07 09:29:42,681 - INFO - Submitting the job to ibm_sherbrooke
2025-06-07 09:29:51,613 - INFO - Job completed!
2025-06-07 09:29:51,613 - INFO - Pauli-Z expectation: [-0.0859375, -0.0078125, 0.044921875, 0.04296875]
2025-06-07 09:29:51,621 - INFO - Q-values: [10.23527717590332, 6.299606800079346]
2025-06-07 09:29:51,621 - INFO - Action: Push to the left
2025-06-07 09:29:51,621 - INFO - Pennylane simulation
2025-06-07 09:29:51,637 - INFO - Pennylane expZ: [0.3703656792640686, -0.0767124593257904, -0.14484813809394836, -0.2589035630226135]
2025-06-07 09:29:51,637 - INFO - Pennylane Q-values: [9.362459182739258, 15.528554916381836]
2025-06-07 09:29:51,639 - INFO - Pennylane action: Push to the right
2025-06-07 09:29:51,660 - INFO - Pennylane -> OpenQASM
2025-06-07 09:29:51,660 - INFO - OpenQASM -> Qiskit
2025-06-07 09:29:51,803 - INFO - Submitting the job to ibm_sherbrooke
2025-06-07 09:30:00,251 - INFO - Job completed!
2025-06-07 09:30:00,251 - INFO - Pauli-Z expectation: [-0.0078125, 0.021484375, -0.009765625, 0.021484375]
2025-06-07 09:30:00,251 - INFO - Q-values: [6.1204752922058105, 2.737340211868286]
2025-06-07 09:30:00,251 - INFO - Action: Push to the left
2025-06-07 09:30:00,251 - INFO - Pennylane simulation
2025-06-07 09:30:00,273 - INFO - Pennylane expZ: [0.3480178713798523, -0.2208014875650406, -0.41566962003707886, -0.28888168931007385]
2025-06-07 09:30:00,273 - INFO - Pennylane Q-values: [9.092350006103516, 14.697566986083984]
2025-06-07 09:30:00,273 - INFO - Pennylane action: Push to the right
2025-06-07 09:30:00,285 - INFO - Pennylane -> OpenQASM
2025-06-07 09:30:00,285 - INFO - OpenQASM -> Qiskit
2025-06-07 09:30:00,457 - INFO - Submitting the job to ibm_sherbrooke
2025-06-07 09:30:09,491 - INFO - Job completed!
2025-06-07 09:30:09,493 - INFO - Pauli-Z expectation: [0.234375, -0.43359375, -0.1796875, -0.236328125]
2025-06-07 09:30:09,493 - INFO - Q-values: [7.718791961669922, 10.471830368041992]
2025-06-07 09:30:09,493 - INFO - Action: Push to the right
2025-06-07 09:30:09,493 - INFO - Pennylane simulation
2025-06-07 09:30:09,511 - INFO - Pennylane expZ: [0.2491396963596344, -0.343659907579422, -0.42693209648132324, -0.16796231269836426]
2025-06-07 09:30:09,511 - INFO - Pennylane Q-values: [7.897247314453125, 11.020845413208008]
2025-06-07 09:30:09,511 - INFO - Pennylane action: Push to the right
2025-06-07 09:30:09,511 - INFO - Episode Reward: 12.0

2025-06-07 09:30:09,514 - INFO - --- Episode 10/100 ---
2025-06-07 09:30:09,525 - INFO - Pennylane -> OpenQASM
2025-06-07 09:30:09,525 - INFO - OpenQASM -> Qiskit
2025-06-07 09:30:09,653 - INFO - Submitting the job to ibm_sherbrooke
2025-06-07 09:30:18,144 - INFO - Job completed!
2025-06-07 09:30:18,144 - INFO - Pauli-Z expectation: [0.046875, 0.01171875, 0.017578125, 0.0390625]
2025-06-07 09:30:18,144 - INFO - Q-values: [8.862183570861816, 6.199916839599609]
2025-06-07 09:30:18,155 - INFO - Action: Push to the left
2025-06-07 09:30:18,155 - INFO - Pennylane simulation
2025-06-07 09:30:18,171 - INFO - Pennylane expZ: [0.2778228521347046, -0.04800498113036156, 0.7709371447563171, 0.2955493628978729]
2025-06-07 09:30:18,171 - INFO - Pennylane Q-values: [73.06123352050781, 73.78397369384766]
2025-06-07 09:30:18,171 - INFO - Pennylane action: Push to the right
2025-06-07 09:30:18,187 - INFO - Pennylane -> OpenQASM
2025-06-07 09:30:18,187 - INFO - OpenQASM -> Qiskit
2025-06-07 09:30:18,344 - INFO - Submitting the job to ibm_sherbrooke
2025-06-07 09:30:26,581 - INFO - Job completed!
2025-06-07 09:30:26,581 - INFO - Pauli-Z expectation: [0.306640625, 0.0546875, 0.4296875, 0.36328125]
2025-06-07 09:30:26,581 - INFO - Q-values: [56.647178649902344, 55.338340759277344]
2025-06-07 09:30:26,581 - INFO - Action: Push to the left
2025-06-07 09:30:26,581 - INFO - Pennylane simulation
2025-06-07 09:30:26,602 - INFO - Pennylane expZ: [0.2990173399448395, 0.12128887325525284, 0.756147563457489, 0.2844332754611969]
2025-06-07 09:30:26,602 - INFO - Pennylane Q-values: [71.30323028564453, 74.2588119506836]
2025-06-07 09:30:26,602 - INFO - Pennylane action: Push to the right
2025-06-07 09:30:26,620 - INFO - Pennylane -> OpenQASM
2025-06-07 09:30:26,620 - INFO - OpenQASM -> Qiskit
2025-06-07 09:30:26,740 - INFO - Submitting the job to ibm_sherbrooke
2025-06-07 09:30:35,029 - INFO - Job completed!
2025-06-07 09:30:35,032 - INFO - Pauli-Z expectation: [-0.044921875, -0.015625, 0.056640625, -0.00390625]
2025-06-07 09:30:35,032 - INFO - Q-values: [8.321999549865723, 5.490212440490723]
2025-06-07 09:30:35,032 - INFO - Action: Push to the left
2025-06-07 09:30:35,032 - INFO - Pennylane simulation
2025-06-07 09:30:35,042 - INFO - Pennylane expZ: [0.3183574378490448, 0.23489636182785034, 0.7227378487586975, 0.2507164776325226]
2025-06-07 09:30:35,042 - INFO - Pennylane Q-values: [67.04072570800781, 72.53751373291016]
2025-06-07 09:30:35,042 - INFO - Pennylane action: Push to the right
2025-06-07 09:30:35,076 - INFO - Pennylane -> OpenQASM
2025-06-07 09:30:35,076 - INFO - OpenQASM -> Qiskit
2025-06-07 09:30:35,265 - INFO - Submitting the job to ibm_sherbrooke
2025-06-07 09:30:43,521 - INFO - Job completed!
2025-06-07 09:30:43,533 - INFO - Pauli-Z expectation: [0.3515625, 0.171875, 0.369140625, 0.212890625]
2025-06-07 09:30:43,533 - INFO - Q-values: [43.90924072265625, 48.515960693359375]
2025-06-07 09:30:43,533 - INFO - Action: Push to the right
2025-06-07 09:30:43,533 - INFO - Pennylane simulation
2025-06-07 09:30:43,551 - INFO - Pennylane expZ: [0.32935482263565063, 0.27400729060173035, 0.651557981967926, 0.17948180437088013]
2025-06-07 09:30:43,553 - INFO - Pennylane Q-values: [58.36394500732422, 65.97750854492188]
2025-06-07 09:30:43,553 - INFO - Pennylane action: Push to the right
2025-06-07 09:30:43,580 - INFO - Pennylane -> OpenQASM
2025-06-07 09:30:43,580 - INFO - OpenQASM -> Qiskit
2025-06-07 09:30:43,694 - INFO - Submitting the job to ibm_sherbrooke
2025-06-07 09:30:51,602 - INFO - Job completed!
2025-06-07 09:30:51,606 - INFO - Pauli-Z expectation: [0.03515625, 0.005859375, 0.0859375, 0.06640625]
2025-06-07 09:30:51,606 - INFO - Q-values: [14.558544158935547, 11.22496223449707]
2025-06-07 09:30:51,606 - INFO - Action: Push to the left
2025-06-07 09:30:51,606 - INFO - Pennylane simulation
2025-06-07 09:30:51,618 - INFO - Pennylane expZ: [0.34745660424232483, 0.2176690697669983, 0.6796183586120605, 0.1983690708875656]
2025-06-07 09:30:51,618 - INFO - Pennylane Q-values: [61.641944885253906, 68.69813537597656]
2025-06-07 09:30:51,618 - INFO - Pennylane action: Push to the right
2025-06-07 09:30:51,653 - INFO - Pennylane -> OpenQASM
2025-06-07 09:30:51,653 - INFO - OpenQASM -> Qiskit
2025-06-07 09:30:51,927 - INFO - Submitting the job to ibm_sherbrooke
2025-06-07 09:31:00,426 - INFO - Job completed!
2025-06-07 09:31:00,427 - INFO - Pauli-Z expectation: [-0.0390625, -0.04296875, 0.044921875, 0.005859375]
2025-06-07 09:31:00,427 - INFO - Q-values: [7.9689435958862305, 4.933476448059082]
2025-06-07 09:31:00,427 - INFO - Action: Push to the left
2025-06-07 09:31:00,427 - INFO - Pennylane simulation
2025-06-07 09:31:00,443 - INFO - Pennylane expZ: [0.34536051750183105, 0.24644114077091217, 0.580626904964447, 0.09861655533313751]
2025-06-07 09:31:00,443 - INFO - Pennylane Q-values: [49.41548156738281, 58.67693328857422]
2025-06-07 09:31:00,443 - INFO - Pennylane action: Push to the right
2025-06-07 09:31:00,459 - INFO - Pennylane -> OpenQASM
2025-06-07 09:31:00,471 - INFO - OpenQASM -> Qiskit
2025-06-07 09:31:00,574 - INFO - Submitting the job to ibm_sherbrooke
2025-06-07 09:31:08,577 - INFO - Job completed!
2025-06-07 09:31:08,586 - INFO - Pauli-Z expectation: [0.037109375, 0.009765625, 0.05078125, 0.083984375]
2025-06-07 09:31:08,586 - INFO - Q-values: [13.508872985839844, 9.661865234375]
2025-06-07 09:31:08,586 - INFO - Action: Push to the left
2025-06-07 09:31:08,586 - INFO - Pennylane simulation
2025-06-07 09:31:08,605 - INFO - Pennylane expZ: [0.3406781256198883, 0.18937186896800995, 0.39529556035995483, -0.04713518172502518]
2025-06-07 09:31:08,605 - INFO - Pennylane Q-values: [32.299530029296875, 42.152435302734375]
2025-06-07 09:31:08,605 - INFO - Pennylane action: Push to the right
2025-06-07 09:31:08,637 - INFO - Pennylane -> OpenQASM
2025-06-07 09:31:08,637 - INFO - OpenQASM -> Qiskit
2025-06-07 09:31:08,804 - INFO - Submitting the job to ibm_sherbrooke
2025-06-07 09:31:17,195 - INFO - Job completed!
2025-06-07 09:31:17,195 - INFO - Pauli-Z expectation: [0.0, 0.0625, 0.025390625, -0.029296875]
2025-06-07 09:31:17,195 - INFO - Q-values: [6.200511932373047, 3.9821555614471436]
2025-06-07 09:31:17,195 - INFO - Action: Push to the left
2025-06-07 09:31:17,195 - INFO - Pennylane simulation
2025-06-07 09:31:17,205 - INFO - Pennylane expZ: [0.33713391423225403, 0.06490200012922287, 0.11798319965600967, -0.20561791956424713]
2025-06-07 09:31:17,205 - INFO - Pennylane Q-values: [15.883613586425781, 22.642709732055664]
2025-06-07 09:31:17,205 - INFO - Pennylane action: Push to the right
2025-06-07 09:31:17,237 - INFO - Pennylane -> OpenQASM
2025-06-07 09:31:17,237 - INFO - OpenQASM -> Qiskit
2025-06-07 09:31:17,412 - INFO - Submitting the job to ibm_sherbrooke
2025-06-07 09:31:26,511 - INFO - Job completed!
2025-06-07 09:31:26,516 - INFO - Pauli-Z expectation: [0.03125, 0.0078125, 0.01953125, -0.0078125]
2025-06-07 09:31:26,516 - INFO - Q-values: [6.420309066772461, 4.275132656097412]
2025-06-07 09:31:26,516 - INFO - Action: Push to the left
2025-06-07 09:31:26,516 - INFO - Pennylane simulation
2025-06-07 09:31:26,527 - INFO - Pennylane expZ: [0.321509450674057, -0.09426427632570267, -0.18130844831466675, -0.2998753786087036]
2025-06-07 09:31:26,527 - INFO - Pennylane Q-values: [8.771952629089355, 13.711868286132812]
2025-06-07 09:31:26,527 - INFO - Pennylane action: Push to the right
2025-06-07 09:31:26,559 - INFO - Pennylane -> OpenQASM
2025-06-07 09:31:26,559 - INFO - OpenQASM -> Qiskit
2025-06-07 09:31:26,702 - INFO - Submitting the job to ibm_sherbrooke
2025-06-07 09:31:35,211 - INFO - Job completed!
2025-06-07 09:31:35,211 - INFO - Pauli-Z expectation: [-0.001953125, 0.107421875, 0.005859375, 0.015625]
2025-06-07 09:31:35,211 - INFO - Q-values: [5.807663440704346, 3.666562795639038]
2025-06-07 09:31:35,211 - INFO - Action: Push to the left
2025-06-07 09:31:35,211 - INFO - Pennylane simulation
2025-06-07 09:31:35,220 - INFO - Pennylane expZ: [0.2604696750640869, -0.25169533491134644, -0.3542851209640503, -0.2578633427619934]
2025-06-07 09:31:35,220 - INFO - Pennylane Q-values: [8.034188270568848, 11.442142486572266]
2025-06-07 09:31:35,220 - INFO - Pennylane action: Push to the right
2025-06-07 09:31:35,254 - INFO - Pennylane -> OpenQASM
2025-06-07 09:31:35,254 - INFO - OpenQASM -> Qiskit
2025-06-07 09:31:35,396 - INFO - Submitting the job to ibm_sherbrooke
2025-06-07 09:31:43,141 - INFO - Job completed!
2025-06-07 09:31:43,141 - INFO - Pauli-Z expectation: [0.044921875, 0.01953125, 0.021484375, -0.001953125]
2025-06-07 09:31:43,141 - INFO - Q-values: [6.661708831787109, 5.015712738037109]
2025-06-07 09:31:43,141 - INFO - Action: Push to the left
2025-06-07 09:31:43,141 - INFO - Pennylane simulation
2025-06-07 09:31:43,157 - INFO - Pennylane expZ: [0.1360769122838974, -0.3760696351528168, -0.2961365878582001, -0.10985979437828064]
2025-06-07 09:31:43,157 - INFO - Pennylane Q-values: [6.530701160430908, 6.816678047180176]
2025-06-07 09:31:43,157 - INFO - Pennylane action: Push to the right
2025-06-07 09:31:43,157 - INFO - Episode Reward: 11.0
