2025-05-02 11:04:11,576 - INFO - ==== RUN HEADER ====
2025-05-02 11:04:11,576 - INFO - Number of Qubits: 4
2025-05-02 11:04:11,576 - INFO - VQC Layers: 4
2025-05-02 11:04:11,576 - INFO - Trained Parameters File: cartpole/v1_4l/900ep_0.01.pth
2025-05-02 11:04:11,581 - INFO - Quantum Backend: ibm_sherbrooke
2025-05-02 11:04:11,581 - INFO - Number of Shots per Execution: 1024
2025-05-02 11:04:11,581 - INFO - Comparison mode: True
2025-05-02 11:04:11,581 - INFO - ====================

2025-05-02 11:04:11,602 - INFO - === Start Run ===

2025-05-02 11:04:11,604 - INFO - --- Episode 1/10 ---
2025-05-02 11:04:11,653 - INFO - Pennylane -> OpenQASM
2025-05-02 11:04:11,680 - INFO - OpenQASM -> Qiskit
2025-05-02 11:04:18,373 - INFO - Submitting the job to ibm_sherbrooke
2025-05-02 11:06:23,261 - INFO - Job completed!
2025-05-02 11:06:23,266 - INFO - Pauli-Z expectation: [0.01953125, -0.015625, -0.025390625, 0.1796875]
2025-05-02 11:06:23,266 - INFO - Q-values: [16.09588623046875, 9.097949981689453]
2025-05-02 11:06:23,266 - INFO - Action: Push to the left
2025-05-02 11:06:23,266 - INFO - Pennylane simulation
2025-05-02 11:06:23,297 - INFO - Pennylane expZ: [[0.22024895250797272, 0.00034987047547474504, 0.7710158228874207, 0.31580615043640137]]
2025-05-02 11:06:23,297 - INFO - Pennylane Q-values: [[73.60598754882812, 72.39712524414062]]
2025-05-02 11:06:23,308 - INFO - Pennylane action: Push to the left
2025-05-02 11:06:23,364 - INFO - Pennylane -> OpenQASM
2025-05-02 11:06:23,366 - INFO - OpenQASM -> Qiskit
2025-05-02 11:06:23,680 - INFO - Submitting the job to ibm_sherbrooke
2025-05-02 11:07:07,500 - INFO - Job completed!
2025-05-02 11:07:07,506 - INFO - Pauli-Z expectation: [-0.068359375, 0.09765625, 0.1171875, 0.068359375]
2025-05-02 11:07:07,506 - INFO - Q-values: [15.817049026489258, 12.859884262084961]
2025-05-02 11:07:07,506 - INFO - Action: Push to the left
2025-05-02 11:07:07,506 - INFO - Pennylane simulation
2025-05-02 11:07:07,586 - INFO - Pennylane expZ: [[0.255056232213974, 0.1416447013616562, 0.7547165155410767, 0.3135853111743927]]
2025-05-02 11:07:07,586 - INFO - Pennylane Q-values: [[72.39190673828125, 73.78272247314453]]
2025-05-02 11:07:07,586 - INFO - Pennylane action: Push to the right
2025-05-02 11:07:07,647 - INFO - Pennylane -> OpenQASM
2025-05-02 11:07:07,656 - INFO - OpenQASM -> Qiskit
2025-05-02 11:07:07,995 - INFO - Submitting the job to ibm_sherbrooke
2025-05-02 11:07:18,343 - INFO - Job completed!
2025-05-02 11:07:18,343 - INFO - Pauli-Z expectation: [0.0625, 0.103515625, 0.2578125, -0.001953125]
2025-05-02 11:07:18,358 - INFO - Q-values: [20.907249450683594, 21.98837661743164]
2025-05-02 11:07:18,358 - INFO - Action: Push to the right
2025-05-02 11:07:18,358 - INFO - Pennylane simulation
2025-05-02 11:07:18,396 - INFO - Pennylane expZ: [[0.28631356358528137, 0.23664262890815735, 0.7286776304244995, 0.29732081294059753]]
2025-05-02 11:07:18,396 - INFO - Pennylane Q-values: [[69.85365295410156, 73.46859741210938]]
2025-05-02 11:07:18,396 - INFO - Pennylane action: Push to the right
2025-05-02 11:07:18,437 - INFO - Pennylane -> OpenQASM
2025-05-02 11:07:18,437 - INFO - OpenQASM -> Qiskit
2025-05-02 11:07:18,817 - INFO - Submitting the job to ibm_sherbrooke
2025-05-02 11:07:39,753 - INFO - Job completed!
2025-05-02 11:07:39,761 - INFO - Pauli-Z expectation: [0.134765625, 0.109375, -0.05078125, -0.052734375]
2025-05-02 11:07:39,763 - INFO - Q-values: [6.1197733879089355, 7.733545780181885]
2025-05-02 11:07:39,763 - INFO - Action: Push to the right
2025-05-02 11:07:39,765 - INFO - Pennylane simulation
2025-05-02 11:07:39,795 - INFO - Pennylane expZ: [[0.27312129735946655, 0.13833877444267273, 0.7604354023933411, 0.2993702292442322]]
2025-05-02 11:07:39,795 - INFO - Pennylane Q-values: [[72.10098266601562, 74.27892303466797]]
2025-05-02 11:07:39,795 - INFO - Pennylane action: Push to the right
2025-05-02 11:07:39,850 - INFO - Pennylane -> OpenQASM
2025-05-02 11:07:39,850 - INFO - OpenQASM -> Qiskit
2025-05-02 11:07:40,180 - INFO - Submitting the job to ibm_sherbrooke
2025-05-02 11:07:51,317 - INFO - Job completed!
2025-05-02 11:07:51,331 - INFO - Pauli-Z expectation: [-0.01953125, 0.01171875, 0.279296875, 0.287109375]
2025-05-02 11:07:51,334 - INFO - Q-values: [39.32099914550781, 30.839595794677734]
2025-05-02 11:07:51,334 - INFO - Action: Push to the left
2025-05-02 11:07:51,335 - INFO - Pennylane simulation
2025-05-02 11:07:51,353 - INFO - Pennylane expZ: [[0.2511596083641052, -0.023379642516374588, 0.7762020826339722, 0.300245076417923]]
2025-05-02 11:07:51,353 - INFO - Pennylane Q-values: [[73.34512329101562, 73.31242370605469]]
2025-05-02 11:07:51,355 - INFO - Pennylane action: Push to the left
2025-05-02 11:07:51,394 - INFO - Pennylane -> OpenQASM
2025-05-02 11:07:51,394 - INFO - OpenQASM -> Qiskit
2025-05-02 11:07:51,727 - INFO - Submitting the job to ibm_sherbrooke
2025-05-02 11:08:09,144 - INFO - Job completed!
2025-05-02 11:08:09,150 - INFO - Pauli-Z expectation: [0.078125, 0.123046875, 0.283203125, 0.029296875]
2025-05-02 11:08:09,150 - INFO - Q-values: [24.355043411254883, 25.493961334228516]
2025-05-02 11:08:09,150 - INFO - Action: Push to the right
2025-05-02 11:08:09,150 - INFO - Pennylane simulation
2025-05-02 11:08:09,173 - INFO - Pennylane expZ: [[0.28000983595848083, 0.13530832529067993, 0.7597163915634155, 0.29403215646743774]]
2025-05-02 11:08:09,173 - INFO - Pennylane Q-values: [[71.8255615234375, 74.264404296875]]
2025-05-02 11:08:09,173 - INFO - Pennylane action: Push to the right
2025-05-02 11:08:09,221 - INFO - Pennylane -> OpenQASM
2025-05-02 11:08:09,237 - INFO - OpenQASM -> Qiskit
2025-05-02 11:08:09,579 - INFO - Submitting the job to ibm_sherbrooke
2025-05-02 11:08:32,277 - INFO - Job completed!
2025-05-02 11:08:32,277 - INFO - Pauli-Z expectation: [-0.0234375, -0.0625, -0.130859375, 0.224609375]
2025-05-02 11:08:32,277 - INFO - Q-values: [18.603275299072266, 10.025430679321289]
2025-05-02 11:08:32,277 - INFO - Action: Push to the left
2025-05-02 11:08:32,277 - INFO - Pennylane simulation
2025-05-02 11:08:32,301 - INFO - Pennylane expZ: [[0.2611690163612366, -0.028537070378661156, 0.7737957835197449, 0.2969059646129608]]
2025-05-02 11:08:32,301 - INFO - Pennylane Q-values: [[73.11620330810547, 73.403076171875]]
2025-05-02 11:08:32,301 - INFO - Pennylane action: Push to the right
2025-05-02 11:08:32,380 - INFO - Pennylane -> OpenQASM
2025-05-02 11:08:32,380 - INFO - OpenQASM -> Qiskit
2025-05-02 11:08:32,720 - INFO - Submitting the job to ibm_sherbrooke
2025-05-02 11:09:34,479 - INFO - Job completed!
2025-05-02 11:09:34,488 - INFO - Pauli-Z expectation: [0.109375, 0.03515625, 0.060546875, 0.09765625]
2025-05-02 11:09:34,488 - INFO - Q-values: [15.717985153198242, 13.720191955566406]
2025-05-02 11:09:34,491 - INFO - Action: Push to the left
2025-05-02 11:09:34,491 - INFO - Pennylane simulation
2025-05-02 11:09:34,514 - INFO - Pennylane expZ: [[0.2876353859901428, 0.13312719762325287, 0.7574354410171509, 0.2887927293777466]]
2025-05-02 11:09:34,514 - INFO - Pennylane Q-values: [[71.4672622680664, 74.18547058105469]]
2025-05-02 11:09:34,516 - INFO - Pennylane action: Push to the right
2025-05-02 11:09:34,568 - INFO - Pennylane -> OpenQASM
2025-05-02 11:09:34,571 - INFO - OpenQASM -> Qiskit
2025-05-02 11:09:35,319 - INFO - Submitting the job to ibm_sherbrooke
2025-05-02 11:09:58,305 - INFO - Job completed!
2025-05-02 11:09:58,311 - INFO - Pauli-Z expectation: [0.072265625, -0.00390625, 0.001953125, 0.01953125]
2025-05-02 11:09:58,312 - INFO - Q-values: [7.0707292556762695, 5.291652679443359]
2025-05-02 11:09:58,312 - INFO - Action: Push to the left
2025-05-02 11:09:58,312 - INFO - Pennylane simulation
2025-05-02 11:09:58,329 - INFO - Pennylane expZ: [[0.3114972710609436, 0.23950764536857605, 0.7241947054862976, 0.2593609690666199]]
2025-05-02 11:09:58,329 - INFO - Pennylane Q-values: [[67.55746459960938, 72.73739624023438]]
2025-05-02 11:09:58,329 - INFO - Pennylane action: Push to the right
2025-05-02 11:09:58,392 - INFO - Pennylane -> OpenQASM
2025-05-02 11:09:58,394 - INFO - OpenQASM -> Qiskit
2025-05-02 11:09:58,731 - INFO - Submitting the job to ibm_sherbrooke
2025-05-02 11:10:14,482 - INFO - Job completed!
2025-05-02 11:10:14,485 - INFO - Pauli-Z expectation: [0.07421875, 0.05078125, 0.0546875, 0.134765625]
2025-05-02 11:10:14,485 - INFO - Q-values: [17.147510528564453, 13.530786514282227]
2025-05-02 11:10:14,485 - INFO - Action: Push to the left
2025-05-02 11:10:14,485 - INFO - Pennylane simulation
2025-05-02 11:10:14,505 - INFO - Pennylane expZ: [[0.32618939876556396, 0.2739369571208954, 0.6561009287834167, 0.1937360167503357]]
2025-05-02 11:10:14,505 - INFO - Pennylane Q-values: [[59.47205352783203, 66.68338012695312]]
2025-05-02 11:10:14,507 - INFO - Pennylane action: Push to the right
2025-05-02 11:10:14,549 - INFO - Pennylane -> OpenQASM
2025-05-02 11:10:14,549 - INFO - OpenQASM -> Qiskit
2025-05-02 11:10:14,893 - INFO - Submitting the job to ibm_sherbrooke
2025-05-02 11:10:26,973 - INFO - Job completed!
2025-05-02 11:10:26,973 - INFO - Pauli-Z expectation: [0.021484375, -0.048828125, -0.00390625, -0.20703125]
2025-05-02 11:10:26,973 - INFO - Q-values: [5.145665168762207, 2.555628538131714]
2025-05-02 11:10:26,973 - INFO - Action: Push to the left
2025-05-02 11:10:26,973 - INFO - Pennylane simulation
2025-05-02 11:10:27,000 - INFO - Pennylane expZ: [[0.3337482511997223, 0.2327500432729721, 0.5206527709960938, 0.07677072286605835]]
2025-05-02 11:10:27,000 - INFO - Pennylane Q-values: [[44.35218811035156, 53.36684799194336]]
2025-05-02 11:10:27,000 - INFO - Pennylane action: Push to the right
2025-05-02 11:10:27,055 - INFO - Pennylane -> OpenQASM
2025-05-02 11:10:27,057 - INFO - OpenQASM -> Qiskit
2025-05-02 11:10:27,378 - INFO - Submitting the job to ibm_sherbrooke
2025-05-02 11:10:36,194 - INFO - Job completed!
2025-05-02 11:10:36,197 - INFO - Pauli-Z expectation: [-0.009765625, -0.2421875, -0.00390625, -0.23828125]
2025-05-02 11:10:36,200 - INFO - Q-values: [4.885992050170898, 1.7567458152770996]
2025-05-02 11:10:36,200 - INFO - Action: Push to the left
2025-05-02 11:10:36,200 - INFO - Pennylane simulation
2025-05-02 11:10:36,216 - INFO - Pennylane expZ: [[0.342501163482666, 0.12714701890945435, 0.28428131341934204, -0.08650825172662735]]
2025-05-02 11:10:36,216 - INFO - Pennylane Q-values: [[25.811840057373047, 34.353363037109375]]
2025-05-02 11:10:36,229 - INFO - Pennylane action: Push to the right
2025-05-02 11:10:36,279 - INFO - Pennylane -> OpenQASM
2025-05-02 11:10:36,282 - INFO - OpenQASM -> Qiskit
2025-05-02 11:10:36,608 - INFO - Submitting the job to ibm_sherbrooke
2025-05-02 11:11:00,156 - INFO - Job completed!
2025-05-02 11:11:00,156 - INFO - Pauli-Z expectation: [0.1484375, -0.060546875, 0.0546875, -0.10546875]
2025-05-02 11:11:00,156 - INFO - Q-values: [9.997623443603516, 10.881025314331055]
2025-05-02 11:11:00,156 - INFO - Action: Push to the right
2025-05-02 11:11:00,156 - INFO - Pennylane simulation
2025-05-02 11:11:00,177 - INFO - Pennylane expZ: [[0.351396381855011, -0.018984276801347733, -0.03805549070239067, -0.24336327612400055]]
2025-05-02 11:11:00,177 - INFO - Pennylane Q-values: [[9.133184432983398, 14.82319450378418]]
2025-05-02 11:11:00,177 - INFO - Pennylane action: Push to the right
2025-05-02 11:11:00,236 - INFO - Pennylane -> OpenQASM
2025-05-02 11:11:00,236 - INFO - OpenQASM -> Qiskit
2025-05-02 11:11:00,568 - INFO - Submitting the job to ibm_sherbrooke
2025-05-02 11:11:10,198 - INFO - Job completed!
2025-05-02 11:11:10,204 - INFO - Pauli-Z expectation: [0.2890625, 0.0, 0.013671875, -0.26171875]
2025-05-02 11:11:10,204 - INFO - Q-values: [9.209159851074219, 13.406530380249023]
2025-05-02 11:11:10,204 - INFO - Action: Push to the right
2025-05-02 11:11:10,204 - INFO - Pennylane simulation
2025-05-02 11:11:10,220 - INFO - Pennylane expZ: [[0.3232225477695465, -0.01020596269518137, -0.008788397535681725, -0.26730769872665405]]
2025-05-02 11:11:10,220 - INFO - Pennylane Q-values: [[8.792657852172852, 13.775568008422852]]
2025-05-02 11:11:10,220 - INFO - Pennylane action: Push to the right
2025-05-02 11:11:10,282 - INFO - Pennylane -> OpenQASM
2025-05-02 11:11:10,284 - INFO - OpenQASM -> Qiskit
2025-05-02 11:11:10,601 - INFO - Submitting the job to ibm_sherbrooke
2025-05-02 11:11:19,405 - INFO - Job completed!
2025-05-02 11:11:19,405 - INFO - Pauli-Z expectation: [0.166015625, -0.21875, -0.08984375, -0.09765625]
2025-05-02 11:11:19,405 - INFO - Q-values: [6.892559051513672, 7.929930210113525]
2025-05-02 11:11:19,405 - INFO - Action: Push to the right
2025-05-02 11:11:19,405 - INFO - Pennylane simulation
2025-05-02 11:11:19,434 - INFO - Pennylane expZ: [[0.32663920521736145, -0.014303029514849186, 0.034907177090644836, -0.24554428458213806]]
2025-05-02 11:11:19,445 - INFO - Pennylane Q-values: [[10.9515380859375, 16.203521728515625]]
2025-05-02 11:11:19,445 - INFO - Pennylane action: Push to the right
2025-05-02 11:11:19,498 - INFO - Pennylane -> OpenQASM
2025-05-02 11:11:19,498 - INFO - OpenQASM -> Qiskit
2025-05-02 11:11:19,815 - INFO - Submitting the job to ibm_sherbrooke
2025-05-02 11:11:29,647 - INFO - Job completed!
2025-05-02 11:11:29,649 - INFO - Pauli-Z expectation: [-0.138671875, -0.302734375, -0.15234375, 0.03125]
2025-05-02 11:11:29,649 - INFO - Q-values: [6.794483661651611, 2.9071714878082275]
2025-05-02 11:11:29,649 - INFO - Action: Push to the left
2025-05-02 11:11:29,651 - INFO - Pennylane simulation
2025-05-02 11:11:29,667 - INFO - Pennylane expZ: [[0.3672758936882019, -0.02833268791437149, 0.07087676972150803, -0.19356028735637665]]
2025-05-02 11:11:29,667 - INFO - Pennylane Q-values: [[13.624732971191406, 20.085506439208984]]
2025-05-02 11:11:29,667 - INFO - Pennylane action: Push to the right
2025-05-02 11:11:29,699 - INFO - Pennylane -> OpenQASM
2025-05-02 11:11:29,703 - INFO - OpenQASM -> Qiskit
2025-05-02 11:11:30,238 - INFO - Submitting the job to ibm_sherbrooke
2025-05-02 11:11:39,451 - INFO - Job completed!
2025-05-02 11:11:39,454 - INFO - Pauli-Z expectation: [0.296875, -0.333984375, 0.015625, -0.19140625]
2025-05-02 11:11:39,456 - INFO - Q-values: [9.422069549560547, 13.825773239135742]
2025-05-02 11:11:39,456 - INFO - Action: Push to the right
2025-05-02 11:11:39,456 - INFO - Pennylane simulation
2025-05-02 11:11:39,475 - INFO - Pennylane expZ: [[0.26347634196281433, -0.13493457436561584, -0.10262061655521393, -0.24039244651794434]]
2025-05-02 11:11:39,475 - INFO - Pennylane Q-values: [[8.070528984069824, 11.553943634033203]]
2025-05-02 11:11:39,475 - INFO - Pennylane action: Push to the right
2025-05-02 11:11:39,475 - INFO - Episode Reward: 17.0

2025-05-02 11:11:39,475 - INFO - --- Episode 2/10 ---
2025-05-02 11:11:39,518 - INFO - Pennylane -> OpenQASM
2025-05-02 11:11:39,521 - INFO - OpenQASM -> Qiskit
2025-05-02 11:11:39,799 - INFO - Submitting the job to ibm_sherbrooke
2025-05-02 11:11:55,250 - INFO - Job completed!
2025-05-02 11:11:55,252 - INFO - Pauli-Z expectation: [0.123046875, 0.0625, 0.451171875, -0.07421875]
2025-05-02 11:11:55,252 - INFO - Q-values: [33.51702880859375, 36.62294387817383]
2025-05-02 11:11:55,252 - INFO - Action: Push to the right
2025-05-02 11:11:55,252 - INFO - Pennylane simulation
2025-05-02 11:11:55,284 - INFO - Pennylane expZ: [[0.2640432119369507, 0.009828491136431694, 0.7817104458808899, 0.29010698199272156]]
2025-05-02 11:11:55,284 - INFO - Pennylane Q-values: [[73.18035125732422, 73.86812591552734]]
2025-05-02 11:11:55,284 - INFO - Pennylane action: Push to the right
2025-05-02 11:11:55,344 - INFO - Pennylane -> OpenQASM
2025-05-02 11:11:55,344 - INFO - OpenQASM -> Qiskit
2025-05-02 11:11:55,635 - INFO - Submitting the job to ibm_sherbrooke
2025-05-02 11:12:05,693 - INFO - Job completed!
2025-05-02 11:12:05,696 - INFO - Pauli-Z expectation: [0.134765625, -0.134765625, 0.435546875, 0.037109375]
2025-05-02 11:12:05,698 - INFO - Q-values: [35.20289611816406, 36.84312057495117]
2025-05-02 11:12:05,698 - INFO - Action: Push to the right
2025-05-02 11:12:05,698 - INFO - Pennylane simulation
2025-05-02 11:12:05,716 - INFO - Pennylane expZ: [[0.23931214213371277, -0.17856429517269135, 0.7908380031585693, 0.2924377918243408]]
2025-05-02 11:12:05,716 - INFO - Pennylane Q-values: [[73.61299133300781, 73.5491943359375]]
2025-05-02 11:12:05,716 - INFO - Pennylane action: Push to the left
2025-05-02 11:12:05,752 - INFO - Pennylane -> OpenQASM
2025-05-02 11:12:05,752 - INFO - OpenQASM -> Qiskit
2025-05-02 11:12:06,083 - INFO - Submitting the job to ibm_sherbrooke
2025-05-02 11:12:18,287 - INFO - Job completed!
2025-05-02 11:12:18,293 - INFO - Pauli-Z expectation: [0.091796875, -0.060546875, -0.060546875, 0.0078125]
2025-05-02 11:12:18,295 - INFO - Q-values: [6.472628593444824, 5.457759857177734]
2025-05-02 11:12:18,295 - INFO - Action: Push to the left
2025-05-02 11:12:18,295 - INFO - Pennylane simulation
2025-05-02 11:12:18,320 - INFO - Pennylane expZ: [[0.19999007880687714, -0.354900062084198, 0.7968282103538513, 0.2882320284843445]]
2025-05-02 11:12:18,320 - INFO - Pennylane Q-values: [[73.24425506591797, 72.32704162597656]]
2025-05-02 11:12:18,326 - INFO - Pennylane action: Push to the left
2025-05-02 11:12:18,366 - INFO - Pennylane -> OpenQASM
2025-05-02 11:12:18,366 - INFO - OpenQASM -> Qiskit
2025-05-02 11:12:18,715 - INFO - Submitting the job to ibm_sherbrooke
2025-05-02 11:13:14,713 - INFO - Job completed!
2025-05-02 11:13:14,717 - INFO - Pauli-Z expectation: [-0.169921875, -0.25390625, 0.255859375, 0.220703125]
2025-05-02 11:13:14,717 - INFO - Q-values: [33.885986328125, 26.746599197387695]
2025-05-02 11:13:14,717 - INFO - Action: Push to the left
2025-05-02 11:13:14,717 - INFO - Pennylane simulation
2025-05-02 11:13:14,744 - INFO - Pennylane expZ: [[0.20910421013832092, -0.16916124522686005, 0.7951636910438538, 0.29877230525016785]]
2025-05-02 11:13:14,744 - INFO - Pennylane Q-values: [[73.89714813232422, 72.94425201416016]]
2025-05-02 11:13:14,744 - INFO - Pennylane action: Push to the left
2025-05-02 11:13:14,800 - INFO - Pennylane -> OpenQASM
2025-05-02 11:13:14,802 - INFO - OpenQASM -> Qiskit
2025-05-02 11:13:15,126 - INFO - Submitting the job to ibm_sherbrooke
2025-05-02 11:13:48,193 - INFO - Job completed!
2025-05-02 11:13:48,198 - INFO - Pauli-Z expectation: [0.177734375, 0.115234375, 0.21875, -0.146484375]
2025-05-02 11:13:48,199 - INFO - Q-values: [19.888051986694336, 23.80194664001465]
2025-05-02 11:13:48,199 - INFO - Action: Push to the right
2025-05-02 11:13:48,199 - INFO - Pennylane simulation
2025-05-02 11:13:48,208 - INFO - Pennylane expZ: [[0.23184241354465485, 0.01355520449578762, 0.7864822745323181, 0.30255749821662903]]
2025-05-02 11:13:48,208 - INFO - Pennylane Q-values: [[73.82754516601562, 73.47654724121094]]
2025-05-02 11:13:48,208 - INFO - Pennylane action: Push to the left
2025-05-02 11:13:48,276 - INFO - Pennylane -> OpenQASM
2025-05-02 11:13:48,282 - INFO - OpenQASM -> Qiskit
2025-05-02 11:13:48,699 - INFO - Submitting the job to ibm_sherbrooke
2025-05-02 11:13:58,540 - INFO - Job completed!
2025-05-02 11:13:58,543 - INFO - Pauli-Z expectation: [0.041015625, -0.017578125, 0.267578125, -0.037109375]
2025-05-02 11:13:58,543 - INFO - Q-values: [21.61390495300293, 20.91929817199707]
2025-05-02 11:13:58,543 - INFO - Action: Push to the left
2025-05-02 11:13:58,543 - INFO - Pennylane simulation
2025-05-02 11:13:58,560 - INFO - Pennylane expZ: [[0.20022758841514587, -0.17260147631168365, 0.7950851917266846, 0.29944562911987305]]
2025-05-02 11:13:58,560 - INFO - Pennylane Q-values: [[73.82622528076172, 72.63379669189453]]
2025-05-02 11:13:58,560 - INFO - Pennylane action: Push to the left
2025-05-02 11:13:58,623 - INFO - Pennylane -> OpenQASM
2025-05-02 11:13:58,623 - INFO - OpenQASM -> Qiskit
2025-05-02 11:13:58,974 - INFO - Submitting the job to ibm_sherbrooke
2025-05-02 11:14:09,497 - INFO - Job completed!
2025-05-02 11:14:09,503 - INFO - Pauli-Z expectation: [0.029296875, 0.11328125, 0.306640625, 0.078125]
2025-05-02 11:14:09,503 - INFO - Q-values: [28.203962326049805, 26.934526443481445]
2025-05-02 11:14:09,503 - INFO - Action: Push to the left
2025-05-02 11:14:09,503 - INFO - Pennylane simulation
2025-05-02 11:14:09,535 - INFO - Pennylane expZ: [[0.22370010614395142, 0.008147119544446468, 0.7863398790359497, 0.3041490912437439]]
2025-05-02 11:14:09,537 - INFO - Pennylane Q-values: [[73.83721923828125, 73.17523956298828]]
2025-05-02 11:14:09,537 - INFO - Pennylane action: Push to the left
2025-05-02 11:14:09,583 - INFO - Pennylane -> OpenQASM
2025-05-02 11:14:09,583 - INFO - OpenQASM -> Qiskit
2025-05-02 11:14:09,917 - INFO - Submitting the job to ibm_sherbrooke
2025-05-02 11:14:20,353 - INFO - Job completed!
2025-05-02 11:14:20,355 - INFO - Pauli-Z expectation: [-0.072265625, 0.244140625, 0.0546875, -0.150390625]
2025-05-02 11:14:20,355 - INFO - Q-values: [7.3216447830200195, 7.5168890953063965]
2025-05-02 11:14:20,355 - INFO - Action: Push to the right
2025-05-02 11:14:20,355 - INFO - Pennylane simulation
2025-05-02 11:14:20,372 - INFO - Pennylane expZ: [[0.2530291974544525, 0.158869668841362, 0.771003246307373, 0.29691481590270996]]
2025-05-02 11:14:20,372 - INFO - Pennylane Q-values: [[72.27510070800781, 74.31925201416016]]
2025-05-02 11:14:20,372 - INFO - Pennylane action: Push to the right
2025-05-02 11:14:20,421 - INFO - Pennylane -> OpenQASM
2025-05-02 11:14:20,424 - INFO - OpenQASM -> Qiskit
2025-05-02 11:14:20,968 - INFO - Submitting the job to ibm_sherbrooke
2025-05-02 11:14:50,198 - INFO - Job completed!
2025-05-02 11:14:50,217 - INFO - Pauli-Z expectation: [0.02734375, 0.052734375, 0.068359375, 0.01953125]
2025-05-02 11:14:50,217 - INFO - Q-values: [10.365713119506836, 8.464000701904297]
2025-05-02 11:14:50,217 - INFO - Action: Push to the left
2025-05-02 11:14:50,217 - INFO - Pennylane simulation
2025-05-02 11:14:50,230 - INFO - Pennylane expZ: [[0.23149807751178741, -0.0002944108273368329, 0.7881891131401062, 0.2986716628074646]]
2025-05-02 11:14:50,230 - INFO - Pennylane Q-values: [[73.73857116699219, 73.31352233886719]]
2025-05-02 11:14:50,230 - INFO - Pennylane action: Push to the left
2025-05-02 11:14:50,294 - INFO - Pennylane -> OpenQASM
2025-05-02 11:14:50,296 - INFO - OpenQASM -> Qiskit
2025-05-02 11:14:50,643 - INFO - Submitting the job to ibm_sherbrooke
2025-05-02 11:14:59,983 - INFO - Job completed!
2025-05-02 11:14:59,985 - INFO - Pauli-Z expectation: [-0.056640625, -0.009765625, -0.048828125, 0.001953125]
2025-05-02 11:14:59,985 - INFO - Q-values: [5.00527286529541, 1.8286473751068115]
2025-05-02 11:14:59,985 - INFO - Action: Push to the left
2025-05-02 11:14:59,985 - INFO - Pennylane simulation
2025-05-02 11:15:00,009 - INFO - Pennylane expZ: [[0.2594933807849884, 0.15590253472328186, 0.7726668119430542, 0.2907211482524872]]
2025-05-02 11:15:00,009 - INFO - Pennylane Q-values: [[72.08660888671875, 74.41506958007812]]
2025-05-02 11:15:00,011 - INFO - Pennylane action: Push to the right
2025-05-02 11:15:00,057 - INFO - Pennylane -> OpenQASM
2025-05-02 11:15:00,068 - INFO - OpenQASM -> Qiskit
2025-05-02 11:15:00,448 - INFO - Submitting the job to ibm_sherbrooke
2025-05-02 11:15:24,044 - INFO - Job completed!
2025-05-02 11:15:24,049 - INFO - Pauli-Z expectation: [0.11328125, 0.123046875, 0.2734375, 0.14453125]
2025-05-02 11:15:24,049 - INFO - Q-values: [31.22511100769043, 30.39971923828125]
2025-05-02 11:15:24,049 - INFO - Action: Push to the left
2025-05-02 11:15:24,049 - INFO - Pennylane simulation
2025-05-02 11:15:24,073 - INFO - Pennylane expZ: [[0.2860148549079895, 0.2585965394973755, 0.7429044246673584, 0.26452383399009705]]
2025-05-02 11:15:24,077 - INFO - Pennylane Q-values: [[68.63081359863281, 73.3816909790039]]
2025-05-02 11:15:24,077 - INFO - Pennylane action: Push to the right
2025-05-02 11:15:24,130 - INFO - Pennylane -> OpenQASM
2025-05-02 11:15:24,132 - INFO - OpenQASM -> Qiskit
2025-05-02 11:15:24,438 - INFO - Submitting the job to ibm_sherbrooke
2025-05-02 11:15:43,600 - INFO - Job completed!
2025-05-02 11:15:43,611 - INFO - Pauli-Z expectation: [0.083984375, 0.15234375, 0.048828125, 0.0078125]
2025-05-02 11:15:43,611 - INFO - Q-values: [8.789989471435547, 9.730743408203125]
2025-05-02 11:15:43,611 - INFO - Action: Push to the right
2025-05-02 11:15:43,611 - INFO - Pennylane simulation
2025-05-02 11:15:43,628 - INFO - Pennylane expZ: [[0.3054641783237457, 0.29232555627822876, 0.6835737824440002, 0.20768089592456818]]
2025-05-02 11:15:43,628 - INFO - Pennylane Q-values: [[61.673370361328125, 68.39930725097656]]
2025-05-02 11:15:43,628 - INFO - Pennylane action: Push to the right
2025-05-02 11:15:43,694 - INFO - Pennylane -> OpenQASM
2025-05-02 11:15:43,696 - INFO - OpenQASM -> Qiskit
2025-05-02 11:15:44,025 - INFO - Submitting the job to ibm_sherbrooke
2025-05-02 11:15:58,433 - INFO - Job completed!
2025-05-02 11:15:58,433 - INFO - Pauli-Z expectation: [0.091796875, 0.095703125, 0.091796875, -0.181640625]
2025-05-02 11:15:58,439 - INFO - Q-values: [11.218513488769531, 12.065868377685547]
2025-05-02 11:15:58,439 - INFO - Action: Push to the right
2025-05-02 11:15:58,439 - INFO - Pennylane simulation
2025-05-02 11:15:58,455 - INFO - Pennylane expZ: [[0.3154623806476593, 0.25377222895622253, 0.719309389591217, 0.21751277148723602]]
2025-05-02 11:15:58,455 - INFO - Pennylane Q-values: [[64.70176696777344, 71.1481704711914]]
2025-05-02 11:15:58,455 - INFO - Pennylane action: Push to the right
2025-05-02 11:15:58,502 - INFO - Pennylane -> OpenQASM
2025-05-02 11:15:58,517 - INFO - OpenQASM -> Qiskit
2025-05-02 11:15:58,851 - INFO - Submitting the job to ibm_sherbrooke
2025-05-02 11:16:20,738 - INFO - Job completed!
2025-05-02 11:16:20,743 - INFO - Pauli-Z expectation: [-0.08203125, 0.02734375, 0.185546875, 0.083984375]
2025-05-02 11:16:20,743 - INFO - Q-values: [21.17218017578125, 17.32024383544922]
2025-05-02 11:16:20,743 - INFO - Action: Push to the left
2025-05-02 11:16:20,743 - INFO - Pennylane simulation
2025-05-02 11:16:20,756 - INFO - Pennylane expZ: [[0.32793864607810974, 0.13969212770462036, 0.7364229559898376, 0.2383350282907486]]
2025-05-02 11:16:20,756 - INFO - Pennylane Q-values: [[67.57445526123047, 72.49951171875]]
2025-05-02 11:16:20,756 - INFO - Pennylane action: Push to the right
2025-05-02 11:16:20,813 - INFO - Pennylane -> OpenQASM
2025-05-02 11:16:20,815 - INFO - OpenQASM -> Qiskit
2025-05-02 11:16:21,146 - INFO - Submitting the job to ibm_sherbrooke
2025-05-02 11:17:16,993 - INFO - Job completed!
2025-05-02 11:17:16,997 - INFO - Pauli-Z expectation: [0.015625, 0.005859375, 0.02734375, -0.009765625]
2025-05-02 11:17:16,997 - INFO - Q-values: [6.712442398071289, 4.191844940185547]
2025-05-02 11:17:16,997 - INFO - Action: Push to the left
2025-05-02 11:17:16,997 - INFO - Pennylane simulation
2025-05-02 11:17:17,002 - INFO - Pennylane expZ: [[0.3355077803134918, 0.24362464249134064, 0.687778890132904, 0.18032845854759216]]
2025-05-02 11:17:17,002 - INFO - Pennylane Q-values: [[60.79705047607422, 68.35673522949219]]
2025-05-02 11:17:17,016 - INFO - Pennylane action: Push to the right
2025-05-02 11:17:17,062 - INFO - Pennylane -> OpenQASM
2025-05-02 11:17:17,064 - INFO - OpenQASM -> Qiskit
2025-05-02 11:17:17,793 - INFO - Submitting the job to ibm_sherbrooke
2025-05-02 11:17:29,899 - INFO - Job completed!
2025-05-02 11:17:29,902 - INFO - Pauli-Z expectation: [-0.171875, 0.189453125, 0.130859375, -0.1640625]
2025-05-02 11:17:29,905 - INFO - Q-values: [12.140021324157715, 12.05494499206543]
2025-05-02 11:17:29,908 - INFO - Action: Push to the left
2025-05-02 11:17:29,908 - INFO - Pennylane simulation
2025-05-02 11:17:29,928 - INFO - Pennylane expZ: [[0.3382393717765808, 0.2604910731315613, 0.5816583037376404, 0.07833074033260345]]
2025-05-02 11:17:29,928 - INFO - Pennylane Q-values: [[48.102333068847656, 57.85737228393555]]
2025-05-02 11:17:29,928 - INFO - Pennylane action: Push to the right
2025-05-02 11:17:29,987 - INFO - Pennylane -> OpenQASM
2025-05-02 11:17:29,990 - INFO - OpenQASM -> Qiskit
2025-05-02 11:17:30,309 - INFO - Submitting the job to ibm_sherbrooke
2025-05-02 11:17:41,903 - INFO - Job completed!
2025-05-02 11:17:41,909 - INFO - Pauli-Z expectation: [0.16796875, -0.048828125, 0.427734375, -0.271484375]
2025-05-02 11:17:41,909 - INFO - Q-values: [32.86394500732422, 36.1966667175293]
2025-05-02 11:17:41,909 - INFO - Action: Push to the right
2025-05-02 11:17:41,909 - INFO - Pennylane simulation
2025-05-02 11:17:41,933 - INFO - Pennylane expZ: [[0.3398178517818451, 0.19151179492473602, 0.38658231496810913, -0.06848295032978058]]
2025-05-02 11:17:41,933 - INFO - Pennylane Q-values: [[31.75282859802246, 41.56500244140625]]
2025-05-02 11:17:41,933 - INFO - Pennylane action: Push to the right
2025-05-02 11:17:41,998 - INFO - Pennylane -> OpenQASM
2025-05-02 11:17:41,998 - INFO - OpenQASM -> Qiskit
2025-05-02 11:17:42,345 - INFO - Submitting the job to ibm_sherbrooke
2025-05-02 11:18:05,241 - INFO - Job completed!
2025-05-02 11:18:05,247 - INFO - Pauli-Z expectation: [-0.09765625, 0.052734375, 0.05859375, -0.009765625]
2025-05-02 11:18:05,247 - INFO - Q-values: [8.249998092651367, 6.0845232009887695]
2025-05-02 11:18:05,247 - INFO - Action: Push to the left
2025-05-02 11:18:05,247 - INFO - Pennylane simulation
2025-05-02 11:18:05,268 - INFO - Pennylane expZ: [[0.36628133058547974, 0.1849992275238037, 0.4255235493183136, -0.05697363615036011]]
2025-05-02 11:18:05,269 - INFO - Pennylane Q-values: [[34.45851135253906, 45.058349609375]]
2025-05-02 11:18:05,269 - INFO - Pennylane action: Push to the right
2025-05-02 11:18:05,330 - INFO - Pennylane -> OpenQASM
2025-05-02 11:18:05,330 - INFO - OpenQASM -> Qiskit
2025-05-02 11:18:05,666 - INFO - Submitting the job to ibm_sherbrooke
2025-05-02 11:18:16,378 - INFO - Job completed!
2025-05-02 11:18:16,394 - INFO - Pauli-Z expectation: [0.119140625, 0.1171875, -0.2265625, -0.046875]
2025-05-02 11:18:16,394 - INFO - Q-values: [5.902700424194336, 7.221513748168945]
2025-05-02 11:18:16,394 - INFO - Action: Push to the right
2025-05-02 11:18:16,394 - INFO - Pennylane simulation
2025-05-02 11:18:16,426 - INFO - Pennylane expZ: [[0.34774816036224365, 0.09341732412576675, 0.18309912085533142, -0.20606938004493713]]
2025-05-02 11:18:16,426 - INFO - Pennylane Q-values: [[19.859050750732422, 27.58125877380371]]
2025-05-02 11:18:16,426 - INFO - Pennylane action: Push to the right
2025-05-02 11:18:16,474 - INFO - Pennylane -> OpenQASM
2025-05-02 11:18:16,474 - INFO - OpenQASM -> Qiskit
2025-05-02 11:18:16,807 - INFO - Submitting the job to ibm_sherbrooke
2025-05-02 11:18:34,820 - INFO - Job completed!
2025-05-02 11:18:34,820 - INFO - Pauli-Z expectation: [-0.08203125, 0.193359375, 0.0, -0.08203125]
2025-05-02 11:18:34,820 - INFO - Q-values: [4.187549591064453, 3.4638359546661377]
2025-05-02 11:18:34,820 - INFO - Action: Push to the left
2025-05-02 11:18:34,820 - INFO - Pennylane simulation
2025-05-02 11:18:34,848 - INFO - Pennylane expZ: [[0.38385364413261414, 0.07896875590085983, 0.22502094507217407, -0.176975280046463]]
2025-05-02 11:18:34,848 - INFO - Pennylane Q-values: [[22.890748977661133, 31.559534072875977]]
2025-05-02 11:18:34,848 - INFO - Pennylane action: Push to the right
2025-05-02 11:18:34,896 - INFO - Pennylane -> OpenQASM
2025-05-02 11:18:34,912 - INFO - OpenQASM -> Qiskit
2025-05-02 11:18:35,245 - INFO - Submitting the job to ibm_sherbrooke
2025-05-02 11:18:47,725 - INFO - Job completed!
2025-05-02 11:18:47,727 - INFO - Pauli-Z expectation: [0.1484375, 0.044921875, 0.009765625, -0.07421875]
2025-05-02 11:18:47,728 - INFO - Q-values: [7.1102495193481445, 8.316596984863281]
2025-05-02 11:18:47,728 - INFO - Action: Push to the right
2025-05-02 11:18:47,728 - INFO - Pennylane simulation
2025-05-02 11:18:47,754 - INFO - Pennylane expZ: [[0.32881465554237366, -0.03059924766421318, -0.016308650374412537, -0.2786889672279358]]
2025-05-02 11:18:47,754 - INFO - Pennylane Q-values: [[8.860247611999512, 13.98350715637207]]
2025-05-02 11:18:47,754 - INFO - Pennylane action: Push to the right
2025-05-02 11:18:47,805 - INFO - Pennylane -> OpenQASM
2025-05-02 11:18:47,808 - INFO - OpenQASM -> Qiskit
2025-05-02 11:18:48,126 - INFO - Submitting the job to ibm_sherbrooke
2025-05-02 11:19:12,354 - INFO - Job completed!
2025-05-02 11:19:12,356 - INFO - Pauli-Z expectation: [0.03515625, 0.138671875, 0.0625, -0.0625]
2025-05-02 11:19:12,356 - INFO - Q-values: [8.601465225219727, 8.40797233581543]
2025-05-02 11:19:12,356 - INFO - Action: Push to the left
2025-05-02 11:19:12,356 - INFO - Pennylane simulation
2025-05-02 11:19:12,393 - INFO - Pennylane expZ: [[0.3633982837200165, -0.042757339775562286, 0.024833155795931816, -0.23158903419971466]]
2025-05-02 11:19:12,396 - INFO - Pennylane Q-values: [[10.784708023071289, 16.906354904174805]]
2025-05-02 11:19:12,396 - INFO - Pennylane action: Push to the right
2025-05-02 11:19:12,441 - INFO - Pennylane -> OpenQASM
2025-05-02 11:19:12,457 - INFO - OpenQASM -> Qiskit
2025-05-02 11:19:12,781 - INFO - Submitting the job to ibm_sherbrooke
2025-05-02 11:19:22,541 - INFO - Job completed!
2025-05-02 11:19:22,541 - INFO - Pauli-Z expectation: [0.037109375, -0.087890625, -0.189453125, 0.005859375]
2025-05-02 11:19:22,541 - INFO - Q-values: [5.692360877990723, 3.3523387908935547]
2025-05-02 11:19:22,541 - INFO - Action: Push to the left
2025-05-02 11:19:22,541 - INFO - Pennylane simulation
2025-05-02 11:19:22,571 - INFO - Pennylane expZ: [[0.25586047768592834, -0.15977361798286438, -0.1414506435394287, -0.24738730490207672]]
2025-05-02 11:19:22,571 - INFO - Pennylane Q-values: [[7.978478908538818, 11.270753860473633]]
2025-05-02 11:19:22,571 - INFO - Pennylane action: Push to the right
2025-05-02 11:19:22,571 - INFO - Episode Reward: 23.0
