2025-06-06 18:14:55,530 - INFO - ==== RUN HEADER ====
2025-06-06 18:14:55,530 - INFO - Number of Qubits: 4
2025-06-06 18:14:55,530 - INFO - VQC Layers: 3
2025-06-06 18:14:55,530 - INFO - Trained Parameters File: cartpole/v1_3l/850ep_0.01.pth
2025-06-06 18:14:55,530 - INFO - Quantum Backend: ibm_sherbrooke
2025-06-06 18:14:55,535 - INFO - Number of Shots per Execution: 1024
2025-06-06 18:14:55,535 - INFO - Comparison mode: True
2025-06-06 18:14:55,535 - INFO - ====================

2025-06-06 18:14:55,550 - INFO - === Start Run ===

2025-06-06 18:14:55,550 - INFO - --- Episode 1/10 ---
2025-06-06 18:14:55,677 - INFO - Pennylane -> OpenQASM
2025-06-06 18:14:55,704 - INFO - OpenQASM -> Qiskit
2025-06-06 18:14:59,963 - INFO - Submitting the job to ibm_sherbrooke
2025-06-06 18:18:22,581 - INFO - Job completed!
2025-06-06 18:18:22,587 - INFO - Pauli-Z expectation: [0.048828125, 0.123046875, -0.0546875, -0.021484375]
2025-06-06 18:18:22,607 - INFO - Q-values: [4.5665202140808105, 8.524380683898926]
2025-06-06 18:18:22,616 - INFO - Action: Push to the right
2025-06-06 18:18:22,616 - INFO - Pennylane simulation
2025-06-06 18:18:22,645 - INFO - Pennylane expZ: [[-0.017102891579270363, 0.25359979271888733, 0.15862542390823364, -0.05127761512994766]]
2025-06-06 18:18:22,645 - INFO - Pennylane Q-values: [[11.421727180480957, 12.488774299621582]]
2025-06-06 18:18:22,645 - INFO - Pennylane action: Push to the right
2025-06-06 18:18:22,679 - INFO - Pennylane -> OpenQASM
2025-06-06 18:18:22,681 - INFO - OpenQASM -> Qiskit
2025-06-06 18:18:22,855 - INFO - Submitting the job to ibm_sherbrooke
2025-06-06 18:18:31,503 - INFO - Job completed!
2025-06-06 18:18:31,507 - INFO - Pauli-Z expectation: [0.021484375, 0.080078125, 0.06640625, 0.01171875]
2025-06-06 18:18:31,507 - INFO - Q-values: [4.327269077301025, 7.016216278076172]
2025-06-06 18:18:31,507 - INFO - Action: Push to the right
2025-06-06 18:18:31,507 - INFO - Pennylane simulation
2025-06-06 18:18:31,520 - INFO - Pennylane expZ: [[-0.10028030723333359, 0.24009710550308228, 0.13791264593601227, -0.08600050956010818]]
2025-06-06 18:18:31,520 - INFO - Pennylane Q-values: [[10.307604789733887, 11.70373821258545]]
2025-06-06 18:18:31,520 - INFO - Pennylane action: Push to the right
2025-06-06 18:18:31,533 - INFO - Pennylane -> OpenQASM
2025-06-06 18:18:31,533 - INFO - OpenQASM -> Qiskit
2025-06-06 18:18:31,672 - INFO - Submitting the job to ibm_sherbrooke
2025-06-06 18:18:40,170 - INFO - Job completed!
2025-06-06 18:18:40,173 - INFO - Pauli-Z expectation: [-0.2265625, 0.01953125, -0.046875, -0.087890625]
2025-06-06 18:18:40,173 - INFO - Q-values: [-1.3340179920196533, 2.2787559032440186]
2025-06-06 18:18:40,173 - INFO - Action: Push to the right
2025-06-06 18:18:40,173 - INFO - Pennylane simulation
2025-06-06 18:18:40,186 - INFO - Pennylane expZ: [[-0.19247308373451233, 0.21661663055419922, 0.1197197213768959, -0.11300691217184067]]
2025-06-06 18:18:40,187 - INFO - Pennylane Q-values: [[8.953407287597656, 10.64085578918457]]
2025-06-06 18:18:40,187 - INFO - Pennylane action: Push to the right
2025-06-06 18:18:40,188 - INFO - Pennylane -> OpenQASM
2025-06-06 18:18:40,188 - INFO - OpenQASM -> Qiskit
2025-06-06 18:18:40,298 - INFO - Submitting the job to ibm_sherbrooke
2025-06-06 18:18:48,641 - INFO - Job completed!
2025-06-06 18:18:48,641 - INFO - Pauli-Z expectation: [-0.134765625, 0.017578125, 0.060546875, -0.044921875]
2025-06-06 18:18:48,641 - INFO - Q-values: [0.5837758779525757, 3.242656707763672]
2025-06-06 18:18:48,641 - INFO - Action: Push to the right
2025-06-06 18:18:48,641 - INFO - Pennylane simulation
2025-06-06 18:18:48,655 - INFO - Pennylane expZ: [[-0.29164984822273254, 0.1863202154636383, 0.09981922060251236, -0.11253145337104797]]
2025-06-06 18:18:48,655 - INFO - Pennylane Q-values: [[7.323026180267334, 9.330033302307129]]
2025-06-06 18:18:48,655 - INFO - Pennylane action: Push to the right
2025-06-06 18:18:48,677 - INFO - Pennylane -> OpenQASM
2025-06-06 18:18:48,677 - INFO - OpenQASM -> Qiskit
2025-06-06 18:18:48,787 - INFO - Submitting the job to ibm_sherbrooke
2025-06-06 18:18:56,828 - INFO - Job completed!
2025-06-06 18:18:56,843 - INFO - Pauli-Z expectation: [-0.099609375, -0.005859375, -0.001953125, -0.142578125]
2025-06-06 18:18:56,843 - INFO - Q-values: [-1.965340256690979, 1.6512423753738403]
2025-06-06 18:18:56,843 - INFO - Action: Push to the right
2025-06-06 18:18:56,843 - INFO - Pennylane simulation
2025-06-06 18:18:56,859 - INFO - Pennylane expZ: [[-0.3908438980579376, 0.15183261036872864, 0.07707260549068451, -0.0660962238907814]]
2025-06-06 18:18:56,859 - INFO - Pennylane Q-values: [[5.464053630828857, 7.836292743682861]]
2025-06-06 18:18:56,859 - INFO - Pennylane action: Push to the right
2025-06-06 18:18:56,869 - INFO - Pennylane -> OpenQASM
2025-06-06 18:18:56,869 - INFO - OpenQASM -> Qiskit
2025-06-06 18:18:57,052 - INFO - Submitting the job to ibm_sherbrooke
2025-06-06 18:19:05,961 - INFO - Job completed!
2025-06-06 18:19:05,961 - INFO - Pauli-Z expectation: [-0.3515625, 0.05859375, 0.125, 0.09375]
2025-06-06 18:19:05,961 - INFO - Q-values: [7.278811931610107, 8.704924583435059]
2025-06-06 18:19:05,961 - INFO - Action: Push to the right
2025-06-06 18:19:05,961 - INFO - Pennylane simulation
2025-06-06 18:19:05,974 - INFO - Pennylane expZ: [[-0.47336462140083313, 0.11528696119785309, 0.05442254990339279, 0.027313312515616417]]
2025-06-06 18:19:05,974 - INFO - Pennylane Q-values: [[4.491645336151123, 7.1671271324157715]]
2025-06-06 18:19:05,974 - INFO - Pennylane action: Push to the right
2025-06-06 18:19:06,000 - INFO - Pennylane -> OpenQASM
2025-06-06 18:19:06,002 - INFO - OpenQASM -> Qiskit
2025-06-06 18:19:06,103 - INFO - Submitting the job to ibm_sherbrooke
2025-06-06 18:19:15,547 - INFO - Job completed!
2025-06-06 18:19:15,555 - INFO - Pauli-Z expectation: [-0.130859375, -0.103515625, -0.001953125, -0.140625]
2025-06-06 18:19:15,556 - INFO - Q-values: [-1.965340256690979, 1.6512423753738403]
2025-06-06 18:19:15,557 - INFO - Action: Push to the right
2025-06-06 18:19:15,557 - INFO - Pennylane simulation
2025-06-06 18:19:15,573 - INFO - Pennylane expZ: [[-0.5156944394111633, 0.07616261392831802, 0.032071832567453384, 0.13438810408115387]]
2025-06-06 18:19:15,573 - INFO - Pennylane Q-values: [[6.219703197479248, 9.016456604003906]]
2025-06-06 18:19:15,573 - INFO - Pennylane action: Push to the right
2025-06-06 18:19:15,590 - INFO - Pennylane -> OpenQASM
2025-06-06 18:19:15,591 - INFO - OpenQASM -> Qiskit
2025-06-06 18:19:15,714 - INFO - Submitting the job to ibm_sherbrooke
2025-06-06 18:19:24,179 - INFO - Job completed!
2025-06-06 18:19:24,179 - INFO - Pauli-Z expectation: [-0.2578125, -0.099609375, 0.0625, -0.0390625]
2025-06-06 18:19:24,179 - INFO - Q-values: [0.07948672771453857, 2.711012363433838]
2025-06-06 18:19:24,179 - INFO - Action: Push to the right
2025-06-06 18:19:24,179 - INFO - Pennylane simulation
2025-06-06 18:19:24,199 - INFO - Pennylane expZ: [[-0.4970496892929077, 0.028287574648857117, -0.0010144213447347283, 0.20537230372428894]]
2025-06-06 18:19:24,199 - INFO - Pennylane Q-values: [[6.0916619300842285, 9.245039939880371]]
2025-06-06 18:19:24,199 - INFO - Pennylane action: Push to the right
2025-06-06 18:19:24,220 - INFO - Pennylane -> OpenQASM
2025-06-06 18:19:24,221 - INFO - OpenQASM -> Qiskit
2025-06-06 18:19:24,402 - INFO - Submitting the job to ibm_sherbrooke
2025-06-06 18:19:33,987 - INFO - Job completed!
2025-06-06 18:19:33,987 - INFO - Pauli-Z expectation: [-0.375, -0.146484375, -0.009765625, 0.21484375]
2025-06-06 18:19:33,989 - INFO - Q-values: [5.506710529327393, 8.64449691772461]
2025-06-06 18:19:33,989 - INFO - Action: Push to the right
2025-06-06 18:19:33,990 - INFO - Pennylane simulation
2025-06-06 18:19:33,990 - INFO - Pennylane expZ: [[-0.39958706498146057, -0.03716908022761345, -0.050304971635341644, 0.2384672313928604]]
2025-06-06 18:19:34,003 - INFO - Pennylane Q-values: [[6.328311443328857, 9.413451194763184]]
2025-06-06 18:19:34,003 - INFO - Pennylane action: Push to the right
2025-06-06 18:19:34,016 - INFO - Pennylane -> OpenQASM
2025-06-06 18:19:34,016 - INFO - OpenQASM -> Qiskit
2025-06-06 18:19:34,106 - INFO - Submitting the job to ibm_sherbrooke
2025-06-06 18:19:42,670 - INFO - Job completed!
2025-06-06 18:19:42,671 - INFO - Pauli-Z expectation: [-0.130859375, -0.13671875, 0.052734375, -0.0703125]
2025-06-06 18:19:42,671 - INFO - Q-values: [-0.24001753330230713, 2.5454232692718506]
2025-06-06 18:19:42,672 - INFO - Action: Push to the right
2025-06-06 18:19:42,672 - INFO - Pennylane simulation
2025-06-06 18:19:42,686 - INFO - Pennylane expZ: [[-0.21255998313426971, -0.11769421398639679, -0.07909815013408661, 0.29616355895996094]]
2025-06-06 18:19:42,686 - INFO - Pennylane Q-values: [[8.334931373596191, 11.29149055480957]]
2025-06-06 18:19:42,687 - INFO - Pennylane action: Push to the right
2025-06-06 18:19:42,687 - INFO - Episode Reward: 10.0

2025-06-06 18:19:42,687 - INFO - --- Episode 2/10 ---
2025-06-06 18:19:42,699 - INFO - Pennylane -> OpenQASM
2025-06-06 18:19:42,700 - INFO - OpenQASM -> Qiskit
2025-06-06 18:19:42,956 - INFO - Submitting the job to ibm_sherbrooke
2025-06-06 18:19:55,672 - INFO - Job completed!
2025-06-06 18:19:55,673 - INFO - Pauli-Z expectation: [-0.3359375, -0.072265625, 0.18359375, -0.03125]
2025-06-06 18:19:55,674 - INFO - Q-values: [4.041338920593262, 4.764316558837891]
2025-06-06 18:19:55,674 - INFO - Action: Push to the right
2025-06-06 18:19:55,675 - INFO - Pennylane simulation
2025-06-06 18:19:55,688 - INFO - Pennylane expZ: [[-0.3211266100406647, 0.1262827217578888, 0.2825586497783661, -0.10211065411567688]]
2025-06-06 18:19:55,688 - INFO - Pennylane Q-values: [[11.361120223999023, 10.49969482421875]]
2025-06-06 18:19:55,689 - INFO - Pennylane action: Push to the left
2025-06-06 18:19:55,701 - INFO - Pennylane -> OpenQASM
2025-06-06 18:19:55,703 - INFO - OpenQASM -> Qiskit
2025-06-06 18:19:55,818 - INFO - Submitting the job to ibm_sherbrooke
2025-06-06 18:21:21,110 - INFO - Job completed!
2025-06-06 18:21:21,110 - INFO - Pauli-Z expectation: [-0.140625, 0.111328125, 0.208984375, -0.033203125]
2025-06-06 18:21:21,115 - INFO - Q-values: [8.470585823059082, 8.771674156188965]
2025-06-06 18:21:21,115 - INFO - Action: Push to the right
2025-06-06 18:21:21,115 - INFO - Pennylane simulation
2025-06-06 18:21:21,131 - INFO - Pennylane expZ: [[-0.41098925471305847, 0.1297386735677719, 0.25045090913772583, -0.08224620670080185]]
2025-06-06 18:21:21,131 - INFO - Pennylane Q-values: [[10.42235279083252, 10.066300392150879]]
2025-06-06 18:21:21,131 - INFO - Pennylane action: Push to the left
2025-06-06 18:21:21,146 - INFO - Pennylane -> OpenQASM
2025-06-06 18:21:21,146 - INFO - OpenQASM -> Qiskit
2025-06-06 18:21:21,286 - INFO - Submitting the job to ibm_sherbrooke
2025-06-06 18:21:29,600 - INFO - Job completed!
2025-06-06 18:21:29,600 - INFO - Pauli-Z expectation: [-0.302734375, -0.01953125, 0.07421875, 0.02734375]
2025-06-06 18:21:29,600 - INFO - Q-values: [1.4138799905776978, 3.799769401550293]
2025-06-06 18:21:29,600 - INFO - Action: Push to the right
2025-06-06 18:21:29,600 - INFO - Pennylane simulation
2025-06-06 18:21:29,612 - INFO - Pennylane expZ: [[-0.48555609583854675, 0.12522263824939728, 0.22188633680343628, -0.04825529828667641]]
2025-06-06 18:21:29,612 - INFO - Pennylane Q-values: [[9.341824531555176, 9.436857223510742]]
2025-06-06 18:21:29,612 - INFO - Pennylane action: Push to the right
2025-06-06 18:21:29,627 - INFO - Pennylane -> OpenQASM
2025-06-06 18:21:29,635 - INFO - OpenQASM -> Qiskit
2025-06-06 18:21:29,734 - INFO - Submitting the job to ibm_sherbrooke
2025-06-06 18:21:37,856 - INFO - Job completed!
2025-06-06 18:21:37,856 - INFO - Pauli-Z expectation: [-0.267578125, -0.001953125, 0.150390625, 0.115234375]
2025-06-06 18:21:37,869 - INFO - Q-values: [6.9627604484558105, 7.952240943908691]
2025-06-06 18:21:37,869 - INFO - Action: Push to the right
2025-06-06 18:21:37,869 - INFO - Pennylane simulation
2025-06-06 18:21:37,869 - INFO - Pennylane expZ: [[-0.5326119661331177, 0.11520985513925552, 0.1964496672153473, 0.0038781948387622833]]
2025-06-06 18:21:37,885 - INFO - Pennylane Q-values: [[8.320837020874023, 8.810084342956543]]
2025-06-06 18:21:37,885 - INFO - Pennylane action: Push to the right
2025-06-06 18:21:37,885 - INFO - Pennylane -> OpenQASM
2025-06-06 18:21:37,885 - INFO - OpenQASM -> Qiskit
2025-06-06 18:21:38,013 - INFO - Submitting the job to ibm_sherbrooke
2025-06-06 18:21:47,682 - INFO - Job completed!
2025-06-06 18:21:47,682 - INFO - Pauli-Z expectation: [-0.15625, -0.041015625, -0.017578125, 0.15234375]
2025-06-06 18:21:47,682 - INFO - Q-values: [3.3330230712890625, 6.610095024108887]
2025-06-06 18:21:47,682 - INFO - Action: Push to the right
2025-06-06 18:21:47,682 - INFO - Pennylane simulation
2025-06-06 18:21:47,692 - INFO - Pennylane expZ: [[-0.5395570993423462, 0.09972642362117767, 0.16907235980033875, 0.06806430220603943]]
2025-06-06 18:21:47,692 - INFO - Pennylane Q-values: [[9.156973838806152, 9.937687873840332]]
2025-06-06 18:21:47,692 - INFO - Pennylane action: Push to the right
2025-06-06 18:21:47,708 - INFO - Pennylane -> OpenQASM
2025-06-06 18:21:47,708 - INFO - OpenQASM -> Qiskit
2025-06-06 18:21:47,820 - INFO - Submitting the job to ibm_sherbrooke
2025-06-06 18:21:55,523 - INFO - Job completed!
2025-06-06 18:21:55,523 - INFO - Pauli-Z expectation: [-0.35546875, 0.021484375, 0.080078125, 0.0703125]
2025-06-06 18:21:55,539 - INFO - Q-values: [3.794447422027588, 5.988038539886475]
2025-06-06 18:21:55,539 - INFO - Action: Push to the right
2025-06-06 18:21:55,539 - INFO - Pennylane simulation
2025-06-06 18:21:55,539 - INFO - Pennylane expZ: [[-0.4990669786930084, 0.07403209060430527, 0.1287916898727417, 0.13242530822753906]]
2025-06-06 18:21:55,539 - INFO - Pennylane Q-values: [[9.246977806091309, 10.524128913879395]]
2025-06-06 18:21:55,539 - INFO - Pennylane action: Push to the right
2025-06-06 18:21:55,571 - INFO - Pennylane -> OpenQASM
2025-06-06 18:21:55,572 - INFO - OpenQASM -> Qiskit
2025-06-06 18:21:55,665 - INFO - Submitting the job to ibm_sherbrooke
2025-06-06 18:22:03,935 - INFO - Job completed!
2025-06-06 18:22:03,941 - INFO - Pauli-Z expectation: [-0.140625, -0.03515625, 0.291015625, -0.07421875]
2025-06-06 18:22:03,943 - INFO - Q-values: [7.5558857917785645, 6.585795879364014]
2025-06-06 18:22:03,943 - INFO - Action: Push to the left
2025-06-06 18:22:03,943 - INFO - Pennylane simulation
2025-06-06 18:22:03,951 - INFO - Pennylane expZ: [[-0.4069667160511017, 0.029806194826960564, 0.06871501356363297, 0.19765852391719818]]
2025-06-06 18:22:03,951 - INFO - Pennylane Q-values: [[8.120636940002441, 10.207898139953613]]
2025-06-06 18:22:03,951 - INFO - Pennylane action: Push to the right
2025-06-06 18:22:03,965 - INFO - Pennylane -> OpenQASM
2025-06-06 18:22:03,965 - INFO - OpenQASM -> Qiskit
2025-06-06 18:22:04,076 - INFO - Submitting the job to ibm_sherbrooke
2025-06-06 18:22:13,276 - INFO - Job completed!
2025-06-06 18:22:13,292 - INFO - Pauli-Z expectation: [-0.208984375, -0.041015625, -0.07421875, -0.046875]
2025-06-06 18:22:13,292 - INFO - Q-values: [-1.965340256690979, 1.6512423753738403]
2025-06-06 18:22:13,292 - INFO - Action: Push to the right
2025-06-06 18:22:13,292 - INFO - Pennylane simulation
2025-06-06 18:22:13,309 - INFO - Pennylane expZ: [[-0.28717151284217834, 0.051790352910757065, 0.12239021062850952, 0.20983201265335083]]
2025-06-06 18:22:13,309 - INFO - Pennylane Q-values: [[11.01073169708252, 12.22060489654541]]
2025-06-06 18:22:13,309 - INFO - Pennylane action: Push to the right
2025-06-06 18:22:13,323 - INFO - Pennylane -> OpenQASM
2025-06-06 18:22:13,323 - INFO - OpenQASM -> Qiskit
2025-06-06 18:22:13,451 - INFO - Submitting the job to ibm_sherbrooke
2025-06-06 18:22:22,589 - INFO - Job completed!
2025-06-06 18:22:22,589 - INFO - Pauli-Z expectation: [-0.029296875, -0.01171875, 0.041015625, 0.107421875]
2025-06-06 18:22:22,589 - INFO - Q-values: [3.112602710723877, 5.843343257904053]
2025-06-06 18:22:22,589 - INFO - Action: Push to the right
2025-06-06 18:22:22,589 - INFO - Pennylane simulation
2025-06-06 18:22:22,605 - INFO - Pennylane expZ: [[-0.15627743303775787, -0.014682963490486145, 0.05971221998333931, 0.3357645273208618]]
2025-06-06 18:22:22,605 - INFO - Pennylane Q-values: [[11.665831565856934, 13.593018531799316]]
2025-06-06 18:22:22,605 - INFO - Pennylane action: Push to the right
2025-06-06 18:22:22,605 - INFO - Episode Reward: 9.0

2025-06-06 18:22:22,605 - INFO - --- Episode 3/10 ---
2025-06-06 18:22:22,626 - INFO - Pennylane -> OpenQASM
2025-06-06 18:22:22,626 - INFO - OpenQASM -> Qiskit
2025-06-06 18:22:22,907 - INFO - Submitting the job to ibm_sherbrooke
2025-06-06 18:22:30,921 - INFO - Job completed!
2025-06-06 18:22:30,924 - INFO - Pauli-Z expectation: [-0.076171875, 0.302734375, 0.2421875, -0.21484375]
2025-06-06 18:22:30,924 - INFO - Q-values: [15.743857383728027, 15.484309196472168]
2025-06-06 18:22:30,924 - INFO - Action: Push to the left
2025-06-06 18:22:30,924 - INFO - Pennylane simulation
2025-06-06 18:22:30,942 - INFO - Pennylane expZ: [[-0.29757046699523926, 0.1292296200990677, 0.26866355538368225, -0.0982896238565445]]
2025-06-06 18:22:30,943 - INFO - Pennylane Q-values: [[11.001765251159668, 10.358765602111816]]
2025-06-06 18:22:30,943 - INFO - Pennylane action: Push to the left
2025-06-06 18:22:30,962 - INFO - Pennylane -> OpenQASM
2025-06-06 18:22:30,963 - INFO - OpenQASM -> Qiskit
2025-06-06 18:22:31,072 - INFO - Submitting the job to ibm_sherbrooke
2025-06-06 18:22:39,697 - INFO - Job completed!
2025-06-06 18:22:39,697 - INFO - Pauli-Z expectation: [-0.04296875, 0.060546875, 0.12109375, -0.01171875]
2025-06-06 18:22:39,707 - INFO - Q-values: [3.953610897064209, 5.649838447570801]
2025-06-06 18:22:39,707 - INFO - Action: Push to the right
2025-06-06 18:22:39,707 - INFO - Pennylane simulation
2025-06-06 18:22:39,713 - INFO - Pennylane expZ: [[-0.1962316781282425, 0.12327320128679276, 0.2945671081542969, -0.10370926558971405]]
2025-06-06 18:22:39,713 - INFO - Pennylane Q-values: [[11.656725883483887, 10.606621742248535]]
2025-06-06 18:22:39,713 - INFO - Pennylane action: Push to the left
2025-06-06 18:22:39,729 - INFO - Pennylane -> OpenQASM
2025-06-06 18:22:39,729 - INFO - OpenQASM -> Qiskit
2025-06-06 18:22:39,825 - INFO - Submitting the job to ibm_sherbrooke
2025-06-06 18:22:48,409 - INFO - Job completed!
2025-06-06 18:22:48,409 - INFO - Pauli-Z expectation: [-0.216796875, 0.142578125, 0.1328125, 0.01953125]
2025-06-06 18:22:48,409 - INFO - Q-values: [7.667846202850342, 9.119852066040039]
2025-06-06 18:22:48,409 - INFO - Action: Push to the right
2025-06-06 18:22:48,409 - INFO - Pennylane simulation
2025-06-06 18:22:48,431 - INFO - Pennylane expZ: [[-0.2910064458847046, 0.13506142795085907, 0.26196905970573425, -0.0953373908996582]]
2025-06-06 18:22:48,431 - INFO - Pennylane Q-values: [[10.971246719360352, 10.432619094848633]]
2025-06-06 18:22:48,431 - INFO - Pennylane action: Push to the left
2025-06-06 18:22:48,441 - INFO - Pennylane -> OpenQASM
2025-06-06 18:22:48,441 - INFO - OpenQASM -> Qiskit
2025-06-06 18:22:48,552 - INFO - Submitting the job to ibm_sherbrooke
2025-06-06 18:22:56,422 - INFO - Job completed!
2025-06-06 18:22:56,426 - INFO - Pauli-Z expectation: [0.021484375, 0.259765625, 0.078125, 0.015625]
2025-06-06 18:22:56,426 - INFO - Q-values: [10.654692649841309, 13.11519718170166]
2025-06-06 18:22:56,426 - INFO - Action: Push to the right
2025-06-06 18:22:56,426 - INFO - Pennylane simulation
2025-06-06 18:22:56,441 - INFO - Pennylane expZ: [[-0.3829877972602844, 0.13549849390983582, 0.23121249675750732, -0.08140331506729126]]
2025-06-06 18:22:56,441 - INFO - Pennylane Q-values: [[9.979104042053223, 9.925143241882324]]
2025-06-06 18:22:56,441 - INFO - Pennylane action: Push to the left
2025-06-06 18:22:56,446 - INFO - Pennylane -> OpenQASM
2025-06-06 18:22:56,446 - INFO - OpenQASM -> Qiskit
2025-06-06 18:22:56,563 - INFO - Submitting the job to ibm_sherbrooke
2025-06-06 18:23:05,600 - INFO - Job completed!
2025-06-06 18:23:05,600 - INFO - Pauli-Z expectation: [-0.21875, 0.099609375, 0.29296875, -0.248046875]
2025-06-06 18:23:05,600 - INFO - Q-values: [10.839529991149902, 9.819231986999512]
2025-06-06 18:23:05,600 - INFO - Action: Push to the left
2025-06-06 18:23:05,600 - INFO - Pennylane simulation
2025-06-06 18:23:05,614 - INFO - Pennylane expZ: [[-0.4648241400718689, 0.1274566352367401, 0.20397831499576569, -0.051839761435985565]]
2025-06-06 18:23:05,614 - INFO - Pennylane Q-values: [[8.82813549041748, 9.204977989196777]]
2025-06-06 18:23:05,614 - INFO - Pennylane action: Push to the right
2025-06-06 18:23:05,626 - INFO - Pennylane -> OpenQASM
2025-06-06 18:23:05,626 - INFO - OpenQASM -> Qiskit
2025-06-06 18:23:05,743 - INFO - Submitting the job to ibm_sherbrooke
2025-06-06 18:23:14,336 - INFO - Job completed!
2025-06-06 18:23:14,336 - INFO - Pauli-Z expectation: [-0.224609375, 0.103515625, 0.294921875, -0.09375]
2025-06-06 18:23:14,336 - INFO - Q-values: [11.029693603515625, 9.977852821350098]
2025-06-06 18:23:14,336 - INFO - Action: Push to the left
2025-06-06 18:23:14,336 - INFO - Pennylane simulation
2025-06-06 18:23:14,357 - INFO - Pennylane expZ: [[-0.4192916452884674, 0.11964321881532669, 0.26545342803001404, -0.08824418485164642]]
2025-06-06 18:23:14,357 - INFO - Pennylane Q-values: [[10.586871147155762, 9.99633502960205]]
2025-06-06 18:23:14,357 - INFO - Pennylane action: Push to the left
2025-06-06 18:23:14,373 - INFO - Pennylane -> OpenQASM
2025-06-06 18:23:14,373 - INFO - OpenQASM -> Qiskit
2025-06-06 18:23:14,460 - INFO - Submitting the job to ibm_sherbrooke
2025-06-06 18:23:22,945 - INFO - Job completed!
2025-06-06 18:23:22,951 - INFO - Pauli-Z expectation: [-0.234375, 0.109375, 0.158203125, -0.091796875]
2025-06-06 18:23:22,951 - INFO - Q-values: [6.746032238006592, 7.847860336303711]
2025-06-06 18:23:22,951 - INFO - Action: Push to the right
2025-06-06 18:23:22,951 - INFO - Pennylane simulation
2025-06-06 18:23:22,965 - INFO - Pennylane expZ: [[-0.34058573842048645, 0.11276227235794067, 0.3114488422870636, -0.12099097669124603]]
2025-06-06 18:23:22,965 - INFO - Pennylane Q-values: [[11.86929702758789, 10.555171966552734]]
2025-06-06 18:23:22,965 - INFO - Pennylane action: Push to the left
2025-06-06 18:23:22,973 - INFO - Pennylane -> OpenQASM
2025-06-06 18:23:22,983 - INFO - OpenQASM -> Qiskit
2025-06-06 18:23:23,083 - INFO - Submitting the job to ibm_sherbrooke
2025-06-06 18:23:31,672 - INFO - Job completed!
2025-06-06 18:23:31,672 - INFO - Pauli-Z expectation: [0.01953125, 0.083984375, 0.150390625, -0.17578125]
2025-06-06 18:23:31,672 - INFO - Q-values: [6.691522121429443, 8.067543029785156]
2025-06-06 18:23:31,688 - INFO - Action: Push to the right
2025-06-06 18:23:31,688 - INFO - Pennylane simulation
2025-06-06 18:23:31,688 - INFO - Pennylane expZ: [[-0.4268592894077301, 0.11679627746343613, 0.2825952172279358, -0.09135301411151886]]
2025-06-06 18:23:31,688 - INFO - Pennylane Q-values: [[11.055680274963379, 10.195528030395508]]
2025-06-06 18:23:31,688 - INFO - Pennylane action: Push to the left
2025-06-06 18:23:31,713 - INFO - Pennylane -> OpenQASM
2025-06-06 18:23:31,715 - INFO - OpenQASM -> Qiskit
2025-06-06 18:23:31,800 - INFO - Submitting the job to ibm_sherbrooke
2025-06-06 18:23:39,774 - INFO - Job completed!
2025-06-06 18:23:39,782 - INFO - Pauli-Z expectation: [-0.080078125, 0.162109375, 0.201171875, -0.001953125]
2025-06-06 18:23:39,782 - INFO - Q-values: [9.856419563293457, 10.270737648010254]
2025-06-06 18:23:39,782 - INFO - Action: Push to the right
2025-06-06 18:23:39,782 - INFO - Pennylane simulation
2025-06-06 18:23:39,790 - INFO - Pennylane expZ: [[-0.48663297295570374, 0.11498690396547318, 0.2560707628726959, -0.046707428991794586]]
2025-06-06 18:23:39,790 - INFO - Pennylane Q-values: [[10.129387855529785, 9.687638282775879]]
2025-06-06 18:23:39,790 - INFO - Pennylane action: Push to the left
2025-06-06 18:23:39,812 - INFO - Pennylane -> OpenQASM
2025-06-06 18:23:39,813 - INFO - OpenQASM -> Qiskit
2025-06-06 18:23:39,934 - INFO - Submitting the job to ibm_sherbrooke
2025-06-06 18:23:47,998 - INFO - Job completed!
2025-06-06 18:23:47,998 - INFO - Pauli-Z expectation: [-0.083984375, 0.099609375, 0.40625, -0.27734375]
2025-06-06 18:23:47,998 - INFO - Q-values: [14.545777320861816, 11.74006462097168]
2025-06-06 18:23:47,998 - INFO - Action: Push to the left
2025-06-06 18:23:47,998 - INFO - Pennylane simulation
2025-06-06 18:23:48,009 - INFO - Pennylane expZ: [[-0.5097610950469971, 0.10766661912202835, 0.22865857183933258, 0.012948411516845226]]
2025-06-06 18:23:48,009 - INFO - Pennylane Q-values: [[9.446250915527344, 9.409112930297852]]
2025-06-06 18:23:48,009 - INFO - Pennylane action: Push to the left
2025-06-06 18:23:48,025 - INFO - Pennylane -> OpenQASM
2025-06-06 18:23:48,025 - INFO - OpenQASM -> Qiskit
2025-06-06 18:23:48,216 - INFO - Submitting the job to ibm_sherbrooke
2025-06-06 18:23:57,020 - INFO - Job completed!
2025-06-06 18:23:57,020 - INFO - Pauli-Z expectation: [-0.248046875, -0.166015625, 0.3046875, 0.01171875]
2025-06-06 18:23:57,020 - INFO - Q-values: [8.410757064819336, 7.199070453643799]
2025-06-06 18:23:57,020 - INFO - Action: Push to the left
2025-06-06 18:23:57,020 - INFO - Pennylane simulation
2025-06-06 18:23:57,036 - INFO - Pennylane expZ: [[-0.42819008231163025, 0.12226477265357971, 0.3016945421695709, -0.046411480754613876]]
2025-06-06 18:23:57,036 - INFO - Pennylane Q-values: [[11.857318878173828, 10.695077896118164]]
2025-06-06 18:23:57,036 - INFO - Pennylane action: Push to the left
2025-06-06 18:23:57,052 - INFO - Pennylane -> OpenQASM
2025-06-06 18:23:57,052 - INFO - OpenQASM -> Qiskit
2025-06-06 18:23:57,163 - INFO - Submitting the job to ibm_sherbrooke
2025-06-06 18:24:06,425 - INFO - Job completed!
2025-06-06 18:24:06,438 - INFO - Pauli-Z expectation: [-0.279296875, 0.001953125, 0.3671875, -0.265625]
2025-06-06 18:24:06,438 - INFO - Q-values: [10.111149787902832, 7.940141677856445]
2025-06-06 18:24:06,438 - INFO - Action: Push to the left
2025-06-06 18:24:06,438 - INFO - Pennylane simulation
2025-06-06 18:24:06,452 - INFO - Pennylane expZ: [[-0.3303123712539673, 0.13932321965694427, 0.35405173897743225, -0.09591802954673767]]
2025-06-06 18:24:06,452 - INFO - Pennylane Q-values: [[14.12169361114502, 12.130928993225098]]
2025-06-06 18:24:06,452 - INFO - Pennylane action: Push to the left
2025-06-06 18:24:06,452 - INFO - Pennylane -> OpenQASM
2025-06-06 18:24:06,468 - INFO - OpenQASM -> Qiskit
2025-06-06 18:24:06,577 - INFO - Submitting the job to ibm_sherbrooke
2025-06-06 18:24:14,382 - INFO - Job completed!
2025-06-06 18:24:14,395 - INFO - Pauli-Z expectation: [-0.236328125, 0.064453125, 0.298828125, -0.171875]
2025-06-06 18:24:14,395 - INFO - Q-values: [9.894851684570312, 8.789061546325684]
2025-06-06 18:24:14,395 - INFO - Action: Push to the left
2025-06-06 18:24:14,395 - INFO - Pennylane simulation
2025-06-06 18:24:14,410 - INFO - Pennylane expZ: [[-0.23497402667999268, 0.15357153117656708, 0.38930314779281616, -0.13434526324272156]]
2025-06-06 18:24:14,410 - INFO - Pennylane Q-values: [[15.735579490661621, 13.186442375183105]]
2025-06-06 18:24:14,410 - INFO - Pennylane action: Push to the left
2025-06-06 18:24:14,426 - INFO - Pennylane -> OpenQASM
2025-06-06 18:24:14,426 - INFO - OpenQASM -> Qiskit
2025-06-06 18:24:14,537 - INFO - Submitting the job to ibm_sherbrooke
2025-06-06 18:24:25,182 - INFO - Job completed!
2025-06-06 18:24:25,182 - INFO - Pauli-Z expectation: [-0.162109375, -0.052734375, 0.322265625, -0.26171875]
2025-06-06 18:24:25,182 - INFO - Q-values: [8.578298568725586, 7.115680694580078]
2025-06-06 18:24:25,182 - INFO - Action: Push to the left
2025-06-06 18:24:25,182 - INFO - Pennylane simulation
2025-06-06 18:24:25,202 - INFO - Pennylane expZ: [[-0.1484072059392929, 0.16110393404960632, 0.4128086268901825, -0.16369429230690002]]
2025-06-06 18:24:25,202 - INFO - Pennylane Q-values: [[16.748090744018555, 13.827014923095703]]
2025-06-06 18:24:25,202 - INFO - Pennylane action: Push to the left
2025-06-06 18:24:25,216 - INFO - Pennylane -> OpenQASM
2025-06-06 18:24:25,216 - INFO - OpenQASM -> Qiskit
2025-06-06 18:24:25,368 - INFO - Submitting the job to ibm_sherbrooke
2025-06-06 18:24:34,214 - INFO - Job completed!
2025-06-06 18:24:34,226 - INFO - Pauli-Z expectation: [-0.048828125, 0.00390625, 0.474609375, -0.126953125]
2025-06-06 18:24:34,226 - INFO - Q-values: [13.688828468322754, 9.824372291564941]
2025-06-06 18:24:34,226 - INFO - Action: Push to the left
2025-06-06 18:24:34,226 - INFO - Pennylane simulation
2025-06-06 18:24:34,242 - INFO - Pennylane expZ: [[-0.07073166966438293, 0.1595572829246521, 0.4279983341693878, -0.18438968062400818]]
2025-06-06 18:24:34,242 - INFO - Pennylane Q-values: [[17.1950626373291, 14.034884452819824]]
2025-06-06 18:24:34,245 - INFO - Pennylane action: Push to the left
2025-06-06 18:24:34,259 - INFO - Pennylane -> OpenQASM
2025-06-06 18:24:34,259 - INFO - OpenQASM -> Qiskit
2025-06-06 18:24:34,338 - INFO - Submitting the job to ibm_sherbrooke
2025-06-06 18:24:43,234 - INFO - Job completed!
2025-06-06 18:24:43,234 - INFO - Pauli-Z expectation: [0.15625, 0.037109375, 0.42578125, -0.203125]
2025-06-06 18:24:43,234 - INFO - Q-values: [21.339054107666016, 19.406572341918945]
2025-06-06 18:24:43,234 - INFO - Action: Push to the left
2025-06-06 18:24:43,234 - INFO - Pennylane simulation
2025-06-06 18:24:43,240 - INFO - Pennylane expZ: [[-0.00026549474569037557, 0.14815008640289307, 0.43490153551101685, -0.19456690549850464]]
2025-06-06 18:24:43,240 - INFO - Pennylane Q-values: [[17.05219268798828, 13.785439491271973]]
2025-06-06 18:24:43,240 - INFO - Pennylane action: Push to the left
2025-06-06 18:24:43,266 - INFO - Pennylane -> OpenQASM
2025-06-06 18:24:43,272 - INFO - OpenQASM -> Qiskit
2025-06-06 18:24:43,382 - INFO - Submitting the job to ibm_sherbrooke
2025-06-06 18:24:52,487 - INFO - Job completed!
2025-06-06 18:24:52,487 - INFO - Pauli-Z expectation: [0.06640625, -0.013671875, 0.45703125, -0.1484375]
2025-06-06 18:24:52,487 - INFO - Q-values: [16.461618423461914, 13.371742248535156]
2025-06-06 18:24:52,487 - INFO - Action: Push to the left
2025-06-06 18:24:52,487 - INFO - Pennylane simulation
2025-06-06 18:24:52,499 - INFO - Pennylane expZ: [[0.06525923311710358, 0.12791381776332855, 0.4299507439136505, -0.1909988522529602]]
2025-06-06 18:24:52,499 - INFO - Pennylane Q-values: [[19.65026092529297, 16.953670501708984]]
2025-06-06 18:24:52,499 - INFO - Pennylane action: Push to the left
2025-06-06 18:24:52,515 - INFO - Pennylane -> OpenQASM
2025-06-06 18:24:52,515 - INFO - OpenQASM -> Qiskit
2025-06-06 18:24:52,620 - INFO - Submitting the job to ibm_sherbrooke
2025-06-06 18:25:00,905 - INFO - Job completed!
2025-06-06 18:25:00,907 - INFO - Pauli-Z expectation: [0.193359375, -0.1953125, 0.314453125, -0.12890625]
2025-06-06 18:25:00,908 - INFO - Q-values: [18.438636779785156, 18.54563331604004]
2025-06-06 18:25:00,908 - INFO - Action: Push to the right
2025-06-06 18:25:00,908 - INFO - Pennylane simulation
2025-06-06 18:25:00,921 - INFO - Pennylane expZ: [[0.12989377975463867, 0.1022583544254303, 0.407077819108963, -0.1711948812007904]]
2025-06-06 18:25:00,921 - INFO - Pennylane Q-values: [[21.454113006591797, 19.606544494628906]]
2025-06-06 18:25:00,922 - INFO - Pennylane action: Push to the left
2025-06-06 18:25:00,931 - INFO - Pennylane -> OpenQASM
2025-06-06 18:25:00,931 - INFO - OpenQASM -> Qiskit
2025-06-06 18:25:01,249 - INFO - Submitting the job to ibm_sherbrooke
2025-06-06 18:25:09,199 - INFO - Job completed!
2025-06-06 18:25:09,199 - INFO - Pauli-Z expectation: [0.119140625, 0.03125, 0.310546875, -0.248046875]
2025-06-06 18:25:09,199 - INFO - Q-values: [15.438063621520996, 15.045315742492676]
2025-06-06 18:25:09,199 - INFO - Action: Push to the left
2025-06-06 18:25:09,199 - INFO - Pennylane simulation
2025-06-06 18:25:09,212 - INFO - Pennylane expZ: [[0.01787278801202774, 0.10265585035085678, 0.40038061141967773, -0.1783997267484665]]
2025-06-06 18:25:09,212 - INFO - Pennylane Q-values: [[15.387269020080566, 12.807170867919922]]
2025-06-06 18:25:09,212 - INFO - Pennylane action: Push to the left
2025-06-06 18:25:09,237 - INFO - Pennylane -> OpenQASM
2025-06-06 18:25:09,237 - INFO - OpenQASM -> Qiskit
2025-06-06 18:25:09,339 - INFO - Submitting the job to ibm_sherbrooke
2025-06-06 18:25:18,283 - INFO - Job completed!
2025-06-06 18:25:18,283 - INFO - Pauli-Z expectation: [-0.009765625, -0.013671875, 0.365234375, -0.17578125]
2025-06-06 18:25:18,283 - INFO - Q-values: [9.98411750793457, 7.844272613525391]
2025-06-06 18:25:18,291 - INFO - Action: Push to the left
2025-06-06 18:25:18,291 - INFO - Pennylane simulation
2025-06-06 18:25:18,291 - INFO - Pennylane expZ: [[0.11173486709594727, 0.0876658707857132, 0.36903005838394165, -0.15035875141620636]]
2025-06-06 18:25:18,291 - INFO - Pennylane Q-values: [[18.787595748901367, 17.40669822692871]]
2025-06-06 18:25:18,291 - INFO - Pennylane action: Push to the left
2025-06-06 18:25:18,307 - INFO - Pennylane -> OpenQASM
2025-06-06 18:25:18,320 - INFO - OpenQASM -> Qiskit
2025-06-06 18:25:18,403 - INFO - Submitting the job to ibm_sherbrooke
2025-06-06 18:25:26,058 - INFO - Job completed!
2025-06-06 18:25:26,058 - INFO - Pauli-Z expectation: [0.22265625, -0.02734375, 0.390625, 0.1171875]
2025-06-06 18:25:26,058 - INFO - Q-values: [26.539152145385742, 25.40361213684082]
2025-06-06 18:25:26,058 - INFO - Action: Push to the left
2025-06-06 18:25:26,058 - INFO - Pennylane simulation
2025-06-06 18:25:26,073 - INFO - Pennylane expZ: [[0.21276676654815674, 0.07929965108633041, 0.3210389316082001, -0.11199648678302765]]
2025-06-06 18:25:26,073 - INFO - Pennylane Q-values: [[22.232696533203125, 22.365612030029297]]
2025-06-06 18:25:26,073 - INFO - Pennylane action: Push to the right
2025-06-06 18:25:26,089 - INFO - Pennylane -> OpenQASM
2025-06-06 18:25:26,089 - INFO - OpenQASM -> Qiskit
2025-06-06 18:25:26,224 - INFO - Submitting the job to ibm_sherbrooke
2025-06-06 18:25:42,780 - INFO - Job completed!
2025-06-06 18:25:42,786 - INFO - Pauli-Z expectation: [0.16015625, -0.068359375, 0.263671875, -0.02734375]
2025-06-06 18:25:42,786 - INFO - Q-values: [15.040133476257324, 15.699102401733398]
2025-06-06 18:25:42,786 - INFO - Action: Push to the right
2025-06-06 18:25:42,786 - INFO - Pennylane simulation
2025-06-06 18:25:42,786 - INFO - Pennylane expZ: [[0.31341981887817383, 0.08559286594390869, 0.2611792981624603, -0.07586555927991867]]
2025-06-06 18:25:42,786 - INFO - Pennylane Q-values: [[25.743518829345703, 27.57161521911621]]
2025-06-06 18:25:42,786 - INFO - Pennylane action: Push to the right
2025-06-06 18:25:42,802 - INFO - Pennylane -> OpenQASM
2025-06-06 18:25:42,802 - INFO - OpenQASM -> Qiskit
2025-06-06 18:25:42,929 - INFO - Submitting the job to ibm_sherbrooke
2025-06-06 18:25:51,649 - INFO - Job completed!
2025-06-06 18:25:51,649 - INFO - Pauli-Z expectation: [0.212890625, 0.17578125, 0.1796875, -0.0546875]
2025-06-06 18:25:51,649 - INFO - Q-values: [20.733190536499023, 23.076047897338867]
2025-06-06 18:25:51,649 - INFO - Action: Push to the right
2025-06-06 18:25:51,649 - INFO - Pennylane simulation
2025-06-06 18:25:51,662 - INFO - Pennylane expZ: [[0.2761673331260681, 0.14857617020606995, 0.2671540677547455, -0.05056801065802574]]
2025-06-06 18:25:51,662 - INFO - Pennylane Q-values: [[26.02591896057129, 27.468887329101562]]
2025-06-06 18:25:51,662 - INFO - Pennylane action: Push to the right
2025-06-06 18:25:51,690 - INFO - Pennylane -> OpenQASM
2025-06-06 18:25:51,690 - INFO - OpenQASM -> Qiskit
2025-06-06 18:25:51,813 - INFO - Submitting the job to ibm_sherbrooke
2025-06-06 18:26:00,161 - INFO - Job completed!
2025-06-06 18:26:00,161 - INFO - Pauli-Z expectation: [-0.0078125, 0.345703125, 0.146484375, 0.0546875]
2025-06-06 18:26:00,161 - INFO - Q-values: [15.90360164642334, 17.022167205810547]
2025-06-06 18:26:00,161 - INFO - Action: Push to the right
2025-06-06 18:26:00,161 - INFO - Pennylane simulation
2025-06-06 18:26:00,177 - INFO - Pennylane expZ: [[0.22553618252277374, 0.21464361250400543, 0.25134843587875366, -0.025439228862524033]]
2025-06-06 18:26:00,177 - INFO - Pennylane Q-values: [[24.995487213134766, 26.295921325683594]]
2025-06-06 18:26:00,177 - INFO - Pennylane action: Push to the right
2025-06-06 18:26:00,193 - INFO - Pennylane -> OpenQASM
2025-06-06 18:26:00,193 - INFO - OpenQASM -> Qiskit
2025-06-06 18:26:00,286 - INFO - Submitting the job to ibm_sherbrooke
2025-06-06 18:26:08,757 - INFO - Job completed!
2025-06-06 18:26:08,757 - INFO - Pauli-Z expectation: [-0.044921875, 0.20703125, 0.1953125, 0.04296875]
2025-06-06 18:26:08,757 - INFO - Q-values: [12.61116886138916, 13.013317108154297]
2025-06-06 18:26:08,757 - INFO - Action: Push to the right
2025-06-06 18:26:08,757 - INFO - Pennylane simulation
2025-06-06 18:26:08,775 - INFO - Pennylane expZ: [[0.16595938801765442, 0.2632882595062256, 0.217603400349617, -0.011145384050905704]]
2025-06-06 18:26:08,775 - INFO - Pennylane Q-values: [[22.346952438354492, 23.724071502685547]]
2025-06-06 18:26:08,775 - INFO - Pennylane action: Push to the right
2025-06-06 18:26:08,787 - INFO - Pennylane -> OpenQASM
2025-06-06 18:26:08,787 - INFO - OpenQASM -> Qiskit
2025-06-06 18:26:08,910 - INFO - Submitting the job to ibm_sherbrooke
2025-06-06 18:26:17,159 - INFO - Job completed!
2025-06-06 18:26:17,170 - INFO - Pauli-Z expectation: [0.0703125, 0.142578125, 0.1171875, 0.07421875]
2025-06-06 18:26:17,170 - INFO - Q-values: [12.737139701843262, 14.839527130126953]
2025-06-06 18:26:17,170 - INFO - Action: Push to the right
2025-06-06 18:26:17,170 - INFO - Pennylane simulation
2025-06-06 18:26:17,170 - INFO - Pennylane expZ: [[0.0970638245344162, 0.28807732462882996, 0.18066860735416412, -0.015422621741890907]]
2025-06-06 18:26:17,186 - INFO - Pennylane Q-values: [[18.33542823791504, 19.774446487426758]]
2025-06-06 18:26:17,186 - INFO - Pennylane action: Push to the right
2025-06-06 18:26:17,186 - INFO - Pennylane -> OpenQASM
2025-06-06 18:26:17,202 - INFO - OpenQASM -> Qiskit
2025-06-06 18:26:17,297 - INFO - Submitting the job to ibm_sherbrooke
2025-06-06 18:26:25,735 - INFO - Job completed!
2025-06-06 18:26:25,738 - INFO - Pauli-Z expectation: [-0.12109375, 0.169921875, -0.07421875, 0.064453125]
2025-06-06 18:26:25,738 - INFO - Q-values: [5.768778324127197, 9.208585739135742]
2025-06-06 18:26:25,738 - INFO - Action: Push to the right
2025-06-06 18:26:25,738 - INFO - Pennylane simulation
2025-06-06 18:26:25,754 - INFO - Pennylane expZ: [[0.01962275058031082, 0.29147541522979736, 0.15100756287574768, -0.038900796324014664]]
2025-06-06 18:26:25,754 - INFO - Pennylane Q-values: [[13.423370361328125, 14.74989128112793]]
2025-06-06 18:26:25,754 - INFO - Pennylane action: Push to the right
2025-06-06 18:26:25,770 - INFO - Pennylane -> OpenQASM
2025-06-06 18:26:25,770 - INFO - OpenQASM -> Qiskit
2025-06-06 18:26:26,041 - INFO - Submitting the job to ibm_sherbrooke
2025-06-06 18:26:36,946 - INFO - Job completed!
2025-06-06 18:26:36,946 - INFO - Pauli-Z expectation: [-0.1015625, 0.130859375, 0.0234375, 0.078125]
2025-06-06 18:26:36,946 - INFO - Q-values: [5.748437881469727, 8.795997619628906]
2025-06-06 18:26:36,952 - INFO - Action: Push to the right
2025-06-06 18:26:36,952 - INFO - Pennylane simulation
2025-06-06 18:26:36,968 - INFO - Pennylane expZ: [[-0.06473404169082642, 0.2787226438522339, 0.13173723220825195, -0.07501380890607834]]
2025-06-06 18:26:36,969 - INFO - Pennylane Q-values: [[11.354083061218262, 12.840014457702637]]
2025-06-06 18:26:36,969 - INFO - Pennylane action: Push to the right
2025-06-06 18:26:36,984 - INFO - Pennylane -> OpenQASM
2025-06-06 18:26:36,984 - INFO - OpenQASM -> Qiskit
2025-06-06 18:26:37,079 - INFO - Submitting the job to ibm_sherbrooke
2025-06-06 18:26:45,407 - INFO - Job completed!
2025-06-06 18:26:45,410 - INFO - Pauli-Z expectation: [0.119140625, 0.31640625, -0.076171875, -0.048828125]
2025-06-06 18:26:45,410 - INFO - Q-values: [14.495133399963379, 18.941282272338867]
2025-06-06 18:26:45,410 - INFO - Action: Push to the right
2025-06-06 18:26:45,410 - INFO - Pennylane simulation
2025-06-06 18:26:45,425 - INFO - Pennylane expZ: [[-0.1553448587656021, 0.25455442070961, 0.12090054899454117, -0.11058681458234787]]
2025-06-06 18:26:45,426 - INFO - Pennylane Q-values: [[10.218330383300781, 11.879770278930664]]
2025-06-06 18:26:45,426 - INFO - Pennylane action: Push to the right
2025-06-06 18:26:45,441 - INFO - Pennylane -> OpenQASM
2025-06-06 18:26:45,443 - INFO - OpenQASM -> Qiskit
2025-06-06 18:26:45,558 - INFO - Submitting the job to ibm_sherbrooke
2025-06-06 18:26:54,116 - INFO - Job completed!
2025-06-06 18:26:54,132 - INFO - Pauli-Z expectation: [-0.1484375, -0.015625, -0.009765625, -0.02734375]
2025-06-06 18:26:54,132 - INFO - Q-values: [-1.965340256690979, 1.6512423753738403]
2025-06-06 18:26:54,134 - INFO - Action: Push to the right
2025-06-06 18:26:54,134 - INFO - Pennylane simulation
2025-06-06 18:26:54,158 - INFO - Pennylane expZ: [[-0.2519420087337494, 0.22273045778274536, 0.11503209173679352, -0.12564751505851746]]
2025-06-06 18:26:54,158 - INFO - Pennylane Q-values: [[8.997662544250488, 10.757800102233887]]
2025-06-06 18:26:54,160 - INFO - Pennylane action: Push to the right
2025-06-06 18:26:54,181 - INFO - Pennylane -> OpenQASM
2025-06-06 18:26:54,185 - INFO - OpenQASM -> Qiskit
2025-06-06 18:26:54,323 - INFO - Submitting the job to ibm_sherbrooke
2025-06-06 18:27:05,406 - INFO - Job completed!
2025-06-06 18:27:05,406 - INFO - Pauli-Z expectation: [-0.33984375, -0.033203125, 0.001953125, 0.009765625]
2025-06-06 18:27:05,420 - INFO - Q-values: [-1.5618007183074951, 2.0022354125976562]
2025-06-06 18:27:05,420 - INFO - Action: Push to the right
2025-06-06 18:27:05,420 - INFO - Pennylane simulation
2025-06-06 18:27:05,422 - INFO - Pennylane expZ: [[-0.35049453377723694, 0.18705110251903534, 0.11275362968444824, -0.09676603972911835]]
2025-06-06 18:27:05,422 - INFO - Pennylane Q-values: [[7.769829273223877, 9.572834968566895]]
2025-06-06 18:27:05,422 - INFO - Pennylane action: Push to the right
2025-06-06 18:27:05,438 - INFO - Pennylane -> OpenQASM
2025-06-06 18:27:05,438 - INFO - OpenQASM -> Qiskit
2025-06-06 18:27:05,612 - INFO - Submitting the job to ibm_sherbrooke
2025-06-06 18:27:14,545 - INFO - Job completed!
2025-06-06 18:27:14,545 - INFO - Pauli-Z expectation: [-0.2890625, 0.037109375, 0.107421875, -0.046875]
2025-06-06 18:27:14,545 - INFO - Q-values: [2.74871826171875, 4.664997100830078]
2025-06-06 18:27:14,545 - INFO - Action: Push to the right
2025-06-06 18:27:14,545 - INFO - Pennylane simulation
2025-06-06 18:27:14,566 - INFO - Pennylane expZ: [[-0.43824875354766846, 0.15191856026649475, 0.11561297625303268, -0.011639381758868694]]
2025-06-06 18:27:14,566 - INFO - Pennylane Q-values: [[6.7277655601501465, 8.492557525634766]]
2025-06-06 18:27:14,566 - INFO - Pennylane action: Push to the right
2025-06-06 18:27:14,585 - INFO - Pennylane -> OpenQASM
2025-06-06 18:27:14,591 - INFO - OpenQASM -> Qiskit
2025-06-06 18:27:14,704 - INFO - Submitting the job to ibm_sherbrooke
2025-06-06 18:27:22,704 - INFO - Job completed!
2025-06-06 18:27:22,709 - INFO - Pauli-Z expectation: [-0.05859375, 0.0390625, 0.09765625, -0.140625]
2025-06-06 18:27:22,709 - INFO - Q-values: [2.4923462867736816, 4.562159538269043]
2025-06-06 18:27:22,709 - INFO - Action: Push to the right
2025-06-06 18:27:22,709 - INFO - Pennylane simulation
2025-06-06 18:27:22,725 - INFO - Pennylane expZ: [[-0.4951392412185669, 0.12007129192352295, 0.1207769513130188, 0.1076359748840332]]
2025-06-06 18:27:22,725 - INFO - Pennylane Q-values: [[9.610766410827637, 11.060503959655762]]
2025-06-06 18:27:22,725 - INFO - Pennylane action: Push to the right
2025-06-06 18:27:22,740 - INFO - Pennylane -> OpenQASM
2025-06-06 18:27:22,740 - INFO - OpenQASM -> Qiskit
2025-06-06 18:27:22,851 - INFO - Submitting the job to ibm_sherbrooke
2025-06-06 18:27:31,267 - INFO - Job completed!
2025-06-06 18:27:31,267 - INFO - Pauli-Z expectation: [-0.130859375, -0.09375, -0.107421875, 0.0390625]
2025-06-06 18:27:31,267 - INFO - Q-values: [-0.6067856550216675, 2.922743082046509]
2025-06-06 18:27:31,267 - INFO - Action: Push to the right
2025-06-06 18:27:31,267 - INFO - Pennylane simulation
2025-06-06 18:27:31,286 - INFO - Pennylane expZ: [[-0.5019945502281189, 0.08722947537899017, 0.10969498753547668, 0.20613841712474823]]
2025-06-06 18:27:31,286 - INFO - Pennylane Q-values: [[11.612442970275879, 13.023726463317871]]
2025-06-06 18:27:31,286 - INFO - Pennylane action: Push to the right
2025-06-06 18:27:31,299 - INFO - Pennylane -> OpenQASM
2025-06-06 18:27:31,299 - INFO - OpenQASM -> Qiskit
2025-06-06 18:27:31,409 - INFO - Submitting the job to ibm_sherbrooke
2025-06-06 18:27:39,661 - INFO - Job completed!
2025-06-06 18:27:39,673 - INFO - Pauli-Z expectation: [-0.2109375, 0.00390625, 0.181640625, -0.1015625]
2025-06-06 18:27:39,673 - INFO - Q-values: [4.103703022003174, 4.856701374053955]
2025-06-06 18:27:39,673 - INFO - Action: Push to the right
2025-06-06 18:27:39,673 - INFO - Pennylane simulation
2025-06-06 18:27:39,689 - INFO - Pennylane expZ: [[-0.4381740987300873, 0.04036499559879303, 0.06232944130897522, 0.25747591257095337]]
2025-06-06 18:27:39,689 - INFO - Pennylane Q-values: [[10.333406448364258, 12.385943412780762]]
2025-06-06 18:27:39,689 - INFO - Pennylane action: Push to the right
2025-06-06 18:27:39,706 - INFO - Pennylane -> OpenQASM
2025-06-06 18:27:39,706 - INFO - OpenQASM -> Qiskit
2025-06-06 18:27:39,817 - INFO - Submitting the job to ibm_sherbrooke
2025-06-06 18:27:49,269 - INFO - Job completed!
2025-06-06 18:27:49,269 - INFO - Pauli-Z expectation: [-0.04296875, -0.11328125, 0.279296875, 0.0390625]
2025-06-06 18:27:49,275 - INFO - Q-values: [8.531034469604492, 7.6585893630981445]
2025-06-06 18:27:49,275 - INFO - Action: Push to the left
2025-06-06 18:27:49,275 - INFO - Pennylane simulation
2025-06-06 18:27:49,291 - INFO - Pennylane expZ: [[-0.2776615619659424, -0.029940331354737282, 0.005915805697441101, 0.3134938180446625]]
2025-06-06 18:27:49,291 - INFO - Pennylane Q-values: [[9.131209373474121, 11.955907821655273]]
2025-06-06 18:27:49,291 - INFO - Pennylane action: Push to the right
2025-06-06 18:27:49,291 - INFO - Episode Reward: 36.0

2025-06-06 18:27:49,291 - INFO - --- Episode 4/10 ---
2025-06-06 18:27:49,291 - INFO - Pennylane -> OpenQASM
2025-06-06 18:27:49,307 - INFO - OpenQASM -> Qiskit
2025-06-06 18:27:49,591 - INFO - Submitting the job to ibm_sherbrooke
2025-06-06 18:27:57,327 - INFO - Job completed!
2025-06-06 18:27:57,327 - INFO - Pauli-Z expectation: [-0.240234375, 0.05859375, 0.17578125, -0.06640625]
2025-06-06 18:27:57,334 - INFO - Q-values: [5.679702281951904, 6.514385223388672]
2025-06-06 18:27:57,334 - INFO - Action: Push to the right
2025-06-06 18:27:57,334 - INFO - Pennylane simulation
2025-06-06 18:27:57,350 - INFO - Pennylane expZ: [[-0.25726523995399475, 0.14560174942016602, 0.2452344000339508, -0.0870349109172821]]
2025-06-06 18:27:57,350 - INFO - Pennylane Q-values: [[10.764436721801758, 10.487507820129395]]
2025-06-06 18:27:57,351 - INFO - Pennylane action: Push to the left
2025-06-06 18:27:57,351 - INFO - Pennylane -> OpenQASM
2025-06-06 18:27:57,351 - INFO - OpenQASM -> Qiskit
2025-06-06 18:27:57,445 - INFO - Submitting the job to ibm_sherbrooke
2025-06-06 18:28:07,413 - INFO - Job completed!
2025-06-06 18:28:07,413 - INFO - Pauli-Z expectation: [-0.171875, 0.0078125, 0.021484375, 0.033203125]
2025-06-06 18:28:07,413 - INFO - Q-values: [0.14486944675445557, 3.3473191261291504]
2025-06-06 18:28:07,413 - INFO - Action: Push to the right
2025-06-06 18:28:07,413 - INFO - Pennylane simulation
2025-06-06 18:28:07,424 - INFO - Pennylane expZ: [[-0.349481999874115, 0.14480270445346832, 0.21384190022945404, -0.07990936934947968]]
2025-06-06 18:28:07,424 - INFO - Pennylane Q-values: [[9.711533546447754, 9.929533958435059]]
2025-06-06 18:28:07,424 - INFO - Pennylane action: Push to the right
2025-06-06 18:28:07,446 - INFO - Pennylane -> OpenQASM
2025-06-06 18:28:07,446 - INFO - OpenQASM -> Qiskit
2025-06-06 18:28:07,615 - INFO - Submitting the job to ibm_sherbrooke
2025-06-06 18:28:18,108 - INFO - Job completed!
2025-06-06 18:28:18,108 - INFO - Pauli-Z expectation: [-0.259765625, -0.0859375, 0.208984375, 0.05859375]
2025-06-06 18:28:18,108 - INFO - Q-values: [6.909882068634033, 7.1020989418029785]
2025-06-06 18:28:18,108 - INFO - Action: Push to the right
2025-06-06 18:28:18,108 - INFO - Pennylane simulation
2025-06-06 18:28:18,124 - INFO - Pennylane expZ: [[-0.4375667870044708, 0.13444630801677704, 0.18539337813854218, -0.05766739323735237]]
2025-06-06 18:28:18,124 - INFO - Pennylane Q-values: [[8.446019172668457, 9.114415168762207]]
2025-06-06 18:28:18,124 - INFO - Pennylane action: Push to the right
2025-06-06 18:28:18,140 - INFO - Pennylane -> OpenQASM
2025-06-06 18:28:18,140 - INFO - OpenQASM -> Qiskit
2025-06-06 18:28:18,256 - INFO - Submitting the job to ibm_sherbrooke
2025-06-06 18:28:28,025 - INFO - Job completed!
2025-06-06 18:28:28,025 - INFO - Pauli-Z expectation: [-0.267578125, -0.01171875, 0.228515625, -0.18359375]
2025-06-06 18:28:28,031 - INFO - Q-values: [5.511058330535889, 5.526025772094727]
2025-06-06 18:28:28,031 - INFO - Action: Push to the right
2025-06-06 18:28:28,031 - INFO - Pennylane simulation
2025-06-06 18:28:28,037 - INFO - Pennylane expZ: [[-0.5080159306526184, 0.11840227991342545, 0.1608600616455078, -0.011813276447355747]]
2025-06-06 18:28:28,037 - INFO - Pennylane Q-values: [[7.124755382537842, 8.182947158813477]]
2025-06-06 18:28:28,037 - INFO - Pennylane action: Push to the right
2025-06-06 18:28:28,053 - INFO - Pennylane -> OpenQASM
2025-06-06 18:28:28,053 - INFO - OpenQASM -> Qiskit
2025-06-06 18:28:28,164 - INFO - Submitting the job to ibm_sherbrooke
2025-06-06 18:28:41,359 - INFO - Job completed!
2025-06-06 18:28:41,359 - INFO - Pauli-Z expectation: [-0.265625, -0.060546875, 0.078125, -0.12890625]
2025-06-06 18:28:41,364 - INFO - Q-values: [0.5906933546066284, 2.975954532623291]
2025-06-06 18:28:41,364 - INFO - Action: Push to the right
2025-06-06 18:28:41,364 - INFO - Pennylane simulation
2025-06-06 18:28:41,380 - INFO - Pennylane expZ: [[-0.5439320802688599, 0.09863760322332382, 0.13871897757053375, 0.05394478142261505]]
2025-06-06 18:28:41,380 - INFO - Pennylane Q-values: [[7.637637615203857, 8.928427696228027]]
2025-06-06 18:28:41,380 - INFO - Pennylane action: Push to the right
2025-06-06 18:28:41,395 - INFO - Pennylane -> OpenQASM
2025-06-06 18:28:41,395 - INFO - OpenQASM -> Qiskit
2025-06-06 18:28:41,507 - INFO - Submitting the job to ibm_sherbrooke
2025-06-06 18:28:49,787 - INFO - Job completed!
2025-06-06 18:28:49,793 - INFO - Pauli-Z expectation: [-0.095703125, 0.03125, 0.142578125, 0.076171875]
2025-06-06 18:28:49,794 - INFO - Q-values: [6.358718395233154, 7.552289962768555]
2025-06-06 18:28:49,794 - INFO - Action: Push to the right
2025-06-06 18:28:49,794 - INFO - Pennylane simulation
2025-06-06 18:28:49,810 - INFO - Pennylane expZ: [[-0.531722903251648, 0.07266397029161453, 0.11074333637952805, 0.12229987978935242]]
2025-06-06 18:28:49,810 - INFO - Pennylane Q-values: [[8.260110855102539, 9.844552040100098]]
2025-06-06 18:28:49,813 - INFO - Pennylane action: Push to the right
2025-06-06 18:28:49,833 - INFO - Pennylane -> OpenQASM
2025-06-06 18:28:49,833 - INFO - OpenQASM -> Qiskit
2025-06-06 18:28:50,077 - INFO - Submitting the job to ibm_sherbrooke
2025-06-06 18:28:58,458 - INFO - Job completed!
2025-06-06 18:28:58,458 - INFO - Pauli-Z expectation: [-0.146484375, -0.083984375, 0.240234375, -0.251953125]
2025-06-06 18:28:58,458 - INFO - Q-values: [5.894463539123535, 5.724732875823975]
2025-06-06 18:28:58,458 - INFO - Action: Push to the left
2025-06-06 18:28:58,458 - INFO - Pennylane simulation
2025-06-06 18:28:58,475 - INFO - Pennylane expZ: [[-0.4642307460308075, 0.032782405614852905, 0.0648103579878807, 0.18088796734809875]]
2025-06-06 18:28:58,475 - INFO - Pennylane Q-values: [[7.505826473236084, 9.691421508789062]]
2025-06-06 18:28:58,475 - INFO - Pennylane action: Push to the right
2025-06-06 18:28:58,490 - INFO - Pennylane -> OpenQASM
2025-06-06 18:28:58,490 - INFO - OpenQASM -> Qiskit
2025-06-06 18:28:58,594 - INFO - Submitting the job to ibm_sherbrooke
2025-06-06 18:29:08,152 - INFO - Job completed!
2025-06-06 18:29:08,154 - INFO - Pauli-Z expectation: [-0.048828125, -0.06640625, 0.23046875, -0.2578125]
2025-06-06 18:29:08,154 - INFO - Q-values: [5.5749592781066895, 5.559143543243408]
2025-06-06 18:29:08,154 - INFO - Action: Push to the left
2025-06-06 18:29:08,154 - INFO - Pennylane simulation
2025-06-06 18:29:08,170 - INFO - Pennylane expZ: [[-0.35738474130630493, 0.05297015234827995, 0.13375581800937653, 0.1651570200920105]]
2025-06-06 18:29:08,170 - INFO - Pennylane Q-values: [[9.866966247558594, 10.997039794921875]]
2025-06-06 18:29:08,170 - INFO - Pennylane action: Push to the right
2025-06-06 18:29:08,186 - INFO - Pennylane -> OpenQASM
2025-06-06 18:29:08,186 - INFO - OpenQASM -> Qiskit
2025-06-06 18:29:08,281 - INFO - Submitting the job to ibm_sherbrooke
2025-06-06 18:29:15,855 - INFO - Job completed!
2025-06-06 18:29:15,856 - INFO - Pauli-Z expectation: [-0.150390625, -0.12109375, 0.140625, -0.013671875]
2025-06-06 18:29:15,856 - INFO - Q-values: [2.6355204582214355, 4.035724639892578]
2025-06-06 18:29:15,856 - INFO - Action: Push to the right
2025-06-06 18:29:15,856 - INFO - Pennylane simulation
2025-06-06 18:29:15,872 - INFO - Pennylane expZ: [[-0.24825404584407806, 0.08596338331699371, 0.17286553978919983, 0.17883719503879547]]
2025-06-06 18:29:15,872 - INFO - Pennylane Q-values: [[12.688775062561035, 13.165521621704102]]
2025-06-06 18:29:15,872 - INFO - Pennylane action: Push to the right
2025-06-06 18:29:15,872 - INFO - Episode Reward: 9.0

2025-06-06 18:29:15,872 - INFO - --- Episode 5/10 ---
2025-06-06 18:29:15,888 - INFO - Pennylane -> OpenQASM
2025-06-06 18:29:15,892 - INFO - OpenQASM -> Qiskit
2025-06-06 18:29:15,994 - INFO - Submitting the job to ibm_sherbrooke
2025-06-06 18:29:25,596 - INFO - Job completed!
2025-06-06 18:29:25,609 - INFO - Pauli-Z expectation: [-0.041015625, 0.111328125, 0.087890625, 0.06640625]
2025-06-06 18:29:25,609 - INFO - Q-values: [6.818276882171631, 8.879920959472656]
2025-06-06 18:29:25,609 - INFO - Action: Push to the right
2025-06-06 18:29:25,609 - INFO - Pennylane simulation
2025-06-06 18:29:25,628 - INFO - Pennylane expZ: [[-0.22919146716594696, 0.15955370664596558, 0.24164381623268127, -0.08448652923107147]]
2025-06-06 18:29:25,628 - INFO - Pennylane Q-values: [[11.097941398620605, 10.874882698059082]]
2025-06-06 18:29:25,628 - INFO - Pennylane action: Push to the left
2025-06-06 18:29:25,643 - INFO - Pennylane -> OpenQASM
2025-06-06 18:29:25,643 - INFO - OpenQASM -> Qiskit
2025-06-06 18:29:25,910 - INFO - Submitting the job to ibm_sherbrooke
2025-06-06 18:29:33,578 - INFO - Job completed!
2025-06-06 18:29:33,578 - INFO - Pauli-Z expectation: [-0.12890625, 0.14453125, 0.140625, 0.04296875]
2025-06-06 18:29:33,578 - INFO - Q-values: [8.801714897155762, 10.077974319458008]
2025-06-06 18:29:33,578 - INFO - Action: Push to the right
2025-06-06 18:29:33,578 - INFO - Pennylane simulation
2025-06-06 18:29:33,606 - INFO - Pennylane expZ: [[-0.3221142888069153, 0.15752430260181427, 0.21130533516407013, -0.08161116391420364]]
2025-06-06 18:29:33,606 - INFO - Pennylane Q-values: [[10.039752960205078, 10.295251846313477]]
2025-06-06 18:29:33,606 - INFO - Pennylane action: Push to the right
2025-06-06 18:29:33,610 - INFO - Pennylane -> OpenQASM
2025-06-06 18:29:33,610 - INFO - OpenQASM -> Qiskit
2025-06-06 18:29:33,722 - INFO - Submitting the job to ibm_sherbrooke
2025-06-06 18:29:42,867 - INFO - Job completed!
2025-06-06 18:29:42,867 - INFO - Pauli-Z expectation: [-0.181640625, 0.21875, 0.158203125, -0.162109375]
2025-06-06 18:29:42,867 - INFO - Q-values: [10.2814359664917, 11.36193561553955]
2025-06-06 18:29:42,867 - INFO - Action: Push to the right
2025-06-06 18:29:42,867 - INFO - Pennylane simulation
2025-06-06 18:29:42,883 - INFO - Pennylane expZ: [[-0.41401708126068115, 0.14554350078105927, 0.18388055264949799, -0.06353378295898438]]
2025-06-06 18:29:42,883 - INFO - Pennylane Q-values: [[8.755226135253906, 9.445301055908203]]
2025-06-06 18:29:42,883 - INFO - Pennylane action: Push to the right
2025-06-06 18:29:42,886 - INFO - Pennylane -> OpenQASM
2025-06-06 18:29:42,886 - INFO - OpenQASM -> Qiskit
2025-06-06 18:29:42,994 - INFO - Submitting the job to ibm_sherbrooke
2025-06-06 18:29:51,573 - INFO - Job completed!
2025-06-06 18:29:51,575 - INFO - Pauli-Z expectation: [-0.392578125, 0.015625, 0.07421875, -0.0390625]
2025-06-06 18:29:51,575 - INFO - Q-values: [0.9679495096206665, 3.4117298126220703]
2025-06-06 18:29:51,575 - INFO - Action: Push to the right
2025-06-06 18:29:51,575 - INFO - Pennylane simulation
2025-06-06 18:29:51,589 - INFO - Pennylane expZ: [[-0.49182605743408203, 0.12789703905582428, 0.16046054661273956, -0.019925374537706375]]
2025-06-06 18:29:51,591 - INFO - Pennylane Q-values: [[7.418590068817139, 8.481226921081543]]
2025-06-06 18:29:51,591 - INFO - Pennylane action: Push to the right
2025-06-06 18:29:51,591 - INFO - Pennylane -> OpenQASM
2025-06-06 18:29:51,591 - INFO - OpenQASM -> Qiskit
2025-06-06 18:29:51,722 - INFO - Submitting the job to ibm_sherbrooke
2025-06-06 18:30:00,662 - INFO - Job completed!
2025-06-06 18:30:00,662 - INFO - Pauli-Z expectation: [-0.244140625, -0.0078125, 0.125, 0.119140625]
2025-06-06 18:30:00,662 - INFO - Q-values: [6.2679057121276855, 7.648859024047852]
2025-06-06 18:30:00,662 - INFO - Action: Push to the right
2025-06-06 18:30:00,673 - INFO - Pennylane simulation
2025-06-06 18:30:00,689 - INFO - Pennylane expZ: [[-0.5382062792778015, 0.10721464455127716, 0.1402806043624878, 0.047279637306928635]]
2025-06-06 18:30:00,689 - INFO - Pennylane Q-values: [[7.734164714813232, 9.01352310180664]]
2025-06-06 18:30:00,689 - INFO - Pennylane action: Push to the right
2025-06-06 18:30:00,702 - INFO - Pennylane -> OpenQASM
2025-06-06 18:30:00,702 - INFO - OpenQASM -> Qiskit
2025-06-06 18:30:00,816 - INFO - Submitting the job to ibm_sherbrooke
2025-06-06 18:30:10,073 - INFO - Job completed!
2025-06-06 18:30:10,073 - INFO - Pauli-Z expectation: [-0.24609375, -0.03515625, 0.123046875, -0.021484375]
2025-06-06 18:30:10,073 - INFO - Q-values: [2.060412883758545, 3.737664222717285]
2025-06-06 18:30:10,073 - INFO - Action: Push to the right
2025-06-06 18:30:10,073 - INFO - Pennylane simulation
2025-06-06 18:30:10,084 - INFO - Pennylane expZ: [[-0.5378604531288147, 0.08189420402050018, 0.11605037748813629, 0.11973767727613449]]
2025-06-06 18:30:10,084 - INFO - Pennylane Q-values: [[8.642986297607422, 10.147693634033203]]
2025-06-06 18:30:10,084 - INFO - Pennylane action: Push to the right
2025-06-06 18:30:10,100 - INFO - Pennylane -> OpenQASM
2025-06-06 18:30:10,100 - INFO - OpenQASM -> Qiskit
2025-06-06 18:30:10,205 - INFO - Submitting the job to ibm_sherbrooke
2025-06-06 18:30:18,542 - INFO - Job completed!
2025-06-06 18:30:18,545 - INFO - Pauli-Z expectation: [-0.193359375, -0.01171875, 0.26171875, -0.205078125]
2025-06-06 18:30:18,546 - INFO - Q-values: [6.597372531890869, 6.089028358459473]
2025-06-06 18:30:18,546 - INFO - Action: Push to the left
2025-06-06 18:30:18,546 - INFO - Pennylane simulation
2025-06-06 18:30:18,558 - INFO - Pennylane expZ: [[-0.482063353061676, 0.04461275041103363, 0.07437336444854736, 0.17944364249706268]]
2025-06-06 18:30:18,558 - INFO - Pennylane Q-values: [[8.150869369506836, 10.18665599822998]]
2025-06-06 18:30:18,558 - INFO - Pennylane action: Push to the right
2025-06-06 18:30:18,572 - INFO - Pennylane -> OpenQASM
2025-06-06 18:30:18,572 - INFO - OpenQASM -> Qiskit
2025-06-06 18:30:18,688 - INFO - Submitting the job to ibm_sherbrooke
2025-06-06 18:30:29,982 - INFO - Job completed!
2025-06-06 18:30:29,993 - INFO - Pauli-Z expectation: [-0.275390625, 0.064453125, 0.154296875, 0.0703125]
2025-06-06 18:30:29,993 - INFO - Q-values: [7.611588954925537, 8.627044677734375]
2025-06-06 18:30:29,993 - INFO - Action: Push to the right
2025-06-06 18:30:29,993 - INFO - Pennylane simulation
2025-06-06 18:30:29,993 - INFO - Pennylane expZ: [[-0.383833646774292, 0.06403447687625885, 0.14651191234588623, 0.1531914323568344]]
2025-06-06 18:30:29,993 - INFO - Pennylane Q-values: [[10.225798606872559, 11.179333686828613]]
2025-06-06 18:30:30,009 - INFO - Pennylane action: Push to the right
2025-06-06 18:30:30,011 - INFO - Pennylane -> OpenQASM
2025-06-06 18:30:30,011 - INFO - OpenQASM -> Qiskit
2025-06-06 18:30:30,157 - INFO - Submitting the job to ibm_sherbrooke
2025-06-06 18:30:38,038 - INFO - Job completed!
2025-06-06 18:30:38,038 - INFO - Pauli-Z expectation: [-0.255859375, -0.07421875, 0.01171875, -0.26171875]
2025-06-06 18:30:38,038 - INFO - Q-values: [-1.581935167312622, 1.8499492406845093]
2025-06-06 18:30:38,038 - INFO - Action: Push to the right
2025-06-06 18:30:38,038 - INFO - Pennylane simulation
2025-06-06 18:30:38,059 - INFO - Pennylane expZ: [[-0.2668828070163727, 0.008476845920085907, 0.07663276046514511, 0.258835107088089]]
2025-06-06 18:30:38,059 - INFO - Pennylane Q-values: [[9.817899703979492, 11.648192405700684]]
2025-06-06 18:30:38,059 - INFO - Pennylane action: Push to the right
2025-06-06 18:30:38,059 - INFO - Episode Reward: 9.0

2025-06-06 18:30:38,065 - INFO - --- Episode 6/10 ---
2025-06-06 18:30:38,081 - INFO - Pennylane -> OpenQASM
2025-06-06 18:30:38,082 - INFO - OpenQASM -> Qiskit
2025-06-06 18:30:38,185 - INFO - Submitting the job to ibm_sherbrooke
2025-06-06 18:30:48,783 - INFO - Job completed!
2025-06-06 18:30:48,787 - INFO - Pauli-Z expectation: [-0.052734375, 0.205078125, 0.060546875, -0.056640625]
2025-06-06 18:30:48,787 - INFO - Q-values: [6.644468784332275, 9.266785621643066]
2025-06-06 18:30:48,787 - INFO - Action: Push to the right
2025-06-06 18:30:48,787 - INFO - Pennylane simulation
2025-06-06 18:30:48,794 - INFO - Pennylane expZ: [[-0.10898830741643906, 0.1980380415916443, 0.20222385227680206, -0.06276428699493408]]
2025-06-06 18:30:48,794 - INFO - Pennylane Q-values: [[11.052186012268066, 11.442916870117188]]
2025-06-06 18:30:48,794 - INFO - Pennylane action: Push to the right
2025-06-06 18:30:48,810 - INFO - Pennylane -> OpenQASM
2025-06-06 18:30:48,810 - INFO - OpenQASM -> Qiskit
2025-06-06 18:30:48,920 - INFO - Submitting the job to ibm_sherbrooke
2025-06-06 18:30:57,244 - INFO - Job completed!
2025-06-06 18:30:57,247 - INFO - Pauli-Z expectation: [-0.109375, 0.107421875, 0.126953125, -0.017578125]
2025-06-06 18:30:57,247 - INFO - Q-values: [5.660486698150635, 7.255223751068115]
2025-06-06 18:30:57,247 - INFO - Action: Push to the right
2025-06-06 18:30:57,247 - INFO - Pennylane simulation
2025-06-06 18:30:57,263 - INFO - Pennylane expZ: [[-0.1958388239145279, 0.19280776381492615, 0.1734388917684555, -0.0798211321234703]]
2025-06-06 18:30:57,263 - INFO - Pennylane Q-values: [[9.941359519958496, 10.786787986755371]]
2025-06-06 18:30:57,263 - INFO - Pennylane action: Push to the right
2025-06-06 18:30:57,276 - INFO - Pennylane -> OpenQASM
2025-06-06 18:30:57,278 - INFO - OpenQASM -> Qiskit
2025-06-06 18:30:57,533 - INFO - Submitting the job to ibm_sherbrooke
2025-06-06 18:31:05,923 - INFO - Job completed!
2025-06-06 18:31:05,925 - INFO - Pauli-Z expectation: [-0.140625, 0.19921875, 0.03515625, -0.001953125]
2025-06-06 18:31:05,925 - INFO - Q-values: [5.624361515045166, 8.64799976348877]
2025-06-06 18:31:05,927 - INFO - Action: Push to the right
2025-06-06 18:31:05,927 - INFO - Pennylane simulation
2025-06-06 18:31:05,927 - INFO - Pennylane expZ: [[-0.29243507981300354, 0.17577815055847168, 0.14566509425640106, -0.08668538928031921]]
2025-06-06 18:31:05,927 - INFO - Pennylane Q-values: [[8.482216835021973, 9.768707275390625]]
2025-06-06 18:31:05,927 - INFO - Pennylane action: Push to the right
2025-06-06 18:31:05,953 - INFO - Pennylane -> OpenQASM
2025-06-06 18:31:05,953 - INFO - OpenQASM -> Qiskit
2025-06-06 18:31:06,065 - INFO - Submitting the job to ibm_sherbrooke
2025-06-06 18:31:14,370 - INFO - Job completed!
2025-06-06 18:31:14,370 - INFO - Pauli-Z expectation: [-0.23828125, 0.107421875, 0.091796875, 0.046875]
2025-06-06 18:31:14,370 - INFO - Q-values: [6.140536785125732, 8.184905052185059]
2025-06-06 18:31:14,370 - INFO - Action: Push to the right
2025-06-06 18:31:14,370 - INFO - Pennylane simulation
2025-06-06 18:31:14,386 - INFO - Pennylane expZ: [[-0.3908058702945709, 0.15125393867492676, 0.11805574595928192, -0.0667225643992424]]
2025-06-06 18:31:14,386 - INFO - Pennylane Q-values: [[6.786202907562256, 8.51262378692627]]
2025-06-06 18:31:14,386 - INFO - Pennylane action: Push to the right
2025-06-06 18:31:14,402 - INFO - Pennylane -> OpenQASM
2025-06-06 18:31:14,402 - INFO - OpenQASM -> Qiskit
2025-06-06 18:31:14,496 - INFO - Submitting the job to ibm_sherbrooke
2025-06-06 18:31:22,725 - INFO - Job completed!
2025-06-06 18:31:22,741 - INFO - Pauli-Z expectation: [-0.130859375, 0.16796875, 0.04296875, -0.056640625]
2025-06-06 18:31:22,741 - INFO - Q-values: [4.86984920501709, 7.776449680328369]
2025-06-06 18:31:22,741 - INFO - Action: Push to the right
2025-06-06 18:31:22,741 - INFO - Pennylane simulation
2025-06-06 18:31:22,741 - INFO - Pennylane expZ: [[-0.47666794061660767, 0.12270065397024155, 0.09176908433437347, -0.010063991881906986]]
2025-06-06 18:31:22,741 - INFO - Pennylane Q-values: [[5.003228664398193, 7.149518966674805]]
2025-06-06 18:31:22,741 - INFO - Pennylane action: Push to the right
2025-06-06 18:31:22,770 - INFO - Pennylane -> OpenQASM
2025-06-06 18:31:22,770 - INFO - OpenQASM -> Qiskit
2025-06-06 18:31:22,899 - INFO - Submitting the job to ibm_sherbrooke
2025-06-06 18:31:31,693 - INFO - Job completed!
2025-06-06 18:31:31,693 - INFO - Pauli-Z expectation: [-0.103515625, 0.103515625, 0.189453125, -0.208984375]
2025-06-06 18:31:31,693 - INFO - Q-values: [7.579049587249756, 8.189491271972656]
2025-06-06 18:31:31,693 - INFO - Action: Push to the right
2025-06-06 18:31:31,693 - INFO - Pennylane simulation
2025-06-06 18:31:31,709 - INFO - Pennylane expZ: [[-0.5298682451248169, 0.09156124293804169, 0.06799495220184326, 0.07347884029150009]]
2025-06-06 18:31:31,709 - INFO - Pennylane Q-values: [[5.77438497543335, 8.137696266174316]]
2025-06-06 18:31:31,709 - INFO - Pennylane action: Push to the right
2025-06-06 18:31:31,724 - INFO - Pennylane -> OpenQASM
2025-06-06 18:31:31,724 - INFO - OpenQASM -> Qiskit
2025-06-06 18:31:31,836 - INFO - Submitting the job to ibm_sherbrooke
2025-06-06 18:31:43,014 - INFO - Job completed!
2025-06-06 18:31:43,014 - INFO - Pauli-Z expectation: [-0.185546875, 0.060546875, 0.3125, -0.09375]
2025-06-06 18:31:43,018 - INFO - Q-values: [10.215892791748047, 8.89538288116455]
2025-06-06 18:31:43,018 - INFO - Action: Push to the left
2025-06-06 18:31:43,018 - INFO - Pennylane simulation
2025-06-06 18:31:43,030 - INFO - Pennylane expZ: [[-0.5313047766685486, 0.05489522963762283, 0.04100041836500168, 0.15206307172775269]]
2025-06-06 18:31:43,030 - INFO - Pennylane Q-values: [[6.439097881317139, 9.059886932373047]]
2025-06-06 18:31:43,030 - INFO - Pennylane action: Push to the right
2025-06-06 18:31:43,042 - INFO - Pennylane -> OpenQASM
2025-06-06 18:31:43,042 - INFO - OpenQASM -> Qiskit
2025-06-06 18:31:43,136 - INFO - Submitting the job to ibm_sherbrooke
2025-06-06 18:31:51,216 - INFO - Job completed!
2025-06-06 18:31:51,216 - INFO - Pauli-Z expectation: [-0.203125, -0.03515625, 0.15234375, -0.125]
2025-06-06 18:31:51,216 - INFO - Q-values: [3.018925666809082, 4.234431266784668]
2025-06-06 18:31:51,216 - INFO - Action: Push to the right
2025-06-06 18:31:51,216 - INFO - Pennylane simulation
2025-06-06 18:31:51,232 - INFO - Pennylane expZ: [[-0.49260950088500977, 0.06162033602595329, 0.13081970810890198, 0.10574761033058167]]
2025-06-06 18:31:51,232 - INFO - Pennylane Q-values: [[7.984311580657959, 9.291372299194336]]
2025-06-06 18:31:51,232 - INFO - Pennylane action: Push to the right
2025-06-06 18:31:51,248 - INFO - Pennylane -> OpenQASM
2025-06-06 18:31:51,248 - INFO - OpenQASM -> Qiskit
2025-06-06 18:31:51,350 - INFO - Submitting the job to ibm_sherbrooke
2025-06-06 18:31:59,802 - INFO - Job completed!
2025-06-06 18:31:59,804 - INFO - Pauli-Z expectation: [-0.2734375, -0.064453125, 0.05078125, -0.037109375]
2025-06-06 18:31:59,804 - INFO - Q-values: [-0.30391836166381836, 2.51230525970459]
2025-06-06 18:31:59,805 - INFO - Action: Push to the right
2025-06-06 18:31:59,805 - INFO - Pennylane simulation
2025-06-06 18:31:59,815 - INFO - Pennylane expZ: [[-0.40749824047088623, 0.019988173618912697, 0.07446756213903427, 0.17650285363197327]]
2025-06-06 18:31:59,815 - INFO - Pennylane Q-values: [[7.255716800689697, 9.301373481750488]]
2025-06-06 18:31:59,815 - INFO - Pennylane action: Push to the right
2025-06-06 18:31:59,829 - INFO - Pennylane -> OpenQASM
2025-06-06 18:31:59,829 - INFO - OpenQASM -> Qiskit
2025-06-06 18:31:59,927 - INFO - Submitting the job to ibm_sherbrooke
2025-06-06 18:32:09,029 - INFO - Job completed!
2025-06-06 18:32:09,029 - INFO - Pauli-Z expectation: [-0.1484375, 0.009765625, 0.41796875, -0.333984375]
2025-06-06 18:32:09,029 - INFO - Q-values: [12.025101661682129, 9.052210807800293]
2025-06-06 18:32:09,029 - INFO - Action: Push to the left
2025-06-06 18:32:09,029 - INFO - Pennylane simulation
2025-06-06 18:32:09,043 - INFO - Pennylane expZ: [[-0.26763781905174255, -0.04343143105506897, 0.015019907616078854, 0.2676033079624176]]
2025-06-06 18:32:09,043 - INFO - Pennylane Q-values: [[7.833045482635498, 10.616524696350098]]
2025-06-06 18:32:09,043 - INFO - Pennylane action: Push to the right
2025-06-06 18:32:09,043 - INFO - Episode Reward: 10.0

2025-06-06 18:32:09,043 - INFO - --- Episode 7/10 ---
2025-06-06 18:32:09,062 - INFO - Pennylane -> OpenQASM
2025-06-06 18:32:09,062 - INFO - OpenQASM -> Qiskit
2025-06-06 18:32:09,205 - INFO - Submitting the job to ibm_sherbrooke
2025-06-06 18:32:21,846 - INFO - Job completed!
2025-06-06 18:32:21,846 - INFO - Pauli-Z expectation: [-0.240234375, 0.181640625, -0.033203125, 0.0]
2025-06-06 18:32:21,846 - INFO - Q-values: [3.905956268310547, 7.487117290496826]
2025-06-06 18:32:21,846 - INFO - Action: Push to the right
2025-06-06 18:32:21,846 - INFO - Pennylane simulation
2025-06-06 18:32:21,860 - INFO - Pennylane expZ: [[-0.2082187682390213, 0.16141752898693085, 0.23239102959632874, -0.0773843452334404]]
2025-06-06 18:32:21,865 - INFO - Pennylane Q-values: [[10.855462074279785, 10.777872085571289]]
2025-06-06 18:32:21,865 - INFO - Pennylane action: Push to the left
2025-06-06 18:32:21,879 - INFO - Pennylane -> OpenQASM
2025-06-06 18:32:21,879 - INFO - OpenQASM -> Qiskit
2025-06-06 18:32:22,152 - INFO - Submitting the job to ibm_sherbrooke
2025-06-06 18:32:31,995 - INFO - Job completed!
2025-06-06 18:32:31,995 - INFO - Pauli-Z expectation: [-0.11328125, 0.271484375, 0.181640625, -0.15625]
2025-06-06 18:32:31,995 - INFO - Q-values: [12.752816200256348, 13.453635215759277]
2025-06-06 18:32:31,995 - INFO - Action: Push to the right
2025-06-06 18:32:31,995 - INFO - Pennylane simulation
2025-06-06 18:32:32,011 - INFO - Pennylane expZ: [[-0.2981439530849457, 0.16067445278167725, 0.20062868297100067, -0.07860884070396423]]
2025-06-06 18:32:32,011 - INFO - Pennylane Q-values: [[9.792265892028809, 10.215425491333008]]
2025-06-06 18:32:32,011 - INFO - Pennylane action: Push to the right
2025-06-06 18:32:32,027 - INFO - Pennylane -> OpenQASM
2025-06-06 18:32:32,027 - INFO - OpenQASM -> Qiskit
2025-06-06 18:32:32,154 - INFO - Submitting the job to ibm_sherbrooke
2025-06-06 18:32:41,115 - INFO - Job completed!
2025-06-06 18:32:41,117 - INFO - Pauli-Z expectation: [-0.091796875, 0.2265625, 0.12109375, -0.099609375]
2025-06-06 18:32:41,117 - INFO - Q-values: [9.319849014282227, 10.983702659606934]
2025-06-06 18:32:41,117 - INFO - Action: Push to the right
2025-06-06 18:32:41,117 - INFO - Pennylane simulation
2025-06-06 18:32:41,129 - INFO - Pennylane expZ: [[-0.3907904028892517, 0.14889304339885712, 0.1709195226430893, -0.06727807968854904]]
2025-06-06 18:32:41,129 - INFO - Pennylane Q-values: [[8.439446449279785, 9.333146095275879]]
2025-06-06 18:32:41,129 - INFO - Pennylane action: Push to the right
2025-06-06 18:32:41,143 - INFO - Pennylane -> OpenQASM
2025-06-06 18:32:41,143 - INFO - OpenQASM -> Qiskit
2025-06-06 18:32:41,242 - INFO - Submitting the job to ibm_sherbrooke
2025-06-06 18:32:50,693 - INFO - Job completed!
2025-06-06 18:32:50,693 - INFO - Pauli-Z expectation: [-0.236328125, 0.04296875, 0.056640625, -0.01171875]
2025-06-06 18:32:50,693 - INFO - Q-values: [1.2766932249069214, 3.9921884536743164]
2025-06-06 18:32:50,699 - INFO - Action: Push to the right
2025-06-06 18:32:50,699 - INFO - Pennylane simulation
2025-06-06 18:32:50,699 - INFO - Pennylane expZ: [[-0.47458451986312866, 0.13034549355506897, 0.1440960019826889, -0.03117555007338524]]
2025-06-06 18:32:50,699 - INFO - Pennylane Q-values: [[6.962330341339111, 8.28240966796875]]
2025-06-06 18:32:50,699 - INFO - Pennylane action: Push to the right
2025-06-06 18:32:50,725 - INFO - Pennylane -> OpenQASM
2025-06-06 18:32:50,725 - INFO - OpenQASM -> Qiskit
2025-06-06 18:32:50,810 - INFO - Submitting the job to ibm_sherbrooke
2025-06-06 18:33:01,318 - INFO - Job completed!
2025-06-06 18:33:01,318 - INFO - Pauli-Z expectation: [-0.21484375, 0.15234375, 0.091796875, -0.005859375]
2025-06-06 18:33:01,318 - INFO - Q-values: [5.9623122215271, 8.102384567260742]
2025-06-06 18:33:01,318 - INFO - Action: Push to the right
2025-06-06 18:33:01,318 - INFO - Pennylane simulation
2025-06-06 18:33:01,334 - INFO - Pennylane expZ: [[-0.5324128866195679, 0.10807438939809799, 0.12067186832427979, 0.031589969992637634]]
2025-06-06 18:33:01,334 - INFO - Pennylane Q-values: [[6.574740886688232, 8.19794750213623]]
2025-06-06 18:33:01,334 - INFO - Pennylane action: Push to the right
2025-06-06 18:33:01,348 - INFO - Pennylane -> OpenQASM
2025-06-06 18:33:01,349 - INFO - OpenQASM -> Qiskit
2025-06-06 18:33:01,444 - INFO - Submitting the job to ibm_sherbrooke
2025-06-06 18:33:09,927 - INFO - Job completed!
2025-06-06 18:33:09,932 - INFO - Pauli-Z expectation: [-0.283203125, 0.021484375, -0.03125, -0.052734375]
2025-06-06 18:33:09,932 - INFO - Q-values: [-1.2708858251571655, 2.3415071964263916]
2025-06-06 18:33:09,932 - INFO - Action: Push to the right
2025-06-06 18:33:09,932 - INFO - Pennylane simulation
2025-06-06 18:33:09,939 - INFO - Pennylane expZ: [[-0.5467661023139954, 0.08169049024581909, 0.09670082479715347, 0.10520652681589127]]
2025-06-06 18:33:09,939 - INFO - Pennylane Q-values: [[7.497959613800049, 9.340057373046875]]
2025-06-06 18:33:09,939 - INFO - Pennylane action: Push to the right
2025-06-06 18:33:09,962 - INFO - Pennylane -> OpenQASM
2025-06-06 18:33:09,962 - INFO - OpenQASM -> Qiskit
2025-06-06 18:33:10,083 - INFO - Submitting the job to ibm_sherbrooke
2025-06-06 18:33:19,135 - INFO - Job completed!
2025-06-06 18:33:19,137 - INFO - Pauli-Z expectation: [-0.33203125, -0.02734375, 0.083984375, -0.0625]
2025-06-06 18:33:19,137 - INFO - Q-values: [0.7823959589004517, 3.075308084487915]
2025-06-06 18:33:19,137 - INFO - Action: Push to the right
2025-06-06 18:33:19,137 - INFO - Pennylane simulation
2025-06-06 18:33:19,146 - INFO - Pennylane expZ: [[-0.506380021572113, 0.04545688256621361, 0.060651615262031555, 0.16672301292419434]]
2025-06-06 18:33:19,146 - INFO - Pennylane Q-values: [[7.286806583404541, 9.567044258117676]]
2025-06-06 18:33:19,146 - INFO - Pennylane action: Push to the right
2025-06-06 18:33:19,161 - INFO - Pennylane -> OpenQASM
2025-06-06 18:33:19,167 - INFO - OpenQASM -> Qiskit
2025-06-06 18:33:19,256 - INFO - Submitting the job to ibm_sherbrooke
2025-06-06 18:33:27,879 - INFO - Job completed!
2025-06-06 18:33:27,879 - INFO - Pauli-Z expectation: [-0.259765625, -0.009765625, 0.005859375, 0.109375]
2025-06-06 18:33:27,879 - INFO - Q-values: [2.030315399169922, 5.310797691345215]
2025-06-06 18:33:27,879 - INFO - Action: Push to the right
2025-06-06 18:33:27,879 - INFO - Pennylane simulation
2025-06-06 18:33:27,901 - INFO - Pennylane expZ: [[-0.4040181338787079, -0.009233469143509865, 0.006466316059231758, 0.21809840202331543]]
2025-06-06 18:33:27,901 - INFO - Pennylane Q-values: [[5.831463813781738, 8.860081672668457]]
2025-06-06 18:33:27,901 - INFO - Pennylane action: Push to the right
2025-06-06 18:33:27,917 - INFO - Pennylane -> OpenQASM
2025-06-06 18:33:27,917 - INFO - OpenQASM -> Qiskit
2025-06-06 18:33:28,075 - INFO - Submitting the job to ibm_sherbrooke
2025-06-06 18:33:38,111 - INFO - Job completed!
2025-06-06 18:33:38,111 - INFO - Pauli-Z expectation: [-0.20703125, 0.171875, 0.0390625, -0.009765625]
2025-06-06 18:33:38,111 - INFO - Q-values: [4.868312358856201, 7.83571720123291]
2025-06-06 18:33:38,111 - INFO - Action: Push to the right
2025-06-06 18:33:38,111 - INFO - Pennylane simulation
2025-06-06 18:33:38,127 - INFO - Pennylane expZ: [[-0.23304110765457153, -0.08326110988855362, -0.03944529965519905, 0.2940041720867157]]
2025-06-06 18:33:38,127 - INFO - Pennylane Q-values: [[8.259830474853516, 11.221200942993164]]
2025-06-06 18:33:38,127 - INFO - Pennylane action: Push to the right
2025-06-06 18:33:38,127 - INFO - Episode Reward: 9.0

2025-06-06 18:33:38,127 - INFO - --- Episode 8/10 ---
2025-06-06 18:33:38,148 - INFO - Pennylane -> OpenQASM
2025-06-06 18:33:38,150 - INFO - OpenQASM -> Qiskit
2025-06-06 18:33:38,478 - INFO - Submitting the job to ibm_sherbrooke
2025-06-06 18:33:47,229 - INFO - Job completed!
2025-06-06 18:33:47,229 - INFO - Pauli-Z expectation: [-0.146484375, 0.095703125, -0.0078125, -0.119140625]
2025-06-06 18:33:47,229 - INFO - Q-values: [1.1281384229660034, 4.726058483123779]
2025-06-06 18:33:47,229 - INFO - Action: Push to the right
2025-06-06 18:33:47,229 - INFO - Pennylane simulation
2025-06-06 18:33:47,245 - INFO - Pennylane expZ: [[-0.18810194730758667, 0.1768205165863037, 0.22647400200366974, -0.07243385165929794]]
2025-06-06 18:33:47,245 - INFO - Pennylane Q-values: [[11.159754753112793, 11.172418594360352]]
2025-06-06 18:33:47,245 - INFO - Pennylane action: Push to the right
2025-06-06 18:33:47,260 - INFO - Pennylane -> OpenQASM
2025-06-06 18:33:47,260 - INFO - OpenQASM -> Qiskit
2025-06-06 18:33:47,365 - INFO - Submitting the job to ibm_sherbrooke
2025-06-06 18:33:57,184 - INFO - Job completed!
2025-06-06 18:33:57,184 - INFO - Pauli-Z expectation: [-0.1015625, 0.08203125, 0.017578125, -0.02734375]
2025-06-06 18:33:57,194 - INFO - Q-values: [1.2613204717636108, 4.5848588943481445]
2025-06-06 18:33:57,194 - INFO - Action: Push to the right
2025-06-06 18:33:57,194 - INFO - Pennylane simulation
2025-06-06 18:33:57,207 - INFO - Pennylane expZ: [[-0.2758650481700897, 0.17527888715267181, 0.19518116116523743, -0.07755880057811737]]
2025-06-06 18:33:57,207 - INFO - Pennylane Q-values: [[10.086108207702637, 10.592276573181152]]
2025-06-06 18:33:57,207 - INFO - Pennylane action: Push to the right
2025-06-06 18:33:57,234 - INFO - Pennylane -> OpenQASM
2025-06-06 18:33:57,236 - INFO - OpenQASM -> Qiskit
2025-06-06 18:33:57,342 - INFO - Submitting the job to ibm_sherbrooke
2025-06-06 18:34:05,486 - INFO - Job completed!
2025-06-06 18:34:05,488 - INFO - Pauli-Z expectation: [-0.009765625, 0.13671875, 0.068359375, 0.001953125]
2025-06-06 18:34:05,489 - INFO - Q-values: [4.758372783660889, 7.26653528213501]
2025-06-06 18:34:05,489 - INFO - Action: Push to the right
2025-06-06 18:34:05,489 - INFO - Pennylane simulation
2025-06-06 18:34:05,503 - INFO - Pennylane expZ: [[-0.3688652813434601, 0.16234950721263885, 0.16588018834590912, -0.0710027739405632]]
2025-06-06 18:34:05,503 - INFO - Pennylane Q-values: [[8.7095365524292, 9.680036544799805]]
2025-06-06 18:34:05,503 - INFO - Pennylane action: Push to the right
2025-06-06 18:34:05,517 - INFO - Pennylane -> OpenQASM
2025-06-06 18:34:05,518 - INFO - OpenQASM -> Qiskit
2025-06-06 18:34:05,638 - INFO - Submitting the job to ibm_sherbrooke
2025-06-06 18:34:13,671 - INFO - Job completed!
2025-06-06 18:34:13,674 - INFO - Pauli-Z expectation: [-0.21875, 0.115234375, 0.166015625, -0.048828125]
2025-06-06 18:34:13,674 - INFO - Q-values: [7.1910319328308105, 8.168585777282715]
2025-06-06 18:34:13,674 - INFO - Action: Push to the right
2025-06-06 18:34:13,674 - INFO - Pennylane simulation
2025-06-06 18:34:13,690 - INFO - Pennylane expZ: [[-0.45663782954216003, 0.14244984090328217, 0.1389259248971939, -0.03898606821894646]]
2025-06-06 18:34:13,690 - INFO - Pennylane Q-values: [[7.184437274932861, 8.583641052246094]]
2025-06-06 18:34:13,690 - INFO - Pennylane action: Push to the right
2025-06-06 18:34:13,711 - INFO - Pennylane -> OpenQASM
2025-06-06 18:34:13,711 - INFO - OpenQASM -> Qiskit
2025-06-06 18:34:13,829 - INFO - Submitting the job to ibm_sherbrooke
2025-06-06 18:34:22,094 - INFO - Job completed!
2025-06-06 18:34:22,095 - INFO - Pauli-Z expectation: [-0.28515625, 0.009765625, 0.005859375, -0.138671875]
2025-06-06 18:34:22,097 - INFO - Q-values: [-1.4579765796661377, 2.064352512359619]
2025-06-06 18:34:22,097 - INFO - Action: Push to the right
2025-06-06 18:34:22,097 - INFO - Pennylane simulation
2025-06-06 18:34:22,111 - INFO - Pennylane expZ: [[-0.5227681994438171, 0.1189018189907074, 0.11509330570697784, 0.023034460842609406]]
2025-06-06 18:34:22,112 - INFO - Pennylane Q-values: [[6.444655895233154, 8.172741889953613]]
2025-06-06 18:34:22,113 - INFO - Pennylane action: Push to the right
2025-06-06 18:34:22,126 - INFO - Pennylane -> OpenQASM
2025-06-06 18:34:22,127 - INFO - OpenQASM -> Qiskit
2025-06-06 18:34:22,220 - INFO - Submitting the job to ibm_sherbrooke
2025-06-06 18:34:30,322 - INFO - Job completed!
2025-06-06 18:34:30,322 - INFO - Pauli-Z expectation: [-0.330078125, 0.0234375, 0.02734375, 0.119140625]
2025-06-06 18:34:30,322 - INFO - Q-values: [3.8304500579833984, 6.74598503112793]
2025-06-06 18:34:30,322 - INFO - Action: Push to the right
2025-06-06 18:34:30,322 - INFO - Pennylane simulation
2025-06-06 18:34:30,340 - INFO - Pennylane expZ: [[-0.5487702488899231, 0.09203611314296722, 0.09195097535848618, 0.10057342052459717]]
2025-06-06 18:34:30,340 - INFO - Pennylane Q-values: [[7.515832424163818, 9.4410982131958]]
2025-06-06 18:34:30,340 - INFO - Pennylane action: Push to the right
2025-06-06 18:34:30,357 - INFO - Pennylane -> OpenQASM
2025-06-06 18:34:30,359 - INFO - OpenQASM -> Qiskit
2025-06-06 18:34:30,481 - INFO - Submitting the job to ibm_sherbrooke
2025-06-06 18:34:39,418 - INFO - Job completed!
2025-06-06 18:34:39,421 - INFO - Pauli-Z expectation: [-0.306640625, -0.046875, 0.10546875, -0.146484375]
2025-06-06 18:34:39,421 - INFO - Q-values: [1.4853051900863647, 3.4396040439605713]
2025-06-06 18:34:39,421 - INFO - Action: Push to the right
2025-06-06 18:34:39,421 - INFO - Pennylane simulation
2025-06-06 18:34:39,436 - INFO - Pennylane expZ: [[-0.5213090777397156, 0.05701250582933426, 0.059020545333623886, 0.1661643087863922]]
2025-06-06 18:34:39,436 - INFO - Pennylane Q-values: [[7.5875325202941895, 9.892468452453613]]
2025-06-06 18:34:39,436 - INFO - Pennylane action: Push to the right
2025-06-06 18:34:39,449 - INFO - Pennylane -> OpenQASM
2025-06-06 18:34:39,449 - INFO - OpenQASM -> Qiskit
2025-06-06 18:34:39,558 - INFO - Submitting the job to ibm_sherbrooke
2025-06-06 18:34:47,689 - INFO - Job completed!
2025-06-06 18:34:47,689 - INFO - Pauli-Z expectation: [-0.298828125, -0.080078125, 0.046875, -0.34375]
2025-06-06 18:34:47,689 - INFO - Q-values: [-0.4317200183868408, 2.4460697174072266]
2025-06-06 18:34:47,689 - INFO - Action: Push to the right
2025-06-06 18:34:47,689 - INFO - Pennylane simulation
2025-06-06 18:34:47,712 - INFO - Pennylane expZ: [[-0.43230319023132324, 0.0050422814674675465, 0.006774253211915493, 0.2127295285463333]]
2025-06-06 18:34:47,712 - INFO - Pennylane Q-values: [[5.817800045013428, 8.852545738220215]]
2025-06-06 18:34:47,712 - INFO - Pennylane action: Push to the right
2025-06-06 18:34:47,729 - INFO - Pennylane -> OpenQASM
2025-06-06 18:34:47,730 - INFO - OpenQASM -> Qiskit
2025-06-06 18:34:47,841 - INFO - Submitting the job to ibm_sherbrooke
2025-06-06 18:34:56,644 - INFO - Job completed!
2025-06-06 18:34:56,658 - INFO - Pauli-Z expectation: [-0.28125, -0.138671875, -0.037109375, 0.029296875]
2025-06-06 18:34:56,658 - INFO - Q-values: [-0.9464242458343506, 2.604867935180664]
2025-06-06 18:34:56,659 - INFO - Action: Push to the right
2025-06-06 18:34:56,659 - INFO - Pennylane simulation
2025-06-06 18:34:56,660 - INFO - Pennylane expZ: [[-0.2731128931045532, -0.06721155345439911, -0.044898875057697296, 0.2750539779663086]]
2025-06-06 18:34:56,660 - INFO - Pennylane Q-values: [[7.600761890411377, 10.604364395141602]]
2025-06-06 18:34:56,660 - INFO - Pennylane action: Push to the right
2025-06-06 18:34:56,660 - INFO - Episode Reward: 9.0

