2025-05-05 18:41:10,891 - INFO - ==== RUN HEADER ====
2025-05-05 18:41:10,891 - INFO - Number of Qubits: 4
2025-05-05 18:41:10,891 - INFO - VQC Layers: 4
2025-05-05 18:41:10,891 - INFO - Trained Parameters File: cartpole/v1_4l/900ep_0.01.pth
2025-05-05 18:41:10,891 - INFO - Quantum Backend: ibm_sherbrooke
2025-05-05 18:41:10,891 - INFO - Number of Shots per Execution: 1024
2025-05-05 18:41:10,891 - INFO - Comparison mode: True
2025-05-05 18:41:10,891 - INFO - ====================

2025-05-05 18:41:10,982 - INFO - === Start Run ===

2025-05-05 18:41:10,982 - INFO - --- Episode 1/10 ---
2025-05-05 18:41:11,143 - INFO - Pennylane -> OpenQASM
2025-05-05 18:41:11,177 - INFO - OpenQASM -> Qiskit
2025-05-05 18:41:17,567 - INFO - Submitting the job to ibm_sherbrooke
2025-05-05 18:43:24,070 - INFO - Job completed!
2025-05-05 18:43:24,074 - INFO - Pauli-Z expectation: [-0.01171875, 0.009765625, 0.34765625, -0.0625]
2025-05-05 18:43:24,090 - INFO - Q-values: [25.940692901611328, 24.758724212646484]
2025-05-05 18:43:24,096 - INFO - Action: Push to the left
2025-05-05 18:43:24,096 - INFO - Pennylane simulation
2025-05-05 18:43:24,129 - INFO - Pennylane expZ: [[0.19854281842708588, -0.04131261631846428, 0.7699742317199707, 0.30606570839881897]]
2025-05-05 18:43:24,131 - INFO - Pennylane Q-values: [[72.68684387207031, 71.15967559814453]]
2025-05-05 18:43:24,135 - INFO - Pennylane action: Push to the left
2025-05-05 18:43:24,215 - INFO - Pennylane -> OpenQASM
2025-05-05 18:43:24,222 - INFO - OpenQASM -> Qiskit
2025-05-05 18:43:24,771 - INFO - Submitting the job to ibm_sherbrooke
2025-05-05 18:43:39,827 - INFO - Job completed!
2025-05-05 18:43:39,830 - INFO - Pauli-Z expectation: [-0.134765625, 0.025390625, 0.220703125, -0.158203125]
2025-05-05 18:43:39,834 - INFO - Q-values: [18.182857513427734, 16.528554916381836]
2025-05-05 18:43:39,836 - INFO - Action: Push to the left
2025-05-05 18:43:39,836 - INFO - Pennylane simulation
2025-05-05 18:43:39,862 - INFO - Pennylane expZ: [[0.23610267043113708, 0.10645457357168198, 0.75459885597229, 0.3091098368167877]]
2025-05-05 18:43:39,864 - INFO - Pennylane Q-values: [[72.00947570800781, 72.5947494506836]]
2025-05-05 18:43:39,870 - INFO - Pennylane action: Push to the right
2025-05-05 18:43:39,961 - INFO - Pennylane -> OpenQASM
2025-05-05 18:43:39,969 - INFO - OpenQASM -> Qiskit
2025-05-05 18:43:40,797 - INFO - Submitting the job to ibm_sherbrooke
2025-05-05 18:43:50,091 - INFO - Job completed!
2025-05-05 18:43:50,093 - INFO - Pauli-Z expectation: [0.140625, 0.197265625, 0.431640625, 0.23828125]
2025-05-05 18:43:50,094 - INFO - Q-values: [46.61011505126953, 45.950958251953125]
2025-05-05 18:43:50,094 - INFO - Action: Push to the left
2025-05-05 18:43:50,095 - INFO - Pennylane simulation
2025-05-05 18:43:50,120 - INFO - Pennylane expZ: [[0.27229660749435425, 0.2128048688173294, 0.7315607070922852, 0.30111828446388245]]
2025-05-05 18:43:50,120 - INFO - Pennylane Q-values: [[70.17715454101562, 73.06676483154297]]
2025-05-05 18:43:50,120 - INFO - Pennylane action: Push to the right
2025-05-05 18:43:50,196 - INFO - Pennylane -> OpenQASM
2025-05-05 18:43:50,202 - INFO - OpenQASM -> Qiskit
2025-05-05 18:43:50,677 - INFO - Submitting the job to ibm_sherbrooke
2025-05-05 18:44:00,296 - INFO - Job completed!
2025-05-05 18:44:00,298 - INFO - Pauli-Z expectation: [-0.021484375, 0.302734375, 0.240234375, 0.296875]
2025-05-05 18:44:00,302 - INFO - Q-values: [36.496551513671875, 31.19355583190918]
2025-05-05 18:44:00,302 - INFO - Action: Push to the left
2025-05-05 18:44:00,304 - INFO - Pennylane simulation
2025-05-05 18:44:00,330 - INFO - Pennylane expZ: [[0.300568550825119, 0.2643965780735016, 0.6937015056610107, 0.27323243021965027]]
2025-05-05 18:44:00,330 - INFO - Pennylane Q-values: [[66.33280944824219, 71.05144500732422]]
2025-05-05 18:44:00,330 - INFO - Pennylane action: Push to the right
2025-05-05 18:44:00,404 - INFO - Pennylane -> OpenQASM
2025-05-05 18:44:00,409 - INFO - OpenQASM -> Qiskit
2025-05-05 18:44:00,947 - INFO - Submitting the job to ibm_sherbrooke
2025-05-05 18:44:10,090 - INFO - Job completed!
2025-05-05 18:44:10,092 - INFO - Pauli-Z expectation: [0.052734375, -0.109375, 0.021484375, 0.208984375]
2025-05-05 18:44:10,092 - INFO - Q-values: [19.5897216796875, 12.827253341674805]
2025-05-05 18:44:10,092 - INFO - Action: Push to the left
2025-05-05 18:44:10,092 - INFO - Pennylane simulation
2025-05-05 18:44:10,116 - INFO - Pennylane expZ: [[0.31919845938682556, 0.25437089800834656, 0.6219927072525024, 0.2076071947813034]]
2025-05-05 18:44:10,129 - INFO - Pennylane Q-values: [[58.23625183105469, 64.51309204101562]]
2025-05-05 18:44:10,131 - INFO - Pennylane action: Push to the right
2025-05-05 18:44:10,201 - INFO - Pennylane -> OpenQASM
2025-05-05 18:44:10,202 - INFO - OpenQASM -> Qiskit
2025-05-05 18:44:10,608 - INFO - Submitting the job to ibm_sherbrooke
2025-05-05 18:44:19,510 - INFO - Job completed!
2025-05-05 18:44:19,512 - INFO - Pauli-Z expectation: [0.12109375, 0.021484375, -0.158203125, 0.271484375]
2025-05-05 18:44:19,513 - INFO - Q-values: [22.852022171020508, 16.443538665771484]
2025-05-05 18:44:19,513 - INFO - Action: Push to the left
2025-05-05 18:44:19,513 - INFO - Pennylane simulation
2025-05-05 18:44:19,535 - INFO - Pennylane expZ: [[0.3343467712402344, 0.18500113487243652, 0.47800007462501526, 0.08547580987215042]]
2025-05-05 18:44:19,535 - INFO - Pennylane Q-values: [[42.47607421875, 50.4765625]]
2025-05-05 18:44:19,539 - INFO - Pennylane action: Push to the right
2025-05-05 18:44:19,592 - INFO - Pennylane -> OpenQASM
2025-05-05 18:44:19,596 - INFO - OpenQASM -> Qiskit
2025-05-05 18:44:20,074 - INFO - Submitting the job to ibm_sherbrooke
2025-05-05 18:44:28,653 - INFO - Job completed!
2025-05-05 18:44:28,655 - INFO - Pauli-Z expectation: [0.173828125, 0.26953125, 0.228515625, 0.1015625]
2025-05-05 18:44:28,657 - INFO - Q-values: [26.078508377075195, 29.401506423950195]
2025-05-05 18:44:28,657 - INFO - Action: Push to the right
2025-05-05 18:44:28,659 - INFO - Pennylane simulation
2025-05-05 18:44:28,695 - INFO - Pennylane expZ: [[0.354716032743454, 0.069222092628479, 0.22173063457012177, -0.08711368590593338]]
2025-05-05 18:44:28,695 - INFO - Pennylane Q-values: [[22.37417984008789, 30.173141479492188]]
2025-05-05 18:44:28,697 - INFO - Pennylane action: Push to the right
2025-05-05 18:44:28,791 - INFO - Pennylane -> OpenQASM
2025-05-05 18:44:28,795 - INFO - OpenQASM -> Qiskit
2025-05-05 18:44:29,364 - INFO - Submitting the job to ibm_sherbrooke
2025-05-05 18:44:37,551 - INFO - Job completed!
2025-05-05 18:44:37,555 - INFO - Pauli-Z expectation: [0.1796875, 0.076171875, -0.123046875, -0.12109375]
2025-05-05 18:44:37,559 - INFO - Q-values: [6.782661437988281, 9.110799789428711]
2025-05-05 18:44:37,561 - INFO - Action: Push to the right
2025-05-05 18:44:37,565 - INFO - Pennylane simulation
2025-05-05 18:44:37,598 - INFO - Pennylane expZ: [[0.3428139090538025, 0.10897532850503922, 0.2409687042236328, -0.1323191225528717]]
2025-05-05 18:44:37,602 - INFO - Pennylane Q-values: [[23.253774642944336, 31.349611282348633]]
2025-05-05 18:44:37,604 - INFO - Pennylane action: Push to the right
2025-05-05 18:44:37,745 - INFO - Pennylane -> OpenQASM
2025-05-05 18:44:37,750 - INFO - OpenQASM -> Qiskit
2025-05-05 18:44:38,951 - INFO - Submitting the job to ibm_sherbrooke
2025-05-05 18:44:47,568 - INFO - Job completed!
2025-05-05 18:44:47,570 - INFO - Pauli-Z expectation: [0.08203125, 0.294921875, 0.19921875, 0.021484375]
2025-05-05 18:44:47,572 - INFO - Q-values: [18.20952606201172, 21.33319091796875]
2025-05-05 18:44:47,572 - INFO - Action: Push to the right
2025-05-05 18:44:47,572 - INFO - Pennylane simulation
2025-05-05 18:44:47,602 - INFO - Pennylane expZ: [[0.3481137454509735, 0.11244165897369385, 0.27754196524620056, -0.12707535922527313]]
2025-05-05 18:44:47,602 - INFO - Pennylane Q-values: [[25.523962020874023, 33.988006591796875]]
2025-05-05 18:44:47,604 - INFO - Pennylane action: Push to the right
2025-05-05 18:44:47,709 - INFO - Pennylane -> OpenQASM
2025-05-05 18:44:47,712 - INFO - OpenQASM -> Qiskit
2025-05-05 18:44:48,214 - INFO - Submitting the job to ibm_sherbrooke
2025-05-05 18:44:57,196 - INFO - Job completed!
2025-05-05 18:44:57,200 - INFO - Pauli-Z expectation: [0.162109375, 0.072265625, 0.0078125, -0.029296875]
2025-05-05 18:44:57,202 - INFO - Q-values: [7.058243274688721, 8.937643051147461]
2025-05-05 18:44:57,202 - INFO - Action: Push to the right
2025-05-05 18:44:57,204 - INFO - Pennylane simulation
2025-05-05 18:44:57,239 - INFO - Pennylane expZ: [[0.3883230686187744, 0.0855829119682312, 0.3141074776649475, -0.08209281414747238]]
2025-05-05 18:44:57,241 - INFO - Pennylane Q-values: [[28.325162887573242, 37.6562614440918]]
2025-05-05 18:44:57,243 - INFO - Pennylane action: Push to the right
2025-05-05 18:44:57,341 - INFO - Pennylane -> OpenQASM
2025-05-05 18:44:57,345 - INFO - OpenQASM -> Qiskit
2025-05-05 18:44:57,892 - INFO - Submitting the job to ibm_sherbrooke
2025-05-05 18:45:06,198 - INFO - Job completed!
2025-05-05 18:45:06,198 - INFO - Pauli-Z expectation: [0.21484375, -0.021484375, 0.09375, 0.158203125]
2025-05-05 18:45:06,202 - INFO - Q-values: [22.831647872924805, 21.749134063720703]
2025-05-05 18:45:06,202 - INFO - Action: Push to the left
2025-05-05 18:45:06,202 - INFO - Pennylane simulation
2025-05-05 18:45:06,221 - INFO - Pennylane expZ: [[0.45232608914375305, 0.03603430837392807, 0.3431072235107422, -0.008905312046408653]]
2025-05-05 18:45:06,221 - INFO - Pennylane Q-values: [[31.036937713623047, 41.51024627685547]]
2025-05-05 18:45:06,223 - INFO - Pennylane action: Push to the right
2025-05-05 18:45:06,269 - INFO - Pennylane -> OpenQASM
2025-05-05 18:45:06,271 - INFO - OpenQASM -> Qiskit
2025-05-05 18:45:06,586 - INFO - Submitting the job to ibm_sherbrooke
2025-05-05 18:45:15,825 - INFO - Job completed!
2025-05-05 18:45:15,827 - INFO - Pauli-Z expectation: [0.048828125, -0.04296875, 0.03125, 0.052734375]
2025-05-05 18:45:15,827 - INFO - Q-values: [10.592466354370117, 7.573575496673584]
2025-05-05 18:45:15,827 - INFO - Action: Push to the left
2025-05-05 18:45:15,827 - INFO - Pennylane simulation
2025-05-05 18:45:15,852 - INFO - Pennylane expZ: [[0.38079071044921875, 0.0164045263081789, 0.1657370626926422, -0.15221276879310608]]
2025-05-05 18:45:15,852 - INFO - Pennylane Q-values: [[19.48336410522461, 26.9855899810791]]
2025-05-05 18:45:15,854 - INFO - Pennylane action: Push to the right
2025-05-05 18:45:15,913 - INFO - Pennylane -> OpenQASM
2025-05-05 18:45:15,915 - INFO - OpenQASM -> Qiskit
2025-05-05 18:45:16,271 - INFO - Submitting the job to ibm_sherbrooke
2025-05-05 18:45:24,597 - INFO - Job completed!
2025-05-05 18:45:24,608 - INFO - Pauli-Z expectation: [0.111328125, -0.12890625, -0.021484375, 0.06640625]
2025-05-05 18:45:24,620 - INFO - Q-values: [10.287117004394531, 8.341064453125]
2025-05-05 18:45:24,627 - INFO - Action: Push to the left
2025-05-05 18:45:24,628 - INFO - Pennylane simulation
2025-05-05 18:45:24,652 - INFO - Pennylane expZ: [[0.298130065202713, -0.0791502520442009, -0.03899724408984184, -0.2443380057811737]]
2025-05-05 18:45:24,652 - INFO - Pennylane Q-values: [[8.489375114440918, 12.842519760131836]]
2025-05-05 18:45:24,654 - INFO - Pennylane action: Push to the right
2025-05-05 18:45:24,723 - INFO - Pennylane -> OpenQASM
2025-05-05 18:45:24,727 - INFO - OpenQASM -> Qiskit
2025-05-05 18:45:25,410 - INFO - Submitting the job to ibm_sherbrooke
2025-05-05 18:45:34,173 - INFO - Job completed!
2025-05-05 18:45:34,174 - INFO - Pauli-Z expectation: [-0.13671875, -0.296875, -0.24609375, 0.0234375]
2025-05-05 18:45:34,174 - INFO - Q-values: [6.317360877990723, 2.619565010070801]
2025-05-05 18:45:34,174 - INFO - Action: Push to the left
2025-05-05 18:45:34,174 - INFO - Pennylane simulation
2025-05-05 18:45:34,196 - INFO - Pennylane expZ: [[0.1928330957889557, -0.213839590549469, -0.18002834916114807, -0.23320679366588593]]
2025-05-05 18:45:34,196 - INFO - Pennylane Q-values: [[7.216691017150879, 8.927120208740234]]
2025-05-05 18:45:34,196 - INFO - Pennylane action: Push to the right
2025-05-05 18:45:34,196 - INFO - Episode Reward: 14.0

2025-05-05 18:45:34,198 - INFO - --- Episode 2/10 ---
2025-05-05 18:45:34,259 - INFO - Pennylane -> OpenQASM
2025-05-05 18:45:34,262 - INFO - OpenQASM -> Qiskit
2025-05-05 18:45:34,767 - INFO - Submitting the job to ibm_sherbrooke
2025-05-05 18:45:44,316 - INFO - Job completed!
2025-05-05 18:45:44,320 - INFO - Pauli-Z expectation: [-0.15234375, 0.220703125, 0.259765625, 0.232421875]
2025-05-05 18:45:44,320 - INFO - Q-values: [34.04142761230469, 29.38398551940918]
2025-05-05 18:45:44,320 - INFO - Action: Push to the left
2025-05-05 18:45:44,320 - INFO - Pennylane simulation
2025-05-05 18:45:44,355 - INFO - Pennylane expZ: [[0.30870091915130615, -0.05800534784793854, 0.7560755014419556, 0.27135077118873596]]
2025-05-05 18:45:44,357 - INFO - Pennylane Q-values: [[71.05503845214844, 73.06170654296875]]
2025-05-05 18:45:44,359 - INFO - Pennylane action: Push to the right
2025-05-05 18:45:44,454 - INFO - Pennylane -> OpenQASM
2025-05-05 18:45:44,466 - INFO - OpenQASM -> Qiskit
2025-05-05 18:45:45,330 - INFO - Submitting the job to ibm_sherbrooke
2025-05-05 18:45:53,720 - INFO - Job completed!
2025-05-05 18:45:53,725 - INFO - Pauli-Z expectation: [0.083984375, 0.380859375, 0.443359375, -0.123046875]
2025-05-05 18:45:53,728 - INFO - Q-values: [31.421003341674805, 37.46613311767578]
2025-05-05 18:45:53,735 - INFO - Action: Push to the right
2025-05-05 18:45:53,735 - INFO - Pennylane simulation
2025-05-05 18:45:53,765 - INFO - Pennylane expZ: [[0.3201988935470581, 0.11794792115688324, 0.7413509488105774, 0.2488572895526886]]
2025-05-05 18:45:53,766 - INFO - Pennylane Q-values: [[68.50100708007812, 72.73193359375]]
2025-05-05 18:45:53,768 - INFO - Pennylane action: Push to the right
2025-05-05 18:45:53,861 - INFO - Pennylane -> OpenQASM
2025-05-05 18:45:53,865 - INFO - OpenQASM -> Qiskit
2025-05-05 18:45:54,815 - INFO - Submitting the job to ibm_sherbrooke
2025-05-05 18:46:03,755 - INFO - Job completed!
2025-05-05 18:46:03,758 - INFO - Pauli-Z expectation: [0.53515625, -0.05078125, -0.208984375, 0.134765625]
2025-05-05 18:46:03,759 - INFO - Q-values: [19.5845890045166, 26.61739730834961]
2025-05-05 18:46:03,759 - INFO - Action: Push to the right
2025-05-05 18:46:03,759 - INFO - Pennylane simulation
2025-05-05 18:46:03,780 - INFO - Pennylane expZ: [[0.321935772895813, -0.0505245141685009, 0.7480646371841431, 0.26954570412635803]]
2025-05-05 18:46:03,782 - INFO - Pennylane Q-values: [[70.6187973022461, 72.95935821533203]]
2025-05-05 18:46:03,782 - INFO - Pennylane action: Push to the right
2025-05-05 18:46:03,846 - INFO - Pennylane -> OpenQASM
2025-05-05 18:46:03,852 - INFO - OpenQASM -> Qiskit
2025-05-05 18:46:04,407 - INFO - Submitting the job to ibm_sherbrooke
2025-05-05 18:46:13,176 - INFO - Job completed!
2025-05-05 18:46:13,176 - INFO - Pauli-Z expectation: [-0.080078125, 0.0703125, 0.181640625, 0.0859375]
2025-05-05 18:46:13,176 - INFO - Q-values: [20.89928436279297, 17.514019012451172]
2025-05-05 18:46:13,176 - INFO - Action: Push to the left
2025-05-05 18:46:13,176 - INFO - Pennylane simulation
2025-05-05 18:46:13,202 - INFO - Pennylane expZ: [[0.3060778081417084, -0.23398931324481964, 0.7543893456459045, 0.2852523922920227]]
2025-05-05 18:46:13,202 - INFO - Pennylane Q-values: [[71.77005004882812, 73.36479949951172]]
2025-05-05 18:46:13,202 - INFO - Pennylane action: Push to the right
2025-05-05 18:46:13,243 - INFO - Pennylane -> OpenQASM
2025-05-05 18:46:13,245 - INFO - OpenQASM -> Qiskit
2025-05-05 18:46:13,647 - INFO - Submitting the job to ibm_sherbrooke
2025-05-05 18:46:28,121 - INFO - Job completed!
2025-05-05 18:46:28,121 - INFO - Pauli-Z expectation: [0.0703125, -0.03125, 0.220703125, 0.138671875]
2025-05-05 18:46:28,121 - INFO - Q-values: [27.593341827392578, 24.0239315032959]
2025-05-05 18:46:28,121 - INFO - Action: Push to the left
2025-05-05 18:46:28,121 - INFO - Pennylane simulation
2025-05-05 18:46:28,152 - INFO - Pennylane expZ: [[0.31181231141090393, -0.033032406121492386, 0.7549780011177063, 0.27333876490592957]]
2025-05-05 18:46:28,152 - INFO - Pennylane Q-values: [[71.14747619628906, 73.17825317382812]]
2025-05-05 18:46:28,152 - INFO - Pennylane action: Push to the right
2025-05-05 18:46:28,202 - INFO - Pennylane -> OpenQASM
2025-05-05 18:46:28,202 - INFO - OpenQASM -> Qiskit
2025-05-05 18:46:28,580 - INFO - Submitting the job to ibm_sherbrooke
2025-05-05 18:46:37,130 - INFO - Job completed!
2025-05-05 18:46:37,143 - INFO - Pauli-Z expectation: [0.03515625, 0.111328125, 0.119140625, 0.232421875]
2025-05-05 18:46:37,144 - INFO - Q-values: [26.330646514892578, 20.456323623657227]
2025-05-05 18:46:37,144 - INFO - Action: Push to the left
2025-05-05 18:46:37,144 - INFO - Pennylane simulation
2025-05-05 18:46:37,184 - INFO - Pennylane expZ: [[0.3235611319541931, 0.1364644467830658, 0.7377549409866333, 0.24860051274299622]]
2025-05-05 18:46:37,184 - INFO - Pennylane Q-values: [[68.24093627929688, 72.7739486694336]]
2025-05-05 18:46:37,186 - INFO - Pennylane action: Push to the right
2025-05-05 18:46:37,241 - INFO - Pennylane -> OpenQASM
2025-05-05 18:46:37,241 - INFO - OpenQASM -> Qiskit
2025-05-05 18:46:37,665 - INFO - Submitting the job to ibm_sherbrooke
2025-05-05 18:46:46,192 - INFO - Job completed!
2025-05-05 18:46:46,195 - INFO - Pauli-Z expectation: [-0.03125, 0.2421875, 0.099609375, -0.03515625]
2025-05-05 18:46:46,197 - INFO - Q-values: [10.053808212280273, 10.460672378540039]
2025-05-05 18:46:46,197 - INFO - Action: Push to the right
2025-05-05 18:46:46,197 - INFO - Pennylane simulation
2025-05-05 18:46:46,221 - INFO - Pennylane expZ: [[0.33343377709388733, 0.24028411507606506, 0.6913548111915588, 0.1950484961271286]]
2025-05-05 18:46:46,221 - INFO - Pennylane Q-values: [[61.89994812011719, 69.02772521972656]]
2025-05-05 18:46:46,221 - INFO - Pennylane action: Push to the right
2025-05-05 18:46:46,280 - INFO - Pennylane -> OpenQASM
2025-05-05 18:46:46,284 - INFO - OpenQASM -> Qiskit
2025-05-05 18:46:46,681 - INFO - Submitting the job to ibm_sherbrooke
2025-05-05 18:46:55,161 - INFO - Job completed!
2025-05-05 18:46:55,165 - INFO - Pauli-Z expectation: [0.0390625, -0.115234375, -0.01171875, -0.08984375]
2025-05-05 18:46:55,165 - INFO - Q-values: [5.35812520980835, 3.2092597484588623]
2025-05-05 18:46:55,165 - INFO - Action: Push to the left
2025-05-05 18:46:55,165 - INFO - Pennylane simulation
2025-05-05 18:46:55,189 - INFO - Pennylane expZ: [[0.3546770513057709, 0.12860651314258575, 0.7069166302680969, 0.22343097627162933]]
2025-05-05 18:46:55,190 - INFO - Pennylane Q-values: [[65.23750305175781, 70.90231323242188]]
2025-05-05 18:46:55,190 - INFO - Pennylane action: Push to the right
2025-05-05 18:46:55,265 - INFO - Pennylane -> OpenQASM
2025-05-05 18:46:55,269 - INFO - OpenQASM -> Qiskit
2025-05-05 18:46:55,679 - INFO - Submitting the job to ibm_sherbrooke
2025-05-05 18:47:04,116 - INFO - Job completed!
2025-05-05 18:47:04,120 - INFO - Pauli-Z expectation: [0.140625, 0.06640625, 0.20703125, -0.3671875]
2025-05-05 18:47:04,120 - INFO - Q-values: [18.90500259399414, 21.218534469604492]
2025-05-05 18:47:04,120 - INFO - Action: Push to the right
2025-05-05 18:47:04,120 - INFO - Pennylane simulation
2025-05-05 18:47:04,139 - INFO - Pennylane expZ: [[0.3535589575767517, 0.2247956544160843, 0.6483460068702698, 0.1512290984392166]]
2025-05-05 18:47:04,139 - INFO - Pennylane Q-values: [[56.91395568847656, 65.19125366210938]]
2025-05-05 18:47:04,139 - INFO - Pennylane action: Push to the right
2025-05-05 18:47:04,221 - INFO - Pennylane -> OpenQASM
2025-05-05 18:47:04,225 - INFO - OpenQASM -> Qiskit
2025-05-05 18:47:04,799 - INFO - Submitting the job to ibm_sherbrooke
2025-05-05 18:47:16,257 - INFO - Job completed!
2025-05-05 18:47:16,260 - INFO - Pauli-Z expectation: [0.228515625, 0.123046875, 0.40234375, 0.25390625]
2025-05-05 18:47:16,261 - INFO - Q-values: [47.11750030517578, 47.20798110961914]
2025-05-05 18:47:16,261 - INFO - Action: Push to the right
2025-05-05 18:47:16,261 - INFO - Pennylane simulation
2025-05-05 18:47:16,287 - INFO - Pennylane expZ: [[0.3878036439418793, 0.11914262920618057, 0.6641554236412048, 0.19059744477272034]]
2025-05-05 18:47:16,287 - INFO - Pennylane Q-values: [[61.072837829589844, 68.02322387695312]]
2025-05-05 18:47:16,287 - INFO - Pennylane action: Push to the right
2025-05-05 18:47:16,367 - INFO - Pennylane -> OpenQASM
2025-05-05 18:47:16,370 - INFO - OpenQASM -> Qiskit
2025-05-05 18:47:16,988 - INFO - Submitting the job to ibm_sherbrooke
2025-05-05 18:47:32,538 - INFO - Job completed!
2025-05-05 18:47:32,538 - INFO - Pauli-Z expectation: [0.216796875, 0.23828125, 0.232421875, 0.251953125]
2025-05-05 18:47:32,538 - INFO - Q-values: [36.13231658935547, 36.517276763916016]
2025-05-05 18:47:32,538 - INFO - Action: Push to the right
2025-05-05 18:47:32,538 - INFO - Pennylane simulation
2025-05-05 18:47:32,563 - INFO - Pennylane expZ: [[0.41770780086517334, -0.025396404787898064, 0.6690800189971924, 0.23814503848552704]]
2025-05-05 18:47:32,563 - INFO - Pennylane Q-values: [[65.06719207763672, 70.15833282470703]]
2025-05-05 18:47:32,563 - INFO - Pennylane action: Push to the right
2025-05-05 18:47:32,622 - INFO - Pennylane -> OpenQASM
2025-05-05 18:47:32,624 - INFO - OpenQASM -> Qiskit
2025-05-05 18:47:33,070 - INFO - Submitting the job to ibm_sherbrooke
2025-05-05 18:47:41,837 - INFO - Job completed!
2025-05-05 18:47:41,842 - INFO - Pauli-Z expectation: [-0.0390625, 0.09375, 0.326171875, 0.046875]
2025-05-05 18:47:41,842 - INFO - Q-values: [27.196754455566406, 25.809682846069336]
2025-05-05 18:47:41,842 - INFO - Action: Push to the left
2025-05-05 18:47:41,842 - INFO - Pennylane simulation
2025-05-05 18:47:41,859 - INFO - Pennylane expZ: [[0.4262363016605377, -0.1882559359073639, 0.6695961356163025, 0.28378933668136597]]
2025-05-05 18:47:41,859 - INFO - Pennylane Q-values: [[67.9891586303711, 72.18980407714844]]
2025-05-05 18:47:41,859 - INFO - Pennylane action: Push to the right
2025-05-05 18:47:41,894 - INFO - Pennylane -> OpenQASM
2025-05-05 18:47:41,908 - INFO - OpenQASM -> Qiskit
2025-05-05 18:47:42,342 - INFO - Submitting the job to ibm_sherbrooke
2025-05-05 18:47:50,431 - INFO - Job completed!
2025-05-05 18:47:50,447 - INFO - Pauli-Z expectation: [0.259765625, -0.1640625, 0.029296875, 0.083984375]
2025-05-05 18:47:50,447 - INFO - Q-values: [14.931995391845703, 16.4388370513916]
2025-05-05 18:47:50,447 - INFO - Action: Push to the right
2025-05-05 18:47:50,447 - INFO - Pennylane simulation
2025-05-05 18:47:50,469 - INFO - Pennylane expZ: [[0.41573071479797363, 0.002305814065039158, 0.6691833138465881, 0.23276706039905548]]
2025-05-05 18:47:50,469 - INFO - Pennylane Q-values: [[64.7127914428711, 69.91400146484375]]
2025-05-05 18:47:50,469 - INFO - Pennylane action: Push to the right
2025-05-05 18:47:50,532 - INFO - Pennylane -> OpenQASM
2025-05-05 18:47:50,535 - INFO - OpenQASM -> Qiskit
2025-05-05 18:47:50,992 - INFO - Submitting the job to ibm_sherbrooke
2025-05-05 18:48:00,493 - INFO - Job completed!
2025-05-05 18:48:00,493 - INFO - Pauli-Z expectation: [-0.142578125, -0.138671875, -0.0078125, 0.193359375]
2025-05-05 18:48:00,493 - INFO - Q-values: [16.69478416442871, 8.875004768371582]
2025-05-05 18:48:00,497 - INFO - Action: Push to the left
2025-05-05 18:48:00,497 - INFO - Pennylane simulation
2025-05-05 18:48:00,506 - INFO - Pennylane expZ: [[0.42891404032707214, -0.1592951864004135, 0.6698236465454102, 0.2786756753921509]]
2025-05-05 18:48:00,506 - INFO - Pennylane Q-values: [[67.72303009033203, 72.11611938476562]]
2025-05-05 18:48:00,506 - INFO - Pennylane action: Push to the right
2025-05-05 18:48:00,586 - INFO - Pennylane -> OpenQASM
2025-05-05 18:48:00,586 - INFO - OpenQASM -> Qiskit
2025-05-05 18:48:01,061 - INFO - Submitting the job to ibm_sherbrooke
2025-05-05 18:48:10,120 - INFO - Job completed!
2025-05-05 18:48:10,121 - INFO - Pauli-Z expectation: [0.0859375, -0.056640625, 0.119140625, 0.18359375]
2025-05-05 18:48:10,121 - INFO - Q-values: [24.36453628540039, 19.56418228149414]
2025-05-05 18:48:10,121 - INFO - Action: Push to the left
2025-05-05 18:48:10,121 - INFO - Pennylane simulation
2025-05-05 18:48:10,138 - INFO - Pennylane expZ: [[0.41702911257743835, 0.027126653119921684, 0.6650230884552002, 0.22502171993255615]]
2025-05-05 18:48:10,138 - INFO - Pennylane Q-values: [[63.91343688964844, 69.62205505371094]]
2025-05-05 18:48:10,138 - INFO - Pennylane action: Push to the right
2025-05-05 18:48:10,168 - INFO - Pennylane -> OpenQASM
2025-05-05 18:48:10,168 - INFO - OpenQASM -> Qiskit
2025-05-05 18:48:10,604 - INFO - Submitting the job to ibm_sherbrooke
2025-05-05 18:48:19,027 - INFO - Job completed!
2025-05-05 18:48:19,030 - INFO - Pauli-Z expectation: [0.0546875, -0.1015625, -0.080078125, 0.359375]
2025-05-05 18:48:19,031 - INFO - Q-values: [27.494630813598633, 17.020160675048828]
2025-05-05 18:48:19,031 - INFO - Action: Push to the left
2025-05-05 18:48:19,031 - INFO - Pennylane simulation
2025-05-05 18:48:19,054 - INFO - Pennylane expZ: [[0.3988865613937378, 0.15723340213298798, 0.6197659373283386, 0.14506538212299347]]
2025-05-05 18:48:19,054 - INFO - Pennylane Q-values: [[55.595672607421875, 64.16948699951172]]
2025-05-05 18:48:19,054 - INFO - Pennylane action: Push to the right
2025-05-05 18:48:19,107 - INFO - Pennylane -> OpenQASM
2025-05-05 18:48:19,110 - INFO - OpenQASM -> Qiskit
2025-05-05 18:48:19,524 - INFO - Submitting the job to ibm_sherbrooke
2025-05-05 18:48:29,371 - INFO - Job completed!
2025-05-05 18:48:29,373 - INFO - Pauli-Z expectation: [0.25390625, -0.037109375, -0.171875, 0.005859375]
2025-05-05 18:48:29,373 - INFO - Q-values: [8.312701225280762, 11.41379165649414]
2025-05-05 18:48:29,374 - INFO - Action: Push to the right
2025-05-05 18:48:29,374 - INFO - Pennylane simulation
2025-05-05 18:48:29,397 - INFO - Pennylane expZ: [[0.37604111433029175, 0.19994881749153137, 0.5091695785522461, 0.025667935609817505]]
2025-05-05 18:48:29,397 - INFO - Pennylane Q-values: [[41.164306640625, 52.011695861816406]]
2025-05-05 18:48:29,397 - INFO - Pennylane action: Push to the right
2025-05-05 18:48:29,446 - INFO - Pennylane -> OpenQASM
2025-05-05 18:48:29,446 - INFO - OpenQASM -> Qiskit
2025-05-05 18:48:29,836 - INFO - Submitting the job to ibm_sherbrooke
2025-05-05 18:48:39,206 - INFO - Job completed!
2025-05-05 18:48:39,208 - INFO - Pauli-Z expectation: [0.150390625, 0.390625, 0.314453125, -0.076171875]
2025-05-05 18:48:39,209 - INFO - Q-values: [24.368473052978516, 31.524770736694336]
2025-05-05 18:48:39,210 - INFO - Action: Push to the right
2025-05-05 18:48:39,210 - INFO - Pennylane simulation
2025-05-05 18:48:39,264 - INFO - Pennylane expZ: [[0.4312526285648346, 0.1286604106426239, 0.533988356590271, 0.07549215853214264]]
2025-05-05 18:48:39,265 - INFO - Pennylane Q-values: [[46.63756561279297, 56.90546417236328]]
2025-05-05 18:48:39,265 - INFO - Pennylane action: Push to the right
2025-05-05 18:48:39,325 - INFO - Pennylane -> OpenQASM
2025-05-05 18:48:39,326 - INFO - OpenQASM -> Qiskit
2025-05-05 18:48:39,728 - INFO - Submitting the job to ibm_sherbrooke
2025-05-05 18:48:48,620 - INFO - Job completed!
2025-05-05 18:48:48,624 - INFO - Pauli-Z expectation: [0.095703125, 0.099609375, 0.00390625, 0.064453125]
2025-05-05 18:48:48,624 - INFO - Q-values: [9.856145858764648, 8.825048446655273]
2025-05-05 18:48:48,626 - INFO - Action: Push to the left
2025-05-05 18:48:48,626 - INFO - Pennylane simulation
2025-05-05 18:48:48,649 - INFO - Pennylane expZ: [[0.4881921410560608, 0.025106165558099747, 0.5473395586013794, 0.14429952204227448]]
2025-05-05 18:48:48,649 - INFO - Pennylane Q-values: [[52.711936950683594, 61.521583557128906]]
2025-05-05 18:48:48,649 - INFO - Pennylane action: Push to the right
2025-05-05 18:48:48,700 - INFO - Pennylane -> OpenQASM
2025-05-05 18:48:48,710 - INFO - OpenQASM -> Qiskit
2025-05-05 18:48:49,381 - INFO - Submitting the job to ibm_sherbrooke
2025-05-05 18:49:01,640 - INFO - Job completed!
2025-05-05 18:49:01,646 - INFO - Pauli-Z expectation: [0.259765625, 0.056640625, 0.162109375, -0.08203125]
2025-05-05 18:49:01,646 - INFO - Q-values: [17.655174255371094, 22.60146141052246]
2025-05-05 18:49:01,646 - INFO - Action: Push to the right
2025-05-05 18:49:01,646 - INFO - Pennylane simulation
2025-05-05 18:49:01,663 - INFO - Pennylane expZ: [[0.44326671957969666, 0.11300591379404068, 0.4610785245895386, 0.0171706173568964]]
2025-05-05 18:49:01,664 - INFO - Pennylane Q-values: [[38.854576110839844, 50.26111602783203]]
2025-05-05 18:49:01,664 - INFO - Pennylane action: Push to the right
2025-05-05 18:49:01,682 - INFO - Pennylane -> OpenQASM
2025-05-05 18:49:01,682 - INFO - OpenQASM -> Qiskit
2025-05-05 18:49:02,137 - INFO - Submitting the job to ibm_sherbrooke
2025-05-05 18:49:11,458 - INFO - Job completed!
2025-05-05 18:49:11,460 - INFO - Pauli-Z expectation: [0.03515625, 0.001953125, 0.107421875, 0.01953125]
2025-05-05 18:49:11,462 - INFO - Q-values: [13.013229370117188, 10.8809814453125]
2025-05-05 18:49:11,465 - INFO - Action: Push to the left
2025-05-05 18:49:11,465 - INFO - Pennylane simulation
2025-05-05 18:49:11,478 - INFO - Pennylane expZ: [[0.5068215131759644, 0.025895200669765472, 0.47837066650390625, 0.09169333428144455]]
2025-05-05 18:49:11,478 - INFO - Pennylane Q-values: [[45.537620544433594, 55.738563537597656]]
2025-05-05 18:49:11,478 - INFO - Pennylane action: Push to the right
2025-05-05 18:49:11,526 - INFO - Pennylane -> OpenQASM
2025-05-05 18:49:11,528 - INFO - OpenQASM -> Qiskit
2025-05-05 18:49:11,974 - INFO - Submitting the job to ibm_sherbrooke
2025-05-05 18:49:20,478 - INFO - Job completed!
2025-05-05 18:49:20,480 - INFO - Pauli-Z expectation: [0.1484375, 0.10546875, 0.140625, -0.0546875]
2025-05-05 18:49:20,482 - INFO - Q-values: [14.829907417297363, 17.476736068725586]
2025-05-05 18:49:20,482 - INFO - Action: Push to the right
2025-05-05 18:49:20,482 - INFO - Pennylane simulation
2025-05-05 18:49:20,506 - INFO - Pennylane expZ: [[0.4493350684642792, 0.08645349740982056, 0.3672313392162323, -0.049536626785993576]]
2025-05-05 18:49:20,506 - INFO - Pennylane Q-values: [[32.28211212158203, 43.434295654296875]]
2025-05-05 18:49:20,506 - INFO - Pennylane action: Push to the right
2025-05-05 18:49:20,565 - INFO - Pennylane -> OpenQASM
2025-05-05 18:49:20,574 - INFO - OpenQASM -> Qiskit
2025-05-05 18:49:21,066 - INFO - Submitting the job to ibm_sherbrooke
2025-05-05 18:49:30,301 - INFO - Job completed!
2025-05-05 18:49:30,305 - INFO - Pauli-Z expectation: [0.123046875, 0.0703125, -0.095703125, 0.177734375]
2025-05-05 18:49:30,306 - INFO - Q-values: [16.973777770996094, 13.4959716796875]
2025-05-05 18:49:30,306 - INFO - Action: Push to the left
2025-05-05 18:49:30,306 - INFO - Pennylane simulation
2025-05-05 18:49:30,331 - INFO - Pennylane expZ: [[0.5166090130805969, 0.017198743298649788, 0.3873758912086487, 0.027918394654989243]]
2025-05-05 18:49:30,331 - INFO - Pennylane Q-values: [[36.27244567871094, 47.680015563964844]]
2025-05-05 18:49:30,331 - INFO - Pennylane action: Push to the right
2025-05-05 18:49:30,390 - INFO - Pennylane -> OpenQASM
2025-05-05 18:49:30,405 - INFO - OpenQASM -> Qiskit
2025-05-05 18:49:30,824 - INFO - Submitting the job to ibm_sherbrooke
2025-05-05 18:49:39,855 - INFO - Job completed!
2025-05-05 18:49:39,857 - INFO - Pauli-Z expectation: [0.291015625, 0.02734375, 0.08203125, 0.064453125]
2025-05-05 18:49:39,859 - INFO - Q-values: [17.217166900634766, 20.599225997924805]
2025-05-05 18:49:39,859 - INFO - Action: Push to the right
2025-05-05 18:49:39,859 - INFO - Pennylane simulation
2025-05-05 18:49:39,887 - INFO - Pennylane expZ: [[0.4441932141780853, 0.04628117009997368, 0.25235840678215027, -0.11634491384029388]]
2025-05-05 18:49:39,887 - INFO - Pennylane Q-values: [[25.396501541137695, 35.316585540771484]]
2025-05-05 18:49:39,889 - INFO - Pennylane action: Push to the right
2025-05-05 18:49:39,955 - INFO - Pennylane -> OpenQASM
2025-05-05 18:49:39,959 - INFO - OpenQASM -> Qiskit
2025-05-05 18:49:40,953 - INFO - Submitting the job to ibm_sherbrooke
2025-05-05 18:49:49,850 - INFO - Job completed!
2025-05-05 18:49:49,862 - INFO - Pauli-Z expectation: [0.15234375, 0.248046875, 0.25, -0.1796875]
2025-05-05 18:49:49,862 - INFO - Q-values: [20.997156143188477, 26.0902042388916]
2025-05-05 18:49:49,862 - INFO - Action: Push to the right
2025-05-05 18:49:49,862 - INFO - Pennylane simulation
2025-05-05 18:49:49,885 - INFO - Pennylane expZ: [[0.5106310248374939, -0.004746471997350454, 0.27213534712791443, -0.03998176008462906]]
2025-05-05 18:49:49,887 - INFO - Pennylane Q-values: [[27.566421508789062, 38.682029724121094]]
2025-05-05 18:49:49,887 - INFO - Pennylane action: Push to the right
2025-05-05 18:49:49,929 - INFO - Pennylane -> OpenQASM
2025-05-05 18:49:49,933 - INFO - OpenQASM -> Qiskit
2025-05-05 18:49:50,497 - INFO - Submitting the job to ibm_sherbrooke
2025-05-05 18:49:58,563 - INFO - Job completed!
2025-05-05 18:49:58,563 - INFO - Pauli-Z expectation: [-0.078125, -0.083984375, 0.16015625, -0.095703125]
2025-05-05 18:49:58,567 - INFO - Q-values: [14.601598739624023, 12.313446044921875]
2025-05-05 18:49:58,567 - INFO - Action: Push to the left
2025-05-05 18:49:58,567 - INFO - Pennylane simulation
2025-05-05 18:49:58,590 - INFO - Pennylane expZ: [[0.5594472289085388, -0.06655866652727127, 0.2839982807636261, 0.04831117391586304]]
2025-05-05 18:49:58,590 - INFO - Pennylane Q-values: [[31.826536178588867, 43.05768585205078]]
2025-05-05 18:49:58,590 - INFO - Pennylane action: Push to the right
2025-05-05 18:49:58,646 - INFO - Pennylane -> OpenQASM
2025-05-05 18:49:58,648 - INFO - OpenQASM -> Qiskit
2025-05-05 18:49:59,353 - INFO - Submitting the job to ibm_sherbrooke
2025-05-05 18:50:10,151 - INFO - Job completed!
2025-05-05 18:50:10,154 - INFO - Pauli-Z expectation: [0.30859375, 0.21875, 0.3125, -0.359375]
2025-05-05 18:50:10,154 - INFO - Q-values: [26.782968521118164, 35.761295318603516]
2025-05-05 18:50:10,154 - INFO - Action: Push to the right
2025-05-05 18:50:10,154 - INFO - Pennylane simulation
2025-05-05 18:50:10,173 - INFO - Pennylane expZ: [[0.48381420969963074, -0.02153506502509117, 0.17974953353405, -0.09568604826927185]]
2025-05-05 18:50:10,173 - INFO - Pennylane Q-values: [[21.637866973876953, 31.595256805419922]]
2025-05-05 18:50:10,173 - INFO - Pennylane action: Push to the right
2025-05-05 18:50:10,179 - INFO - Episode Reward: 27.0
