2025-06-07 08:56:06,974 - INFO - ==== RUN HEADER ====
2025-06-07 08:56:06,974 - INFO - Number of Qubits: 4
2025-06-07 08:56:06,974 - INFO - VQC Layers: 3
2025-06-07 08:56:06,982 - INFO - Trained Parameters File: cartpole/v1_3l/850ep_0.01.pth
2025-06-07 08:56:06,982 - INFO - Quantum Backend: ibm_sherbrooke
2025-06-07 08:56:06,982 - INFO - Number of Shots per Execution: 1024
2025-06-07 08:56:06,982 - INFO - Comparison mode: True
2025-06-07 08:56:06,982 - INFO - ====================

2025-06-07 08:56:06,990 - INFO - === Start Run ===

2025-06-07 08:56:06,990 - INFO - --- Episode 1/100 ---
2025-06-07 08:56:07,022 - INFO - Pennylane -> OpenQASM
2025-06-07 08:56:07,037 - INFO - OpenQASM -> Qiskit
2025-06-07 08:56:11,660 - INFO - Submitting the job to ibm_sherbrooke
2025-06-07 08:56:27,848 - INFO - Job completed!
2025-06-07 08:56:27,850 - INFO - Pauli-Z expectation: [-0.033203125, 0.03125, 0.0078125, -0.015625]
2025-06-07 08:56:27,850 - INFO - Q-values: [-0.699621319770813, 2.7877349853515625]
2025-06-07 08:56:27,852 - INFO - Action: Push to the right
2025-06-07 08:56:27,852 - INFO - Pennylane simulation
2025-06-07 08:56:27,869 - INFO - Pennylane expZ: [-0.19682468473911285, 0.16532881557941437, 0.22909866273403168, -0.07667723298072815]
2025-06-07 08:56:27,869 - INFO - Pennylane Q-values: [10.874171257019043, 10.847710609436035]
2025-06-07 08:56:27,869 - INFO - Pennylane action: Push to the left
2025-06-07 08:56:27,887 - INFO - Pennylane -> OpenQASM
2025-06-07 08:56:27,889 - INFO - OpenQASM -> Qiskit
2025-06-07 08:56:28,026 - INFO - Submitting the job to ibm_sherbrooke
2025-06-07 08:56:46,702 - INFO - Job completed!
2025-06-07 08:56:46,718 - INFO - Pauli-Z expectation: [-0.068359375, 0.05078125, 0.001953125, 0.00390625]
2025-06-07 08:56:46,720 - INFO - Q-values: [-0.12414634227752686, 3.443045139312744]
2025-06-07 08:56:46,720 - INFO - Action: Push to the right
2025-06-07 08:56:46,720 - INFO - Pennylane simulation
2025-06-07 08:56:46,733 - INFO - Pennylane expZ: [-0.2873856723308563, 0.16361556947231293, 0.19789470732212067, -0.07955470681190491]
2025-06-07 08:56:46,733 - INFO - Pennylane Q-values: [9.797886848449707, 10.263562202453613]
2025-06-07 08:56:46,733 - INFO - Pennylane action: Push to the right
2025-06-07 08:56:46,749 - INFO - Pennylane -> OpenQASM
2025-06-07 08:56:46,749 - INFO - OpenQASM -> Qiskit
2025-06-07 08:56:46,844 - INFO - Submitting the job to ibm_sherbrooke
2025-06-07 08:56:55,338 - INFO - Job completed!
2025-06-07 08:56:55,349 - INFO - Pauli-Z expectation: [-0.0546875, 0.017578125, 0.0078125, -0.01171875]
2025-06-07 08:56:55,349 - INFO - Q-values: [-1.1415469646453857, 2.348475694656372]
2025-06-07 08:56:55,349 - INFO - Action: Push to the right
2025-06-07 08:56:55,349 - INFO - Pennylane simulation
2025-06-07 08:56:55,366 - INFO - Pennylane expZ: [-0.38140368461608887, 0.15086311101913452, 0.1686682403087616, -0.06952298432588577]
2025-06-07 08:56:55,366 - INFO - Pennylane Q-values: [8.429471015930176, 9.358268737792969]
2025-06-07 08:56:55,366 - INFO - Pennylane action: Push to the right
2025-06-07 08:56:55,380 - INFO - Pennylane -> OpenQASM
2025-06-07 08:56:55,380 - INFO - OpenQASM -> Qiskit
2025-06-07 08:56:55,532 - INFO - Submitting the job to ibm_sherbrooke
2025-06-07 08:57:04,844 - INFO - Job completed!
2025-06-07 08:57:04,846 - INFO - Pauli-Z expectation: [-0.123046875, 0.015625, 0.0859375, 0.0390625]
2025-06-07 08:57:04,847 - INFO - Q-values: [2.709909439086914, 4.881937503814697]
2025-06-07 08:57:04,847 - INFO - Action: Push to the right
2025-06-07 08:57:04,848 - INFO - Pennylane simulation
2025-06-07 08:57:04,856 - INFO - Pennylane expZ: [-0.46732228994369507, 0.13142435252666473, 0.1422584056854248, -0.03393407166004181]
2025-06-07 08:57:04,856 - INFO - Pennylane Q-values: [6.937081813812256, 8.285913467407227]
2025-06-07 08:57:04,856 - INFO - Pennylane action: Push to the right
2025-06-07 08:57:04,887 - INFO - Pennylane -> OpenQASM
2025-06-07 08:57:04,888 - INFO - OpenQASM -> Qiskit
2025-06-07 08:57:05,000 - INFO - Submitting the job to ibm_sherbrooke
2025-06-07 08:57:29,993 - INFO - Job completed!
2025-06-07 08:57:29,997 - INFO - Pauli-Z expectation: [-0.01171875, -0.048828125, -0.03515625, -0.03125]
2025-06-07 08:57:29,997 - INFO - Q-values: [-1.965340256690979, 1.6512423753738403]
2025-06-07 08:57:29,997 - INFO - Action: Push to the right
2025-06-07 08:57:29,997 - INFO - Pennylane simulation
2025-06-07 08:57:30,011 - INFO - Pennylane expZ: [-0.5279311537742615, 0.1084417998790741, 0.11934475600719452, 0.029405828565359116]
2025-06-07 08:57:30,011 - INFO - Pennylane Q-values: [6.467235088348389, 8.116154670715332]
2025-06-07 08:57:30,011 - INFO - Pennylane action: Push to the right
2025-06-07 08:57:30,031 - INFO - Pennylane -> OpenQASM
2025-06-07 08:57:30,031 - INFO - OpenQASM -> Qiskit
2025-06-07 08:57:30,138 - INFO - Submitting the job to ibm_sherbrooke
2025-06-07 08:58:05,453 - INFO - Job completed!
2025-06-07 08:58:05,460 - INFO - Pauli-Z expectation: [-0.05859375, -0.0078125, -0.029296875, 0.01171875]
2025-06-07 08:58:05,460 - INFO - Q-values: [-1.5577738285064697, 2.0326926708221436]
2025-06-07 08:58:05,460 - INFO - Action: Push to the right
2025-06-07 08:58:05,460 - INFO - Pennylane simulation
2025-06-07 08:58:05,473 - INFO - Pennylane expZ: [-0.545286238193512, 0.08166682720184326, 0.09623292833566666, 0.10440900176763535]
2025-06-07 08:58:05,473 - INFO - Pennylane Q-values: [7.454148769378662, 9.305402755737305]
2025-06-07 08:58:05,473 - INFO - Pennylane action: Push to the right
2025-06-07 08:58:05,488 - INFO - Pennylane -> OpenQASM
2025-06-07 08:58:05,488 - INFO - OpenQASM -> Qiskit
2025-06-07 08:58:05,628 - INFO - Submitting the job to ibm_sherbrooke
2025-06-07 08:58:14,932 - INFO - Job completed!
2025-06-07 08:58:14,932 - INFO - Pauli-Z expectation: [-0.361328125, -0.083984375, 0.09765625, 0.185546875]
2025-06-07 08:58:14,932 - INFO - Q-values: [7.682836055755615, 9.346761703491211]
2025-06-07 08:58:14,932 - INFO - Action: Push to the right
2025-06-07 08:58:14,932 - INFO - Pennylane simulation
2025-06-07 08:58:14,948 - INFO - Pennylane expZ: [-0.5075177550315857, 0.04543367773294449, 0.06134367361664772, 0.16704429686069489]
2025-06-07 08:58:14,948 - INFO - Pennylane Q-values: [7.319873332977295, 9.588491439819336]
2025-06-07 08:58:14,948 - INFO - Pennylane action: Push to the right
2025-06-07 08:58:14,964 - INFO - Pennylane -> OpenQASM
2025-06-07 08:58:14,964 - INFO - OpenQASM -> Qiskit
2025-06-07 08:58:15,075 - INFO - Submitting the job to ibm_sherbrooke
2025-06-07 08:58:22,920 - INFO - Job completed!
2025-06-07 08:58:22,933 - INFO - Pauli-Z expectation: [-0.025390625, 0.0, 0.00390625, 0.0234375]
2025-06-07 08:58:22,933 - INFO - Q-values: [-1.022405743598938, 2.4803783893585205]
2025-06-07 08:58:22,933 - INFO - Action: Push to the right
2025-06-07 08:58:22,933 - INFO - Pennylane simulation
2025-06-07 08:58:22,952 - INFO - Pennylane expZ: [-0.4069279432296753, -0.00901923980563879, 0.008026315830647945, 0.21829091012477875]
2025-06-07 08:58:22,952 - INFO - Pennylane Q-values: [5.889198303222656, 8.892800331115723]
2025-06-07 08:58:22,952 - INFO - Pennylane action: Push to the right
2025-06-07 08:58:22,963 - INFO - Pennylane -> OpenQASM
2025-06-07 08:58:22,973 - INFO - OpenQASM -> Qiskit
2025-06-07 08:58:23,160 - INFO - Submitting the job to ibm_sherbrooke
2025-06-07 08:58:46,564 - INFO - Job completed!
2025-06-07 08:58:46,571 - INFO - Pauli-Z expectation: [-0.0390625, -0.068359375, -0.126953125, 0.248046875]
2025-06-07 08:58:46,571 - INFO - Q-values: [6.661482334136963, 9.725272178649902]
2025-06-07 08:58:46,571 - INFO - Action: Push to the right
2025-06-07 08:58:46,571 - INFO - Pennylane simulation
2025-06-07 08:58:46,580 - INFO - Pennylane expZ: [-0.23649932444095612, -0.08291052281856537, -0.03777981922030449, 0.2932945787906647]
2025-06-07 08:58:46,580 - INFO - Pennylane Q-values: [8.235151290893555, 11.198103904724121]
2025-06-07 08:58:46,580 - INFO - Pennylane action: Push to the right
2025-06-07 08:58:46,580 - INFO - Episode Reward: 9.0

2025-06-07 08:58:46,580 - INFO - --- Episode 2/100 ---
2025-06-07 08:58:46,605 - INFO - Pennylane -> OpenQASM
2025-06-07 08:58:46,612 - INFO - OpenQASM -> Qiskit
2025-06-07 08:58:46,717 - INFO - Submitting the job to ibm_sherbrooke
2025-06-07 08:59:13,601 - INFO - Job completed!
2025-06-07 08:59:13,601 - INFO - Pauli-Z expectation: [-0.052734375, 0.05859375, -0.005859375, -0.001953125]
2025-06-07 08:59:13,601 - INFO - Q-values: [-0.07137370109558105, 3.533782720565796]
2025-06-07 08:59:13,601 - INFO - Action: Push to the right
2025-06-07 08:59:13,601 - INFO - Pennylane simulation
2025-06-07 08:59:13,611 - INFO - Pennylane expZ: [-0.2552416920661926, 0.15322613716125488, 0.2380632907152176, -0.08187509328126907]
2025-06-07 08:59:13,611 - INFO - Pennylane Q-values: [10.776266098022461, 10.61087417602539]
2025-06-07 08:59:13,611 - INFO - Pennylane action: Push to the left
2025-06-07 08:59:13,627 - INFO - Pennylane -> OpenQASM
2025-06-07 08:59:13,627 - INFO - OpenQASM -> Qiskit
2025-06-07 08:59:13,754 - INFO - Submitting the job to ibm_sherbrooke
2025-06-07 08:59:22,714 - INFO - Job completed!
2025-06-07 08:59:22,714 - INFO - Pauli-Z expectation: [-0.255859375, 0.078125, -0.037109375, 0.029296875]
2025-06-07 08:59:22,723 - INFO - Q-values: [1.5788644552230835, 5.114921569824219]
2025-06-07 08:59:22,723 - INFO - Action: Push to the right
2025-06-07 08:59:22,723 - INFO - Pennylane simulation
2025-06-07 08:59:22,723 - INFO - Pennylane expZ: [-0.34565553069114685, 0.15193121135234833, 0.20599108934402466, -0.0766884833574295]
2025-06-07 08:59:22,723 - INFO - Pennylane Q-values: [9.68509578704834, 10.025443077087402]
2025-06-07 08:59:22,723 - INFO - Pennylane action: Push to the right
2025-06-07 08:59:22,752 - INFO - Pennylane -> OpenQASM
2025-06-07 08:59:22,752 - INFO - OpenQASM -> Qiskit
2025-06-07 08:59:22,841 - INFO - Submitting the job to ibm_sherbrooke
2025-06-07 08:59:31,257 - INFO - Job completed!
2025-06-07 08:59:31,257 - INFO - Pauli-Z expectation: [-0.03515625, 0.013671875, 0.04296875, -0.03515625]
2025-06-07 08:59:31,257 - INFO - Q-values: [-0.11759614944458008, 2.819093704223633]
2025-06-07 08:59:31,257 - INFO - Action: Push to the right
2025-06-07 08:59:31,257 - INFO - Pennylane simulation
2025-06-07 08:59:31,272 - INFO - Pennylane expZ: [-0.4338584542274475, 0.14076951146125793, 0.1766306757926941, -0.056571755558252335]
2025-06-07 08:59:31,272 - INFO - Pennylane Q-values: [8.363717079162598, 9.168988227844238]
2025-06-07 08:59:31,272 - INFO - Pennylane action: Push to the right
2025-06-07 08:59:31,287 - INFO - Pennylane -> OpenQASM
2025-06-07 08:59:31,287 - INFO - OpenQASM -> Qiskit
2025-06-07 08:59:31,419 - INFO - Submitting the job to ibm_sherbrooke
2025-06-07 08:59:40,654 - INFO - Job completed!
2025-06-07 08:59:40,660 - INFO - Pauli-Z expectation: [-0.029296875, 0.00390625, 0.064453125, 0.013671875]
2025-06-07 08:59:40,660 - INFO - Q-values: [0.7451461553573608, 3.3146581649780273]
2025-06-07 08:59:40,660 - INFO - Action: Push to the right
2025-06-07 08:59:40,660 - INFO - Pennylane simulation
2025-06-07 08:59:40,676 - INFO - Pennylane expZ: [-0.5067093372344971, 0.12370075285434723, 0.1508331596851349, -0.0121041564270854]
2025-06-07 08:59:40,676 - INFO - Pennylane Q-values: [6.9679694175720215, 8.183160781860352]
2025-06-07 08:59:40,678 - INFO - Pennylane action: Push to the right
2025-06-07 08:59:40,697 - INFO - Pennylane -> OpenQASM
2025-06-07 08:59:40,697 - INFO - OpenQASM -> Qiskit
2025-06-07 08:59:40,787 - INFO - Submitting the job to ibm_sherbrooke
2025-06-07 08:59:49,166 - INFO - Job completed!
2025-06-07 08:59:49,172 - INFO - Pauli-Z expectation: [-0.0546875, 0.001953125, 0.041015625, -0.099609375]
2025-06-07 08:59:49,172 - INFO - Q-values: [-0.5602903366088867, 2.4094676971435547]
2025-06-07 08:59:49,172 - INFO - Action: Push to the right
2025-06-07 08:59:49,175 - INFO - Pennylane simulation
2025-06-07 08:59:49,176 - INFO - Pennylane expZ: [-0.547051191329956, 0.10289370268583298, 0.12768854200839996, 0.05387718230485916]
2025-06-07 08:59:49,176 - INFO - Pennylane Q-values: [7.411975383758545, 8.875934600830078]
2025-06-07 08:59:49,176 - INFO - Pennylane action: Push to the right
2025-06-07 08:59:49,201 - INFO - Pennylane -> OpenQASM
2025-06-07 08:59:49,201 - INFO - OpenQASM -> Qiskit
2025-06-07 08:59:49,326 - INFO - Submitting the job to ibm_sherbrooke
2025-06-07 08:59:57,140 - INFO - Job completed!
2025-06-07 08:59:57,140 - INFO - Pauli-Z expectation: [-0.068359375, 0.041015625, 0.064453125, -0.0703125]
2025-06-07 08:59:57,140 - INFO - Q-values: [1.469164252281189, 4.06190824508667]
2025-06-07 08:59:57,140 - INFO - Action: Push to the right
2025-06-07 08:59:57,140 - INFO - Pennylane simulation
2025-06-07 08:59:57,152 - INFO - Pennylane expZ: [-0.54022616147995, 0.07632150501012802, 0.10012181103229523, 0.12317140400409698]
2025-06-07 08:59:57,152 - INFO - Pennylane Q-values: [8.061139106750488, 9.810330390930176]
2025-06-07 08:59:57,152 - INFO - Pennylane action: Push to the right
2025-06-07 08:59:57,168 - INFO - Pennylane -> OpenQASM
2025-06-07 08:59:57,168 - INFO - OpenQASM -> Qiskit
2025-06-07 08:59:57,327 - INFO - Submitting the job to ibm_sherbrooke
2025-06-07 09:00:06,307 - INFO - Job completed!
2025-06-07 09:00:06,307 - INFO - Pauli-Z expectation: [-0.09375, 0.01171875, 0.02734375, 0.02734375]
2025-06-07 09:00:06,307 - INFO - Q-values: [0.259053111076355, 3.3814501762390137]
2025-06-07 09:00:06,307 - INFO - Action: Push to the right
2025-06-07 09:00:06,307 - INFO - Pennylane simulation
2025-06-07 09:00:06,332 - INFO - Pennylane expZ: [-0.47836774587631226, 0.03673519194126129, 0.05588863790035248, 0.1796073019504547]
2025-06-07 09:00:06,332 - INFO - Pennylane Q-values: [7.297160625457764, 9.625454902648926]
2025-06-07 09:00:06,332 - INFO - Pennylane action: Push to the right
2025-06-07 09:00:06,337 - INFO - Pennylane -> OpenQASM
2025-06-07 09:00:06,337 - INFO - OpenQASM -> Qiskit
2025-06-07 09:00:06,446 - INFO - Submitting the job to ibm_sherbrooke
2025-06-07 09:00:15,367 - INFO - Job completed!
2025-06-07 09:00:15,371 - INFO - Pauli-Z expectation: [-0.021484375, -0.0546875, -0.0390625, -0.025390625]
2025-06-07 09:00:15,371 - INFO - Q-values: [-1.965340256690979, 1.6512423753738403]
2025-06-07 09:00:15,371 - INFO - Action: Push to the right
2025-06-07 09:00:15,371 - INFO - Pennylane simulation
2025-06-07 09:00:15,385 - INFO - Pennylane expZ: [-0.3545764982700348, -0.02348378114402294, -0.0028727585449814796, 0.23747265338897705]
2025-06-07 09:00:15,387 - INFO - Pennylane Q-values: [6.293720722198486, 9.38107681274414]
2025-06-07 09:00:15,387 - INFO - Pennylane action: Push to the right
2025-06-07 09:00:15,398 - INFO - Pennylane -> OpenQASM
2025-06-07 09:00:15,398 - INFO - OpenQASM -> Qiskit
2025-06-07 09:00:15,573 - INFO - Submitting the job to ibm_sherbrooke
2025-06-07 09:00:25,183 - INFO - Job completed!
2025-06-07 09:00:25,183 - INFO - Pauli-Z expectation: [-0.1171875, -0.193359375, -0.005859375, 0.03515625]
2025-06-07 09:00:25,189 - INFO - Q-values: [-0.7426410913467407, 2.795593023300171]
2025-06-07 09:00:25,189 - INFO - Action: Push to the right
2025-06-07 09:00:25,189 - INFO - Pennylane simulation
2025-06-07 09:00:25,189 - INFO - Pennylane expZ: [-0.1662224680185318, -0.1003444641828537, -0.03879788890480995, 0.32906433939933777]
2025-06-07 09:00:25,189 - INFO - Pennylane Q-values: [9.479187965393066, 12.36242389678955]
2025-06-07 09:00:25,189 - INFO - Pennylane action: Push to the right
2025-06-07 09:00:25,189 - INFO - Episode Reward: 9.0

2025-06-07 09:00:25,189 - INFO - --- Episode 3/100 ---
2025-06-07 09:00:25,204 - INFO - Pennylane -> OpenQASM
2025-06-07 09:00:25,204 - INFO - OpenQASM -> Qiskit
2025-06-07 09:00:25,492 - INFO - Submitting the job to ibm_sherbrooke
2025-06-07 09:00:34,467 - INFO - Job completed!
2025-06-07 09:00:34,467 - INFO - Pauli-Z expectation: [-0.02734375, 0.0234375, 0.01171875, 0.009765625]
2025-06-07 09:00:34,475 - INFO - Q-values: [-0.4847099781036377, 2.9208405017852783]
2025-06-07 09:00:34,475 - INFO - Action: Push to the right
2025-06-07 09:00:34,475 - INFO - Pennylane simulation
2025-06-07 09:00:34,480 - INFO - Pennylane expZ: [-0.07018805295228958, 0.2356431782245636, 0.1737600415945053, -0.05882992595434189]
2025-06-07 09:00:34,480 - INFO - Pennylane Q-values: [11.336464881896973, 12.168478965759277]
2025-06-07 09:00:34,480 - INFO - Pennylane action: Push to the right
2025-06-07 09:00:34,496 - INFO - Pennylane -> OpenQASM
2025-06-07 09:00:34,496 - INFO - OpenQASM -> Qiskit
2025-06-07 09:00:34,625 - INFO - Submitting the job to ibm_sherbrooke
2025-06-07 09:00:43,711 - INFO - Job completed!
2025-06-07 09:00:43,729 - INFO - Pauli-Z expectation: [0.029296875, 0.09375, 0.0703125, 0.091796875]
2025-06-07 09:00:43,729 - INFO - Q-values: [8.090758323669434, 10.59545612335205]
2025-06-07 09:00:43,729 - INFO - Action: Push to the right
2025-06-07 09:00:43,729 - INFO - Pennylane simulation
2025-06-07 09:00:43,747 - INFO - Pennylane expZ: [-0.15423403680324554, 0.22395622730255127, 0.14968399703502655, -0.08605165034532547]
2025-06-07 09:00:43,747 - INFO - Pennylane Q-values: [10.170998573303223, 11.384751319885254]
2025-06-07 09:00:43,747 - INFO - Pennylane action: Push to the right
2025-06-07 09:00:43,759 - INFO - Pennylane -> OpenQASM
2025-06-07 09:00:43,759 - INFO - OpenQASM -> Qiskit
2025-06-07 09:00:43,907 - INFO - Submitting the job to ibm_sherbrooke
2025-06-07 09:00:52,797 - INFO - Job completed!
2025-06-07 09:00:52,797 - INFO - Pauli-Z expectation: [-0.0703125, 0.142578125, 0.056640625, -0.173828125]
2025-06-07 09:00:52,797 - INFO - Q-values: [4.496436595916748, 7.192506790161133]
2025-06-07 09:00:52,797 - INFO - Action: Push to the right
2025-06-07 09:00:52,797 - INFO - Pennylane simulation
2025-06-07 09:00:52,809 - INFO - Pennylane expZ: [-0.24789653718471527, 0.20222081243991852, 0.12684381008148193, -0.10249640792608261]
2025-06-07 09:00:52,809 - INFO - Pennylane Q-values: [8.721161842346191, 10.2991361618042]
2025-06-07 09:00:52,809 - INFO - Pennylane action: Push to the right
2025-06-07 09:00:52,825 - INFO - Pennylane -> OpenQASM
2025-06-07 09:00:52,825 - INFO - OpenQASM -> Qiskit
2025-06-07 09:00:52,940 - INFO - Submitting the job to ibm_sherbrooke
2025-06-07 09:01:02,253 - INFO - Job completed!
2025-06-07 09:01:02,253 - INFO - Pauli-Z expectation: [-0.048828125, 0.013671875, 0.041015625, -0.009765625]
2025-06-07 09:01:02,266 - INFO - Q-values: [-0.1814969778060913, 2.785975933074951]
2025-06-07 09:01:02,266 - INFO - Action: Push to the right
2025-06-07 09:01:02,266 - INFO - Pennylane simulation
2025-06-07 09:01:02,266 - INFO - Pennylane expZ: [-0.3463571071624756, 0.1739843636751175, 0.1023053303360939, -0.08944731950759888]
2025-06-07 09:01:02,266 - INFO - Pennylane Q-values: [7.005625247955322, 8.97585391998291]
2025-06-07 09:01:02,266 - INFO - Pennylane action: Push to the right
2025-06-07 09:01:02,281 - INFO - Pennylane -> OpenQASM
2025-06-07 09:01:02,281 - INFO - OpenQASM -> Qiskit
2025-06-07 09:01:02,392 - INFO - Submitting the job to ibm_sherbrooke
2025-06-07 09:01:10,914 - INFO - Job completed!
2025-06-07 09:01:10,916 - INFO - Pauli-Z expectation: [-0.361328125, -0.013671875, 0.00390625, 0.103515625]
2025-06-07 09:01:10,917 - INFO - Q-values: [1.7626312971115112, 5.0869550704956055]
2025-06-07 09:01:10,918 - INFO - Action: Push to the right
2025-06-07 09:01:10,918 - INFO - Pennylane simulation
2025-06-07 09:01:10,939 - INFO - Pennylane expZ: [-0.43897318840026855, 0.1419883519411087, 0.0761534720659256, -0.03281937539577484]
2025-06-07 09:01:10,940 - INFO - Pennylane Q-values: [5.115778923034668, 7.504424571990967]
2025-06-07 09:01:10,943 - INFO - Pennylane action: Push to the right
2025-06-07 09:01:10,968 - INFO - Pennylane -> OpenQASM
2025-06-07 09:01:10,972 - INFO - OpenQASM -> Qiskit
2025-06-07 09:01:11,123 - INFO - Submitting the job to ibm_sherbrooke
2025-06-07 09:01:19,786 - INFO - Job completed!
2025-06-07 09:01:19,786 - INFO - Pauli-Z expectation: [-0.03515625, 0.046875, 0.0625, -0.08984375]
2025-06-07 09:01:19,786 - INFO - Q-values: [1.5946599245071411, 4.217044353485107]
2025-06-07 09:01:19,786 - INFO - Action: Push to the right
2025-06-07 09:01:19,786 - INFO - Pennylane simulation
2025-06-07 09:01:19,805 - INFO - Pennylane expZ: [-0.5067578554153442, 0.10768153518438339, 0.05090908706188202, 0.06100727617740631]
2025-06-07 09:01:19,805 - INFO - Pennylane Q-values: [5.302701473236084, 7.959951877593994]
2025-06-07 09:01:19,805 - INFO - Pennylane action: Push to the right
2025-06-07 09:01:19,825 - INFO - Pennylane -> OpenQASM
2025-06-07 09:01:19,825 - INFO - OpenQASM -> Qiskit
2025-06-07 09:01:19,930 - INFO - Submitting the job to ibm_sherbrooke
2025-06-07 09:01:28,756 - INFO - Job completed!
2025-06-07 09:01:28,756 - INFO - Pauli-Z expectation: [-0.013671875, 0.025390625, 0.005859375, -0.08203125]
2025-06-07 09:01:28,756 - INFO - Q-values: [-0.9529188871383667, 2.5663633346557617]
2025-06-07 09:01:28,756 - INFO - Action: Push to the right
2025-06-07 09:01:28,756 - INFO - Pennylane simulation
2025-06-07 09:01:28,770 - INFO - Pennylane expZ: [-0.5277900695800781, 0.06894539296627045, 0.024007165804505348, 0.1550849974155426]
2025-06-07 09:01:28,770 - INFO - Pennylane Q-values: [6.442378520965576, 9.321521759033203]
2025-06-07 09:01:28,770 - INFO - Pennylane action: Push to the right
2025-06-07 09:01:28,788 - INFO - Pennylane -> OpenQASM
2025-06-07 09:01:28,788 - INFO - OpenQASM -> Qiskit
2025-06-07 09:01:28,925 - INFO - Submitting the job to ibm_sherbrooke
2025-06-07 09:01:37,354 - INFO - Job completed!
2025-06-07 09:01:37,357 - INFO - Pauli-Z expectation: [-0.015625, 0.01953125, -0.01171875, -0.0390625]
2025-06-07 09:01:37,357 - INFO - Q-values: [-1.3340179920196533, 2.2787559032440186]
2025-06-07 09:01:37,358 - INFO - Action: Push to the right
2025-06-07 09:01:37,358 - INFO - Pennylane simulation
2025-06-07 09:01:37,374 - INFO - Pennylane expZ: [-0.4853980839252472, 0.018375789746642113, -0.016380174085497856, 0.20980234444141388]
2025-06-07 09:01:37,374 - INFO - Pennylane Q-values: [5.925349235534668, 9.070786476135254]
2025-06-07 09:01:37,374 - INFO - Pennylane action: Push to the right
2025-06-07 09:01:37,393 - INFO - Pennylane -> OpenQASM
2025-06-07 09:01:37,393 - INFO - OpenQASM -> Qiskit
2025-06-07 09:01:37,525 - INFO - Submitting the job to ibm_sherbrooke
2025-06-07 09:01:45,290 - INFO - Job completed!
2025-06-07 09:01:45,290 - INFO - Pauli-Z expectation: [-0.109375, -0.013671875, 0.013671875, -0.060546875]
2025-06-07 09:01:45,290 - INFO - Q-values: [-1.5180343389511108, 1.883067011833191]
2025-06-07 09:01:45,290 - INFO - Action: Push to the right
2025-06-07 09:01:45,290 - INFO - Pennylane simulation
2025-06-07 09:01:45,305 - INFO - Pennylane expZ: [-0.3651603162288666, -0.051217515021562576, -0.06827562302350998, 0.24122078716754913]
2025-06-07 09:01:45,305 - INFO - Pennylane Q-values: [6.42407751083374, 9.503080368041992]
2025-06-07 09:01:45,305 - INFO - Pennylane action: Push to the right
2025-06-07 09:01:45,321 - INFO - Pennylane -> OpenQASM
2025-06-07 09:01:45,321 - INFO - OpenQASM -> Qiskit
2025-06-07 09:01:45,445 - INFO - Submitting the job to ibm_sherbrooke
2025-06-07 09:01:53,174 - INFO - Job completed!
2025-06-07 09:01:53,174 - INFO - Pauli-Z expectation: [-0.046875, 0.009765625, -0.046875, 0.02734375]
2025-06-07 09:01:53,190 - INFO - Q-values: [-0.6986908912658691, 2.8550496101379395]
2025-06-07 09:01:53,190 - INFO - Action: Push to the right
2025-06-07 09:01:53,190 - INFO - Pennylane simulation
2025-06-07 09:01:53,205 - INFO - Pennylane expZ: [-0.16401392221450806, -0.13246731460094452, -0.08744072914123535, 0.31080061197280884]
2025-06-07 09:01:53,205 - INFO - Pennylane Q-values: [8.843993186950684, 11.767931938171387]
2025-06-07 09:01:53,205 - INFO - Pennylane action: Push to the right
2025-06-07 09:01:53,208 - INFO - Episode Reward: 10.0

2025-06-07 09:01:53,208 - INFO - --- Episode 4/100 ---
2025-06-07 09:01:53,221 - INFO - Pennylane -> OpenQASM
2025-06-07 09:01:53,221 - INFO - OpenQASM -> Qiskit
2025-06-07 09:01:53,504 - INFO - Submitting the job to ibm_sherbrooke
2025-06-07 09:02:02,996 - INFO - Job completed!
2025-06-07 09:02:02,996 - INFO - Pauli-Z expectation: [0.021484375, 0.05078125, 0.013671875, 0.01171875]
2025-06-07 09:02:02,996 - INFO - Q-values: [1.6549631357192993, 5.180765628814697]
2025-06-07 09:02:02,996 - INFO - Action: Push to the right
2025-06-07 09:02:02,996 - INFO - Pennylane simulation
2025-06-07 09:02:03,015 - INFO - Pennylane expZ: [-0.01380341500043869, 0.26415303349494934, 0.14989957213401794, -0.048855386674404144]
2025-06-07 09:02:03,015 - INFO - Pennylane Q-values: [11.477360725402832, 12.679877281188965]
2025-06-07 09:02:03,015 - INFO - Pennylane action: Push to the right
2025-06-07 09:02:03,027 - INFO - Pennylane -> OpenQASM
2025-06-07 09:02:03,027 - INFO - OpenQASM -> Qiskit
2025-06-07 09:02:03,145 - INFO - Submitting the job to ibm_sherbrooke
2025-06-07 09:02:11,502 - INFO - Job completed!
2025-06-07 09:02:11,502 - INFO - Pauli-Z expectation: [-0.083984375, 0.07421875, 0.037109375, 0.1015625]
2025-06-07 09:02:11,502 - INFO - Q-values: [5.180042266845703, 7.97093391418457]
2025-06-07 09:02:11,502 - INFO - Action: Push to the right
2025-06-07 09:02:11,502 - INFO - Pennylane simulation
2025-06-07 09:02:11,502 - INFO - Pennylane expZ: [-0.09489833563566208, 0.24978619813919067, 0.13075724244117737, -0.08527843654155731]
2025-06-07 09:02:11,502 - INFO - Pennylane Q-values: [10.386687278747559, 11.893706321716309]
2025-06-07 09:02:11,502 - INFO - Pennylane action: Push to the right
2025-06-07 09:02:11,518 - INFO - Pennylane -> OpenQASM
2025-06-07 09:02:11,518 - INFO - OpenQASM -> Qiskit
2025-06-07 09:02:11,658 - INFO - Submitting the job to ibm_sherbrooke
2025-06-07 09:02:20,091 - INFO - Job completed!
2025-06-07 09:02:20,091 - INFO - Pauli-Z expectation: [-0.02734375, 0.103515625, -0.01953125, -0.00390625]
2025-06-07 09:02:20,091 - INFO - Q-values: [1.3806673288345337, 4.9770636558532715]
2025-06-07 09:02:20,091 - INFO - Action: Push to the right
2025-06-07 09:02:20,091 - INFO - Pennylane simulation
2025-06-07 09:02:20,107 - INFO - Pennylane expZ: [-0.18408331274986267, 0.22601857781410217, 0.11486942321062088, -0.11518795043230057]
2025-06-07 09:02:20,107 - INFO - Pennylane Q-values: [9.098624229431152, 10.860685348510742]
2025-06-07 09:02:20,107 - INFO - Pennylane action: Push to the right
2025-06-07 09:02:20,123 - INFO - Pennylane -> OpenQASM
2025-06-07 09:02:20,123 - INFO - OpenQASM -> Qiskit
2025-06-07 09:02:20,247 - INFO - Submitting the job to ibm_sherbrooke
2025-06-07 09:02:29,499 - INFO - Job completed!
2025-06-07 09:02:29,502 - INFO - Pauli-Z expectation: [-0.03515625, -0.03515625, 0.015625, -0.076171875]
2025-06-07 09:02:29,502 - INFO - Q-values: [-1.4541335105895996, 1.916184902191162]
2025-06-07 09:02:29,502 - INFO - Action: Push to the right
2025-06-07 09:02:29,502 - INFO - Pennylane simulation
2025-06-07 09:02:29,506 - INFO - Pennylane expZ: [-0.2802982032299042, 0.19574891030788422, 0.09738766402006149, -0.11881984770298004]
2025-06-07 09:02:29,506 - INFO - Pennylane Q-values: [7.548243045806885, 9.591734886169434]
2025-06-07 09:02:29,506 - INFO - Pennylane action: Push to the right
2025-06-07 09:02:29,522 - INFO - Pennylane -> OpenQASM
2025-06-07 09:02:29,522 - INFO - OpenQASM -> Qiskit
2025-06-07 09:02:29,617 - INFO - Submitting the job to ibm_sherbrooke
2025-06-07 09:02:37,550 - INFO - Job completed!
2025-06-07 09:02:37,554 - INFO - Pauli-Z expectation: [-0.037109375, 0.072265625, -0.01171875, -0.009765625]
2025-06-07 09:02:37,554 - INFO - Q-values: [0.3705519437789917, 3.9730420112609863]
2025-06-07 09:02:37,554 - INFO - Action: Push to the right
2025-06-07 09:02:37,556 - INFO - Pennylane simulation
2025-06-07 09:02:37,556 - INFO - Pennylane expZ: [-0.3782081604003906, 0.16130512952804565, 0.07642285525798798, -0.07622487097978592]
2025-06-07 09:02:37,556 - INFO - Pennylane Q-values: [5.748981952667236, 8.12961483001709]
2025-06-07 09:02:37,572 - INFO - Pennylane action: Push to the right
2025-06-07 09:02:37,588 - INFO - Pennylane -> OpenQASM
2025-06-07 09:02:37,588 - INFO - OpenQASM -> Qiskit
2025-06-07 09:02:37,684 - INFO - Submitting the job to ibm_sherbrooke
2025-06-07 09:02:45,535 - INFO - Job completed!
2025-06-07 09:02:45,538 - INFO - Pauli-Z expectation: [0.005859375, 0.0390625, -0.0546875, 0.048828125]
2025-06-07 09:02:45,538 - INFO - Q-values: [1.3020411729812622, 4.84602165222168]
2025-06-07 09:02:45,540 - INFO - Action: Push to the right
2025-06-07 09:02:45,540 - INFO - Pennylane simulation
2025-06-07 09:02:45,563 - INFO - Pennylane expZ: [-0.46273013949394226, 0.12474102526903152, 0.05459253862500191, 0.0168527252972126]
2025-06-07 09:02:45,565 - INFO - Pennylane Q-values: [4.43898868560791, 7.133259296417236]
2025-06-07 09:02:45,565 - INFO - Pennylane action: Push to the right
2025-06-07 09:02:45,590 - INFO - Pennylane -> OpenQASM
2025-06-07 09:02:45,592 - INFO - OpenQASM -> Qiskit
2025-06-07 09:02:45,774 - INFO - Submitting the job to ibm_sherbrooke
2025-06-07 09:02:54,457 - INFO - Job completed!
2025-06-07 09:02:54,461 - INFO - Pauli-Z expectation: [-0.009765625, 0.0390625, -0.005859375, 0.0859375]
2025-06-07 09:02:54,463 - INFO - Q-values: [2.2861247062683105, 5.70357084274292]
2025-06-07 09:02:54,463 - INFO - Action: Push to the right
2025-06-07 09:02:54,465 - INFO - Pennylane simulation
2025-06-07 09:02:54,483 - INFO - Pennylane expZ: [-0.5107454657554626, 0.08588969707489014, 0.03285468369722366, 0.12928374111652374]
2025-06-07 09:02:54,485 - INFO - Pennylane Q-values: [6.382205486297607, 9.176100730895996]
2025-06-07 09:02:54,487 - INFO - Pennylane action: Push to the right
2025-06-07 09:02:54,513 - INFO - Pennylane -> OpenQASM
2025-06-07 09:02:54,515 - INFO - OpenQASM -> Qiskit
2025-06-07 09:02:54,657 - INFO - Submitting the job to ibm_sherbrooke
2025-06-07 09:03:03,000 - INFO - Job completed!
2025-06-07 09:03:03,000 - INFO - Pauli-Z expectation: [-0.017578125, 0.005859375, -0.001953125, 0.033203125]
2025-06-07 09:03:03,000 - INFO - Q-values: [-0.6211721897125244, 2.920271873474121]
2025-06-07 09:03:03,003 - INFO - Action: Push to the right
2025-06-07 09:03:03,003 - INFO - Pennylane simulation
2025-06-07 09:03:03,018 - INFO - Pennylane expZ: [-0.5006444454193115, 0.039109013974666595, 0.0008147861808538437, 0.20687155425548553]
2025-06-07 09:03:03,023 - INFO - Pennylane Q-values: [6.5202507972717285, 9.65533447265625]
2025-06-07 09:03:03,023 - INFO - Pennylane action: Push to the right
2025-06-07 09:03:03,046 - INFO - Pennylane -> OpenQASM
2025-06-07 09:03:03,048 - INFO - OpenQASM -> Qiskit
2025-06-07 09:03:03,184 - INFO - Submitting the job to ibm_sherbrooke
2025-06-07 09:03:11,172 - INFO - Job completed!
2025-06-07 09:03:11,174 - INFO - Pauli-Z expectation: [0.03125, -0.001953125, 0.08984375, -0.107421875]
2025-06-07 09:03:11,174 - INFO - Q-values: [2.6089982986450195, 5.043335914611816]
2025-06-07 09:03:11,174 - INFO - Action: Push to the right
2025-06-07 09:03:11,174 - INFO - Pennylane simulation
2025-06-07 09:03:11,197 - INFO - Pennylane expZ: [-0.4134959578514099, -0.024757836014032364, -0.04948396608233452, 0.23845644295215607]
2025-06-07 09:03:11,200 - INFO - Pennylane Q-values: [6.32793664932251, 9.41309928894043]
2025-06-07 09:03:11,200 - INFO - Pennylane action: Push to the right
2025-06-07 09:03:11,225 - INFO - Pennylane -> OpenQASM
2025-06-07 09:03:11,227 - INFO - OpenQASM -> Qiskit
2025-06-07 09:03:11,567 - INFO - Submitting the job to ibm_sherbrooke
2025-06-07 09:03:20,069 - INFO - Job completed!
2025-06-07 09:03:20,072 - INFO - Pauli-Z expectation: [-0.0078125, -0.0390625, 0.041015625, -0.130859375]
2025-06-07 09:03:20,073 - INFO - Q-values: [-0.6234225034713745, 2.3467164039611816]
2025-06-07 09:03:20,073 - INFO - Action: Push to the right
2025-06-07 09:03:20,073 - INFO - Pennylane simulation
2025-06-07 09:03:20,093 - INFO - Pennylane expZ: [-0.23476038873195648, -0.10505636781454086, -0.08447395265102386, 0.28703010082244873]
2025-06-07 09:03:20,093 - INFO - Pennylane Q-values: [8.017278671264648, 10.994192123413086]
2025-06-07 09:03:20,093 - INFO - Pennylane action: Push to the right
2025-06-07 09:03:20,093 - INFO - Episode Reward: 10.0

2025-06-07 09:03:20,093 - INFO - --- Episode 5/100 ---
2025-06-07 09:03:20,117 - INFO - Pennylane -> OpenQASM
2025-06-07 09:03:20,119 - INFO - OpenQASM -> Qiskit
2025-06-07 09:03:20,271 - INFO - Submitting the job to ibm_sherbrooke
2025-06-07 09:03:28,714 - INFO - Job completed!
2025-06-07 09:03:28,716 - INFO - Pauli-Z expectation: [-0.078125, 0.00390625, 0.078125, -0.017578125]
2025-06-07 09:03:28,716 - INFO - Q-values: [0.716957688331604, 3.101457357406616]
2025-06-07 09:03:28,716 - INFO - Action: Push to the right
2025-06-07 09:03:28,716 - INFO - Pennylane simulation
2025-06-07 09:03:28,733 - INFO - Pennylane expZ: [-0.3107942044734955, 0.1302112489938736, 0.2791501581668854, -0.09935501962900162]
2025-06-07 09:03:28,733 - INFO - Pennylane Q-values: [11.376588821411133, 10.56811809539795]
2025-06-07 09:03:28,733 - INFO - Pennylane action: Push to the left
2025-06-07 09:03:31,162 - INFO - Pennylane -> OpenQASM
2025-06-07 09:03:31,162 - INFO - OpenQASM -> Qiskit
2025-06-07 09:03:31,258 - INFO - Submitting the job to ibm_sherbrooke
2025-06-07 09:03:39,262 - INFO - Job completed!
2025-06-07 09:03:39,266 - INFO - Pauli-Z expectation: [-0.3828125, 0.16796875, 0.060546875, -0.02734375]
2025-06-07 09:03:39,266 - INFO - Q-values: [5.4449567794799805, 8.074509620666504]
2025-06-07 09:03:39,268 - INFO - Action: Push to the right
2025-06-07 09:03:39,268 - INFO - Pennylane simulation
2025-06-07 09:03:39,282 - INFO - Pennylane expZ: [-0.4010787010192871, 0.13380761444568634, 0.24669943749904633, -0.08174972236156464]
2025-06-07 09:03:39,282 - INFO - Pennylane Q-values: [10.431138038635254, 10.13341999053955]
2025-06-07 09:03:39,282 - INFO - Pennylane action: Push to the left
2025-06-07 09:03:39,298 - INFO - Pennylane -> OpenQASM
2025-06-07 09:03:39,298 - INFO - OpenQASM -> Qiskit
2025-06-07 09:03:39,408 - INFO - Submitting the job to ibm_sherbrooke
2025-06-07 09:03:47,840 - INFO - Job completed!
2025-06-07 09:03:47,842 - INFO - Pauli-Z expectation: [0.02734375, 0.017578125, 0.111328125, -0.025390625]
2025-06-07 09:03:47,842 - INFO - Q-values: [3.6757349967956543, 5.738809585571289]
2025-06-07 09:03:47,842 - INFO - Action: Push to the right
2025-06-07 09:03:47,842 - INFO - Pennylane simulation
2025-06-07 09:03:47,857 - INFO - Pennylane expZ: [-0.47858089208602905, 0.1289369910955429, 0.21777524054050446, -0.05041755735874176]
2025-06-07 09:03:47,857 - INFO - Pennylane Q-values: [9.32738208770752, 9.486485481262207]
2025-06-07 09:03:47,857 - INFO - Pennylane action: Push to the right
2025-06-07 09:03:47,880 - INFO - Pennylane -> OpenQASM
2025-06-07 09:03:47,882 - INFO - OpenQASM -> Qiskit
2025-06-07 09:03:47,984 - INFO - Submitting the job to ibm_sherbrooke
2025-06-07 09:03:57,970 - INFO - Job completed!
2025-06-07 09:03:57,970 - INFO - Pauli-Z expectation: [-0.0703125, -0.013671875, -0.013671875, 0.009765625]
2025-06-07 09:03:57,970 - INFO - Q-values: [-1.625701665878296, 1.969117522239685]
2025-06-07 09:03:57,970 - INFO - Action: Push to the right
2025-06-07 09:03:57,970 - INFO - Pennylane simulation
2025-06-07 09:03:57,990 - INFO - Pennylane expZ: [-0.531085193157196, 0.11841785907745361, 0.1923770010471344, -0.00016559699724894017]
2025-06-07 09:03:57,990 - INFO - Pennylane Q-values: [8.156405448913574, 8.71785831451416]
2025-06-07 09:03:57,990 - INFO - Pennylane action: Push to the right
2025-06-07 09:03:58,001 - INFO - Pennylane -> OpenQASM
2025-06-07 09:03:58,001 - INFO - OpenQASM -> Qiskit
2025-06-07 09:03:58,097 - INFO - Submitting the job to ibm_sherbrooke
2025-06-07 09:04:06,823 - INFO - Job completed!
2025-06-07 09:04:06,825 - INFO - Pauli-Z expectation: [0.0546875, 0.029296875, 0.00390625, 0.111328125]
2025-06-07 09:04:06,825 - INFO - Q-values: [5.842400074005127, 9.552704811096191]
2025-06-07 09:04:06,825 - INFO - Action: Push to the right
2025-06-07 09:04:06,825 - INFO - Pennylane simulation
2025-06-07 09:04:06,841 - INFO - Pennylane expZ: [-0.5450572967529297, 0.1028914600610733, 0.16636371612548828, 0.06377715617418289]
2025-06-07 09:04:06,841 - INFO - Pennylane Q-values: [9.021557807922363, 9.853899002075195]
2025-06-07 09:04:06,841 - INFO - Pennylane action: Push to the right
2025-06-07 09:04:06,930 - INFO - Pennylane -> OpenQASM
2025-06-07 09:04:06,930 - INFO - OpenQASM -> Qiskit
2025-06-07 09:04:07,027 - INFO - Submitting the job to ibm_sherbrooke
2025-06-07 09:04:15,509 - INFO - Job completed!
2025-06-07 09:04:15,522 - INFO - Pauli-Z expectation: [-0.083984375, 0.015625, 0.087890625, -0.033203125]
2025-06-07 09:04:15,522 - INFO - Q-values: [1.4152554273605347, 3.6435546875]
2025-06-07 09:04:15,522 - INFO - Action: Push to the right
2025-06-07 09:04:15,522 - INFO - Pennylane simulation
2025-06-07 09:04:15,536 - INFO - Pennylane expZ: [-0.5118724703788757, 0.07834144681692123, 0.1292797029018402, 0.1281626969575882]
2025-06-07 09:04:15,536 - INFO - Pennylane Q-values: [9.253989219665527, 10.53210735321045]
2025-06-07 09:04:15,536 - INFO - Pennylane action: Push to the right
2025-06-07 09:04:15,556 - INFO - Pennylane -> OpenQASM
2025-06-07 09:04:15,557 - INFO - OpenQASM -> Qiskit
2025-06-07 09:04:15,652 - INFO - Submitting the job to ibm_sherbrooke
2025-06-07 09:04:24,064 - INFO - Job completed!
2025-06-07 09:04:24,066 - INFO - Pauli-Z expectation: [-0.005859375, -0.0390625, 0.015625, -0.076171875]
2025-06-07 09:04:24,068 - INFO - Q-values: [-1.4541335105895996, 1.916184902191162]
2025-06-07 09:04:24,068 - INFO - Action: Push to the right
2025-06-07 09:04:24,068 - INFO - Pennylane simulation
2025-06-07 09:04:24,087 - INFO - Pennylane expZ: [-0.427202433347702, 0.03656564652919769, 0.0721036046743393, 0.19000200927257538]
2025-06-07 09:04:24,087 - INFO - Pennylane Q-values: [8.183706283569336, 10.233304977416992]
2025-06-07 09:04:24,087 - INFO - Pennylane action: Push to the right
2025-06-07 09:04:24,108 - INFO - Pennylane -> OpenQASM
2025-06-07 09:04:24,108 - INFO - OpenQASM -> Qiskit
2025-06-07 09:04:24,236 - INFO - Submitting the job to ibm_sherbrooke
2025-06-07 09:04:33,261 - INFO - Job completed!
2025-06-07 09:04:33,261 - INFO - Pauli-Z expectation: [-0.1171875, -0.05859375, 0.107421875, 0.111328125]
2025-06-07 09:04:33,261 - INFO - Q-values: [5.42108678817749, 7.096498966217041]
2025-06-07 09:04:33,261 - INFO - Action: Push to the right
2025-06-07 09:04:33,261 - INFO - Pennylane simulation
2025-06-07 09:04:33,274 - INFO - Pennylane expZ: [-0.28417712450027466, -0.02771075628697872, 0.009124327450990677, 0.269706130027771]
2025-06-07 09:04:33,282 - INFO - Pennylane Q-values: [7.713292598724365, 10.585004806518555]
2025-06-07 09:04:33,282 - INFO - Pennylane action: Push to the right
2025-06-07 09:04:33,282 - INFO - Episode Reward: 8.0

2025-06-07 09:04:33,282 - INFO - --- Episode 6/100 ---
2025-06-07 09:04:33,290 - INFO - Pennylane -> OpenQASM
2025-06-07 09:04:33,298 - INFO - OpenQASM -> Qiskit
2025-06-07 09:04:33,401 - INFO - Submitting the job to ibm_sherbrooke
2025-06-07 09:04:41,712 - INFO - Job completed!
2025-06-07 09:04:41,722 - INFO - Pauli-Z expectation: [0.03125, 0.021484375, 0.001953125, 0.0]
2025-06-07 09:04:41,722 - INFO - Q-values: [0.42791450023651123, 4.24329948425293]
2025-06-07 09:04:41,722 - INFO - Action: Push to the right
2025-06-07 09:04:41,722 - INFO - Pennylane simulation
2025-06-07 09:04:41,740 - INFO - Pennylane expZ: [-0.11065224558115005, 0.20958766341209412, 0.20249424874782562, -0.0666818767786026]
2025-06-07 09:04:41,740 - INFO - Pennylane Q-values: [11.434358596801758, 11.818575859069824]
2025-06-07 09:04:41,740 - INFO - Pennylane action: Push to the right
2025-06-07 09:04:41,752 - INFO - Pennylane -> OpenQASM
2025-06-07 09:04:41,752 - INFO - OpenQASM -> Qiskit
2025-06-07 09:04:42,037 - INFO - Submitting the job to ibm_sherbrooke
2025-06-07 09:04:51,515 - INFO - Job completed!
2025-06-07 09:04:51,515 - INFO - Pauli-Z expectation: [0.005859375, 0.017578125, 0.0546875, 0.0]
2025-06-07 09:04:51,515 - INFO - Q-values: [0.6986171007156372, 3.4936795234680176]
2025-06-07 09:04:51,515 - INFO - Action: Push to the right
2025-06-07 09:04:51,515 - INFO - Pennylane simulation
2025-06-07 09:04:51,532 - INFO - Pennylane expZ: [-0.19992128014564514, 0.20193900167942047, 0.1750006377696991, -0.08401715755462646]
2025-06-07 09:04:51,532 - INFO - Pennylane Q-values: [10.287610054016113, 11.106643676757812]
2025-06-07 09:04:51,533 - INFO - Pennylane action: Push to the right
2025-06-07 09:04:51,545 - INFO - Pennylane -> OpenQASM
2025-06-07 09:04:51,545 - INFO - OpenQASM -> Qiskit
2025-06-07 09:04:51,673 - INFO - Submitting the job to ibm_sherbrooke
2025-06-07 09:05:00,890 - INFO - Job completed!
2025-06-07 09:05:00,895 - INFO - Pauli-Z expectation: [0.009765625, -0.04296875, 0.0390625, -0.00390625]
2025-06-07 09:05:00,895 - INFO - Q-values: [-0.17641735076904297, 2.89755916595459]
2025-06-07 09:05:00,895 - INFO - Action: Push to the right
2025-06-07 09:05:00,895 - INFO - Pennylane simulation
2025-06-07 09:05:00,906 - INFO - Pennylane expZ: [-0.29774877429008484, 0.18315812945365906, 0.1494303047657013, -0.08924730867147446]
2025-06-07 09:05:00,906 - INFO - Pennylane Q-values: [8.843953132629395, 10.069661140441895]
2025-06-07 09:05:00,906 - INFO - Pennylane action: Push to the right
2025-06-07 09:05:00,922 - INFO - Pennylane -> OpenQASM
2025-06-07 09:05:00,922 - INFO - OpenQASM -> Qiskit
2025-06-07 09:05:01,017 - INFO - Submitting the job to ibm_sherbrooke
2025-06-07 09:05:09,969 - INFO - Job completed!
2025-06-07 09:05:09,972 - INFO - Pauli-Z expectation: [-0.048828125, 0.056640625, -0.05078125, 0.03515625]
2025-06-07 09:05:09,972 - INFO - Q-values: [1.0881932973861694, 4.615382194519043]
2025-06-07 09:05:09,972 - INFO - Action: Push to the right
2025-06-07 09:05:09,972 - INFO - Pennylane simulation
2025-06-07 09:05:09,988 - INFO - Pennylane expZ: [-0.39591899514198303, 0.15766195952892303, 0.12513357400894165, -0.06538133323192596]
2025-06-07 09:05:09,988 - INFO - Pennylane Q-values: [7.224900722503662, 8.838519096374512]
2025-06-07 09:05:09,988 - INFO - Pennylane action: Push to the right
2025-06-07 09:05:10,004 - INFO - Pennylane -> OpenQASM
2025-06-07 09:05:10,004 - INFO - OpenQASM -> Qiskit
2025-06-07 09:05:10,115 - INFO - Submitting the job to ibm_sherbrooke
2025-06-07 09:05:18,874 - INFO - Job completed!
2025-06-07 09:05:18,874 - INFO - Pauli-Z expectation: [-0.10546875, -0.009765625, 0.037109375, -0.041015625]
2025-06-07 09:05:18,874 - INFO - Q-values: [-0.7512242794036865, 2.2804808616638184]
2025-06-07 09:05:18,874 - INFO - Action: Push to the right
2025-06-07 09:05:18,874 - INFO - Pennylane simulation
2025-06-07 09:05:18,890 - INFO - Pennylane expZ: [-0.4798121750354767, 0.12905561923980713, 0.10323712229728699, -0.0032762479968369007]
2025-06-07 09:05:18,890 - INFO - Pennylane Q-values: [5.583847522735596, 7.548151969909668]
2025-06-07 09:05:18,890 - INFO - Pennylane action: Push to the right
2025-06-07 09:05:18,910 - INFO - Pennylane -> OpenQASM
2025-06-07 09:05:18,910 - INFO - OpenQASM -> Qiskit
2025-06-07 09:05:19,079 - INFO - Submitting the job to ibm_sherbrooke
2025-06-07 09:05:27,420 - INFO - Job completed!
2025-06-07 09:05:27,422 - INFO - Pauli-Z expectation: [-0.09375, -0.0234375, 0.029296875, 0.0234375]
2025-06-07 09:05:27,422 - INFO - Q-values: [-0.19169485569000244, 2.910910129547119]
2025-06-07 09:05:27,422 - INFO - Action: Push to the right
2025-06-07 09:05:27,422 - INFO - Pennylane simulation
2025-06-07 09:05:27,440 - INFO - Pennylane expZ: [-0.5294573307037354, 0.09875866025686264, 0.08375029265880585, 0.08471681922674179]
2025-06-07 09:05:27,440 - INFO - Pennylane Q-values: [6.91334867477417, 9.001893043518066]
2025-06-07 09:05:27,440 - INFO - Pennylane action: Push to the right
2025-06-07 09:05:27,454 - INFO - Pennylane -> OpenQASM
2025-06-07 09:05:27,454 - INFO - OpenQASM -> Qiskit
2025-06-07 09:05:27,550 - INFO - Submitting the job to ibm_sherbrooke
2025-06-07 09:05:35,855 - INFO - Job completed!
2025-06-07 09:05:35,855 - INFO - Pauli-Z expectation: [-0.044921875, -0.0546875, 0.064453125, -0.064453125]
2025-06-07 09:05:35,855 - INFO - Q-values: [0.14338767528533936, 2.7441301345825195]
2025-06-07 09:05:35,855 - INFO - Action: Push to the right
2025-06-07 09:05:35,855 - INFO - Pennylane simulation
2025-06-07 09:05:35,873 - INFO - Pennylane expZ: [-0.5268725156784058, 0.06330946087837219, 0.05824795365333557, 0.16412152349948883]
2025-06-07 09:05:35,873 - INFO - Pennylane Q-values: [7.6947503089904785, 10.01518726348877]
2025-06-07 09:05:35,873 - INFO - Pennylane action: Push to the right
2025-06-07 09:05:35,894 - INFO - Pennylane -> OpenQASM
2025-06-07 09:05:35,895 - INFO - OpenQASM -> Qiskit
2025-06-07 09:05:36,025 - INFO - Submitting the job to ibm_sherbrooke
2025-06-07 09:05:44,453 - INFO - Job completed!
2025-06-07 09:05:44,453 - INFO - Pauli-Z expectation: [-0.046875, 0.130859375, -0.11328125, -0.138671875]
2025-06-07 09:05:44,453 - INFO - Q-values: [2.2645187377929688, 5.855582237243652]
2025-06-07 09:05:44,453 - INFO - Action: Push to the right
2025-06-07 09:05:44,453 - INFO - Pennylane simulation
2025-06-07 09:05:44,461 - INFO - Pennylane expZ: [-0.4598793685436249, 0.013800390996038914, 0.013395579531788826, 0.21329353749752045]
2025-06-07 09:05:44,461 - INFO - Pennylane Q-values: [6.337141513824463, 9.264564514160156]
2025-06-07 09:05:44,461 - INFO - Pennylane action: Push to the right
2025-06-07 09:05:44,485 - INFO - Pennylane -> OpenQASM
2025-06-07 09:05:44,493 - INFO - OpenQASM -> Qiskit
2025-06-07 09:05:44,603 - INFO - Submitting the job to ibm_sherbrooke
2025-06-07 09:05:54,597 - INFO - Job completed!
2025-06-07 09:05:54,610 - INFO - Pauli-Z expectation: [0.0078125, 0.0078125, -0.044921875, -0.01171875]
2025-06-07 09:05:54,610 - INFO - Q-values: [-1.304086446762085, 2.3694162368774414]
2025-06-07 09:05:54,610 - INFO - Action: Push to the right
2025-06-07 09:05:54,610 - INFO - Pennylane simulation
2025-06-07 09:05:54,613 - INFO - Pennylane expZ: [-0.31617051362991333, -0.056083906441926956, -0.039184678345918655, 0.2631199359893799]
2025-06-07 09:05:54,613 - INFO - Pennylane Q-values: [7.1857075691223145, 10.215906143188477]
2025-06-07 09:05:54,613 - INFO - Pennylane action: Push to the right
2025-06-07 09:05:54,644 - INFO - Pennylane -> OpenQASM
2025-06-07 09:05:54,645 - INFO - OpenQASM -> Qiskit
2025-06-07 09:05:54,738 - INFO - Submitting the job to ibm_sherbrooke
2025-06-07 09:06:05,171 - INFO - Job completed!
2025-06-07 09:06:05,173 - INFO - Pauli-Z expectation: [-0.015625, 0.00390625, 0.0234375, -0.0546875]
2025-06-07 09:06:05,173 - INFO - Q-values: [-1.072265625, 2.174158811569214]
2025-06-07 09:06:05,173 - INFO - Action: Push to the right
2025-06-07 09:06:05,173 - INFO - Pennylane simulation
2025-06-07 09:06:05,189 - INFO - Pennylane expZ: [-0.10223013907670975, -0.13542817533016205, -0.04897017404437065, 0.35708555579185486]
2025-06-07 09:06:05,189 - INFO - Pennylane Q-values: [10.453737258911133, 13.274526596069336]
2025-06-07 09:06:05,189 - INFO - Pennylane action: Push to the right
2025-06-07 09:06:05,189 - INFO - Episode Reward: 10.0

2025-06-07 09:06:05,189 - INFO - --- Episode 7/100 ---
2025-06-07 09:06:05,205 - INFO - Pennylane -> OpenQASM
2025-06-07 09:06:05,205 - INFO - OpenQASM -> Qiskit
2025-06-07 09:06:05,300 - INFO - Submitting the job to ibm_sherbrooke
2025-06-07 09:06:15,270 - INFO - Job completed!
2025-06-07 09:06:15,270 - INFO - Pauli-Z expectation: [0.021484375, 0.025390625, 0.03515625, 0.052734375]
2025-06-07 09:06:15,270 - INFO - Q-values: [2.9636359214782715, 6.064370155334473]
2025-06-07 09:06:15,270 - INFO - Action: Push to the right
2025-06-07 09:06:15,270 - INFO - Pennylane simulation
2025-06-07 09:06:15,429 - INFO - Pennylane expZ: [-0.05128322169184685, 0.24234265089035034, 0.17238536477088928, -0.052078988403081894]
2025-06-07 09:06:15,429 - INFO - Pennylane Q-values: [11.508041381835938, 12.360414505004883]
2025-06-07 09:06:15,429 - INFO - Pennylane action: Push to the right
2025-06-07 09:06:15,445 - INFO - Pennylane -> OpenQASM
2025-06-07 09:06:15,461 - INFO - OpenQASM -> Qiskit
2025-06-07 09:06:15,556 - INFO - Submitting the job to ibm_sherbrooke
2025-06-07 09:06:25,155 - INFO - Job completed!
2025-06-07 09:06:25,159 - INFO - Pauli-Z expectation: [-0.0546875, 0.02734375, -0.029296875, 0.056640625]
2025-06-07 09:06:25,159 - INFO - Q-values: [0.8884152173995972, 4.373437404632568]
2025-06-07 09:06:25,159 - INFO - Action: Push to the right
2025-06-07 09:06:25,159 - INFO - Pennylane simulation
2025-06-07 09:06:25,177 - INFO - Pennylane expZ: [-0.1312212347984314, 0.23228612542152405, 0.1486908197402954, -0.08116479963064194]
2025-06-07 09:06:25,177 - INFO - Pennylane Q-values: [10.407757759094238, 11.635539054870605]
2025-06-07 09:06:25,177 - INFO - Pennylane action: Push to the right
2025-06-07 09:06:25,185 - INFO - Pennylane -> OpenQASM
2025-06-07 09:06:25,185 - INFO - OpenQASM -> Qiskit
2025-06-07 09:06:25,313 - INFO - Submitting the job to ibm_sherbrooke
2025-06-07 09:06:33,722 - INFO - Job completed!
2025-06-07 09:06:33,722 - INFO - Pauli-Z expectation: [-0.046875, 0.10546875, 0.037109375, 0.083984375]
2025-06-07 09:06:33,722 - INFO - Q-values: [5.578808307647705, 8.402779579162598]
2025-06-07 09:06:33,722 - INFO - Action: Push to the right
2025-06-07 09:06:33,722 - INFO - Pennylane simulation
2025-06-07 09:06:33,740 - INFO - Pennylane expZ: [-0.2211914360523224, 0.21186299622058868, 0.12686559557914734, -0.10328937321901321]
2025-06-07 09:06:33,740 - INFO - Pennylane Q-values: [9.03354549407959, 10.609295845031738]
2025-06-07 09:06:33,740 - INFO - Pennylane action: Push to the right
2025-06-07 09:06:33,747 - INFO - Pennylane -> OpenQASM
2025-06-07 09:06:33,747 - INFO - OpenQASM -> Qiskit
2025-06-07 09:06:33,858 - INFO - Submitting the job to ibm_sherbrooke
2025-06-07 09:06:43,258 - INFO - Job completed!
2025-06-07 09:06:43,263 - INFO - Pauli-Z expectation: [-0.103515625, 0.052734375, 0.009765625, 0.005859375]
2025-06-07 09:06:43,263 - INFO - Q-values: [0.2625170946121216, 3.701842784881592]
2025-06-07 09:06:43,263 - INFO - Action: Push to the right
2025-06-07 09:06:43,263 - INFO - Pennylane simulation
2025-06-07 09:06:43,278 - INFO - Pennylane expZ: [-0.3176532983779907, 0.184580996632576, 0.10310152173042297, -0.09996906667947769]
2025-06-07 09:06:43,278 - INFO - Pennylane Q-values: [7.374196529388428, 9.32981014251709]
2025-06-07 09:06:43,278 - INFO - Pennylane action: Push to the right
2025-06-07 09:06:43,286 - INFO - Pennylane -> OpenQASM
2025-06-07 09:06:43,286 - INFO - OpenQASM -> Qiskit
2025-06-07 09:06:43,394 - INFO - Submitting the job to ibm_sherbrooke
2025-06-07 09:06:53,251 - INFO - Job completed!
2025-06-07 09:06:53,251 - INFO - Pauli-Z expectation: [0.01953125, -0.041015625, 0.0, -0.06640625]
2025-06-07 09:06:53,251 - INFO - Q-values: [-0.9435280561447144, 2.8191637992858887]
2025-06-07 09:06:53,251 - INFO - Action: Push to the right
2025-06-07 09:06:53,251 - INFO - Pennylane simulation
2025-06-07 09:06:53,260 - INFO - Pennylane expZ: [-0.4125971794128418, 0.15300019085407257, 0.07620127499103546, -0.05433544144034386]
2025-06-07 09:06:53,260 - INFO - Pennylane Q-values: [5.473286151885986, 7.859030723571777]
2025-06-07 09:06:53,260 - INFO - Pennylane action: Push to the right
2025-06-07 09:06:53,281 - INFO - Pennylane -> OpenQASM
2025-06-07 09:06:53,281 - INFO - OpenQASM -> Qiskit
2025-06-07 09:06:53,387 - INFO - Submitting the job to ibm_sherbrooke
2025-06-07 09:07:01,449 - INFO - Job completed!
2025-06-07 09:07:01,449 - INFO - Pauli-Z expectation: [-0.01171875, 0.09375, 0.029296875, 0.00390625]
2025-06-07 09:07:01,452 - INFO - Q-values: [2.159374237060547, 5.287223815917969]
2025-06-07 09:07:01,452 - INFO - Action: Push to the right
2025-06-07 09:07:01,452 - INFO - Pennylane simulation
2025-06-07 09:07:01,452 - INFO - Pennylane expZ: [-0.48943641781806946, 0.11872781068086624, 0.04865533486008644, 0.03438790887594223]
2025-06-07 09:07:01,452 - INFO - Pennylane Q-values: [4.660226345062256, 7.410167694091797]
2025-06-07 09:07:01,452 - INFO - Pennylane action: Push to the right
2025-06-07 09:07:01,468 - INFO - Pennylane -> OpenQASM
2025-06-07 09:07:01,468 - INFO - OpenQASM -> Qiskit
2025-06-07 09:07:01,591 - INFO - Submitting the job to ibm_sherbrooke
2025-06-07 09:07:10,612 - INFO - Job completed!
2025-06-07 09:07:10,612 - INFO - Pauli-Z expectation: [-0.0546875, 0.017578125, -0.044921875, -0.015625]
2025-06-07 09:07:10,612 - INFO - Q-values: [-1.3971502780914307, 2.2160043716430664]
2025-06-07 09:07:10,612 - INFO - Action: Push to the right
2025-06-07 09:07:10,612 - INFO - Pennylane simulation
2025-06-07 09:07:10,620 - INFO - Pennylane expZ: [-0.5257771015167236, 0.0806661918759346, 0.020902195945382118, 0.13554683327674866]
2025-06-07 09:07:10,620 - INFO - Pennylane Q-values: [6.040134906768799, 9.009471893310547]
2025-06-07 09:07:10,620 - INFO - Pennylane action: Push to the right
2025-06-07 09:07:10,636 - INFO - Pennylane -> OpenQASM
2025-06-07 09:07:10,652 - INFO - OpenQASM -> Qiskit
2025-06-07 09:07:10,788 - INFO - Submitting the job to ibm_sherbrooke
2025-06-07 09:07:18,894 - INFO - Job completed!
2025-06-07 09:07:18,894 - INFO - Pauli-Z expectation: [-0.099609375, 0.064453125, 0.0234375, -0.205078125]
2025-06-07 09:07:18,894 - INFO - Q-values: [0.8848332166671753, 4.119450569152832]
2025-06-07 09:07:18,894 - INFO - Action: Push to the right
2025-06-07 09:07:18,894 - INFO - Pennylane simulation
2025-06-07 09:07:18,903 - INFO - Pennylane expZ: [-0.5026523470878601, 0.0327170230448246, -0.016404883936047554, 0.20221199095249176]
2025-06-07 09:07:18,903 - INFO - Pennylane Q-values: [6.124925136566162, 9.284482955932617]
2025-06-07 09:07:18,903 - INFO - Pennylane action: Push to the right
2025-06-07 09:07:18,919 - INFO - Pennylane -> OpenQASM
2025-06-07 09:07:18,919 - INFO - OpenQASM -> Qiskit
2025-06-07 09:07:19,040 - INFO - Submitting the job to ibm_sherbrooke
2025-06-07 09:07:28,896 - INFO - Job completed!
2025-06-07 09:07:28,896 - INFO - Pauli-Z expectation: [-0.265625, -0.03125, -0.0859375, 0.0859375]
2025-06-07 09:07:28,896 - INFO - Q-values: [1.0234800577163696, 4.448544025421143]
2025-06-07 09:07:28,896 - INFO - Action: Push to the right
2025-06-07 09:07:28,896 - INFO - Pennylane simulation
2025-06-07 09:07:28,914 - INFO - Pennylane expZ: [-0.40509122610092163, -0.03318961337208748, -0.06829045712947845, 0.2306389957666397]
2025-06-07 09:07:28,914 - INFO - Pennylane Q-values: [6.056053638458252, 9.158638000488281]
2025-06-07 09:07:28,914 - INFO - Pennylane action: Push to the right
2025-06-07 09:07:28,933 - INFO - Pennylane -> OpenQASM
2025-06-07 09:07:28,933 - INFO - OpenQASM -> Qiskit
2025-06-07 09:07:29,114 - INFO - Submitting the job to ibm_sherbrooke
2025-06-07 09:07:37,732 - INFO - Job completed!
2025-06-07 09:07:37,732 - INFO - Pauli-Z expectation: [-0.0625, -0.00390625, 0.009765625, -0.005859375]
2025-06-07 09:07:37,732 - INFO - Q-values: [-1.6458361148834229, 1.816831350326538]
2025-06-07 09:07:37,732 - INFO - Action: Push to the right
2025-06-07 09:07:37,732 - INFO - Pennylane simulation
2025-06-07 09:07:37,753 - INFO - Pennylane expZ: [-0.2231806516647339, -0.11429338902235031, -0.1009233221411705, 0.28140684962272644]
2025-06-07 09:07:37,753 - INFO - Pennylane Q-values: [7.8217082023620605, 10.811153411865234]
2025-06-07 09:07:37,753 - INFO - Pennylane action: Push to the right
2025-06-07 09:07:37,753 - INFO - Episode Reward: 10.0

2025-06-07 09:07:37,753 - INFO - --- Episode 8/100 ---
2025-06-07 09:07:37,770 - INFO - Pennylane -> OpenQASM
2025-06-07 09:07:37,770 - INFO - OpenQASM -> Qiskit
2025-06-07 09:07:38,045 - INFO - Submitting the job to ibm_sherbrooke
2025-06-07 09:07:47,301 - INFO - Job completed!
2025-06-07 09:07:47,301 - INFO - Pauli-Z expectation: [-0.08203125, -0.01953125, 0.08203125, -0.00390625]
2025-06-07 09:07:47,301 - INFO - Q-values: [0.71849524974823, 3.0421903133392334]
2025-06-07 09:07:47,301 - INFO - Action: Push to the right
2025-06-07 09:07:47,301 - INFO - Pennylane simulation
2025-06-07 09:07:47,316 - INFO - Pennylane expZ: [-0.31461164355278015, 0.12126727402210236, 0.28846582770347595, -0.10690036416053772]
2025-06-07 09:07:47,316 - INFO - Pennylane Q-values: [11.392269134521484, 10.438718795776367]
2025-06-07 09:07:47,316 - INFO - Pennylane action: Push to the left
2025-06-07 09:07:47,332 - INFO - Pennylane -> OpenQASM
2025-06-07 09:07:47,332 - INFO - OpenQASM -> Qiskit
2025-06-07 09:07:47,441 - INFO - Submitting the job to ibm_sherbrooke
2025-06-07 09:07:55,678 - INFO - Job completed!
2025-06-07 09:07:55,678 - INFO - Pauli-Z expectation: [-0.029296875, -0.015625, 0.05859375, -0.025390625]
2025-06-07 09:07:55,678 - INFO - Q-values: [-0.04831492900848389, 2.6447765827178955]
2025-06-07 09:07:55,678 - INFO - Action: Push to the right
2025-06-07 09:07:55,678 - INFO - Pennylane simulation
2025-06-07 09:07:55,686 - INFO - Pennylane expZ: [-0.40572118759155273, 0.12550657987594604, 0.2565988004207611, -0.08666586875915527]
2025-06-07 09:07:55,686 - INFO - Pennylane Q-values: [10.486699104309082, 10.034575462341309]
2025-06-07 09:07:55,686 - INFO - Pennylane action: Push to the left
2025-06-07 09:07:55,711 - INFO - Pennylane -> OpenQASM
2025-06-07 09:07:55,714 - INFO - OpenQASM -> Qiskit
2025-06-07 09:07:55,841 - INFO - Submitting the job to ibm_sherbrooke
2025-06-07 09:08:04,957 - INFO - Job completed!
2025-06-07 09:08:04,968 - INFO - Pauli-Z expectation: [-0.052734375, 0.01953125, 0.0390625, 0.078125]
2025-06-07 09:08:04,968 - INFO - Q-values: [2.6611080169677734, 5.4841132164001465]
2025-06-07 09:08:04,968 - INFO - Action: Push to the right
2025-06-07 09:08:04,968 - INFO - Pennylane simulation
2025-06-07 09:08:04,986 - INFO - Pennylane expZ: [-0.48070067167282104, 0.12190485000610352, 0.22813326120376587, -0.05274825543165207]
2025-06-07 09:08:04,986 - INFO - Pennylane Q-values: [9.438963890075684, 9.436185836791992]
2025-06-07 09:08:04,986 - INFO - Pennylane action: Push to the left
2025-06-07 09:08:05,000 - INFO - Pennylane -> OpenQASM
2025-06-07 09:08:05,000 - INFO - OpenQASM -> Qiskit
2025-06-07 09:08:05,111 - INFO - Submitting the job to ibm_sherbrooke
2025-06-07 09:08:14,519 - INFO - Job completed!
2025-06-07 09:08:14,519 - INFO - Pauli-Z expectation: [-0.09765625, -0.02734375, 0.0, 0.078125]
2025-06-07 09:08:14,519 - INFO - Q-values: [0.751768946647644, 4.194243907928467]
2025-06-07 09:08:14,519 - INFO - Action: Push to the right
2025-06-07 09:08:14,519 - INFO - Pennylane simulation
2025-06-07 09:08:14,544 - INFO - Pennylane expZ: [-0.527698278427124, 0.11274726688861847, 0.20266976952552795, -0.0011498708045110106]
2025-06-07 09:08:14,544 - INFO - Pennylane Q-values: [8.30986213684082, 8.710197448730469]
2025-06-07 09:08:14,544 - INFO - Pennylane action: Push to the right
2025-06-07 09:08:14,551 - INFO - Pennylane -> OpenQASM
2025-06-07 09:08:14,551 - INFO - OpenQASM -> Qiskit
2025-06-07 09:08:14,667 - INFO - Submitting the job to ibm_sherbrooke
2025-06-07 09:08:23,127 - INFO - Job completed!
2025-06-07 09:08:23,129 - INFO - Pauli-Z expectation: [-0.0625, 0.041015625, 0.0078125, 0.01171875]
2025-06-07 09:08:23,132 - INFO - Q-values: [0.023606181144714355, 3.4829421043395996]
2025-06-07 09:08:23,132 - INFO - Action: Push to the right
2025-06-07 09:08:23,132 - INFO - Pennylane simulation
2025-06-07 09:08:23,143 - INFO - Pennylane expZ: [-0.5344962477684021, 0.09797663986682892, 0.17510056495666504, 0.06270099431276321]
2025-06-07 09:08:23,143 - INFO - Pennylane Q-values: [9.111109733581543, 9.809107780456543]
2025-06-07 09:08:23,143 - INFO - Pennylane action: Push to the right
2025-06-07 09:08:23,159 - INFO - Pennylane -> OpenQASM
2025-06-07 09:08:23,159 - INFO - OpenQASM -> Qiskit
2025-06-07 09:08:23,306 - INFO - Submitting the job to ibm_sherbrooke
2025-06-07 09:08:32,252 - INFO - Job completed!
2025-06-07 09:08:32,255 - INFO - Pauli-Z expectation: [-0.048828125, 0.021484375, 0.015625, -0.033203125]
2025-06-07 09:08:32,255 - INFO - Q-values: [-0.7596790790557861, 2.606449604034424]
2025-06-07 09:08:32,255 - INFO - Action: Push to the right
2025-06-07 09:08:32,255 - INFO - Pennylane simulation
2025-06-07 09:08:32,255 - INFO - Pennylane expZ: [-0.4940047562122345, 0.07283175736665726, 0.13457761704921722, 0.12811563909053802]
2025-06-07 09:08:32,255 - INFO - Pennylane Q-values: [9.247591972351074, 10.443388938903809]
2025-06-07 09:08:32,255 - INFO - Pennylane action: Push to the right
2025-06-07 09:08:32,284 - INFO - Pennylane -> OpenQASM
2025-06-07 09:08:32,284 - INFO - OpenQASM -> Qiskit
2025-06-07 09:08:32,415 - INFO - Submitting the job to ibm_sherbrooke
2025-06-07 09:08:41,369 - INFO - Job completed!
2025-06-07 09:08:41,369 - INFO - Pauli-Z expectation: [-0.1640625, 0.107421875, -0.041015625, 0.166015625]
2025-06-07 09:08:41,369 - INFO - Q-values: [7.280788898468018, 10.506443977355957]
2025-06-07 09:08:41,369 - INFO - Action: Push to the right
2025-06-07 09:08:41,369 - INFO - Pennylane simulation
2025-06-07 09:08:41,381 - INFO - Pennylane expZ: [-0.4020874500274658, 0.0290303286164999, 0.07454483211040497, 0.19633673131465912]
2025-06-07 09:08:41,381 - INFO - Pennylane Q-values: [8.24032211303711, 10.238797187805176]
2025-06-07 09:08:41,381 - INFO - Pennylane action: Push to the right
2025-06-07 09:08:41,397 - INFO - Pennylane -> OpenQASM
2025-06-07 09:08:41,397 - INFO - OpenQASM -> Qiskit
2025-06-07 09:08:41,571 - INFO - Submitting the job to ibm_sherbrooke
2025-06-07 09:08:49,907 - INFO - Job completed!
2025-06-07 09:08:49,913 - INFO - Pauli-Z expectation: [-0.13671875, -0.09765625, 0.021484375, 0.18359375]
2025-06-07 09:08:49,913 - INFO - Q-values: [5.122776031494141, 7.991591453552246]
2025-06-07 09:08:49,913 - INFO - Action: Push to the right
2025-06-07 09:08:49,913 - INFO - Pennylane simulation
2025-06-07 09:08:49,913 - INFO - Pennylane expZ: [-0.25207170844078064, -0.03728536516427994, 0.013954625464975834, 0.28687888383865356]
2025-06-07 09:08:49,913 - INFO - Pennylane Q-values: [8.468576431274414, 11.225889205932617]
2025-06-07 09:08:49,913 - INFO - Pennylane action: Push to the right
2025-06-07 09:08:49,913 - INFO - Episode Reward: 8.0

2025-06-07 09:08:49,913 - INFO - --- Episode 9/100 ---
2025-06-07 09:08:49,929 - INFO - Pennylane -> OpenQASM
2025-06-07 09:08:49,929 - INFO - OpenQASM -> Qiskit
2025-06-07 09:08:50,054 - INFO - Submitting the job to ibm_sherbrooke
2025-06-07 09:08:58,463 - INFO - Job completed!
2025-06-07 09:08:58,463 - INFO - Pauli-Z expectation: [0.05859375, -0.01171875, 0.017578125, -0.05078125]
2025-06-07 09:08:58,466 - INFO - Q-values: [1.6752039194107056, 5.453066825866699]
2025-06-07 09:08:58,466 - INFO - Action: Push to the right
2025-06-07 09:08:58,466 - INFO - Pennylane simulation
2025-06-07 09:08:58,483 - INFO - Pennylane expZ: [-0.3058041036128998, 0.1267424076795578, 0.2825672924518585, -0.10200344026088715]
2025-06-07 09:08:58,483 - INFO - Pennylane Q-values: [11.376261711120605, 10.514610290527344]
2025-06-07 09:08:58,483 - INFO - Pennylane action: Push to the left
2025-06-07 09:08:58,495 - INFO - Pennylane -> OpenQASM
2025-06-07 09:08:58,495 - INFO - OpenQASM -> Qiskit
2025-06-07 09:08:58,716 - INFO - Submitting the job to ibm_sherbrooke
2025-06-07 09:09:06,680 - INFO - Job completed!
2025-06-07 09:09:06,680 - INFO - Pauli-Z expectation: [-0.05859375, 0.017578125, 0.078125, -0.033203125]
2025-06-07 09:09:06,680 - INFO - Q-values: [1.1588834524154663, 3.5407166481018066]
2025-06-07 09:09:06,680 - INFO - Action: Push to the right
2025-06-07 09:09:06,696 - INFO - Pennylane simulation
2025-06-07 09:09:06,698 - INFO - Pennylane expZ: [-0.39692774415016174, 0.13100747764110565, 0.2500782012939453, -0.08436477929353714]
2025-06-07 09:09:06,712 - INFO - Pennylane Q-values: [10.451171875, 10.100746154785156]
2025-06-07 09:09:06,712 - INFO - Pennylane action: Push to the left
2025-06-07 09:09:06,714 - INFO - Pennylane -> OpenQASM
2025-06-07 09:09:06,728 - INFO - OpenQASM -> Qiskit
2025-06-07 09:09:06,823 - INFO - Submitting the job to ibm_sherbrooke
2025-06-07 09:09:15,339 - INFO - Job completed!
2025-06-07 09:09:15,339 - INFO - Pauli-Z expectation: [-0.046875, 0.02734375, 0.099609375, -0.01171875]
2025-06-07 09:09:15,339 - INFO - Q-values: [2.1774539947509766, 4.218769550323486]
2025-06-07 09:09:15,339 - INFO - Action: Push to the right
2025-06-07 09:09:15,339 - INFO - Pennylane simulation
2025-06-07 09:09:15,355 - INFO - Pennylane expZ: [-0.475019633769989, 0.12679053843021393, 0.22101977467536926, -0.053472112864255905]
2025-06-07 09:09:15,355 - INFO - Pennylane Q-values: [9.364153861999512, 9.472537994384766]
2025-06-07 09:09:15,355 - INFO - Pennylane action: Push to the right
2025-06-07 09:09:15,373 - INFO - Pennylane -> OpenQASM
2025-06-07 09:09:15,373 - INFO - OpenQASM -> Qiskit
2025-06-07 09:09:15,482 - INFO - Submitting the job to ibm_sherbrooke
2025-06-07 09:09:23,709 - INFO - Job completed!
2025-06-07 09:09:23,711 - INFO - Pauli-Z expectation: [-0.017578125, 0.064453125, 0.033203125, -0.046875]
2025-06-07 09:09:23,711 - INFO - Q-values: [1.204337477684021, 4.28503942489624]
2025-06-07 09:09:23,711 - INFO - Action: Push to the right
2025-06-07 09:09:23,711 - INFO - Pennylane simulation
2025-06-07 09:09:23,729 - INFO - Pennylane expZ: [-0.5281524062156677, 0.11681728810071945, 0.19547010958194733, -0.00401685293763876]
2025-06-07 09:09:23,729 - INFO - Pennylane Q-values: [8.205866813659668, 8.718881607055664]
2025-06-07 09:09:23,729 - INFO - Pennylane action: Push to the right
2025-06-07 09:09:23,749 - INFO - Pennylane -> OpenQASM
2025-06-07 09:09:23,749 - INFO - OpenQASM -> Qiskit
2025-06-07 09:09:23,857 - INFO - Submitting the job to ibm_sherbrooke
2025-06-07 09:09:33,827 - INFO - Job completed!
2025-06-07 09:09:33,840 - INFO - Pauli-Z expectation: [0.005859375, 0.0390625, 0.01171875, 0.0234375]
2025-06-07 09:09:33,840 - INFO - Q-values: [0.8023854494094849, 4.218253135681152]
2025-06-07 09:09:33,840 - INFO - Action: Push to the right
2025-06-07 09:09:33,840 - INFO - Pennylane simulation
2025-06-07 09:09:33,856 - INFO - Pennylane expZ: [-0.5429329872131348, 0.10176447033882141, 0.1694161742925644, 0.05935442075133324]
2025-06-07 09:09:33,856 - INFO - Pennylane Q-values: [8.931178092956543, 9.725486755371094]
2025-06-07 09:09:33,856 - INFO - Pennylane action: Push to the right
2025-06-07 09:09:33,872 - INFO - Pennylane -> OpenQASM
2025-06-07 09:09:33,872 - INFO - OpenQASM -> Qiskit
2025-06-07 09:09:34,030 - INFO - Submitting the job to ibm_sherbrooke
2025-06-07 09:09:41,597 - INFO - Job completed!
2025-06-07 09:09:41,598 - INFO - Pauli-Z expectation: [-0.0859375, 0.009765625, 0.025390625, -0.205078125]
2025-06-07 09:09:41,600 - INFO - Q-values: [-0.8189681768417358, 2.3955307006835938]
2025-06-07 09:09:41,601 - INFO - Action: Push to the right
2025-06-07 09:09:41,601 - INFO - Pennylane simulation
2025-06-07 09:09:41,611 - INFO - Pennylane expZ: [-0.5107201337814331, 0.07772873342037201, 0.13259261846542358, 0.12410473823547363]
2025-06-07 09:09:41,611 - INFO - Pennylane Q-values: [9.201440811157227, 10.436508178710938]
2025-06-07 09:09:41,611 - INFO - Pennylane action: Push to the right
2025-06-07 09:09:41,628 - INFO - Pennylane -> OpenQASM
2025-06-07 09:09:41,628 - INFO - OpenQASM -> Qiskit
2025-06-07 09:09:41,722 - INFO - Submitting the job to ibm_sherbrooke
2025-06-07 09:09:50,164 - INFO - Job completed!
2025-06-07 09:09:50,164 - INFO - Pauli-Z expectation: [0.01953125, -0.00390625, 0.01953125, -0.052734375]
2025-06-07 09:09:50,164 - INFO - Q-values: [-0.3045196533203125, 3.1503419876098633]
2025-06-07 09:09:50,164 - INFO - Action: Push to the right
2025-06-07 09:09:50,164 - INFO - Pennylane simulation
2025-06-07 09:09:50,210 - INFO - Pennylane expZ: [-0.42722171545028687, 0.03659249097108841, 0.07592989504337311, 0.18724359571933746]
2025-06-07 09:09:50,212 - INFO - Pennylane Q-values: [8.213825225830078, 10.209259986877441]
2025-06-07 09:09:50,214 - INFO - Pennylane action: Push to the right
2025-06-07 09:09:50,246 - INFO - Pennylane -> OpenQASM
2025-06-07 09:09:50,246 - INFO - OpenQASM -> Qiskit
2025-06-07 09:09:50,346 - INFO - Submitting the job to ibm_sherbrooke
2025-06-07 09:09:58,669 - INFO - Job completed!
2025-06-07 09:09:58,677 - INFO - Pauli-Z expectation: [-0.009765625, 0.0234375, 0.02734375, -0.041015625]
2025-06-07 09:09:58,677 - INFO - Q-values: [-0.3131418228149414, 2.867908000946045]
2025-06-07 09:09:58,677 - INFO - Action: Push to the right
2025-06-07 09:09:58,677 - INFO - Pennylane simulation
2025-06-07 09:09:58,691 - INFO - Pennylane expZ: [-0.28573405742645264, -0.027049172669649124, 0.013014869764447212, 0.26816338300704956]
2025-06-07 09:09:58,691 - INFO - Pennylane Q-values: [7.786924839019775, 10.600756645202637]
2025-06-07 09:09:58,691 - INFO - Pennylane action: Push to the right
2025-06-07 09:09:58,691 - INFO - Episode Reward: 8.0

2025-06-07 09:09:58,691 - INFO - --- Episode 10/100 ---
2025-06-07 09:09:58,707 - INFO - Pennylane -> OpenQASM
2025-06-07 09:09:58,707 - INFO - OpenQASM -> Qiskit
2025-06-07 09:09:58,881 - INFO - Submitting the job to ibm_sherbrooke
2025-06-07 09:10:07,611 - INFO - Job completed!
2025-06-07 09:10:07,611 - INFO - Pauli-Z expectation: [-0.21484375, 0.119140625, -0.10546875, 0.009765625]
2025-06-07 09:10:07,611 - INFO - Q-values: [2.2253637313842773, 5.79694938659668]
2025-06-07 09:10:07,611 - INFO - Action: Push to the right
2025-06-07 09:10:07,611 - INFO - Pennylane simulation
2025-06-07 09:10:07,620 - INFO - Pennylane expZ: [-0.1712792068719864, 0.18643192946910858, 0.21836033463478088, -0.07309412211179733]
2025-06-07 09:10:07,620 - INFO - Pennylane Q-values: [11.204974174499512, 11.343643188476562]
2025-06-07 09:10:07,620 - INFO - Pennylane action: Push to the right
2025-06-07 09:10:07,635 - INFO - Pennylane -> OpenQASM
2025-06-07 09:10:07,635 - INFO - OpenQASM -> Qiskit
2025-06-07 09:10:07,731 - INFO - Submitting the job to ibm_sherbrooke
2025-06-07 09:10:16,099 - INFO - Job completed!
2025-06-07 09:10:16,099 - INFO - Pauli-Z expectation: [-0.0703125, 0.0, 0.06640625, 0.04296875]
2025-06-07 09:10:16,099 - INFO - Q-values: [1.701698660850525, 4.175898551940918]
2025-06-07 09:10:16,099 - INFO - Action: Push to the right
2025-06-07 09:10:16,099 - INFO - Pennylane simulation
2025-06-07 09:10:16,115 - INFO - Pennylane expZ: [-0.26165682077407837, 0.18150128424167633, 0.18866844475269318, -0.08107025921344757]
2025-06-07 09:10:16,115 - INFO - Pennylane Q-values: [10.0741605758667, 10.6817626953125]
2025-06-07 09:10:16,115 - INFO - Pennylane action: Push to the right
2025-06-07 09:10:16,131 - INFO - Pennylane -> OpenQASM
2025-06-07 09:10:16,131 - INFO - OpenQASM -> Qiskit
2025-06-07 09:10:16,417 - INFO - Submitting the job to ibm_sherbrooke
2025-06-07 09:10:26,833 - INFO - Job completed!
2025-06-07 09:10:26,839 - INFO - Pauli-Z expectation: [-0.0078125, 0.01171875, 0.05859375, -0.04296875]
2025-06-07 09:10:26,839 - INFO - Q-values: [0.330478310585022, 3.021284580230713]
2025-06-07 09:10:26,839 - INFO - Action: Push to the right
2025-06-07 09:10:26,839 - INFO - Pennylane simulation
2025-06-07 09:10:26,852 - INFO - Pennylane expZ: [-0.3575075566768646, 0.16573159396648407, 0.16103552281856537, -0.07519277930259705]
2025-06-07 09:10:26,854 - INFO - Pennylane Q-values: [8.660353660583496, 9.706550598144531]
2025-06-07 09:10:26,855 - INFO - Pennylane action: Push to the right
2025-06-07 09:10:26,864 - INFO - Pennylane -> OpenQASM
2025-06-07 09:10:26,870 - INFO - OpenQASM -> Qiskit
2025-06-07 09:10:26,981 - INFO - Submitting the job to ibm_sherbrooke
2025-06-07 09:10:36,346 - INFO - Job completed!
2025-06-07 09:10:36,346 - INFO - Pauli-Z expectation: [-0.0078125, 0.05859375, 0.064453125, 0.080078125]
2025-06-07 09:10:36,346 - INFO - Q-values: [4.822391510009766, 7.233246803283691]
2025-06-07 09:10:36,346 - INFO - Action: Push to the right
2025-06-07 09:10:36,346 - INFO - Pennylane simulation
2025-06-07 09:10:36,354 - INFO - Pennylane expZ: [-0.44800856709480286, 0.14361955225467682, 0.13586445152759552, -0.041177861392498016]
2025-06-07 09:10:36,354 - INFO - Pennylane Q-values: [7.1220831871032715, 8.569311141967773]
2025-06-07 09:10:36,354 - INFO - Pennylane action: Push to the right
2025-06-07 09:10:36,370 - INFO - Pennylane -> OpenQASM
2025-06-07 09:10:36,370 - INFO - OpenQASM -> Qiskit
2025-06-07 09:10:36,496 - INFO - Submitting the job to ibm_sherbrooke
2025-06-07 09:10:45,863 - INFO - Job completed!
2025-06-07 09:10:45,870 - INFO - Pauli-Z expectation: [-0.0859375, 0.037109375, 0.01953125, 0.001953125]
2025-06-07 09:10:45,870 - INFO - Q-values: [-0.058892011642456055, 3.2382709980010986]
2025-06-07 09:10:45,870 - INFO - Action: Push to the right
2025-06-07 09:10:45,870 - INFO - Pennylane simulation
2025-06-07 09:10:45,879 - INFO - Pennylane expZ: [-0.5163434743881226, 0.1185036227107048, 0.11406279355287552, 0.024774331599473953]
2025-06-07 09:10:45,879 - INFO - Pennylane Q-values: [6.458580493927002, 8.199108123779297]
2025-06-07 09:10:45,879 - INFO - Pennylane action: Push to the right
2025-06-07 09:10:45,896 - INFO - Pennylane -> OpenQASM
2025-06-07 09:10:45,896 - INFO - OpenQASM -> Qiskit
2025-06-07 09:10:46,012 - INFO - Submitting the job to ibm_sherbrooke
2025-06-07 09:10:55,780 - INFO - Job completed!
2025-06-07 09:10:55,796 - INFO - Pauli-Z expectation: [-0.083984375, -0.0234375, 0.03515625, -0.044921875]
2025-06-07 09:10:55,796 - INFO - Q-values: [-0.8151251077651978, 2.2473628520965576]
2025-06-07 09:10:55,796 - INFO - Action: Push to the right
2025-06-07 09:10:55,796 - INFO - Pennylane simulation
2025-06-07 09:10:55,811 - INFO - Pennylane expZ: [-0.5435953736305237, 0.09060484170913696, 0.09284617006778717, 0.10581637173891068]
2025-06-07 09:10:55,812 - INFO - Pennylane Q-values: [7.681199550628662, 9.580953598022461]
2025-06-07 09:10:55,812 - INFO - Pennylane action: Push to the right
2025-06-07 09:10:55,812 - INFO - Pennylane -> OpenQASM
2025-06-07 09:10:55,812 - INFO - OpenQASM -> Qiskit
2025-06-07 09:10:55,933 - INFO - Submitting the job to ibm_sherbrooke
2025-06-07 09:11:06,962 - INFO - Job completed!
2025-06-07 09:11:06,965 - INFO - Pauli-Z expectation: [-0.078125, 0.02734375, 0.080078125, -0.0625]
2025-06-07 09:11:06,965 - INFO - Q-values: [1.5384453535079956, 3.8875913619995117]
2025-06-07 09:11:06,967 - INFO - Action: Push to the right
2025-06-07 09:11:06,967 - INFO - Pennylane simulation
2025-06-07 09:11:06,984 - INFO - Pennylane expZ: [-0.5160551071166992, 0.054676368832588196, 0.060716673731803894, 0.17246845364570618]
2025-06-07 09:11:06,984 - INFO - Pennylane Q-values: [7.786763668060303, 10.051373481750488]
2025-06-07 09:11:06,984 - INFO - Pennylane action: Push to the right
2025-06-07 09:11:07,000 - INFO - Pennylane -> OpenQASM
2025-06-07 09:11:07,002 - INFO - OpenQASM -> Qiskit
2025-06-07 09:11:07,178 - INFO - Submitting the job to ibm_sherbrooke
2025-06-07 09:11:15,439 - INFO - Job completed!
2025-06-07 09:11:15,439 - INFO - Pauli-Z expectation: [-0.080078125, 0.048828125, 0.01953125, -0.193359375]
2025-06-07 09:11:15,446 - INFO - Q-values: [0.2519735097885132, 3.551204204559326]
2025-06-07 09:11:15,446 - INFO - Action: Push to the right
2025-06-07 09:11:15,446 - INFO - Pennylane simulation
2025-06-07 09:11:15,457 - INFO - Pennylane expZ: [-0.4245622754096985, 0.0015011575305834413, 0.008411225862801075, 0.2194119095802307]
2025-06-07 09:11:15,457 - INFO - Pennylane Q-values: [5.9893012046813965, 8.98404598236084]
2025-06-07 09:11:15,457 - INFO - Pennylane action: Push to the right
2025-06-07 09:11:15,474 - INFO - Pennylane -> OpenQASM
2025-06-07 09:11:15,479 - INFO - OpenQASM -> Qiskit
2025-06-07 09:11:15,575 - INFO - Submitting the job to ibm_sherbrooke
2025-06-07 09:11:27,270 - INFO - Job completed!
2025-06-07 09:11:27,276 - INFO - Pauli-Z expectation: [-0.015625, -0.02734375, -0.009765625, -0.078125]
2025-06-07 09:11:27,278 - INFO - Q-values: [-1.965340256690979, 1.6512423753738403]
2025-06-07 09:11:27,280 - INFO - Action: Push to the right
2025-06-07 09:11:27,280 - INFO - Pennylane simulation
2025-06-07 09:11:27,300 - INFO - Pennylane expZ: [-0.2597605884075165, -0.07181249558925629, -0.04089874029159546, 0.28465351462364197]
2025-06-07 09:11:27,302 - INFO - Pennylane Q-values: [7.934624195098877, 10.91683292388916]
2025-06-07 09:11:27,302 - INFO - Pennylane action: Push to the right
2025-06-07 09:11:27,302 - INFO - Episode Reward: 9.0
